01-09-2022 10:23 >>>> Connexion par login éffectuée. user : eyJ1c2VyaWQiOiIxNCIsInVzZXJsZXZlbCI6IjIiLCJleHAiOjE2NjIwMjk1OTh9
01-09-2022 10:23 >>>> Requête liste des assemblées! Liste des assemblées obtenues user : eyJ1c2VyaWQiOiIxNCIsInVzZXJsZXZlbCI6IjIiLCJleHAiOjE2NjIwMjk1OTh9
01-09-2022 10:23 >>>> Requête liste des groupes! Liste des groupes obtnus user : eyJ1c2VyaWQiOiIxNCIsInVzZXJsZXZlbCI6IjIiLCJleHAiOjE2NjIwMjk1OTh9
01-09-2022 10:23 >>>> Requête liste des justes; Liste des justes obtnus user : eyJ1c2VyaWQiOiIxNCIsInVzZXJsZXZlbCI6IjIiLCJleHAiOjE2NjIwMjk1OTh9
01-09-2022 10:23 >>>> Liste des services! user : eyJ1c2VyaWQiOiIxNCIsInVzZXJsZXZlbCI6IjIiLCJleHAiOjE2NjIwMjk1OTh9
01-09-2022 10:49 >>>> Connexion par login éffectuée. user : eyJ1c2VyaWQiOiIxNCIsInVzZXJsZXZlbCI6IjEiLCJleHAiOjE2NjIwMzExNTB9
01-09-2022 10:49 >>>> Requête liste des groupes! Liste des groupes obtnus user : eyJ1c2VyaWQiOiIxNCIsInVzZXJsZXZlbCI6IjEiLCJleHAiOjE2NjIwMzExNTB9
01-09-2022 10:49 >>>> Requête liste des assemblées! Liste des assemblées obtenues user : eyJ1c2VyaWQiOiIxNCIsInVzZXJsZXZlbCI6IjEiLCJleHAiOjE2NjIwMzExNTB9
01-09-2022 10:49 >>>> Requête liste des justes; Liste des justes obtnus user : eyJ1c2VyaWQiOiIxNCIsInVzZXJsZXZlbCI6IjEiLCJleHAiOjE2NjIwMzExNTB9
01-09-2022 10:49 >>>> Liste des services! user : eyJ1c2VyaWQiOiIxNCIsInVzZXJsZXZlbCI6IjEiLCJleHAiOjE2NjIwMzExNTB9
01-09-2022 10:52 >>>> Liste des services! user : eyJ1c2VyaWQiOiIxNCIsInVzZXJsZXZlbCI6IjEiLCJleHAiOjE2NjIwMzExNTB9
01-09-2022 10:53 >>>> Liste des services! user : eyJ1c2VyaWQiOiIxNCIsInVzZXJsZXZlbCI6IjEiLCJleHAiOjE2NjIwMzExNTB9
01-09-2022 10:53 >>>> Liste des services! user : eyJ1c2VyaWQiOiIxNCIsInVzZXJsZXZlbCI6IjEiLCJleHAiOjE2NjIwMzExNTB9
01-09-2022 10:54 >>>> Liste des services! user : eyJ1c2VyaWQiOiIxNCIsInVzZXJsZXZlbCI6IjEiLCJleHAiOjE2NjIwMzExNTB9
01-09-2022 10:54 >>>> Requête liste des groupes! Liste des groupes obtnus user : eyJ1c2VyaWQiOiIxNCIsInVzZXJsZXZlbCI6IjEiLCJleHAiOjE2NjIwMzExNTB9
01-09-2022 10:54 >>>> Requête liste des justes; Liste des justes obtnus user : eyJ1c2VyaWQiOiIxNCIsInVzZXJsZXZlbCI6IjEiLCJleHAiOjE2NjIwMzExNTB9
01-09-2022 10:54 >>>> Requête liste des assemblées! Liste des assemblées obtenues user : eyJ1c2VyaWQiOiIxNCIsInVzZXJsZXZlbCI6IjEiLCJleHAiOjE2NjIwMzExNTB9
01-09-2022 10:55 >>>> Requête liste des groupes! Liste des groupes obtnus user : eyJ1c2VyaWQiOiIxNCIsInVzZXJsZXZlbCI6IjEiLCJleHAiOjE2NjIwMzExNTB9
01-09-2022 10:55 >>>> Requête liste des justes; Liste des justes obtnus user : eyJ1c2VyaWQiOiIxNCIsInVzZXJsZXZlbCI6IjEiLCJleHAiOjE2NjIwMzExNTB9
01-09-2022 10:55 >>>> Liste des services! user : eyJ1c2VyaWQiOiIxNCIsInVzZXJsZXZlbCI6IjEiLCJleHAiOjE2NjIwMzExNTB9
01-09-2022 10:55 >>>> Requête liste des groupes! Liste des groupes obtnus user : eyJ1c2VyaWQiOiIxNCIsInVzZXJsZXZlbCI6IjEiLCJleHAiOjE2NjIwMzExNTB9
01-09-2022 10:55 >>>> Requête liste des justes; Liste des justes obtnus user : eyJ1c2VyaWQiOiIxNCIsInVzZXJsZXZlbCI6IjEiLCJleHAiOjE2NjIwMzExNTB9
01-09-2022 10:55 >>>> Requête liste des assemblées! Liste des assemblées obtenues user : eyJ1c2VyaWQiOiIxNCIsInVzZXJsZXZlbCI6IjEiLCJleHAiOjE2NjIwMzExNTB9
01-09-2022 10:55 >>>> Requête liste des justes de l'assemblée! Liste des justes obtnus user : eyJ1c2VyaWQiOiIxNCIsInVzZXJsZXZlbCI6IjEiLCJleHAiOjE2NjIwMzExNTB9
