02-09-2022 08:34 >>>> Token expiré
02-09-2022 08:34 >>>> Token expiré
02-09-2022 08:35 >>>> Token expiré
02-09-2022 08:35 >>>> Connexion par login éffectuée. user : eyJ1c2VyaWQiOiIxNCIsInVzZXJsZXZlbCI6IjEiLCJleHAiOjE2NjIxMDk1NDh9
02-09-2022 08:35 >>>> Requête liste des groupes! Liste des groupes obtnus user : eyJ1c2VyaWQiOiIxNCIsInVzZXJsZXZlbCI6IjEiLCJleHAiOjE2NjIxMDk1NDh9
02-09-2022 08:35 >>>> Service trouvé user : eyJ1c2VyaWQiOiIxNCIsInVzZXJsZXZlbCI6IjEiLCJleHAiOjE2NjIxMDk1NDh9
02-09-2022 08:35 >>>> Requête liste des justes du groupe; Aucun justes affiliés au groupe
02-09-2022 08:36 >>>> Requête liste des assemblées! Liste des assemblées obtenues user : eyJ1c2VyaWQiOiIxNCIsInVzZXJsZXZlbCI6IjEiLCJleHAiOjE2NjIxMDk1NDh9
02-09-2022 08:37 >>>> Requête liste des assemblées! Liste des assemblées obtenues user : eyJ1c2VyaWQiOiIxNCIsInVzZXJsZXZlbCI6IjEiLCJleHAiOjE2NjIxMDk1NDh9
02-09-2022 08:37 >>>> Requête liste des assemblées! Liste des assemblées obtenues user : eyJ1c2VyaWQiOiIxNCIsInVzZXJsZXZlbCI6IjEiLCJleHAiOjE2NjIxMDk1NDh9
02-09-2022 08:37 >>>> Requête liste des assemblées! Liste des assemblées obtenues user : eyJ1c2VyaWQiOiIxNCIsInVzZXJsZXZlbCI6IjEiLCJleHAiOjE2NjIxMDk1NDh9
02-09-2022 08:38 >>>> Requête liste des assemblées! Liste des assemblées obtenues user : eyJ1c2VyaWQiOiIxNCIsInVzZXJsZXZlbCI6IjEiLCJleHAiOjE2NjIxMDk1NDh9
02-09-2022 08:38 >>>> Requête liste des groupes! Liste des groupes obtnus user : eyJ1c2VyaWQiOiIxNCIsInVzZXJsZXZlbCI6IjEiLCJleHAiOjE2NjIxMDk1NDh9
02-09-2022 08:38 >>>> Service trouvé user : eyJ1c2VyaWQiOiIxNCIsInVzZXJsZXZlbCI6IjEiLCJleHAiOjE2NjIxMDk1NDh9
02-09-2022 08:38 >>>> Requête liste des justes du groupe; Aucun justes affiliés au groupe
02-09-2022 08:39 >>>> Requête liste des groupes! Liste des groupes obtnus user : eyJ1c2VyaWQiOiIxNCIsInVzZXJsZXZlbCI6IjEiLCJleHAiOjE2NjIxMDk1NDh9
02-09-2022 08:39 >>>> Service trouvé user : eyJ1c2VyaWQiOiIxNCIsInVzZXJsZXZlbCI6IjEiLCJleHAiOjE2NjIxMDk1NDh9
02-09-2022 08:39 >>>> Requête liste des justes du groupe; Aucun justes affiliés au groupe
02-09-2022 08:39 >>>> Requête liste des groupes! Liste des groupes obtnus user : eyJ1c2VyaWQiOiIxNCIsInVzZXJsZXZlbCI6IjEiLCJleHAiOjE2NjIxMDk1NDh9
02-09-2022 08:39 >>>> Service trouvé user : eyJ1c2VyaWQiOiIxNCIsInVzZXJsZXZlbCI6IjEiLCJleHAiOjE2NjIxMDk1NDh9
02-09-2022 08:39 >>>> Requête liste des justes du groupe; Liste des justes obtnus user : eyJ1c2VyaWQiOiIxNCIsInVzZXJsZXZlbCI6IjEiLCJleHAiOjE2NjIxMDk1NDh9
02-09-2022 08:39 >>>> Liste des services! user : eyJ1c2VyaWQiOiIxNCIsInVzZXJsZXZlbCI6IjEiLCJleHAiOjE2NjIxMDk1NDh9
02-09-2022 08:39 >>>> Liste des groupes du service! user : eyJ1c2VyaWQiOiIxNCIsInVzZXJsZXZlbCI6IjEiLCJleHAiOjE2NjIxMDk1NDh9
02-09-2022 08:39 >>>> Liste des services! user : eyJ1c2VyaWQiOiIxNCIsInVzZXJsZXZlbCI6IjEiLCJleHAiOjE2NjIxMDk1NDh9
02-09-2022 08:39 >>>> Liste des groupes du service! user : eyJ1c2VyaWQiOiIxNCIsInVzZXJsZXZlbCI6IjEiLCJleHAiOjE2NjIxMDk1NDh9
02-09-2022 08:45 >>>> Liste des groupes du service! user : eyJ1c2VyaWQiOiIxNCIsInVzZXJsZXZlbCI6IjEiLCJleHAiOjE2NjIxMDk1NDh9
02-09-2022 08:45 >>>> Liste des groupes du service! user : eyJ1c2VyaWQiOiIxNCIsInVzZXJsZXZlbCI6IjEiLCJleHAiOjE2NjIxMDk1NDh9
02-09-2022 08:45 >>>> Liste des groupes du service! user : eyJ1c2VyaWQiOiIxNCIsInVzZXJsZXZlbCI6IjEiLCJleHAiOjE2NjIxMDk1NDh9
02-09-2022 08:45 >>>> Liste des services! user : eyJ1c2VyaWQiOiIxNCIsInVzZXJsZXZlbCI6IjEiLCJleHAiOjE2NjIxMDk1NDh9
02-09-2022 08:45 >>>> Liste des groupes du service! user : eyJ1c2VyaWQiOiIxNCIsInVzZXJsZXZlbCI6IjEiLCJleHAiOjE2NjIxMDk1NDh9
02-09-2022 08:45 >>>> Liste des services! user : eyJ1c2VyaWQiOiIxNCIsInVzZXJsZXZlbCI6IjEiLCJleHAiOjE2NjIxMDk1NDh9
02-09-2022 08:45 >>>> Liste des groupes du service! user : eyJ1c2VyaWQiOiIxNCIsInVzZXJsZXZlbCI6IjEiLCJleHAiOjE2NjIxMDk1NDh9
02-09-2022 08:46 >>>> Liste des services! user : eyJ1c2VyaWQiOiIxNCIsInVzZXJsZXZlbCI6IjEiLCJleHAiOjE2NjIxMDk1NDh9
02-09-2022 08:46 >>>> Liste des services! user : eyJ1c2VyaWQiOiIxNCIsInVzZXJsZXZlbCI6IjEiLCJleHAiOjE2NjIxMDk1NDh9
02-09-2022 08:46 >>>> Liste des groupes du service! user : eyJ1c2VyaWQiOiIxNCIsInVzZXJsZXZlbCI6IjEiLCJleHAiOjE2NjIxMDk1NDh9
02-09-2022 08:47 >>>> Liste des groupes du service! user : eyJ1c2VyaWQiOiIxNCIsInVzZXJsZXZlbCI6IjEiLCJleHAiOjE2NjIxMDk1NDh9
02-09-2022 08:48 >>>> Liste des groupes du service! user : eyJ1c2VyaWQiOiIxNCIsInVzZXJsZXZlbCI6IjEiLCJleHAiOjE2NjIxMDk1NDh9
02-09-2022 08:50 >>>> Liste des groupes du service! user : eyJ1c2VyaWQiOiIxNCIsInVzZXJsZXZlbCI6IjEiLCJleHAiOjE2NjIxMDk1NDh9
02-09-2022 08:51 >>>> Liste des groupes du service! user : eyJ1c2VyaWQiOiIxNCIsInVzZXJsZXZlbCI6IjEiLCJleHAiOjE2NjIxMDk1NDh9
02-09-2022 08:51 >>>> Liste des services! user : eyJ1c2VyaWQiOiIxNCIsInVzZXJsZXZlbCI6IjEiLCJleHAiOjE2NjIxMDk1NDh9
02-09-2022 08:51 >>>> Liste des groupes du service! user : eyJ1c2VyaWQiOiIxNCIsInVzZXJsZXZlbCI6IjEiLCJleHAiOjE2NjIxMDk1NDh9
02-09-2022 08:51 >>>> Requête liste des assemblées! Liste des assemblées obtenues user : eyJ1c2VyaWQiOiIxNCIsInVzZXJsZXZlbCI6IjEiLCJleHAiOjE2NjIxMDk1NDh9
02-09-2022 08:51 >>>> Requête liste des justes de l'assemblée! Liste des justes obtnus user : eyJ1c2VyaWQiOiIxNCIsInVzZXJsZXZlbCI6IjEiLCJleHAiOjE2NjIxMDk1NDh9
02-09-2022 09:02 >>>> Requête liste des justes de l'assemblée! Liste des justes obtnus user : eyJ1c2VyaWQiOiIxNCIsInVzZXJsZXZlbCI6IjEiLCJleHAiOjE2NjIxMDk1NDh9
02-09-2022 09:02 >>>> Requête liste des justes de l'assemblée! Liste des justes obtnus user : eyJ1c2VyaWQiOiIxNCIsInVzZXJsZXZlbCI6IjEiLCJleHAiOjE2NjIxMDk1NDh9
02-09-2022 09:02 >>>> Requête liste des justes de l'assemblée! Liste des justes obtnus user : eyJ1c2VyaWQiOiIxNCIsInVzZXJsZXZlbCI6IjEiLCJleHAiOjE2NjIxMDk1NDh9
02-09-2022 09:10 >>>> Token expiré
02-09-2022 09:10 >>>> Token expiré
02-09-2022 09:10 >>>> Connexion par login éffectuée. user : eyJ1c2VyaWQiOiIxNCIsInVzZXJsZXZlbCI6IjEiLCJleHAiOjE2NjIxMTE2NDh9
02-09-2022 09:10 >>>> Requête liste des justes; Liste des justes obtnus user : eyJ1c2VyaWQiOiIxNCIsInVzZXJsZXZlbCI6IjEiLCJleHAiOjE2NjIxMTE2NDh9
02-09-2022 09:10 >>>> Requête liste des assemblées! Liste des assemblées obtenues user : eyJ1c2VyaWQiOiIxNCIsInVzZXJsZXZlbCI6IjEiLCJleHAiOjE2NjIxMTE2NDh9
02-09-2022 09:10 >>>> Requête liste des justes de l'assemblée! Liste des justes obtnus user : eyJ1c2VyaWQiOiIxNCIsInVzZXJsZXZlbCI6IjEiLCJleHAiOjE2NjIxMTE2NDh9
02-09-2022 09:12 >>>> Requête liste des justes de l'assemblée! Liste des justes obtnus user : eyJ1c2VyaWQiOiIxNCIsInVzZXJsZXZlbCI6IjEiLCJleHAiOjE2NjIxMTE2NDh9
02-09-2022 09:14 >>>> Requête liste des justes de l'assemblée! Liste des justes obtnus user : eyJ1c2VyaWQiOiIxNCIsInVzZXJsZXZlbCI6IjEiLCJleHAiOjE2NjIxMTE2NDh9
02-09-2022 09:14 >>>> Requête liste des justes de l'assemblée! Liste des justes obtnus user : eyJ1c2VyaWQiOiIxNCIsInVzZXJsZXZlbCI6IjEiLCJleHAiOjE2NjIxMTE2NDh9
02-09-2022 09:15 >>>> Requête liste des justes de l'assemblée! Liste des justes obtnus user : eyJ1c2VyaWQiOiIxNCIsInVzZXJsZXZlbCI6IjEiLCJleHAiOjE2NjIxMTE2NDh9
02-09-2022 09:16 >>>> Requête liste des justes de l'assemblée! Liste des justes obtnus user : eyJ1c2VyaWQiOiIxNCIsInVzZXJsZXZlbCI6IjEiLCJleHAiOjE2NjIxMTE2NDh9
02-09-2022 09:17 >>>> Requête liste des groupes! Liste des groupes obtnus user : eyJ1c2VyaWQiOiIxNCIsInVzZXJsZXZlbCI6IjEiLCJleHAiOjE2NjIxMTE2NDh9
02-09-2022 09:17 >>>> Service trouvé user : eyJ1c2VyaWQiOiIxNCIsInVzZXJsZXZlbCI6IjEiLCJleHAiOjE2NjIxMTE2NDh9
02-09-2022 09:17 >>>> Requête liste des justes du groupe; Liste des justes obtnus user : eyJ1c2VyaWQiOiIxNCIsInVzZXJsZXZlbCI6IjEiLCJleHAiOjE2NjIxMTE2NDh9
02-09-2022 09:17 >>>> Requête liste des justes; Liste des justes obtnus user : eyJ1c2VyaWQiOiIxNCIsInVzZXJsZXZlbCI6IjEiLCJleHAiOjE2NjIxMTE2NDh9
02-09-2022 09:17 >>>> Liste des services! user : eyJ1c2VyaWQiOiIxNCIsInVzZXJsZXZlbCI6IjEiLCJleHAiOjE2NjIxMTE2NDh9
02-09-2022 09:17 >>>> Liste des groupes du service! user : eyJ1c2VyaWQiOiIxNCIsInVzZXJsZXZlbCI6IjEiLCJleHAiOjE2NjIxMTE2NDh9
02-09-2022 09:18 >>>> Liste des services! user : eyJ1c2VyaWQiOiIxNCIsInVzZXJsZXZlbCI6IjEiLCJleHAiOjE2NjIxMTE2NDh9
02-09-2022 09:18 >>>> Liste des groupes du service! user : eyJ1c2VyaWQiOiIxNCIsInVzZXJsZXZlbCI6IjEiLCJleHAiOjE2NjIxMTE2NDh9
02-09-2022 09:19 >>>> Requête liste des justes; Liste des justes obtnus user : eyJ1c2VyaWQiOiIxNCIsInVzZXJsZXZlbCI6IjEiLCJleHAiOjE2NjIxMTE2NDh9
02-09-2022 09:19 >>>> Recherche profonde juste par identifiant effectuée; juste trouvé user : eyJ1c2VyaWQiOiIxNCIsInVzZXJsZXZlbCI6IjEiLCJleHAiOjE2NjIxMTE2NDh9
02-09-2022 09:19 >>>> Requête liste des groupes! Liste des groupes obtnus user : eyJ1c2VyaWQiOiIxNCIsInVzZXJsZXZlbCI6IjEiLCJleHAiOjE2NjIxMTE2NDh9
02-09-2022 09:19 >>>> Requête liste des groupes du juste; Aucun groupe affiliée user : eyJ1c2VyaWQiOiIxNCIsInVzZXJsZXZlbCI6IjEiLCJleHAiOjE2NjIxMTE2NDh9
02-09-2022 09:19 >>>> Requête liste des assemblées! Liste des assemblées obtenues user : eyJ1c2VyaWQiOiIxNCIsInVzZXJsZXZlbCI6IjEiLCJleHAiOjE2NjIxMTE2NDh9
02-09-2022 09:24 >>>> Requête liste des justes; Liste des justes obtnus user : eyJ1c2VyaWQiOiIxNCIsInVzZXJsZXZlbCI6IjEiLCJleHAiOjE2NjIxMTE2NDh9
02-09-2022 09:24 >>>> Recherche profonde juste par identifiant effectuée; juste trouvé user : eyJ1c2VyaWQiOiIxNCIsInVzZXJsZXZlbCI6IjEiLCJleHAiOjE2NjIxMTE2NDh9
02-09-2022 09:24 >>>> Requête liste des groupes du juste; Liste des assemblées obtenues. user : eyJ1c2VyaWQiOiIxNCIsInVzZXJsZXZlbCI6IjEiLCJleHAiOjE2NjIxMTE2NDh9
02-09-2022 09:24 >>>> Requête liste des groupes! Liste des groupes obtnus user : eyJ1c2VyaWQiOiIxNCIsInVzZXJsZXZlbCI6IjEiLCJleHAiOjE2NjIxMTE2NDh9
02-09-2022 09:24 >>>> Requête liste des assemblées! Liste des assemblées obtenues user : eyJ1c2VyaWQiOiIxNCIsInVzZXJsZXZlbCI6IjEiLCJleHAiOjE2NjIxMTE2NDh9
02-09-2022 10:01 >>>> Token expiré
02-09-2022 10:01 >>>> Token expiré
02-09-2022 10:01 >>>> Token expiré
02-09-2022 10:01 >>>> Token expiré
02-09-2022 10:01 >>>> Connexion par login éffectuée. user : eyJ1c2VyaWQiOiIxNCIsInVzZXJsZXZlbCI6IjEiLCJleHAiOjE2NjIxMTQ3MTN9
02-09-2022 10:01 >>>> Requête liste des justes; Liste des justes obtnus user : eyJ1c2VyaWQiOiIxNCIsInVzZXJsZXZlbCI6IjEiLCJleHAiOjE2NjIxMTQ3MTN9
02-09-2022 10:01 >>>> Recherche profonde juste par identifiant effectuée; juste trouvé user : eyJ1c2VyaWQiOiIxNCIsInVzZXJsZXZlbCI6IjEiLCJleHAiOjE2NjIxMTQ3MTN9
02-09-2022 10:01 >>>> Requête liste des assemblées! Liste des assemblées obtenues user : eyJ1c2VyaWQiOiIxNCIsInVzZXJsZXZlbCI6IjEiLCJleHAiOjE2NjIxMTQ3MTN9
02-09-2022 10:01 >>>> Requête liste des groupes! Liste des groupes obtnus user : eyJ1c2VyaWQiOiIxNCIsInVzZXJsZXZlbCI6IjEiLCJleHAiOjE2NjIxMTQ3MTN9
02-09-2022 10:01 >>>> Requête liste des groupes du juste; Liste des assemblées obtenues. user : eyJ1c2VyaWQiOiIxNCIsInVzZXJsZXZlbCI6IjEiLCJleHAiOjE2NjIxMTQ3MTN9
02-09-2022 10:02 >>>> Requête liste des assemblées! Liste des assemblées obtenues user : eyJ1c2VyaWQiOiIxNCIsInVzZXJsZXZlbCI6IjEiLCJleHAiOjE2NjIxMTQ3MTN9
02-09-2022 10:02 >>>> Recherche profonde juste par identifiant effectuée; juste trouvé user : eyJ1c2VyaWQiOiIxNCIsInVzZXJsZXZlbCI6IjEiLCJleHAiOjE2NjIxMTQ3MTN9
02-09-2022 10:02 >>>> Requête liste des groupes du juste; Liste des assemblées obtenues. user : eyJ1c2VyaWQiOiIxNCIsInVzZXJsZXZlbCI6IjEiLCJleHAiOjE2NjIxMTQ3MTN9
02-09-2022 10:02 >>>> Requête liste des groupes! Liste des groupes obtnus user : eyJ1c2VyaWQiOiIxNCIsInVzZXJsZXZlbCI6IjEiLCJleHAiOjE2NjIxMTQ3MTN9
02-09-2022 10:02 >>>> Requête liste des assemblées! Liste des assemblées obtenues user : eyJ1c2VyaWQiOiIxNCIsInVzZXJsZXZlbCI6IjEiLCJleHAiOjE2NjIxMTQ3MTN9
02-09-2022 10:02 >>>> Requête liste des groupes du juste; Liste des assemblées obtenues. user : eyJ1c2VyaWQiOiIxNCIsInVzZXJsZXZlbCI6IjEiLCJleHAiOjE2NjIxMTQ3MTN9
02-09-2022 10:02 >>>> Recherche profonde juste par identifiant effectuée; juste trouvé user : eyJ1c2VyaWQiOiIxNCIsInVzZXJsZXZlbCI6IjEiLCJleHAiOjE2NjIxMTQ3MTN9
02-09-2022 10:02 >>>> Requête liste des groupes! Liste des groupes obtnus user : eyJ1c2VyaWQiOiIxNCIsInVzZXJsZXZlbCI6IjEiLCJleHAiOjE2NjIxMTQ3MTN9
02-09-2022 10:03 >>>> Recherche profonde juste par identifiant effectuée; juste trouvé user : eyJ1c2VyaWQiOiIxNCIsInVzZXJsZXZlbCI6IjEiLCJleHAiOjE2NjIxMTQ3MTN9
02-09-2022 10:03 >>>> Requête liste des groupes du juste; Liste des assemblées obtenues. user : eyJ1c2VyaWQiOiIxNCIsInVzZXJsZXZlbCI6IjEiLCJleHAiOjE2NjIxMTQ3MTN9
02-09-2022 10:03 >>>> Requête liste des groupes! Liste des groupes obtnus user : eyJ1c2VyaWQiOiIxNCIsInVzZXJsZXZlbCI6IjEiLCJleHAiOjE2NjIxMTQ3MTN9
02-09-2022 10:03 >>>> Requête liste des assemblées! Liste des assemblées obtenues user : eyJ1c2VyaWQiOiIxNCIsInVzZXJsZXZlbCI6IjEiLCJleHAiOjE2NjIxMTQ3MTN9
02-09-2022 10:03 >>>> Requête liste des assemblées! Liste des assemblées obtenues user : eyJ1c2VyaWQiOiIxNCIsInVzZXJsZXZlbCI6IjEiLCJleHAiOjE2NjIxMTQ3MTN9
02-09-2022 10:03 >>>> Requête liste des groupes du juste; Liste des assemblées obtenues. user : eyJ1c2VyaWQiOiIxNCIsInVzZXJsZXZlbCI6IjEiLCJleHAiOjE2NjIxMTQ3MTN9
02-09-2022 10:03 >>>> Recherche profonde juste par identifiant effectuée; juste trouvé user : eyJ1c2VyaWQiOiIxNCIsInVzZXJsZXZlbCI6IjEiLCJleHAiOjE2NjIxMTQ3MTN9
02-09-2022 10:03 >>>> Requête liste des groupes! Liste des groupes obtnus user : eyJ1c2VyaWQiOiIxNCIsInVzZXJsZXZlbCI6IjEiLCJleHAiOjE2NjIxMTQ3MTN9
02-09-2022 10:07 >>>> Recherche profonde juste par identifiant effectuée; juste trouvé user : eyJ1c2VyaWQiOiIxNCIsInVzZXJsZXZlbCI6IjEiLCJleHAiOjE2NjIxMTQ3MTN9
02-09-2022 10:07 >>>> Requête liste des groupes du juste; Liste des assemblées obtenues. user : eyJ1c2VyaWQiOiIxNCIsInVzZXJsZXZlbCI6IjEiLCJleHAiOjE2NjIxMTQ3MTN9
02-09-2022 10:07 >>>> Requête liste des assemblées! Liste des assemblées obtenues user : eyJ1c2VyaWQiOiIxNCIsInVzZXJsZXZlbCI6IjEiLCJleHAiOjE2NjIxMTQ3MTN9
02-09-2022 10:07 >>>> Requête liste des groupes! Liste des groupes obtnus user : eyJ1c2VyaWQiOiIxNCIsInVzZXJsZXZlbCI6IjEiLCJleHAiOjE2NjIxMTQ3MTN9
02-09-2022 10:08 >>>> Requête liste des groupes du juste; Liste des assemblées obtenues. user : eyJ1c2VyaWQiOiIxNCIsInVzZXJsZXZlbCI6IjEiLCJleHAiOjE2NjIxMTQ3MTN9
02-09-2022 10:08 >>>> Recherche profonde juste par identifiant effectuée; juste trouvé user : eyJ1c2VyaWQiOiIxNCIsInVzZXJsZXZlbCI6IjEiLCJleHAiOjE2NjIxMTQ3MTN9
02-09-2022 10:08 >>>> Requête liste des assemblées! Liste des assemblées obtenues user : eyJ1c2VyaWQiOiIxNCIsInVzZXJsZXZlbCI6IjEiLCJleHAiOjE2NjIxMTQ3MTN9
02-09-2022 10:08 >>>> Requête liste des groupes! Liste des groupes obtnus user : eyJ1c2VyaWQiOiIxNCIsInVzZXJsZXZlbCI6IjEiLCJleHAiOjE2NjIxMTQ3MTN9
02-09-2022 10:08 >>>> Requête liste des groupes! Liste des groupes obtnus user : eyJ1c2VyaWQiOiIxNCIsInVzZXJsZXZlbCI6IjEiLCJleHAiOjE2NjIxMTQ3MTN9
02-09-2022 10:08 >>>> Requête liste des assemblées! Liste des assemblées obtenues user : eyJ1c2VyaWQiOiIxNCIsInVzZXJsZXZlbCI6IjEiLCJleHAiOjE2NjIxMTQ3MTN9
02-09-2022 10:08 >>>> Requête liste des justes; Liste des justes obtnus user : eyJ1c2VyaWQiOiIxNCIsInVzZXJsZXZlbCI6IjEiLCJleHAiOjE2NjIxMTQ3MTN9
02-09-2022 10:08 >>>> Recherche profonde juste par identifiant effectuée; juste trouvé user : eyJ1c2VyaWQiOiIxNCIsInVzZXJsZXZlbCI6IjEiLCJleHAiOjE2NjIxMTQ3MTN9
02-09-2022 10:08 >>>> Requête liste des groupes du juste; Liste des assemblées obtenues. user : eyJ1c2VyaWQiOiIxNCIsInVzZXJsZXZlbCI6IjEiLCJleHAiOjE2NjIxMTQ3MTN9
02-09-2022 10:08 >>>> Requête liste des assemblées! Liste des assemblées obtenues user : eyJ1c2VyaWQiOiIxNCIsInVzZXJsZXZlbCI6IjEiLCJleHAiOjE2NjIxMTQ3MTN9
02-09-2022 10:08 >>>> Requête liste des groupes! Liste des groupes obtnus user : eyJ1c2VyaWQiOiIxNCIsInVzZXJsZXZlbCI6IjEiLCJleHAiOjE2NjIxMTQ3MTN9
02-09-2022 10:08 >>>> Recherche profonde juste par identifiant effectuée; juste trouvé user : eyJ1c2VyaWQiOiIxNCIsInVzZXJsZXZlbCI6IjEiLCJleHAiOjE2NjIxMTQ3MTN9
02-09-2022 10:08 >>>> Requête liste des assemblées! Liste des assemblées obtenues user : eyJ1c2VyaWQiOiIxNCIsInVzZXJsZXZlbCI6IjEiLCJleHAiOjE2NjIxMTQ3MTN9
02-09-2022 10:08 >>>> Requête liste des groupes! Liste des groupes obtnus user : eyJ1c2VyaWQiOiIxNCIsInVzZXJsZXZlbCI6IjEiLCJleHAiOjE2NjIxMTQ3MTN9
02-09-2022 10:08 >>>> Requête liste des groupes du juste; Liste des assemblées obtenues. user : eyJ1c2VyaWQiOiIxNCIsInVzZXJsZXZlbCI6IjEiLCJleHAiOjE2NjIxMTQ3MTN9
02-09-2022 10:19 >>>> Recherche profonde juste par identifiant effectuée; juste trouvé user : eyJ1c2VyaWQiOiIxNCIsInVzZXJsZXZlbCI6IjEiLCJleHAiOjE2NjIxMTQ3MTN9
02-09-2022 10:19 >>>> Requête liste des groupes du juste; Liste des assemblées obtenues. user : eyJ1c2VyaWQiOiIxNCIsInVzZXJsZXZlbCI6IjEiLCJleHAiOjE2NjIxMTQ3MTN9
02-09-2022 10:19 >>>> Requête liste des groupes! Liste des groupes obtnus user : eyJ1c2VyaWQiOiIxNCIsInVzZXJsZXZlbCI6IjEiLCJleHAiOjE2NjIxMTQ3MTN9
02-09-2022 10:19 >>>> Requête liste des assemblées! Liste des assemblées obtenues user : eyJ1c2VyaWQiOiIxNCIsInVzZXJsZXZlbCI6IjEiLCJleHAiOjE2NjIxMTQ3MTN9
