03-09-2022 10:00 >>>> Token expiré
03-09-2022 10:00 >>>> Token expiré
03-09-2022 10:00 >>>> Token expiré
03-09-2022 10:00 >>>> Token expiré
03-09-2022 10:00 >>>> Connexion par login éffectuée. user : eyJ1c2VyaWQiOiIxNCIsInVzZXJsZXZlbCI6IjEiLCJleHAiOjE2NjIyMDEwNDZ9
03-09-2022 10:00 >>>> Requête liste des justes; Liste des justes obtnus user : eyJ1c2VyaWQiOiIxNCIsInVzZXJsZXZlbCI6IjEiLCJleHAiOjE2NjIyMDEwNDZ9
03-09-2022 10:00 >>>> Recherche profonde juste par identifiant effectuée; juste trouvé user : eyJ1c2VyaWQiOiIxNCIsInVzZXJsZXZlbCI6IjEiLCJleHAiOjE2NjIyMDEwNDZ9
03-09-2022 10:00 >>>> Requête liste des assemblées! Liste des assemblées obtenues user : eyJ1c2VyaWQiOiIxNCIsInVzZXJsZXZlbCI6IjEiLCJleHAiOjE2NjIyMDEwNDZ9
03-09-2022 10:00 >>>> Requête liste des groupes! Liste des groupes obtnus user : eyJ1c2VyaWQiOiIxNCIsInVzZXJsZXZlbCI6IjEiLCJleHAiOjE2NjIyMDEwNDZ9
03-09-2022 10:00 >>>> Requête liste des groupes du juste; Liste des assemblées obtenues. user : eyJ1c2VyaWQiOiIxNCIsInVzZXJsZXZlbCI6IjEiLCJleHAiOjE2NjIyMDEwNDZ9
03-09-2022 10:03 >>>> Recherche profonde juste par identifiant effectuée; juste trouvé user : eyJ1c2VyaWQiOiIxNCIsInVzZXJsZXZlbCI6IjEiLCJleHAiOjE2NjIyMDEwNDZ9
03-09-2022 10:03 >>>> Requête liste des assemblées! Liste des assemblées obtenues user : eyJ1c2VyaWQiOiIxNCIsInVzZXJsZXZlbCI6IjEiLCJleHAiOjE2NjIyMDEwNDZ9
03-09-2022 10:03 >>>> Requête liste des groupes du juste; Liste des assemblées obtenues. user : eyJ1c2VyaWQiOiIxNCIsInVzZXJsZXZlbCI6IjEiLCJleHAiOjE2NjIyMDEwNDZ9
03-09-2022 10:03 >>>> Requête liste des groupes! Liste des groupes obtnus user : eyJ1c2VyaWQiOiIxNCIsInVzZXJsZXZlbCI6IjEiLCJleHAiOjE2NjIyMDEwNDZ9
03-09-2022 10:03 >>>> Recherche profonde juste par identifiant effectuée; juste trouvé user : eyJ1c2VyaWQiOiIxNCIsInVzZXJsZXZlbCI6IjEiLCJleHAiOjE2NjIyMDEwNDZ9
03-09-2022 10:03 >>>> Requête liste des assemblées! Liste des assemblées obtenues user : eyJ1c2VyaWQiOiIxNCIsInVzZXJsZXZlbCI6IjEiLCJleHAiOjE2NjIyMDEwNDZ9
03-09-2022 10:03 >>>> Requête liste des groupes du juste; Liste des assemblées obtenues. user : eyJ1c2VyaWQiOiIxNCIsInVzZXJsZXZlbCI6IjEiLCJleHAiOjE2NjIyMDEwNDZ9
03-09-2022 10:03 >>>> Requête liste des groupes! Liste des groupes obtnus user : eyJ1c2VyaWQiOiIxNCIsInVzZXJsZXZlbCI6IjEiLCJleHAiOjE2NjIyMDEwNDZ9
03-09-2022 10:03 >>>> Recherche profonde juste par identifiant effectuée; juste trouvé user : eyJ1c2VyaWQiOiIxNCIsInVzZXJsZXZlbCI6IjEiLCJleHAiOjE2NjIyMDEwNDZ9
03-09-2022 10:03 >>>> Requête liste des assemblées! Liste des assemblées obtenues user : eyJ1c2VyaWQiOiIxNCIsInVzZXJsZXZlbCI6IjEiLCJleHAiOjE2NjIyMDEwNDZ9
03-09-2022 10:03 >>>> Requête liste des groupes du juste; Liste des assemblées obtenues. user : eyJ1c2VyaWQiOiIxNCIsInVzZXJsZXZlbCI6IjEiLCJleHAiOjE2NjIyMDEwNDZ9
03-09-2022 10:03 >>>> Requête liste des groupes! Liste des groupes obtnus user : eyJ1c2VyaWQiOiIxNCIsInVzZXJsZXZlbCI6IjEiLCJleHAiOjE2NjIyMDEwNDZ9
03-09-2022 10:07 >>>> Recherche profonde juste par identifiant effectuée; juste trouvé user : eyJ1c2VyaWQiOiIxNCIsInVzZXJsZXZlbCI6IjEiLCJleHAiOjE2NjIyMDEwNDZ9
03-09-2022 10:07 >>>> Requête liste des assemblées! Liste des assemblées obtenues user : eyJ1c2VyaWQiOiIxNCIsInVzZXJsZXZlbCI6IjEiLCJleHAiOjE2NjIyMDEwNDZ9
03-09-2022 10:07 >>>> Requête liste des groupes! Liste des groupes obtnus user : eyJ1c2VyaWQiOiIxNCIsInVzZXJsZXZlbCI6IjEiLCJleHAiOjE2NjIyMDEwNDZ9
03-09-2022 10:07 >>>> Requête liste des groupes du juste; Liste des assemblées obtenues. user : eyJ1c2VyaWQiOiIxNCIsInVzZXJsZXZlbCI6IjEiLCJleHAiOjE2NjIyMDEwNDZ9
03-09-2022 10:10 >>>> Recherche profonde juste par identifiant effectuée; juste trouvé user : eyJ1c2VyaWQiOiIxNCIsInVzZXJsZXZlbCI6IjEiLCJleHAiOjE2NjIyMDEwNDZ9
03-09-2022 10:10 >>>> Requête liste des groupes du juste; Liste des assemblées obtenues. user : eyJ1c2VyaWQiOiIxNCIsInVzZXJsZXZlbCI6IjEiLCJleHAiOjE2NjIyMDEwNDZ9
03-09-2022 10:10 >>>> Requête liste des groupes! Liste des groupes obtnus user : eyJ1c2VyaWQiOiIxNCIsInVzZXJsZXZlbCI6IjEiLCJleHAiOjE2NjIyMDEwNDZ9
03-09-2022 10:10 >>>> Requête liste des assemblées! Liste des assemblées obtenues user : eyJ1c2VyaWQiOiIxNCIsInVzZXJsZXZlbCI6IjEiLCJleHAiOjE2NjIyMDEwNDZ9
03-09-2022 10:10 >>>> Recherche profonde juste par identifiant effectuée; juste trouvé user : eyJ1c2VyaWQiOiIxNCIsInVzZXJsZXZlbCI6IjEiLCJleHAiOjE2NjIyMDEwNDZ9
03-09-2022 10:10 >>>> Requête liste des groupes du juste; Liste des assemblées obtenues. user : eyJ1c2VyaWQiOiIxNCIsInVzZXJsZXZlbCI6IjEiLCJleHAiOjE2NjIyMDEwNDZ9
03-09-2022 10:10 >>>> Requête liste des groupes! Liste des groupes obtnus user : eyJ1c2VyaWQiOiIxNCIsInVzZXJsZXZlbCI6IjEiLCJleHAiOjE2NjIyMDEwNDZ9
03-09-2022 10:10 >>>> Requête liste des assemblées! Liste des assemblées obtenues user : eyJ1c2VyaWQiOiIxNCIsInVzZXJsZXZlbCI6IjEiLCJleHAiOjE2NjIyMDEwNDZ9
03-09-2022 10:11 >>>> Recherche profonde juste par identifiant effectuée; juste trouvé user : eyJ1c2VyaWQiOiIxNCIsInVzZXJsZXZlbCI6IjEiLCJleHAiOjE2NjIyMDEwNDZ9
03-09-2022 10:11 >>>> Requête liste des assemblées! Liste des assemblées obtenues user : eyJ1c2VyaWQiOiIxNCIsInVzZXJsZXZlbCI6IjEiLCJleHAiOjE2NjIyMDEwNDZ9
03-09-2022 10:11 >>>> Requête liste des groupes! Liste des groupes obtnus user : eyJ1c2VyaWQiOiIxNCIsInVzZXJsZXZlbCI6IjEiLCJleHAiOjE2NjIyMDEwNDZ9
03-09-2022 10:11 >>>> Requête liste des groupes du juste; Liste des assemblées obtenues. user : eyJ1c2VyaWQiOiIxNCIsInVzZXJsZXZlbCI6IjEiLCJleHAiOjE2NjIyMDEwNDZ9
03-09-2022 10:12 >>>> Recherche profonde juste par identifiant effectuée; juste trouvé user : eyJ1c2VyaWQiOiIxNCIsInVzZXJsZXZlbCI6IjEiLCJleHAiOjE2NjIyMDEwNDZ9
03-09-2022 10:12 >>>> Requête liste des groupes! Liste des groupes obtnus user : eyJ1c2VyaWQiOiIxNCIsInVzZXJsZXZlbCI6IjEiLCJleHAiOjE2NjIyMDEwNDZ9
03-09-2022 10:12 >>>> Requête liste des assemblées! Liste des assemblées obtenues user : eyJ1c2VyaWQiOiIxNCIsInVzZXJsZXZlbCI6IjEiLCJleHAiOjE2NjIyMDEwNDZ9
03-09-2022 10:12 >>>> Requête liste des groupes du juste; Liste des assemblées obtenues. user : eyJ1c2VyaWQiOiIxNCIsInVzZXJsZXZlbCI6IjEiLCJleHAiOjE2NjIyMDEwNDZ9
03-09-2022 11:24 >>>> Token expiré
03-09-2022 11:24 >>>> Connexion par login éffectuée. user : eyJ1c2VyaWQiOiIxNCIsInVzZXJsZXZlbCI6IjEiLCJleHAiOjE2NjIyMDYwNzl9
03-09-2022 11:24 >>>> Requête liste des assemblées! Liste des assemblées obtenues user : eyJ1c2VyaWQiOiIxNCIsInVzZXJsZXZlbCI6IjEiLCJleHAiOjE2NjIyMDYwNzl9
03-09-2022 11:24 >>>> Requête liste des groupes! Liste des groupes obtnus user : eyJ1c2VyaWQiOiIxNCIsInVzZXJsZXZlbCI6IjEiLCJleHAiOjE2NjIyMDYwNzl9
03-09-2022 11:24 >>>> Requête liste des justes; Liste des justes obtnus user : eyJ1c2VyaWQiOiIxNCIsInVzZXJsZXZlbCI6IjEiLCJleHAiOjE2NjIyMDYwNzl9
03-09-2022 11:24 >>>> Liste des services! user : eyJ1c2VyaWQiOiIxNCIsInVzZXJsZXZlbCI6IjEiLCJleHAiOjE2NjIyMDYwNzl9
03-09-2022 11:24 >>>> Requête liste des assemblées! Liste des assemblées obtenues user : eyJ1c2VyaWQiOiIxNCIsInVzZXJsZXZlbCI6IjEiLCJleHAiOjE2NjIyMDYwNzl9
03-09-2022 11:24 >>>> Requête liste des assemblées! Liste des assemblées obtenues user : eyJ1c2VyaWQiOiIxNCIsInVzZXJsZXZlbCI6IjEiLCJleHAiOjE2NjIyMDYwNzl9
03-09-2022 11:24 >>>> Requête liste des justes de l'assemblée! Liste des justes obtnus user : eyJ1c2VyaWQiOiIxNCIsInVzZXJsZXZlbCI6IjEiLCJleHAiOjE2NjIyMDYwNzl9
03-09-2022 11:25 >>>> Recherche profonde juste par identifiant effectuée; juste trouvé user : eyJ1c2VyaWQiOiIxNCIsInVzZXJsZXZlbCI6IjEiLCJleHAiOjE2NjIyMDYwNzl9
03-09-2022 11:25 >>>> Requête liste des assemblées! Liste des assemblées obtenues user : eyJ1c2VyaWQiOiIxNCIsInVzZXJsZXZlbCI6IjEiLCJleHAiOjE2NjIyMDYwNzl9
03-09-2022 11:25 >>>> Requête liste des groupes du juste; Liste des assemblées obtenues. user : eyJ1c2VyaWQiOiIxNCIsInVzZXJsZXZlbCI6IjEiLCJleHAiOjE2NjIyMDYwNzl9
03-09-2022 11:25 >>>> Requête liste des groupes! Liste des groupes obtnus user : eyJ1c2VyaWQiOiIxNCIsInVzZXJsZXZlbCI6IjEiLCJleHAiOjE2NjIyMDYwNzl9
03-09-2022 11:25 >>>> Liste des services! user : eyJ1c2VyaWQiOiIxNCIsInVzZXJsZXZlbCI6IjEiLCJleHAiOjE2NjIyMDYwNzl9
03-09-2022 11:25 >>>> Liste des groupes du service! user : eyJ1c2VyaWQiOiIxNCIsInVzZXJsZXZlbCI6IjEiLCJleHAiOjE2NjIyMDYwNzl9
03-09-2022 11:25 >>>> Service trouvé user : eyJ1c2VyaWQiOiIxNCIsInVzZXJsZXZlbCI6IjEiLCJleHAiOjE2NjIyMDYwNzl9
03-09-2022 11:25 >>>> Requête liste des justes du groupe; Liste des justes obtnus user : eyJ1c2VyaWQiOiIxNCIsInVzZXJsZXZlbCI6IjEiLCJleHAiOjE2NjIyMDYwNzl9
03-09-2022 11:25 >>>> Liste des services! user : eyJ1c2VyaWQiOiIxNCIsInVzZXJsZXZlbCI6IjEiLCJleHAiOjE2NjIyMDYwNzl9
03-09-2022 11:25 >>>> Liste des groupes du service! user : eyJ1c2VyaWQiOiIxNCIsInVzZXJsZXZlbCI6IjEiLCJleHAiOjE2NjIyMDYwNzl9
03-09-2022 11:25 >>>> Service trouvé user : eyJ1c2VyaWQiOiIxNCIsInVzZXJsZXZlbCI6IjEiLCJleHAiOjE2NjIyMDYwNzl9
03-09-2022 11:25 >>>> Requête liste des justes du groupe; Aucun justes affiliés au groupe
03-09-2022 11:26 >>>> Liste des services! user : eyJ1c2VyaWQiOiIxNCIsInVzZXJsZXZlbCI6IjEiLCJleHAiOjE2NjIyMDYwNzl9
03-09-2022 20:13 >>>> Token expiré
03-09-2022 20:14 >>>> Connexion par login éffectuée. user : eyJ1c2VyaWQiOiIxNCIsInVzZXJsZXZlbCI6IjEiLCJleHAiOjE2NjIyMzc4NjN9
03-09-2022 20:20 >>>> Requête liste des justes; Liste des justes obtnus user : eyJ1c2VyaWQiOiIxNCIsInVzZXJsZXZlbCI6IjEiLCJleHAiOjE2NjIyMzc4NjN9
03-09-2022 20:20 >>>> Requête liste des groupes! Liste des groupes obtnus user : eyJ1c2VyaWQiOiIxNCIsInVzZXJsZXZlbCI6IjEiLCJleHAiOjE2NjIyMzc4NjN9
03-09-2022 20:20 >>>> Requête liste des assemblées! Liste des assemblées obtenues user : eyJ1c2VyaWQiOiIxNCIsInVzZXJsZXZlbCI6IjEiLCJleHAiOjE2NjIyMzc4NjN9
03-09-2022 20:20 >>>> Liste des services! user : eyJ1c2VyaWQiOiIxNCIsInVzZXJsZXZlbCI6IjEiLCJleHAiOjE2NjIyMzc4NjN9
03-09-2022 20:41 >>>> Liste des services! user : eyJ1c2VyaWQiOiIxNCIsInVzZXJsZXZlbCI6IjEiLCJleHAiOjE2NjIyMzc4NjN9
03-09-2022 20:41 >>>> Liste des services! user : eyJ1c2VyaWQiOiIxNCIsInVzZXJsZXZlbCI6IjEiLCJleHAiOjE2NjIyMzc4NjN9
03-09-2022 20:41 >>>> Liste des services! user : eyJ1c2VyaWQiOiIxNCIsInVzZXJsZXZlbCI6IjEiLCJleHAiOjE2NjIyMzc4NjN9
03-09-2022 20:42 >>>> Liste des services! user : eyJ1c2VyaWQiOiIxNCIsInVzZXJsZXZlbCI6IjEiLCJleHAiOjE2NjIyMzc4NjN9
03-09-2022 20:44 >>>> Token expiré
03-09-2022 20:44 >>>> Token expiré
03-09-2022 20:45 >>>> Token expiré
03-09-2022 20:45 >>>> Token expiré
03-09-2022 20:47 >>>> Token expiré
03-09-2022 21:01 >>>> Token expiré
03-09-2022 21:02 >>>> Token expiré
03-09-2022 21:02 >>>> Token expiré
03-09-2022 21:02 >>>> Token expiré
03-09-2022 21:02 >>>> Token expiré
