04-09-2022 13:40 >>>> Connexion par login éffectuée. user : eyJ1c2VyaWQiOiIxNCIsInVzZXJsZXZlbCI6IjEiLCJleHAiOjE2NjIzNDIwNTl9
04-09-2022 14:20 >>>> Requête liste des assemblées! Liste des assemblées obtenues user : eyJ1c2VyaWQiOiIxNCIsInVzZXJsZXZlbCI6IjEiLCJleHAiOjE2NjIzNDIwNTl9
04-09-2022 14:21 >>>> Requête liste des assemblées! Liste des assemblées obtenues user : eyJ1c2VyaWQiOiIxNCIsInVzZXJsZXZlbCI6IjEiLCJleHAiOjE2NjIzNDIwNTl9
04-09-2022 14:21 >>>> Requête liste des assemblées! Liste des assemblées obtenues user : eyJ1c2VyaWQiOiIxNCIsInVzZXJsZXZlbCI6IjEiLCJleHAiOjE2NjIzNDIwNTl9
04-09-2022 14:30 >>>> Requête liste des assemblées! Liste des assemblées obtenues user : eyJ1c2VyaWQiOiIxNCIsInVzZXJsZXZlbCI6IjEiLCJleHAiOjE2NjIzNDIwNTl9
04-09-2022 14:31 >>>> Requête liste des assemblées! Liste des assemblées obtenues user : eyJ1c2VyaWQiOiIxNCIsInVzZXJsZXZlbCI6IjEiLCJleHAiOjE2NjIzNDIwNTl9
04-09-2022 14:32 >>>> Requête liste des assemblées! Liste des assemblées obtenues user : eyJ1c2VyaWQiOiIxNCIsInVzZXJsZXZlbCI6IjEiLCJleHAiOjE2NjIzNDIwNTl9
04-09-2022 14:33 >>>> Requête liste des assemblées! Liste des assemblées obtenues user : eyJ1c2VyaWQiOiIxNCIsInVzZXJsZXZlbCI6IjEiLCJleHAiOjE2NjIzNDIwNTl9
04-09-2022 14:34 >>>> Requête liste des assemblées! Liste des assemblées obtenues user : eyJ1c2VyaWQiOiIxNCIsInVzZXJsZXZlbCI6IjEiLCJleHAiOjE2NjIzNDIwNTl9
04-09-2022 14:34 >>>> Requête  d'assemblée par full text éffectuée! Aucunes Assemblée correspondante user : eyJ1c2VyaWQiOiIxNCIsInVzZXJsZXZlbCI6IjEiLCJleHAiOjE2NjIzNDIwNTl9
04-09-2022 14:38 >>>> Requête d'assemblée par full text éffectuée! Liste des assemblées obtenues. user : eyJ1c2VyaWQiOiIxNCIsInVzZXJsZXZlbCI6IjEiLCJleHAiOjE2NjIzNDIwNTl9
04-09-2022 14:49 >>>> Requête  d'assemblée par full text éffectuée! Aucunes Assemblée correspondante user : eyJ1c2VyaWQiOiIxNCIsInVzZXJsZXZlbCI6IjEiLCJleHAiOjE2NjIzNDIwNTl9
04-09-2022 14:50 >>>> Requête  d'assemblée par full text éffectuée! Aucunes Assemblée correspondante user : eyJ1c2VyaWQiOiIxNCIsInVzZXJsZXZlbCI6IjEiLCJleHAiOjE2NjIzNDIwNTl9
04-09-2022 14:50 >>>> Requête  d'assemblée par full text éffectuée! Aucunes Assemblée correspondante user : eyJ1c2VyaWQiOiIxNCIsInVzZXJsZXZlbCI6IjEiLCJleHAiOjE2NjIzNDIwNTl9
04-09-2022 14:50 >>>> Requête d'assemblée par full text éffectuée! Liste des assemblées obtenues. user : eyJ1c2VyaWQiOiIxNCIsInVzZXJsZXZlbCI6IjEiLCJleHAiOjE2NjIzNDIwNTl9
04-09-2022 14:51 >>>> Requête  d'assemblée par full text éffectuée! Aucunes Assemblée correspondante user : eyJ1c2VyaWQiOiIxNCIsInVzZXJsZXZlbCI6IjEiLCJleHAiOjE2NjIzNDIwNTl9
04-09-2022 14:51 >>>> Requête d'assemblée par full text éffectuée! Liste des assemblées obtenues. user : eyJ1c2VyaWQiOiIxNCIsInVzZXJsZXZlbCI6IjEiLCJleHAiOjE2NjIzNDIwNTl9
04-09-2022 14:51 >>>> Requête d'assemblée par full text éffectuée! Liste des assemblées obtenues. user : eyJ1c2VyaWQiOiIxNCIsInVzZXJsZXZlbCI6IjEiLCJleHAiOjE2NjIzNDIwNTl9
04-09-2022 14:51 >>>> Requête d'assemblée par full text éffectuée! Liste des assemblées obtenues. user : eyJ1c2VyaWQiOiIxNCIsInVzZXJsZXZlbCI6IjEiLCJleHAiOjE2NjIzNDIwNTl9
04-09-2022 14:51 >>>> Requête d'assemblée par full text éffectuée! Liste des assemblées obtenues. user : eyJ1c2VyaWQiOiIxNCIsInVzZXJsZXZlbCI6IjEiLCJleHAiOjE2NjIzNDIwNTl9
04-09-2022 14:51 >>>> Requête  d'assemblée par full text éffectuée! Aucunes Assemblée correspondante user : eyJ1c2VyaWQiOiIxNCIsInVzZXJsZXZlbCI6IjEiLCJleHAiOjE2NjIzNDIwNTl9
04-09-2022 15:15 >>>> Requête  d'assemblée par full text éffectuée! Aucunes Assemblée correspondante user : eyJ1c2VyaWQiOiIxNCIsInVzZXJsZXZlbCI6IjEiLCJleHAiOjE2NjIzNDIwNTl9
04-09-2022 15:15 >>>> Requête  d'assemblée par full text éffectuée! Aucunes Assemblée correspondante user : eyJ1c2VyaWQiOiIxNCIsInVzZXJsZXZlbCI6IjEiLCJleHAiOjE2NjIzNDIwNTl9
04-09-2022 15:15 >>>> Requête liste des justes; Liste des justes obtnus user : eyJ1c2VyaWQiOiIxNCIsInVzZXJsZXZlbCI6IjEiLCJleHAiOjE2NjIzNDIwNTl9
04-09-2022 15:15 >>>> Requête de juste par full text éffectuée! Liste des justes obtenus. user : eyJ1c2VyaWQiOiIxNCIsInVzZXJsZXZlbCI6IjEiLCJleHAiOjE2NjIzNDIwNTl9
04-09-2022 15:15 >>>> Requête de juste par full text éffectuée! Liste des justes obtenus. user : eyJ1c2VyaWQiOiIxNCIsInVzZXJsZXZlbCI6IjEiLCJleHAiOjE2NjIzNDIwNTl9
04-09-2022 15:15 >>>> Requête liste des groupes! Liste des groupes obtnus user : eyJ1c2VyaWQiOiIxNCIsInVzZXJsZXZlbCI6IjEiLCJleHAiOjE2NjIzNDIwNTl9
04-09-2022 15:15 >>>> Requête liste des assemblées! Liste des assemblées obtenues user : eyJ1c2VyaWQiOiIxNCIsInVzZXJsZXZlbCI6IjEiLCJleHAiOjE2NjIzNDIwNTl9
04-09-2022 15:15 >>>> Requête liste des justes; Liste des justes obtnus user : eyJ1c2VyaWQiOiIxNCIsInVzZXJsZXZlbCI6IjEiLCJleHAiOjE2NjIzNDIwNTl9
04-09-2022 15:57 >>>> Liste des services! user : eyJ1c2VyaWQiOiIxNCIsInVzZXJsZXZlbCI6IjEiLCJleHAiOjE2NjIzNDIwNTl9
04-09-2022 15:57 >>>> Requête de service par full text éffectuée! Liste des service obtenus. user : eyJ1c2VyaWQiOiIxNCIsInVzZXJsZXZlbCI6IjEiLCJleHAiOjE2NjIzNDIwNTl9
04-09-2022 16:27 >>>> Requête liste des groupes! Liste des groupes obtnus user : eyJ1c2VyaWQiOiIxNCIsInVzZXJsZXZlbCI6IjEiLCJleHAiOjE2NjIzNDIwNTl9
04-09-2022 16:27 >>>> Requête liste des groupes! Liste des groupes obtnus user : eyJ1c2VyaWQiOiIxNCIsInVzZXJsZXZlbCI6IjEiLCJleHAiOjE2NjIzNDIwNTl9
04-09-2022 16:28 >>>> Requête liste des groupes! Liste des groupes obtnus user : eyJ1c2VyaWQiOiIxNCIsInVzZXJsZXZlbCI6IjEiLCJleHAiOjE2NjIzNDIwNTl9
04-09-2022 16:28 >>>> Liste des services! user : eyJ1c2VyaWQiOiIxNCIsInVzZXJsZXZlbCI6IjEiLCJleHAiOjE2NjIzNDIwNTl9
04-09-2022 16:28 >>>> Requête de service par full text éffectuée! Liste des service obtenus. user : eyJ1c2VyaWQiOiIxNCIsInVzZXJsZXZlbCI6IjEiLCJleHAiOjE2NjIzNDIwNTl9
04-09-2022 16:28 >>>> Requête liste des justes; Liste des justes obtnus user : eyJ1c2VyaWQiOiIxNCIsInVzZXJsZXZlbCI6IjEiLCJleHAiOjE2NjIzNDIwNTl9
04-09-2022 16:28 >>>> Requête de juste par full text éffectuée! Liste des justes obtenus. user : eyJ1c2VyaWQiOiIxNCIsInVzZXJsZXZlbCI6IjEiLCJleHAiOjE2NjIzNDIwNTl9
04-09-2022 16:28 >>>> Requête liste des assemblées! Liste des assemblées obtenues user : eyJ1c2VyaWQiOiIxNCIsInVzZXJsZXZlbCI6IjEiLCJleHAiOjE2NjIzNDIwNTl9
04-09-2022 16:29 >>>> Requête liste des groupes! Liste des groupes obtnus user : eyJ1c2VyaWQiOiIxNCIsInVzZXJsZXZlbCI6IjEiLCJleHAiOjE2NjIzNDIwNTl9
04-09-2022 16:29 >>>> Requête liste des groupes! Liste des groupes obtnus user : eyJ1c2VyaWQiOiIxNCIsInVzZXJsZXZlbCI6IjEiLCJleHAiOjE2NjIzNDIwNTl9
04-09-2022 16:29 >>>> Requête liste des groupes! Liste des groupes obtnus user : eyJ1c2VyaWQiOiIxNCIsInVzZXJsZXZlbCI6IjEiLCJleHAiOjE2NjIzNDIwNTl9
04-09-2022 16:30 >>>> Requête liste des groupes! Liste des groupes obtnus user : eyJ1c2VyaWQiOiIxNCIsInVzZXJsZXZlbCI6IjEiLCJleHAiOjE2NjIzNDIwNTl9
04-09-2022 16:35 >>>> Requête de groupe par full text éffectuée! Aucun groupe correspondant user : eyJ1c2VyaWQiOiIxNCIsInVzZXJsZXZlbCI6IjEiLCJleHAiOjE2NjIzNDIwNTl9
04-09-2022 16:35 >>>> Requête de groupe par full text éffectuée! Aucun groupe correspondant user : eyJ1c2VyaWQiOiIxNCIsInVzZXJsZXZlbCI6IjEiLCJleHAiOjE2NjIzNDIwNTl9
04-09-2022 16:36 >>>> Requête de groupe par full text éffectuée! Aucun groupe correspondant user : eyJ1c2VyaWQiOiIxNCIsInVzZXJsZXZlbCI6IjEiLCJleHAiOjE2NjIzNDIwNTl9
04-09-2022 16:39 >>>> Requête de groupe par full text éffectuée! Aucun groupe correspondant user : eyJ1c2VyaWQiOiIxNCIsInVzZXJsZXZlbCI6IjEiLCJleHAiOjE2NjIzNDIwNTl9
04-09-2022 16:39 >>>> Requête de groupe par full text éffectuée! Aucun groupe correspondant user : eyJ1c2VyaWQiOiIxNCIsInVzZXJsZXZlbCI6IjEiLCJleHAiOjE2NjIzNDIwNTl9
04-09-2022 16:59 >>>> Requête de groupe par full text éffectuée! Liste des groupe obtenus. user : eyJ1c2VyaWQiOiIxNCIsInVzZXJsZXZlbCI6IjEiLCJleHAiOjE2NjIzNDIwNTl9
04-09-2022 17:05 >>>> Requête de groupe par full text éffectuée! Liste des groupe obtenus. user : eyJ1c2VyaWQiOiIxNCIsInVzZXJsZXZlbCI6IjEiLCJleHAiOjE2NjIzNDIwNTl9
04-09-2022 17:05 >>>> Requête de groupe par full text éffectuée! Liste des groupe obtenus. user : eyJ1c2VyaWQiOiIxNCIsInVzZXJsZXZlbCI6IjEiLCJleHAiOjE2NjIzNDIwNTl9
04-09-2022 17:05 >>>> Requête de groupe par full text éffectuée! Liste des groupe obtenus. user : eyJ1c2VyaWQiOiIxNCIsInVzZXJsZXZlbCI6IjEiLCJleHAiOjE2NjIzNDIwNTl9
04-09-2022 17:05 >>>> Requête de groupe par full text éffectuée! Liste des groupe obtenus. user : eyJ1c2VyaWQiOiIxNCIsInVzZXJsZXZlbCI6IjEiLCJleHAiOjE2NjIzNDIwNTl9
04-09-2022 17:05 >>>> Requête liste des groupes! Liste des groupes obtnus user : eyJ1c2VyaWQiOiIxNCIsInVzZXJsZXZlbCI6IjEiLCJleHAiOjE2NjIzNDIwNTl9
04-09-2022 17:06 >>>> Requête liste des groupes! Liste des groupes obtnus user : eyJ1c2VyaWQiOiIxNCIsInVzZXJsZXZlbCI6IjEiLCJleHAiOjE2NjIzNDIwNTl9
04-09-2022 17:07 >>>> Requête liste des groupes! Liste des groupes obtnus user : eyJ1c2VyaWQiOiIxNCIsInVzZXJsZXZlbCI6IjEiLCJleHAiOjE2NjIzNDIwNTl9
04-09-2022 17:07 >>>> Requête liste des groupes! Liste des groupes obtnus user : eyJ1c2VyaWQiOiIxNCIsInVzZXJsZXZlbCI6IjEiLCJleHAiOjE2NjIzNDIwNTl9
04-09-2022 17:08 >>>> Requête liste des groupes! Liste des groupes obtnus user : eyJ1c2VyaWQiOiIxNCIsInVzZXJsZXZlbCI6IjEiLCJleHAiOjE2NjIzNDIwNTl9
04-09-2022 17:08 >>>> Requête liste des groupes! Liste des groupes obtnus user : eyJ1c2VyaWQiOiIxNCIsInVzZXJsZXZlbCI6IjEiLCJleHAiOjE2NjIzNDIwNTl9
04-09-2022 17:09 >>>> Requête liste des groupes! Liste des groupes obtnus user : eyJ1c2VyaWQiOiIxNCIsInVzZXJsZXZlbCI6IjEiLCJleHAiOjE2NjIzNDIwNTl9
04-09-2022 17:10 >>>> Requête liste des groupes! Liste des groupes obtnus user : eyJ1c2VyaWQiOiIxNCIsInVzZXJsZXZlbCI6IjEiLCJleHAiOjE2NjIzNDIwNTl9
04-09-2022 17:10 >>>> Requête liste des groupes! Liste des groupes obtnus user : eyJ1c2VyaWQiOiIxNCIsInVzZXJsZXZlbCI6IjEiLCJleHAiOjE2NjIzNDIwNTl9
04-09-2022 17:13 >>>> Requête liste des groupes! Liste des groupes obtnus user : eyJ1c2VyaWQiOiIxNCIsInVzZXJsZXZlbCI6IjEiLCJleHAiOjE2NjIzNDIwNTl9
04-09-2022 17:13 >>>> Requête liste des groupes! Liste des groupes obtnus user : eyJ1c2VyaWQiOiIxNCIsInVzZXJsZXZlbCI6IjEiLCJleHAiOjE2NjIzNDIwNTl9
04-09-2022 17:14 >>>> Requête liste des justes; Liste des justes obtnus user : eyJ1c2VyaWQiOiIxNCIsInVzZXJsZXZlbCI6IjEiLCJleHAiOjE2NjIzNDIwNTl9
04-09-2022 17:17 >>>> Requête liste des justes; Liste des justes obtnus user : eyJ1c2VyaWQiOiIxNCIsInVzZXJsZXZlbCI6IjEiLCJleHAiOjE2NjIzNDIwNTl9
04-09-2022 17:17 >>>> Requête liste des groupes! Liste des groupes obtnus user : eyJ1c2VyaWQiOiIxNCIsInVzZXJsZXZlbCI6IjEiLCJleHAiOjE2NjIzNDIwNTl9
04-09-2022 17:17 >>>> Requête liste des assemblées! Liste des assemblées obtenues user : eyJ1c2VyaWQiOiIxNCIsInVzZXJsZXZlbCI6IjEiLCJleHAiOjE2NjIzNDIwNTl9
04-09-2022 17:17 >>>> Requête liste des groupes! Liste des groupes obtnus user : eyJ1c2VyaWQiOiIxNCIsInVzZXJsZXZlbCI6IjEiLCJleHAiOjE2NjIzNDIwNTl9
04-09-2022 17:17 >>>> Requête liste des justes; Liste des justes obtnus user : eyJ1c2VyaWQiOiIxNCIsInVzZXJsZXZlbCI6IjEiLCJleHAiOjE2NjIzNDIwNTl9
04-09-2022 17:17 >>>> Liste des services! user : eyJ1c2VyaWQiOiIxNCIsInVzZXJsZXZlbCI6IjEiLCJleHAiOjE2NjIzNDIwNTl9
04-09-2022 17:17 >>>> Requête liste des justes; Liste des justes obtnus user : eyJ1c2VyaWQiOiIxNCIsInVzZXJsZXZlbCI6IjEiLCJleHAiOjE2NjIzNDIwNTl9
04-09-2022 17:17 >>>> Requête liste des groupes! Liste des groupes obtnus user : eyJ1c2VyaWQiOiIxNCIsInVzZXJsZXZlbCI6IjEiLCJleHAiOjE2NjIzNDIwNTl9
04-09-2022 17:17 >>>> Requête liste des assemblées! Liste des assemblées obtenues user : eyJ1c2VyaWQiOiIxNCIsInVzZXJsZXZlbCI6IjEiLCJleHAiOjE2NjIzNDIwNTl9
04-09-2022 17:17 >>>> Requête liste des groupes! Liste des groupes obtnus user : eyJ1c2VyaWQiOiIxNCIsInVzZXJsZXZlbCI6IjEiLCJleHAiOjE2NjIzNDIwNTl9
04-09-2022 17:17 >>>> Requête liste des justes; Liste des justes obtnus user : eyJ1c2VyaWQiOiIxNCIsInVzZXJsZXZlbCI6IjEiLCJleHAiOjE2NjIzNDIwNTl9
04-09-2022 17:17 >>>> Liste des services! user : eyJ1c2VyaWQiOiIxNCIsInVzZXJsZXZlbCI6IjEiLCJleHAiOjE2NjIzNDIwNTl9
04-09-2022 17:18 >>>> Liste des services! user : eyJ1c2VyaWQiOiIxNCIsInVzZXJsZXZlbCI6IjEiLCJleHAiOjE2NjIzNDIwNTl9
04-09-2022 17:18 >>>> Requête liste des justes; Liste des justes obtnus user : eyJ1c2VyaWQiOiIxNCIsInVzZXJsZXZlbCI6IjEiLCJleHAiOjE2NjIzNDIwNTl9
04-09-2022 17:18 >>>> Requête liste des groupes! Liste des groupes obtnus user : eyJ1c2VyaWQiOiIxNCIsInVzZXJsZXZlbCI6IjEiLCJleHAiOjE2NjIzNDIwNTl9
04-09-2022 17:18 >>>> Requête liste des assemblées! Liste des assemblées obtenues user : eyJ1c2VyaWQiOiIxNCIsInVzZXJsZXZlbCI6IjEiLCJleHAiOjE2NjIzNDIwNTl9
04-09-2022 17:18 >>>> Requête liste des groupes! Liste des groupes obtnus user : eyJ1c2VyaWQiOiIxNCIsInVzZXJsZXZlbCI6IjEiLCJleHAiOjE2NjIzNDIwNTl9
04-09-2022 17:18 >>>> Requête liste des justes; Liste des justes obtnus user : eyJ1c2VyaWQiOiIxNCIsInVzZXJsZXZlbCI6IjEiLCJleHAiOjE2NjIzNDIwNTl9
04-09-2022 17:18 >>>> Liste des services! user : eyJ1c2VyaWQiOiIxNCIsInVzZXJsZXZlbCI6IjEiLCJleHAiOjE2NjIzNDIwNTl9
04-09-2022 17:18 >>>> Requête liste des justes; Liste des justes obtnus user : eyJ1c2VyaWQiOiIxNCIsInVzZXJsZXZlbCI6IjEiLCJleHAiOjE2NjIzNDIwNTl9
04-09-2022 17:18 >>>> Recherche profonde juste par identifiant effectuée; juste trouvé user : eyJ1c2VyaWQiOiIxNCIsInVzZXJsZXZlbCI6IjEiLCJleHAiOjE2NjIzNDIwNTl9
04-09-2022 17:18 >>>> Requête liste des assemblées! Liste des assemblées obtenues user : eyJ1c2VyaWQiOiIxNCIsInVzZXJsZXZlbCI6IjEiLCJleHAiOjE2NjIzNDIwNTl9
04-09-2022 17:18 >>>> Requête liste des groupes! Liste des groupes obtnus user : eyJ1c2VyaWQiOiIxNCIsInVzZXJsZXZlbCI6IjEiLCJleHAiOjE2NjIzNDIwNTl9
04-09-2022 17:18 >>>> Requête liste des groupes du juste; Liste des assemblées obtenues. user : eyJ1c2VyaWQiOiIxNCIsInVzZXJsZXZlbCI6IjEiLCJleHAiOjE2NjIzNDIwNTl9
04-09-2022 17:18 >>>> Requête historique des assemblées du juste; Liste des assemblées obtenues. user : eyJ1c2VyaWQiOiIxNCIsInVzZXJsZXZlbCI6IjEiLCJleHAiOjE2NjIzNDIwNTl9
04-09-2022 17:18 >>>> Requête liste des justes; Liste des justes obtnus user : eyJ1c2VyaWQiOiIxNCIsInVzZXJsZXZlbCI6IjEiLCJleHAiOjE2NjIzNDIwNTl9
04-09-2022 17:18 >>>> Liste des services! user : eyJ1c2VyaWQiOiIxNCIsInVzZXJsZXZlbCI6IjEiLCJleHAiOjE2NjIzNDIwNTl9
04-09-2022 17:19 >>>> Requête liste des justes; Liste des justes obtnus user : eyJ1c2VyaWQiOiIxNCIsInVzZXJsZXZlbCI6IjEiLCJleHAiOjE2NjIzNDIwNTl9
04-09-2022 17:19 >>>> Requête liste des groupes! Liste des groupes obtnus user : eyJ1c2VyaWQiOiIxNCIsInVzZXJsZXZlbCI6IjEiLCJleHAiOjE2NjIzNDIwNTl9
04-09-2022 17:19 >>>> Requête liste des assemblées! Liste des assemblées obtenues user : eyJ1c2VyaWQiOiIxNCIsInVzZXJsZXZlbCI6IjEiLCJleHAiOjE2NjIzNDIwNTl9
04-09-2022 17:19 >>>> Requête liste des justes; Liste des justes obtnus user : eyJ1c2VyaWQiOiIxNCIsInVzZXJsZXZlbCI6IjEiLCJleHAiOjE2NjIzNDIwNTl9
04-09-2022 17:19 >>>> Liste des services! user : eyJ1c2VyaWQiOiIxNCIsInVzZXJsZXZlbCI6IjEiLCJleHAiOjE2NjIzNDIwNTl9
04-09-2022 17:19 >>>> Requête liste des groupes! Liste des groupes obtnus user : eyJ1c2VyaWQiOiIxNCIsInVzZXJsZXZlbCI6IjEiLCJleHAiOjE2NjIzNDIwNTl9
04-09-2022 17:19 >>>> Requête liste des assemblées! Liste des assemblées obtenues user : eyJ1c2VyaWQiOiIxNCIsInVzZXJsZXZlbCI6IjEiLCJleHAiOjE2NjIzNDIwNTl9
