08-09-2022 10:43 >>>> Connexion par login éffectuée. user : eyJ1c2VyaWQiOiIxIiwidXNlcmxldmVsIjoiMiIsImV4cCI6MTY2MjYzNTU4N30
08-09-2022 10:43 >>>> Requête liste des assemblées! Liste des assemblées obtenues user : eyJ1c2VyaWQiOiIxIiwidXNlcmxldmVsIjoiMiIsImV4cCI6MTY2MjYzNTU4N30
08-09-2022 10:43 >>>> Requête liste des groupes! Aucun groupes repertorié. user : eyJ1c2VyaWQiOiIxIiwidXNlcmxldmVsIjoiMiIsImV4cCI6MTY2MjYzNTU5Mn0
08-09-2022 10:43 >>>> Requête liste des justes; Liste des justes obtnus user : eyJ1c2VyaWQiOiIxIiwidXNlcmxldmVsIjoiMiIsImV4cCI6MTY2MjYzNTU5NH0
08-09-2022 10:43 >>>> Aucun service repertorié! user : eyJ1c2VyaWQiOiIxIiwidXNlcmxldmVsIjoiMiIsImV4cCI6MTY2MjYzNTU5NX0
08-09-2022 10:43 >>>> Requête liste des groupes! Aucun groupes repertorié. user : eyJ1c2VyaWQiOiIxIiwidXNlcmxldmVsIjoiMiIsImV4cCI6MTY2MjYzNTU5N30
08-09-2022 10:43 >>>> Aucun service repertorié! user : eyJ1c2VyaWQiOiIxIiwidXNlcmxldmVsIjoiMiIsImV4cCI6MTY2MjYzNTYwNH0
08-09-2022 10:43 >>>> Aucun service repertorié! user : eyJ1c2VyaWQiOiIxIiwidXNlcmxldmVsIjoiMiIsImV4cCI6MTY2MjYzNTYwN30
08-09-2022 10:44 >>>> Nouveau service enregistré! user : eyJ1c2VyaWQiOiIxIiwidXNlcmxldmVsIjoiMiIsImV4cCI6MTY2MjYzNTYyNn0
08-09-2022 10:44 >>>> Liste des services! user : eyJ1c2VyaWQiOiIxIiwidXNlcmxldmVsIjoiMiIsImV4cCI6MTY2MjYzNTY2NX0
08-09-2022 10:44 >>>> Requête liste des groupes! Aucun groupes repertorié. user : eyJ1c2VyaWQiOiIxIiwidXNlcmxldmVsIjoiMiIsImV4cCI6MTY2MjYzNTY3MH0
08-09-2022 10:44 >>>> Liste des services! user : eyJ1c2VyaWQiOiIxIiwidXNlcmxldmVsIjoiMiIsImV4cCI6MTY2MjYzNTY3N30
08-09-2022 10:45 >>>> groupe enregistré. user : eyJ1c2VyaWQiOiIxIiwidXNlcmxldmVsIjoiMiIsImV4cCI6MTY2MjYzNTY3OX0
08-09-2022 10:46 >>>> Liste des services! user : eyJ1c2VyaWQiOiIxIiwidXNlcmxldmVsIjoiMiIsImV4cCI6MTY2MjYzNTc1Mn0
08-09-2022 10:49 >>>> Connexion par login éffectuée. user : eyJ1c2VyaWQiOiIxIiwidXNlcmxldmVsIjoiMiIsImV4cCI6MTY2MjYzNTk1Nn0
08-09-2022 10:49 >>>> Liste des services! user : eyJ1c2VyaWQiOiIxIiwidXNlcmxldmVsIjoiMiIsImV4cCI6MTY2MjYzNTk1Nn0
08-09-2022 10:49 >>>> Requête liste des groupes! Aucun groupes repertorié. user : eyJ1c2VyaWQiOiIxIiwidXNlcmxldmVsIjoiMiIsImV4cCI6MTY2MjYzNTk2MH0
08-09-2022 10:49 >>>> Liste des services! user : eyJ1c2VyaWQiOiIxIiwidXNlcmxldmVsIjoiMiIsImV4cCI6MTY2MjYzNTk2Mn0
08-09-2022 10:50 >>>> Liste des services! user : eyJ1c2VyaWQiOiIxIiwidXNlcmxldmVsIjoiMiIsImV4cCI6MTY2MjYzNTk2NH0
08-09-2022 10:50 >>>> Liste des services! user : eyJ1c2VyaWQiOiIxIiwidXNlcmxldmVsIjoiMiIsImV4cCI6MTY2MjYzNjA0Nn0
08-09-2022 10:51 >>>> groupe enregistré. user : eyJ1c2VyaWQiOiIxIiwidXNlcmxldmVsIjoiMiIsImV4cCI6MTY2MjYzNjA0OH0
08-09-2022 10:51 >>>> Requête liste des groupes! Liste des groupes obtnus user : eyJ1c2VyaWQiOiIxIiwidXNlcmxldmVsIjoiMiIsImV4cCI6MTY2MjYzNjA5NH0
08-09-2022 10:51 >>>> Service trouvé user : eyJ1c2VyaWQiOiIxIiwidXNlcmxldmVsIjoiMiIsImV4cCI6MTY2MjYzNjA5OH0
08-09-2022 10:51 >>>> Requête liste des justes du groupe; Aucun justes affiliés au groupe
08-09-2022 10:51 >>>> Requête liste des justes; Liste des justes obtnus user : eyJ1c2VyaWQiOiIxIiwidXNlcmxldmVsIjoiMiIsImV4cCI6MTY2MjYzNjA5OX0
08-09-2022 10:51 >>>> Recherche profonde juste par identifiant effectuée; juste trouvé user : eyJ1c2VyaWQiOiIxIiwidXNlcmxldmVsIjoiMiIsImV4cCI6MTY2MjYzNjExN30
08-09-2022 10:51 >>>> Requête liste des groupes du juste; Aucun groupe affiliée user : eyJ1c2VyaWQiOiIxIiwidXNlcmxldmVsIjoiMiIsImV4cCI6MTY2MjYzNjExN30
08-09-2022 10:51 >>>> Requête liste des groupes! Liste des groupes obtnus user : eyJ1c2VyaWQiOiIxIiwidXNlcmxldmVsIjoiMiIsImV4cCI6MTY2MjYzNjExN30
08-09-2022 10:51 >>>> Requête liste des assemblées! Liste des assemblées obtenues user : eyJ1c2VyaWQiOiIxIiwidXNlcmxldmVsIjoiMiIsImV4cCI6MTY2MjYzNjExN30
08-09-2022 10:52 >>>> Appartenance enregistrée user : eyJ1c2VyaWQiOiIxIiwidXNlcmxldmVsIjoiMiIsImV4cCI6MTY2MjYzNjExOX0
08-09-2022 10:56 >>>> Recherche profonde juste par identifiant effectuée; juste trouvé user : eyJ1c2VyaWQiOiIxIiwidXNlcmxldmVsIjoiMiIsImV4cCI6MTY2MjYzNjExOX0
08-09-2022 10:56 >>>> Requête liste des assemblées! Liste des assemblées obtenues user : eyJ1c2VyaWQiOiIxIiwidXNlcmxldmVsIjoiMiIsImV4cCI6MTY2MjYzNjExOX0
08-09-2022 10:56 >>>> Requête liste des groupes! Liste des groupes obtnus user : eyJ1c2VyaWQiOiIxIiwidXNlcmxldmVsIjoiMiIsImV4cCI6MTY2MjYzNjExOX0
08-09-2022 10:56 >>>> Requête liste des groupes du juste; Liste des assemblées obtenues. user : eyJ1c2VyaWQiOiIxIiwidXNlcmxldmVsIjoiMiIsImV4cCI6MTY2MjYzNjExOX0
08-09-2022 10:56 >>>> Requête liste des groupes du juste; Liste des assemblées obtenues. user : eyJ1c2VyaWQiOiIxIiwidXNlcmxldmVsIjoiMiIsImV4cCI6MTY2MjYzNjM5MX0
08-09-2022 10:56 >>>> Recherche profonde juste par identifiant effectuée; juste trouvé user : eyJ1c2VyaWQiOiIxIiwidXNlcmxldmVsIjoiMiIsImV4cCI6MTY2MjYzNjM5MX0
08-09-2022 10:56 >>>> Requête liste des assemblées! Liste des assemblées obtenues user : eyJ1c2VyaWQiOiIxIiwidXNlcmxldmVsIjoiMiIsImV4cCI6MTY2MjYzNjM5MX0
08-09-2022 10:56 >>>> Requête liste des groupes! Liste des groupes obtnus user : eyJ1c2VyaWQiOiIxIiwidXNlcmxldmVsIjoiMiIsImV4cCI6MTY2MjYzNjM5MX0
08-09-2022 10:56 >>>> Requête liste des groupes du juste; Liste des assemblées obtenues. user : eyJ1c2VyaWQiOiIxIiwidXNlcmxldmVsIjoiMiIsImV4cCI6MTY2MjYzNjM5M30
08-09-2022 10:56 >>>> Requête liste des groupes! Liste des groupes obtnus user : eyJ1c2VyaWQiOiIxIiwidXNlcmxldmVsIjoiMiIsImV4cCI6MTY2MjYzNjM5M30
08-09-2022 10:56 >>>> Requête liste des assemblées! Liste des assemblées obtenues user : eyJ1c2VyaWQiOiIxIiwidXNlcmxldmVsIjoiMiIsImV4cCI6MTY2MjYzNjM5M30
08-09-2022 10:56 >>>> Recherche profonde juste par identifiant effectuée; juste trouvé user : eyJ1c2VyaWQiOiIxIiwidXNlcmxldmVsIjoiMiIsImV4cCI6MTY2MjYzNjM5M30
08-09-2022 10:56 >>>> Requête liste des groupes du juste; Liste des assemblées obtenues. user : eyJ1c2VyaWQiOiIxIiwidXNlcmxldmVsIjoiMiIsImV4cCI6MTY2MjYzNjQwMH0
08-09-2022 10:56 >>>> Requête liste des assemblées! Liste des assemblées obtenues user : eyJ1c2VyaWQiOiIxIiwidXNlcmxldmVsIjoiMiIsImV4cCI6MTY2MjYzNjQwMH0
08-09-2022 10:56 >>>> Requête liste des groupes! Liste des groupes obtnus user : eyJ1c2VyaWQiOiIxIiwidXNlcmxldmVsIjoiMiIsImV4cCI6MTY2MjYzNjQwMH0
08-09-2022 10:56 >>>> Recherche profonde juste par identifiant effectuée; juste trouvé user : eyJ1c2VyaWQiOiIxIiwidXNlcmxldmVsIjoiMiIsImV4cCI6MTY2MjYzNjQwMH0
08-09-2022 10:56 >>>> Recherche profonde juste par identifiant effectuée; juste trouvé user : eyJ1c2VyaWQiOiIxIiwidXNlcmxldmVsIjoiMiIsImV4cCI6MTY2MjYzNjQwMX0
08-09-2022 10:56 >>>> Requête liste des groupes! Liste des groupes obtnus user : eyJ1c2VyaWQiOiIxIiwidXNlcmxldmVsIjoiMiIsImV4cCI6MTY2MjYzNjQwMX0
08-09-2022 10:56 >>>> Requête liste des groupes du juste; Liste des assemblées obtenues. user : eyJ1c2VyaWQiOiIxIiwidXNlcmxldmVsIjoiMiIsImV4cCI6MTY2MjYzNjQwMX0
08-09-2022 10:56 >>>> Requête liste des assemblées! Liste des assemblées obtenues user : eyJ1c2VyaWQiOiIxIiwidXNlcmxldmVsIjoiMiIsImV4cCI6MTY2MjYzNjQwMX0
08-09-2022 10:57 >>>> Impossible d'ajouter l'appartenance! Le juste appartient déjà à ce groupe.
08-09-2022 10:58 >>>> Recherche profonde juste par identifiant effectuée; juste trouvé user : eyJ1c2VyaWQiOiIxIiwidXNlcmxldmVsIjoiMiIsImV4cCI6MTY2MjYzNjQwM30
08-09-2022 10:58 >>>> Requête liste des assemblées! Liste des assemblées obtenues user : eyJ1c2VyaWQiOiIxIiwidXNlcmxldmVsIjoiMiIsImV4cCI6MTY2MjYzNjQwM30
08-09-2022 10:58 >>>> Requête liste des groupes! Liste des groupes obtnus user : eyJ1c2VyaWQiOiIxIiwidXNlcmxldmVsIjoiMiIsImV4cCI6MTY2MjYzNjQwM30
08-09-2022 10:58 >>>> Requête liste des groupes du juste; Aucun groupe affiliée user : eyJ1c2VyaWQiOiIxIiwidXNlcmxldmVsIjoiMiIsImV4cCI6MTY2MjYzNjQwM30
08-09-2022 10:58 >>>> Recherche profonde juste par identifiant effectuée; juste trouvé user : eyJ1c2VyaWQiOiIxIiwidXNlcmxldmVsIjoiMiIsImV4cCI6MTY2MjYzNjUwNH0
08-09-2022 10:58 >>>> Requête liste des groupes du juste; Aucun groupe affiliée user : eyJ1c2VyaWQiOiIxIiwidXNlcmxldmVsIjoiMiIsImV4cCI6MTY2MjYzNjUwNH0
08-09-2022 10:58 >>>> Requête liste des groupes! Liste des groupes obtnus user : eyJ1c2VyaWQiOiIxIiwidXNlcmxldmVsIjoiMiIsImV4cCI6MTY2MjYzNjUwNH0
08-09-2022 10:58 >>>> Requête liste des assemblées! Liste des assemblées obtenues user : eyJ1c2VyaWQiOiIxIiwidXNlcmxldmVsIjoiMiIsImV4cCI6MTY2MjYzNjUwNH0
08-09-2022 10:58 >>>> Appartenance enregistrée user : eyJ1c2VyaWQiOiIxIiwidXNlcmxldmVsIjoiMiIsImV4cCI6MTY2MjYzNjUwNn0
08-09-2022 11:01 >>>> Recherche profonde juste par identifiant effectuée; juste trouvé user : eyJ1c2VyaWQiOiIxIiwidXNlcmxldmVsIjoiMiIsImV4cCI6MTY2MjYzNjUwNn0
08-09-2022 11:01 >>>> Requête liste des groupes! Liste des groupes obtnus user : eyJ1c2VyaWQiOiIxIiwidXNlcmxldmVsIjoiMiIsImV4cCI6MTY2MjYzNjUwNn0
08-09-2022 11:01 >>>> Requête liste des assemblées! Liste des assemblées obtenues user : eyJ1c2VyaWQiOiIxIiwidXNlcmxldmVsIjoiMiIsImV4cCI6MTY2MjYzNjUwNn0
08-09-2022 11:01 >>>> Requête liste des groupes du juste; Aucun groupe affiliée user : eyJ1c2VyaWQiOiIxIiwidXNlcmxldmVsIjoiMiIsImV4cCI6MTY2MjYzNjUwNn0
08-09-2022 11:01 >>>> Recherche profonde juste par identifiant effectuée; juste trouvé user : eyJ1c2VyaWQiOiIxIiwidXNlcmxldmVsIjoiMiIsImV4cCI6MTY2MjYzNjY2OX0
08-09-2022 11:01 >>>> Requête liste des groupes du juste; Aucun groupe affiliée user : eyJ1c2VyaWQiOiIxIiwidXNlcmxldmVsIjoiMiIsImV4cCI6MTY2MjYzNjY2OX0
08-09-2022 11:01 >>>> Requête liste des assemblées! Liste des assemblées obtenues user : eyJ1c2VyaWQiOiIxIiwidXNlcmxldmVsIjoiMiIsImV4cCI6MTY2MjYzNjY2OX0
08-09-2022 11:01 >>>> Requête liste des groupes! Liste des groupes obtnus user : eyJ1c2VyaWQiOiIxIiwidXNlcmxldmVsIjoiMiIsImV4cCI6MTY2MjYzNjY2OX0
08-09-2022 11:01 >>>> Appartenance enregistrée user : eyJ1c2VyaWQiOiIxIiwidXNlcmxldmVsIjoiMiIsImV4cCI6MTY2MjYzNjY3N30
08-09-2022 11:03 >>>> Recherche profonde juste par identifiant effectuée; juste trouvé user : eyJ1c2VyaWQiOiIxIiwidXNlcmxldmVsIjoiMiIsImV4cCI6MTY2MjYzNjY3N30
08-09-2022 11:03 >>>> Requête liste des assemblées! Liste des assemblées obtenues user : eyJ1c2VyaWQiOiIxIiwidXNlcmxldmVsIjoiMiIsImV4cCI6MTY2MjYzNjY3N30
08-09-2022 11:03 >>>> Requête liste des groupes! Liste des groupes obtnus user : eyJ1c2VyaWQiOiIxIiwidXNlcmxldmVsIjoiMiIsImV4cCI6MTY2MjYzNjY3N30
08-09-2022 11:03 >>>> Requête liste des groupes du juste; Aucun groupe affiliée user : eyJ1c2VyaWQiOiIxIiwidXNlcmxldmVsIjoiMiIsImV4cCI6MTY2MjYzNjY3N30
08-09-2022 11:04 >>>> Appartenance enregistrée user : eyJ1c2VyaWQiOiIxIiwidXNlcmxldmVsIjoiMiIsImV4cCI6MTY2MjYzNjgyM30
08-09-2022 11:04 >>>> Recherche profonde juste par identifiant effectuée; juste trouvé user : eyJ1c2VyaWQiOiIxIiwidXNlcmxldmVsIjoiMiIsImV4cCI6MTY2MjYzNjg1Mn0
08-09-2022 11:04 >>>> Requête liste des groupes du juste; Liste des assemblées obtenues. user : eyJ1c2VyaWQiOiIxIiwidXNlcmxldmVsIjoiMiIsImV4cCI6MTY2MjYzNjg1Mn0
08-09-2022 11:04 >>>> Requête liste des assemblées! Liste des assemblées obtenues user : eyJ1c2VyaWQiOiIxIiwidXNlcmxldmVsIjoiMiIsImV4cCI6MTY2MjYzNjg1Mn0
08-09-2022 11:04 >>>> Requête liste des groupes! Liste des groupes obtnus user : eyJ1c2VyaWQiOiIxIiwidXNlcmxldmVsIjoiMiIsImV4cCI6MTY2MjYzNjg1Mn0
08-09-2022 11:04 >>>> Echec de clôture d'appartenance 
08-09-2022 11:32 >>>> Requête liste des assemblées! Liste des assemblées obtenues user : eyJ1c2VyaWQiOiIxIiwidXNlcmxldmVsIjoiMiIsImV4cCI6MTY2MjYzNjg1Mn0
08-09-2022 11:32 >>>> Requête liste des groupes du juste; Liste des assemblées obtenues. user : eyJ1c2VyaWQiOiIxIiwidXNlcmxldmVsIjoiMiIsImV4cCI6MTY2MjYzNjg1Mn0
08-09-2022 11:32 >>>> Recherche profonde juste par identifiant effectuée; juste trouvé user : eyJ1c2VyaWQiOiIxIiwidXNlcmxldmVsIjoiMiIsImV4cCI6MTY2MjYzNjg1Mn0
08-09-2022 11:32 >>>> Requête liste des groupes! Liste des groupes obtnus user : eyJ1c2VyaWQiOiIxIiwidXNlcmxldmVsIjoiMiIsImV4cCI6MTY2MjYzNjg1Mn0
08-09-2022 11:32 >>>> Recherche profonde juste par identifiant effectuée; juste trouvé user : eyJ1c2VyaWQiOiIxIiwidXNlcmxldmVsIjoiMiIsImV4cCI6MTY2MjYzODU2NH0
08-09-2022 11:32 >>>> Requête liste des groupes du juste; Liste des assemblées obtenues. user : eyJ1c2VyaWQiOiIxIiwidXNlcmxldmVsIjoiMiIsImV4cCI6MTY2MjYzODU2NH0
08-09-2022 11:32 >>>> Requête liste des assemblées! Liste des assemblées obtenues user : eyJ1c2VyaWQiOiIxIiwidXNlcmxldmVsIjoiMiIsImV4cCI6MTY2MjYzODU2NH0
08-09-2022 11:32 >>>> Requête liste des groupes! Liste des groupes obtnus user : eyJ1c2VyaWQiOiIxIiwidXNlcmxldmVsIjoiMiIsImV4cCI6MTY2MjYzODU2NH0
08-09-2022 11:33 >>>> Recherche profonde juste par identifiant effectuée; juste trouvé user : eyJ1c2VyaWQiOiIxIiwidXNlcmxldmVsIjoiMiIsImV4cCI6MTY2MjYzODU2NX0
08-09-2022 11:33 >>>> Requête liste des groupes du juste; Liste des assemblées obtenues. user : eyJ1c2VyaWQiOiIxIiwidXNlcmxldmVsIjoiMiIsImV4cCI6MTY2MjYzODU2NX0
08-09-2022 11:33 >>>> Requête liste des assemblées! Liste des assemblées obtenues user : eyJ1c2VyaWQiOiIxIiwidXNlcmxldmVsIjoiMiIsImV4cCI6MTY2MjYzODU2NX0
08-09-2022 11:33 >>>> Requête liste des groupes! Liste des groupes obtnus user : eyJ1c2VyaWQiOiIxIiwidXNlcmxldmVsIjoiMiIsImV4cCI6MTY2MjYzODU2NX0
08-09-2022 11:33 >>>> Recherche profonde juste par identifiant effectuée; juste trouvé user : eyJ1c2VyaWQiOiIxIiwidXNlcmxldmVsIjoiMiIsImV4cCI6MTY2MjYzODYxMX0
08-09-2022 11:33 >>>> Requête liste des assemblées! Liste des assemblées obtenues user : eyJ1c2VyaWQiOiIxIiwidXNlcmxldmVsIjoiMiIsImV4cCI6MTY2MjYzODYxMX0
08-09-2022 11:33 >>>> Requête liste des groupes! Liste des groupes obtnus user : eyJ1c2VyaWQiOiIxIiwidXNlcmxldmVsIjoiMiIsImV4cCI6MTY2MjYzODYxMX0
08-09-2022 11:33 >>>> Requête liste des groupes du juste; Liste des assemblées obtenues. user : eyJ1c2VyaWQiOiIxIiwidXNlcmxldmVsIjoiMiIsImV4cCI6MTY2MjYzODYxMX0
08-09-2022 11:40 >>>> Recherche profonde juste par identifiant effectuée; juste trouvé user : eyJ1c2VyaWQiOiIxIiwidXNlcmxldmVsIjoiMiIsImV4cCI6MTY2MjYzODYxMn0
08-09-2022 11:40 >>>> Requête liste des groupes du juste; Liste des assemblées obtenues. user : eyJ1c2VyaWQiOiIxIiwidXNlcmxldmVsIjoiMiIsImV4cCI6MTY2MjYzODYxMn0
08-09-2022 11:40 >>>> Requête liste des groupes! Liste des groupes obtnus user : eyJ1c2VyaWQiOiIxIiwidXNlcmxldmVsIjoiMiIsImV4cCI6MTY2MjYzODYxMn0
08-09-2022 11:40 >>>> Requête liste des assemblées! Liste des assemblées obtenues user : eyJ1c2VyaWQiOiIxIiwidXNlcmxldmVsIjoiMiIsImV4cCI6MTY2MjYzODYxMn0
08-09-2022 11:40 >>>> Requête liste des groupes du juste; Liste des assemblées obtenues. user : eyJ1c2VyaWQiOiIxIiwidXNlcmxldmVsIjoiMiIsImV4cCI6MTY2MjYzOTAxNH0
08-09-2022 11:40 >>>> Recherche profonde juste par identifiant effectuée; juste trouvé user : eyJ1c2VyaWQiOiIxIiwidXNlcmxldmVsIjoiMiIsImV4cCI6MTY2MjYzOTAxNH0
08-09-2022 11:40 >>>> Requête liste des groupes! Liste des groupes obtnus user : eyJ1c2VyaWQiOiIxIiwidXNlcmxldmVsIjoiMiIsImV4cCI6MTY2MjYzOTAxNH0
08-09-2022 11:40 >>>> Requête liste des assemblées! Liste des assemblées obtenues user : eyJ1c2VyaWQiOiIxIiwidXNlcmxldmVsIjoiMiIsImV4cCI6MTY2MjYzOTAxNH0
08-09-2022 11:40 >>>> Requête liste des groupes du juste; Liste des assemblées obtenues. user : eyJ1c2VyaWQiOiIxIiwidXNlcmxldmVsIjoiMiIsImV4cCI6MTY2MjYzOTAxOX0
08-09-2022 11:40 >>>> Requête liste des assemblées! Liste des assemblées obtenues user : eyJ1c2VyaWQiOiIxIiwidXNlcmxldmVsIjoiMiIsImV4cCI6MTY2MjYzOTAxOX0
08-09-2022 11:40 >>>> Requête liste des groupes! Liste des groupes obtnus user : eyJ1c2VyaWQiOiIxIiwidXNlcmxldmVsIjoiMiIsImV4cCI6MTY2MjYzOTAxOX0
08-09-2022 11:40 >>>> Recherche profonde juste par identifiant effectuée; juste trouvé user : eyJ1c2VyaWQiOiIxIiwidXNlcmxldmVsIjoiMiIsImV4cCI6MTY2MjYzOTAxOX0
08-09-2022 11:41 >>>> Recherche profonde juste par identifiant effectuée; juste trouvé user : eyJ1c2VyaWQiOiIxIiwidXNlcmxldmVsIjoiMiIsImV4cCI6MTY2MjYzOTAyMX0
08-09-2022 11:41 >>>> Requête liste des groupes! Liste des groupes obtnus user : eyJ1c2VyaWQiOiIxIiwidXNlcmxldmVsIjoiMiIsImV4cCI6MTY2MjYzOTAyMX0
08-09-2022 11:41 >>>> Requête liste des assemblées! Liste des assemblées obtenues user : eyJ1c2VyaWQiOiIxIiwidXNlcmxldmVsIjoiMiIsImV4cCI6MTY2MjYzOTAyMX0
08-09-2022 11:41 >>>> Requête liste des groupes du juste; Liste des assemblées obtenues. user : eyJ1c2VyaWQiOiIxIiwidXNlcmxldmVsIjoiMiIsImV4cCI6MTY2MjYzOTAyMX0
08-09-2022 11:41 >>>> Requête liste des groupes du juste; Liste des assemblées obtenues. user : eyJ1c2VyaWQiOiIxIiwidXNlcmxldmVsIjoiMiIsImV4cCI6MTY2MjYzOTA4NH0
08-09-2022 11:41 >>>> Requête liste des assemblées! Liste des assemblées obtenues user : eyJ1c2VyaWQiOiIxIiwidXNlcmxldmVsIjoiMiIsImV4cCI6MTY2MjYzOTA4NH0
08-09-2022 11:41 >>>> Recherche profonde juste par identifiant effectuée; juste trouvé user : eyJ1c2VyaWQiOiIxIiwidXNlcmxldmVsIjoiMiIsImV4cCI6MTY2MjYzOTA4NH0
08-09-2022 11:41 >>>> Requête liste des groupes! Liste des groupes obtnus user : eyJ1c2VyaWQiOiIxIiwidXNlcmxldmVsIjoiMiIsImV4cCI6MTY2MjYzOTA4NH0
08-09-2022 11:41 >>>> Recherche profonde juste par identifiant effectuée; juste trouvé user : eyJ1c2VyaWQiOiIxIiwidXNlcmxldmVsIjoiMiIsImV4cCI6MTY2MjYzOTA4NX0
08-09-2022 11:41 >>>> Requête liste des groupes du juste; Liste des assemblées obtenues. user : eyJ1c2VyaWQiOiIxIiwidXNlcmxldmVsIjoiMiIsImV4cCI6MTY2MjYzOTA4NX0
08-09-2022 11:41 >>>> Requête liste des assemblées! Liste des assemblées obtenues user : eyJ1c2VyaWQiOiIxIiwidXNlcmxldmVsIjoiMiIsImV4cCI6MTY2MjYzOTA4NX0
08-09-2022 11:41 >>>> Requête liste des groupes! Liste des groupes obtnus user : eyJ1c2VyaWQiOiIxIiwidXNlcmxldmVsIjoiMiIsImV4cCI6MTY2MjYzOTA4NX0
08-09-2022 11:41 >>>> Recherche profonde juste par identifiant effectuée; juste trouvé user : eyJ1c2VyaWQiOiIxIiwidXNlcmxldmVsIjoiMiIsImV4cCI6MTY2MjYzOTA4Nn0
08-09-2022 11:41 >>>> Requête liste des assemblées! Liste des assemblées obtenues user : eyJ1c2VyaWQiOiIxIiwidXNlcmxldmVsIjoiMiIsImV4cCI6MTY2MjYzOTA4Nn0
08-09-2022 11:41 >>>> Requête liste des groupes du juste; Liste des assemblées obtenues. user : eyJ1c2VyaWQiOiIxIiwidXNlcmxldmVsIjoiMiIsImV4cCI6MTY2MjYzOTA4Nn0
08-09-2022 11:41 >>>> Requête liste des groupes! Liste des groupes obtnus user : eyJ1c2VyaWQiOiIxIiwidXNlcmxldmVsIjoiMiIsImV4cCI6MTY2MjYzOTA4Nn0
08-09-2022 12:21 >>>> Token expiré
08-09-2022 12:21 >>>> Token expiré
08-09-2022 12:21 >>>> Token expiré
08-09-2022 12:21 >>>> Token expiré
08-09-2022 12:21 >>>> Connexion par login éffectuée. user : eyJ1c2VyaWQiOiIxIiwidXNlcmxldmVsIjoiMiIsImV4cCI6MTY2MjY0MTQ3Nn0
08-09-2022 12:21 >>>> Requête liste des justes; Liste des justes obtnus user : eyJ1c2VyaWQiOiIxIiwidXNlcmxldmVsIjoiMiIsImV4cCI6MTY2MjY0MTQ3Nn0
08-09-2022 12:21 >>>> Recherche profonde juste par identifiant effectuée; juste trouvé user : eyJ1c2VyaWQiOiIxIiwidXNlcmxldmVsIjoiMiIsImV4cCI6MTY2MjY0MTQ4Mn0
08-09-2022 12:21 >>>> Requête liste des groupes! Liste des groupes obtnus user : eyJ1c2VyaWQiOiIxIiwidXNlcmxldmVsIjoiMiIsImV4cCI6MTY2MjY0MTQ4Mn0
08-09-2022 12:21 >>>> Requête liste des groupes du juste; Liste des assemblées obtenues. user : eyJ1c2VyaWQiOiIxIiwidXNlcmxldmVsIjoiMiIsImV4cCI6MTY2MjY0MTQ4Mn0
08-09-2022 12:21 >>>> Requête liste des assemblées! Liste des assemblées obtenues user : eyJ1c2VyaWQiOiIxIiwidXNlcmxldmVsIjoiMiIsImV4cCI6MTY2MjY0MTQ4Mn0
08-09-2022 12:22 >>>> Recherche profonde juste par identifiant effectuée; juste trouvé user : eyJ1c2VyaWQiOiIxIiwidXNlcmxldmVsIjoiMiIsImV4cCI6MTY2MjY0MTQ4NH0
08-09-2022 12:22 >>>> Requête liste des assemblées! Liste des assemblées obtenues user : eyJ1c2VyaWQiOiIxIiwidXNlcmxldmVsIjoiMiIsImV4cCI6MTY2MjY0MTQ4NH0
08-09-2022 12:22 >>>> Requête liste des groupes! Liste des groupes obtnus user : eyJ1c2VyaWQiOiIxIiwidXNlcmxldmVsIjoiMiIsImV4cCI6MTY2MjY0MTQ4NH0
08-09-2022 12:22 >>>> Requête liste des groupes du juste; Liste des assemblées obtenues. user : eyJ1c2VyaWQiOiIxIiwidXNlcmxldmVsIjoiMiIsImV4cCI6MTY2MjY0MTQ4NH0
08-09-2022 12:22 >>>> Recherche profonde juste par identifiant effectuée; juste trouvé user : eyJ1c2VyaWQiOiIxIiwidXNlcmxldmVsIjoiMiIsImV4cCI6MTY2MjY0MTUyOH0
08-09-2022 12:22 >>>> Requête liste des groupes! Liste des groupes obtnus user : eyJ1c2VyaWQiOiIxIiwidXNlcmxldmVsIjoiMiIsImV4cCI6MTY2MjY0MTUyOH0
08-09-2022 12:22 >>>> Requête liste des groupes du juste; Liste des assemblées obtenues. user : eyJ1c2VyaWQiOiIxIiwidXNlcmxldmVsIjoiMiIsImV4cCI6MTY2MjY0MTUyOH0
08-09-2022 12:22 >>>> Requête liste des assemblées! Liste des assemblées obtenues user : eyJ1c2VyaWQiOiIxIiwidXNlcmxldmVsIjoiMiIsImV4cCI6MTY2MjY0MTUyOH0
08-09-2022 17:35 >>>> Connexion par login éffectuée. user : eyJ1c2VyaWQiOiIxIiwidXNlcmxldmVsIjoiMiIsImV4cCI6MTY2MjY2MDMyM30
08-09-2022 17:35 >>>> Requête liste des justes; Liste des justes obtnus user : eyJ1c2VyaWQiOiIxIiwidXNlcmxldmVsIjoiMiIsImV4cCI6MTY2MjY2MDMyM30
08-09-2022 17:35 >>>> Recherche profonde juste par identifiant effectuée; juste trouvé user : eyJ1c2VyaWQiOiIxIiwidXNlcmxldmVsIjoiMiIsImV4cCI6MTY2MjY2MDMyN30
08-09-2022 17:35 >>>> Requête liste des groupes! Liste des groupes obtnus user : eyJ1c2VyaWQiOiIxIiwidXNlcmxldmVsIjoiMiIsImV4cCI6MTY2MjY2MDMyN30
08-09-2022 17:35 >>>> Requête liste des groupes du juste; Liste des assemblées obtenues. user : eyJ1c2VyaWQiOiIxIiwidXNlcmxldmVsIjoiMiIsImV4cCI6MTY2MjY2MDMyN30
08-09-2022 17:35 >>>> Requête liste des assemblées! Liste des assemblées obtenues user : eyJ1c2VyaWQiOiIxIiwidXNlcmxldmVsIjoiMiIsImV4cCI6MTY2MjY2MDMyN30
08-09-2022 17:37 >>>> Recherche profonde juste par identifiant effectuée; juste trouvé user : eyJ1c2VyaWQiOiIxIiwidXNlcmxldmVsIjoiMiIsImV4cCI6MTY2MjY2MDMyOH0
08-09-2022 17:37 >>>> Requête liste des groupes du juste; Liste des assemblées obtenues. user : eyJ1c2VyaWQiOiIxIiwidXNlcmxldmVsIjoiMiIsImV4cCI6MTY2MjY2MDMyOH0
08-09-2022 17:37 >>>> Requête liste des groupes! Liste des groupes obtnus user : eyJ1c2VyaWQiOiIxIiwidXNlcmxldmVsIjoiMiIsImV4cCI6MTY2MjY2MDMyOH0
08-09-2022 17:37 >>>> Requête liste des assemblées! Liste des assemblées obtenues user : eyJ1c2VyaWQiOiIxIiwidXNlcmxldmVsIjoiMiIsImV4cCI6MTY2MjY2MDMyOH0
08-09-2022 17:40 >>>> Recherche profonde juste par identifiant effectuée; juste trouvé user : eyJ1c2VyaWQiOiIxIiwidXNlcmxldmVsIjoiMiIsImV4cCI6MTY2MjY2MDQ2OX0
08-09-2022 17:40 >>>> Requête liste des groupes du juste; Liste des assemblées obtenues. user : eyJ1c2VyaWQiOiIxIiwidXNlcmxldmVsIjoiMiIsImV4cCI6MTY2MjY2MDQ2OX0
08-09-2022 17:40 >>>> Requête liste des assemblées! Liste des assemblées obtenues user : eyJ1c2VyaWQiOiIxIiwidXNlcmxldmVsIjoiMiIsImV4cCI6MTY2MjY2MDQ2OX0
08-09-2022 17:40 >>>> Requête liste des groupes! Liste des groupes obtnus user : eyJ1c2VyaWQiOiIxIiwidXNlcmxldmVsIjoiMiIsImV4cCI6MTY2MjY2MDQ2OX0
08-09-2022 17:40 >>>> Echec de modification de l'appartenance 
08-09-2022 17:44 >>>> Recherche profonde juste par identifiant effectuée; juste trouvé user : eyJ1c2VyaWQiOiIxIiwidXNlcmxldmVsIjoiMiIsImV4cCI6MTY2MjY2MDY0MX0
08-09-2022 17:44 >>>> Requête liste des groupes du juste; Liste des assemblées obtenues. user : eyJ1c2VyaWQiOiIxIiwidXNlcmxldmVsIjoiMiIsImV4cCI6MTY2MjY2MDY0MX0
08-09-2022 17:44 >>>> Requête liste des groupes! Liste des groupes obtnus user : eyJ1c2VyaWQiOiIxIiwidXNlcmxldmVsIjoiMiIsImV4cCI6MTY2MjY2MDY0MX0
08-09-2022 17:44 >>>> Requête liste des assemblées! Liste des assemblées obtenues user : eyJ1c2VyaWQiOiIxIiwidXNlcmxldmVsIjoiMiIsImV4cCI6MTY2MjY2MDY0MX0
08-09-2022 17:44 >>>> Recherche profonde juste par identifiant effectuée; juste trouvé user : eyJ1c2VyaWQiOiIxIiwidXNlcmxldmVsIjoiMiIsImV4cCI6MTY2MjY2MDg1Nn0
08-09-2022 17:44 >>>> Requête liste des groupes du juste; Liste des assemblées obtenues. user : eyJ1c2VyaWQiOiIxIiwidXNlcmxldmVsIjoiMiIsImV4cCI6MTY2MjY2MDg1Nn0
08-09-2022 17:44 >>>> Requête liste des assemblées! Liste des assemblées obtenues user : eyJ1c2VyaWQiOiIxIiwidXNlcmxldmVsIjoiMiIsImV4cCI6MTY2MjY2MDg1Nn0
08-09-2022 17:44 >>>> Requête liste des groupes! Liste des groupes obtnus user : eyJ1c2VyaWQiOiIxIiwidXNlcmxldmVsIjoiMiIsImV4cCI6MTY2MjY2MDg1Nn0
08-09-2022 17:44 >>>> Echec de modification de l'appartenance 
08-09-2022 17:47 >>>> Connexion par login éffectuée. user : eyJ1c2VyaWQiOiIxIiwidXNlcmxldmVsIjoiMiIsImV4cCI6MTY2MjY2MTA2OX0
08-09-2022 17:48 >>>> Echec de clôture d'appartenance 
08-09-2022 17:50 >>>> Echec de clôture d'appartenance 
08-09-2022 17:51 >>>> Echec de clôture d'appartenance 
