09-09-2022 12:04 >>>> Connexion par login éffectuée. user : eyJ1c2VyaWQiOiIxIiwidXNlcmxldmVsIjoiMiIsImV4cCI6MTY2MjcyNjg4OX0
09-09-2022 12:05 >>>> Echec de clôture d'appartenance 
09-09-2022 12:05 >>>> Echec de clôture d'appartenance 
09-09-2022 12:05 >>>> Echec de clôture d'appartenance 
09-09-2022 12:07 >>>> Echec de clôture d'appartenance 
09-09-2022 12:07 >>>> Echec de clôture d'appartenance 
09-09-2022 12:15 >>>> Echec de clôture d'appartenance 
09-09-2022 12:18 >>>> Echec de clôture d'appartenance 
09-09-2022 12:19 >>>> Echec de clôture d'appartenance 
09-09-2022 12:19 >>>> Echec de clôture d'appartenance 
09-09-2022 12:19 >>>> Echec de clôture d'appartenance 
09-09-2022 12:21 >>>> Connexion par login éffectuée. user : eyJ1c2VyaWQiOiIxIiwidXNlcmxldmVsIjoiMiIsImV4cCI6MTY2MjcyNzg4OH0
09-09-2022 12:21 >>>> Requête liste des justes; Liste des justes obtnus user : eyJ1c2VyaWQiOiIxIiwidXNlcmxldmVsIjoiMiIsImV4cCI6MTY2MjcyNzg4OH0
09-09-2022 12:21 >>>> Recherche profonde juste par identifiant effectuée; juste trouvé user : eyJ1c2VyaWQiOiIxIiwidXNlcmxldmVsIjoiMiIsImV4cCI6MTY2MjcyNzg5M30
09-09-2022 12:21 >>>> Requête liste des groupes! Liste des groupes obtnus user : eyJ1c2VyaWQiOiIxIiwidXNlcmxldmVsIjoiMiIsImV4cCI6MTY2MjcyNzg5M30
09-09-2022 12:21 >>>> Requête liste des groupes du juste; Liste des assemblées obtenues. user : eyJ1c2VyaWQiOiIxIiwidXNlcmxldmVsIjoiMiIsImV4cCI6MTY2MjcyNzg5M30
09-09-2022 12:21 >>>> Requête liste des assemblées! Liste des assemblées obtenues user : eyJ1c2VyaWQiOiIxIiwidXNlcmxldmVsIjoiMiIsImV4cCI6MTY2MjcyNzg5M30
09-09-2022 12:22 >>>> Appartenance modifiée user : eyJ1c2VyaWQiOiIxIiwidXNlcmxldmVsIjoiMiIsImV4cCI6MTY2MjcyNzg5NX0
09-09-2022 12:22 >>>> Recherche profonde juste par identifiant effectuée; juste trouvé user : eyJ1c2VyaWQiOiIxIiwidXNlcmxldmVsIjoiMiIsImV4cCI6MTY2MjcyNzkzMX0
09-09-2022 12:22 >>>> Requête liste des assemblées! Liste des assemblées obtenues user : eyJ1c2VyaWQiOiIxIiwidXNlcmxldmVsIjoiMiIsImV4cCI6MTY2MjcyNzkzMX0
09-09-2022 12:22 >>>> Requête liste des groupes! Liste des groupes obtnus user : eyJ1c2VyaWQiOiIxIiwidXNlcmxldmVsIjoiMiIsImV4cCI6MTY2MjcyNzkzMX0
09-09-2022 12:22 >>>> Requête liste des groupes du juste; Liste des assemblées obtenues. user : eyJ1c2VyaWQiOiIxIiwidXNlcmxldmVsIjoiMiIsImV4cCI6MTY2MjcyNzkzMX0
09-09-2022 12:22 >>>> Requête liste des justes; Liste des justes obtnus user : eyJ1c2VyaWQiOiIxIiwidXNlcmxldmVsIjoiMiIsImV4cCI6MTY2MjcyNzkzMn0
09-09-2022 12:22 >>>> Recherche profonde juste par identifiant effectuée; juste trouvé user : eyJ1c2VyaWQiOiIxIiwidXNlcmxldmVsIjoiMiIsImV4cCI6MTY2MjcyNzk1NX0
09-09-2022 12:22 >>>> Requête liste des groupes du juste; Liste des assemblées obtenues. user : eyJ1c2VyaWQiOiIxIiwidXNlcmxldmVsIjoiMiIsImV4cCI6MTY2MjcyNzk1NX0
09-09-2022 12:22 >>>> Requête liste des groupes! Liste des groupes obtnus user : eyJ1c2VyaWQiOiIxIiwidXNlcmxldmVsIjoiMiIsImV4cCI6MTY2MjcyNzk1NX0
09-09-2022 12:22 >>>> Requête liste des assemblées! Liste des assemblées obtenues user : eyJ1c2VyaWQiOiIxIiwidXNlcmxldmVsIjoiMiIsImV4cCI6MTY2MjcyNzk1NX0
09-09-2022 12:25 >>>> Recherche profonde juste par identifiant effectuée; juste trouvé user : eyJ1c2VyaWQiOiIxIiwidXNlcmxldmVsIjoiMiIsImV4cCI6MTY2MjcyNzk1N30
09-09-2022 12:25 >>>> Requête liste des groupes du juste; Liste des assemblées obtenues. user : eyJ1c2VyaWQiOiIxIiwidXNlcmxldmVsIjoiMiIsImV4cCI6MTY2MjcyNzk1N30
09-09-2022 12:25 >>>> Requête liste des groupes! Liste des groupes obtnus user : eyJ1c2VyaWQiOiIxIiwidXNlcmxldmVsIjoiMiIsImV4cCI6MTY2MjcyNzk1N30
09-09-2022 12:25 >>>> Requête liste des assemblées! Liste des assemblées obtenues user : eyJ1c2VyaWQiOiIxIiwidXNlcmxldmVsIjoiMiIsImV4cCI6MTY2MjcyNzk1N30
09-09-2022 12:25 >>>> Recherche profonde juste par identifiant effectuée; juste trouvé user : eyJ1c2VyaWQiOiIxIiwidXNlcmxldmVsIjoiMiIsImV4cCI6MTY2MjcyODEzNn0
09-09-2022 12:25 >>>> Requête liste des groupes! Liste des groupes obtnus user : eyJ1c2VyaWQiOiIxIiwidXNlcmxldmVsIjoiMiIsImV4cCI6MTY2MjcyODEzNn0
09-09-2022 12:25 >>>> Requête liste des groupes du juste; Liste des assemblées obtenues. user : eyJ1c2VyaWQiOiIxIiwidXNlcmxldmVsIjoiMiIsImV4cCI6MTY2MjcyODEzNn0
09-09-2022 12:25 >>>> Requête liste des assemblées! Liste des assemblées obtenues user : eyJ1c2VyaWQiOiIxIiwidXNlcmxldmVsIjoiMiIsImV4cCI6MTY2MjcyODEzNn0
09-09-2022 12:26 >>>> Recherche profonde juste par identifiant effectuée; juste trouvé user : eyJ1c2VyaWQiOiIxIiwidXNlcmxldmVsIjoiMiIsImV4cCI6MTY2MjcyODEzOH0
09-09-2022 12:26 >>>> Requête liste des groupes! Liste des groupes obtnus user : eyJ1c2VyaWQiOiIxIiwidXNlcmxldmVsIjoiMiIsImV4cCI6MTY2MjcyODEzOH0
09-09-2022 12:26 >>>> Requête liste des assemblées! Liste des assemblées obtenues user : eyJ1c2VyaWQiOiIxIiwidXNlcmxldmVsIjoiMiIsImV4cCI6MTY2MjcyODEzOH0
09-09-2022 12:26 >>>> Requête liste des groupes du juste; Liste des assemblées obtenues. user : eyJ1c2VyaWQiOiIxIiwidXNlcmxldmVsIjoiMiIsImV4cCI6MTY2MjcyODEzOH0
09-09-2022 12:33 >>>> Recherche profonde juste par identifiant effectuée; juste trouvé user : eyJ1c2VyaWQiOiIxIiwidXNlcmxldmVsIjoiMiIsImV4cCI6MTY2MjcyODE3OX0
09-09-2022 12:33 >>>> Requête liste des groupes du juste; Liste des assemblées obtenues. user : eyJ1c2VyaWQiOiIxIiwidXNlcmxldmVsIjoiMiIsImV4cCI6MTY2MjcyODE3OX0
09-09-2022 12:33 >>>> Requête liste des assemblées! Liste des assemblées obtenues user : eyJ1c2VyaWQiOiIxIiwidXNlcmxldmVsIjoiMiIsImV4cCI6MTY2MjcyODE3OX0
09-09-2022 12:33 >>>> Requête liste des groupes! Liste des groupes obtnus user : eyJ1c2VyaWQiOiIxIiwidXNlcmxldmVsIjoiMiIsImV4cCI6MTY2MjcyODE3OX0
09-09-2022 12:34 >>>> Requête liste des assemblées! Liste des assemblées obtenues user : eyJ1c2VyaWQiOiIxIiwidXNlcmxldmVsIjoiMiIsImV4cCI6MTY2MjcyODYzOX0
09-09-2022 12:34 >>>> Recherche profonde juste par identifiant effectuée; juste trouvé user : eyJ1c2VyaWQiOiIxIiwidXNlcmxldmVsIjoiMiIsImV4cCI6MTY2MjcyODYzOX0
09-09-2022 12:34 >>>> Requête liste des groupes du juste; Liste des assemblées obtenues. user : eyJ1c2VyaWQiOiIxIiwidXNlcmxldmVsIjoiMiIsImV4cCI6MTY2MjcyODYzOX0
09-09-2022 12:34 >>>> Requête liste des groupes! Liste des groupes obtnus user : eyJ1c2VyaWQiOiIxIiwidXNlcmxldmVsIjoiMiIsImV4cCI6MTY2MjcyODYzOX0
09-09-2022 12:34 >>>> Recherche profonde juste par identifiant effectuée; juste trouvé user : eyJ1c2VyaWQiOiIxIiwidXNlcmxldmVsIjoiMiIsImV4cCI6MTY2MjcyODY0MX0
09-09-2022 12:34 >>>> Requête liste des groupes du juste; Liste des assemblées obtenues. user : eyJ1c2VyaWQiOiIxIiwidXNlcmxldmVsIjoiMiIsImV4cCI6MTY2MjcyODY0MX0
09-09-2022 12:34 >>>> Requête liste des assemblées! Liste des assemblées obtenues user : eyJ1c2VyaWQiOiIxIiwidXNlcmxldmVsIjoiMiIsImV4cCI6MTY2MjcyODY0MX0
09-09-2022 12:34 >>>> Requête liste des groupes! Liste des groupes obtnus user : eyJ1c2VyaWQiOiIxIiwidXNlcmxldmVsIjoiMiIsImV4cCI6MTY2MjcyODY0MX0
09-09-2022 12:34 >>>> Requête liste des assemblées! Liste des assemblées obtenues user : eyJ1c2VyaWQiOiIxIiwidXNlcmxldmVsIjoiMiIsImV4cCI6MTY2MjcyODY1NX0
09-09-2022 12:34 >>>> Requête liste des groupes du juste; Liste des assemblées obtenues. user : eyJ1c2VyaWQiOiIxIiwidXNlcmxldmVsIjoiMiIsImV4cCI6MTY2MjcyODY1NX0
09-09-2022 12:34 >>>> Requête liste des groupes! Liste des groupes obtnus user : eyJ1c2VyaWQiOiIxIiwidXNlcmxldmVsIjoiMiIsImV4cCI6MTY2MjcyODY1NX0
09-09-2022 12:34 >>>> Recherche profonde juste par identifiant effectuée; juste trouvé user : eyJ1c2VyaWQiOiIxIiwidXNlcmxldmVsIjoiMiIsImV4cCI6MTY2MjcyODY1NX0
09-09-2022 12:34 >>>> Recherche profonde juste par identifiant effectuée; juste trouvé user : eyJ1c2VyaWQiOiIxIiwidXNlcmxldmVsIjoiMiIsImV4cCI6MTY2MjcyODY2N30
09-09-2022 12:34 >>>> Requête liste des groupes! Liste des groupes obtnus user : eyJ1c2VyaWQiOiIxIiwidXNlcmxldmVsIjoiMiIsImV4cCI6MTY2MjcyODY2N30
09-09-2022 12:34 >>>> Requête liste des assemblées! Liste des assemblées obtenues user : eyJ1c2VyaWQiOiIxIiwidXNlcmxldmVsIjoiMiIsImV4cCI6MTY2MjcyODY2N30
09-09-2022 12:34 >>>> Requête liste des groupes du juste; Liste des assemblées obtenues. user : eyJ1c2VyaWQiOiIxIiwidXNlcmxldmVsIjoiMiIsImV4cCI6MTY2MjcyODY2N30
09-09-2022 12:35 >>>> Recherche profonde juste par identifiant effectuée; juste trouvé user : eyJ1c2VyaWQiOiIxIiwidXNlcmxldmVsIjoiMiIsImV4cCI6MTY2MjcyODY5Nn0
09-09-2022 12:35 >>>> Requête liste des groupes du juste; Liste des assemblées obtenues. user : eyJ1c2VyaWQiOiIxIiwidXNlcmxldmVsIjoiMiIsImV4cCI6MTY2MjcyODY5Nn0
09-09-2022 12:35 >>>> Requête liste des groupes! Liste des groupes obtnus user : eyJ1c2VyaWQiOiIxIiwidXNlcmxldmVsIjoiMiIsImV4cCI6MTY2MjcyODY5Nn0
09-09-2022 12:35 >>>> Requête liste des assemblées! Liste des assemblées obtenues user : eyJ1c2VyaWQiOiIxIiwidXNlcmxldmVsIjoiMiIsImV4cCI6MTY2MjcyODY5Nn0
09-09-2022 12:36 >>>> Recherche profonde juste par identifiant effectuée; juste trouvé user : eyJ1c2VyaWQiOiIxIiwidXNlcmxldmVsIjoiMiIsImV4cCI6MTY2MjcyODcxMH0
09-09-2022 12:36 >>>> Requête liste des groupes du juste; Liste des assemblées obtenues. user : eyJ1c2VyaWQiOiIxIiwidXNlcmxldmVsIjoiMiIsImV4cCI6MTY2MjcyODcxMH0
09-09-2022 12:36 >>>> Requête liste des groupes! Liste des groupes obtnus user : eyJ1c2VyaWQiOiIxIiwidXNlcmxldmVsIjoiMiIsImV4cCI6MTY2MjcyODcxMH0
09-09-2022 12:36 >>>> Requête liste des assemblées! Liste des assemblées obtenues user : eyJ1c2VyaWQiOiIxIiwidXNlcmxldmVsIjoiMiIsImV4cCI6MTY2MjcyODcxMH0
09-09-2022 12:36 >>>> Requête liste des groupes du juste; Liste des assemblées obtenues. user : eyJ1c2VyaWQiOiIxIiwidXNlcmxldmVsIjoiMiIsImV4cCI6MTY2MjcyODc3NX0
09-09-2022 12:36 >>>> Recherche profonde juste par identifiant effectuée; juste trouvé user : eyJ1c2VyaWQiOiIxIiwidXNlcmxldmVsIjoiMiIsImV4cCI6MTY2MjcyODc3NX0
09-09-2022 12:36 >>>> Requête liste des assemblées! Liste des assemblées obtenues user : eyJ1c2VyaWQiOiIxIiwidXNlcmxldmVsIjoiMiIsImV4cCI6MTY2MjcyODc3NX0
09-09-2022 12:36 >>>> Requête liste des groupes! Liste des groupes obtnus user : eyJ1c2VyaWQiOiIxIiwidXNlcmxldmVsIjoiMiIsImV4cCI6MTY2MjcyODc3NX0
09-09-2022 12:36 >>>> Recherche profonde juste par identifiant effectuée; juste trouvé user : eyJ1c2VyaWQiOiIxIiwidXNlcmxldmVsIjoiMiIsImV4cCI6MTY2MjcyODc3N30
09-09-2022 12:36 >>>> Requête liste des assemblées! Liste des assemblées obtenues user : eyJ1c2VyaWQiOiIxIiwidXNlcmxldmVsIjoiMiIsImV4cCI6MTY2MjcyODc3N30
09-09-2022 12:36 >>>> Requête liste des groupes! Liste des groupes obtnus user : eyJ1c2VyaWQiOiIxIiwidXNlcmxldmVsIjoiMiIsImV4cCI6MTY2MjcyODc3N30
09-09-2022 12:36 >>>> Requête liste des groupes du juste; Liste des assemblées obtenues. user : eyJ1c2VyaWQiOiIxIiwidXNlcmxldmVsIjoiMiIsImV4cCI6MTY2MjcyODc3N30
09-09-2022 12:38 >>>> Requête liste des groupes du juste; Liste des assemblées obtenues. user : eyJ1c2VyaWQiOiIxIiwidXNlcmxldmVsIjoiMiIsImV4cCI6MTY2MjcyODgwMX0
09-09-2022 12:38 >>>> Requête liste des groupes! Liste des groupes obtnus user : eyJ1c2VyaWQiOiIxIiwidXNlcmxldmVsIjoiMiIsImV4cCI6MTY2MjcyODgwMX0
09-09-2022 12:38 >>>> Recherche profonde juste par identifiant effectuée; juste trouvé user : eyJ1c2VyaWQiOiIxIiwidXNlcmxldmVsIjoiMiIsImV4cCI6MTY2MjcyODgwMX0
09-09-2022 12:38 >>>> Requête liste des assemblées! Liste des assemblées obtenues user : eyJ1c2VyaWQiOiIxIiwidXNlcmxldmVsIjoiMiIsImV4cCI6MTY2MjcyODgwMX0
09-09-2022 12:38 >>>> Recherche profonde juste par identifiant effectuée; juste trouvé user : eyJ1c2VyaWQiOiIxIiwidXNlcmxldmVsIjoiMiIsImV4cCI6MTY2MjcyODkxMX0
09-09-2022 12:38 >>>> Requête liste des groupes du juste; Liste des assemblées obtenues. user : eyJ1c2VyaWQiOiIxIiwidXNlcmxldmVsIjoiMiIsImV4cCI6MTY2MjcyODkxMX0
09-09-2022 12:38 >>>> Requête liste des groupes! Liste des groupes obtnus user : eyJ1c2VyaWQiOiIxIiwidXNlcmxldmVsIjoiMiIsImV4cCI6MTY2MjcyODkxMX0
09-09-2022 12:38 >>>> Requête liste des assemblées! Liste des assemblées obtenues user : eyJ1c2VyaWQiOiIxIiwidXNlcmxldmVsIjoiMiIsImV4cCI6MTY2MjcyODkxMX0
09-09-2022 12:39 >>>> Recherche profonde juste par identifiant effectuée; juste trouvé user : eyJ1c2VyaWQiOiIxIiwidXNlcmxldmVsIjoiMiIsImV4cCI6MTY2MjcyODkzMH0
09-09-2022 12:39 >>>> Requête liste des groupes du juste; Liste des assemblées obtenues. user : eyJ1c2VyaWQiOiIxIiwidXNlcmxldmVsIjoiMiIsImV4cCI6MTY2MjcyODkzMH0
09-09-2022 12:39 >>>> Requête liste des groupes! Liste des groupes obtnus user : eyJ1c2VyaWQiOiIxIiwidXNlcmxldmVsIjoiMiIsImV4cCI6MTY2MjcyODkzMH0
09-09-2022 12:39 >>>> Requête liste des assemblées! Liste des assemblées obtenues user : eyJ1c2VyaWQiOiIxIiwidXNlcmxldmVsIjoiMiIsImV4cCI6MTY2MjcyODkzMH0
09-09-2022 12:40 >>>> Recherche profonde juste par identifiant effectuée; juste trouvé user : eyJ1c2VyaWQiOiIxIiwidXNlcmxldmVsIjoiMiIsImV4cCI6MTY2MjcyODk0Mn0
09-09-2022 12:40 >>>> Requête liste des groupes du juste; Liste des assemblées obtenues. user : eyJ1c2VyaWQiOiIxIiwidXNlcmxldmVsIjoiMiIsImV4cCI6MTY2MjcyODk0Mn0
09-09-2022 12:40 >>>> Requête liste des groupes! Liste des groupes obtnus user : eyJ1c2VyaWQiOiIxIiwidXNlcmxldmVsIjoiMiIsImV4cCI6MTY2MjcyODk0Mn0
09-09-2022 12:40 >>>> Requête liste des assemblées! Liste des assemblées obtenues user : eyJ1c2VyaWQiOiIxIiwidXNlcmxldmVsIjoiMiIsImV4cCI6MTY2MjcyODk0Mn0
09-09-2022 12:43 >>>> Recherche profonde juste par identifiant effectuée; juste trouvé user : eyJ1c2VyaWQiOiIxIiwidXNlcmxldmVsIjoiMiIsImV4cCI6MTY2MjcyOTAzNX0
09-09-2022 12:43 >>>> Requête liste des groupes du juste; Liste des assemblées obtenues. user : eyJ1c2VyaWQiOiIxIiwidXNlcmxldmVsIjoiMiIsImV4cCI6MTY2MjcyOTAzNX0
09-09-2022 12:43 >>>> Requête liste des assemblées! Liste des assemblées obtenues user : eyJ1c2VyaWQiOiIxIiwidXNlcmxldmVsIjoiMiIsImV4cCI6MTY2MjcyOTAzNX0
09-09-2022 12:43 >>>> Requête liste des groupes! Liste des groupes obtnus user : eyJ1c2VyaWQiOiIxIiwidXNlcmxldmVsIjoiMiIsImV4cCI6MTY2MjcyOTAzNX0
09-09-2022 12:43 >>>> Recherche profonde juste par identifiant effectuée; juste trouvé user : eyJ1c2VyaWQiOiIxIiwidXNlcmxldmVsIjoiMiIsImV4cCI6MTY2MjcyOTE5MX0
09-09-2022 12:43 >>>> Requête liste des assemblées! Liste des assemblées obtenues user : eyJ1c2VyaWQiOiIxIiwidXNlcmxldmVsIjoiMiIsImV4cCI6MTY2MjcyOTE5MX0
09-09-2022 12:43 >>>> Requête liste des groupes du juste; Liste des assemblées obtenues. user : eyJ1c2VyaWQiOiIxIiwidXNlcmxldmVsIjoiMiIsImV4cCI6MTY2MjcyOTE5MX0
09-09-2022 12:43 >>>> Requête liste des groupes! Liste des groupes obtnus user : eyJ1c2VyaWQiOiIxIiwidXNlcmxldmVsIjoiMiIsImV4cCI6MTY2MjcyOTE5MX0
09-09-2022 12:44 >>>> Requête liste des justes; Liste des justes obtnus user : eyJ1c2VyaWQiOiIxIiwidXNlcmxldmVsIjoiMiIsImV4cCI6MTY2MjcyOTIwM30
09-09-2022 12:44 >>>> Recherche profonde juste par identifiant effectuée; juste trouvé user : eyJ1c2VyaWQiOiIxIiwidXNlcmxldmVsIjoiMiIsImV4cCI6MTY2MjcyOTI1OX0
09-09-2022 12:44 >>>> Requête liste des groupes du juste; Liste des assemblées obtenues. user : eyJ1c2VyaWQiOiIxIiwidXNlcmxldmVsIjoiMiIsImV4cCI6MTY2MjcyOTI1OX0
09-09-2022 12:44 >>>> Requête liste des groupes! Liste des groupes obtnus user : eyJ1c2VyaWQiOiIxIiwidXNlcmxldmVsIjoiMiIsImV4cCI6MTY2MjcyOTI1OX0
09-09-2022 12:44 >>>> Requête liste des assemblées! Liste des assemblées obtenues user : eyJ1c2VyaWQiOiIxIiwidXNlcmxldmVsIjoiMiIsImV4cCI6MTY2MjcyOTI1OX0
09-09-2022 13:04 >>>> Recherche profonde juste par identifiant effectuée; juste trouvé user : eyJ1c2VyaWQiOiIxIiwidXNlcmxldmVsIjoiMiIsImV4cCI6MTY2MjcyOTI2MX0
09-09-2022 13:04 >>>> Requête liste des assemblées! Liste des assemblées obtenues user : eyJ1c2VyaWQiOiIxIiwidXNlcmxldmVsIjoiMiIsImV4cCI6MTY2MjcyOTI2MX0
09-09-2022 13:04 >>>> Requête liste des groupes du juste; Liste des assemblées obtenues. user : eyJ1c2VyaWQiOiIxIiwidXNlcmxldmVsIjoiMiIsImV4cCI6MTY2MjcyOTI2MX0
09-09-2022 13:04 >>>> Requête liste des groupes! Liste des groupes obtnus user : eyJ1c2VyaWQiOiIxIiwidXNlcmxldmVsIjoiMiIsImV4cCI6MTY2MjcyOTI2MX0
09-09-2022 13:04 >>>> Recherche profonde juste par identifiant effectuée; juste trouvé user : eyJ1c2VyaWQiOiIxIiwidXNlcmxldmVsIjoiMiIsImV4cCI6MTY2MjczMDQ4MX0
09-09-2022 13:04 >>>> Requête liste des groupes! Liste des groupes obtnus user : eyJ1c2VyaWQiOiIxIiwidXNlcmxldmVsIjoiMiIsImV4cCI6MTY2MjczMDQ4MX0
09-09-2022 13:04 >>>> Requête liste des groupes du juste; Liste des assemblées obtenues. user : eyJ1c2VyaWQiOiIxIiwidXNlcmxldmVsIjoiMiIsImV4cCI6MTY2MjczMDQ4MX0
09-09-2022 13:04 >>>> Requête liste des assemblées! Liste des assemblées obtenues user : eyJ1c2VyaWQiOiIxIiwidXNlcmxldmVsIjoiMiIsImV4cCI6MTY2MjczMDQ4MX0
09-09-2022 13:05 >>>> Recherche profonde juste par identifiant effectuée; juste trouvé user : eyJ1c2VyaWQiOiIxIiwidXNlcmxldmVsIjoiMiIsImV4cCI6MTY2MjczMDQ4M30
09-09-2022 13:05 >>>> Requête liste des groupes! Liste des groupes obtnus user : eyJ1c2VyaWQiOiIxIiwidXNlcmxldmVsIjoiMiIsImV4cCI6MTY2MjczMDQ4M30
09-09-2022 13:05 >>>> Requête liste des assemblées! Liste des assemblées obtenues user : eyJ1c2VyaWQiOiIxIiwidXNlcmxldmVsIjoiMiIsImV4cCI6MTY2MjczMDQ4M30
09-09-2022 13:05 >>>> Requête liste des groupes du juste; Liste des assemblées obtenues. user : eyJ1c2VyaWQiOiIxIiwidXNlcmxldmVsIjoiMiIsImV4cCI6MTY2MjczMDQ4M30
09-09-2022 13:06 >>>> Recherche profonde juste par identifiant effectuée; juste trouvé user : eyJ1c2VyaWQiOiIxIiwidXNlcmxldmVsIjoiMiIsImV4cCI6MTY2MjczMDU1N30
09-09-2022 13:06 >>>> Requête liste des groupes du juste; Liste des assemblées obtenues. user : eyJ1c2VyaWQiOiIxIiwidXNlcmxldmVsIjoiMiIsImV4cCI6MTY2MjczMDU1N30
09-09-2022 13:06 >>>> Requête liste des assemblées! Liste des assemblées obtenues user : eyJ1c2VyaWQiOiIxIiwidXNlcmxldmVsIjoiMiIsImV4cCI6MTY2MjczMDU1N30
09-09-2022 13:06 >>>> Requête liste des groupes! Liste des groupes obtnus user : eyJ1c2VyaWQiOiIxIiwidXNlcmxldmVsIjoiMiIsImV4cCI6MTY2MjczMDU1N30
09-09-2022 13:06 >>>> Recherche profonde juste par identifiant effectuée; juste trouvé user : eyJ1c2VyaWQiOiIxIiwidXNlcmxldmVsIjoiMiIsImV4cCI6MTY2MjczMDU4N30
09-09-2022 13:06 >>>> Requête liste des groupes du juste; Liste des assemblées obtenues. user : eyJ1c2VyaWQiOiIxIiwidXNlcmxldmVsIjoiMiIsImV4cCI6MTY2MjczMDU4N30
09-09-2022 13:06 >>>> Requête liste des assemblées! Liste des assemblées obtenues user : eyJ1c2VyaWQiOiIxIiwidXNlcmxldmVsIjoiMiIsImV4cCI6MTY2MjczMDU4N30
09-09-2022 13:06 >>>> Requête liste des groupes! Liste des groupes obtnus user : eyJ1c2VyaWQiOiIxIiwidXNlcmxldmVsIjoiMiIsImV4cCI6MTY2MjczMDU4N30
09-09-2022 13:06 >>>> Requête liste des groupes du juste; Liste des assemblées obtenues. user : eyJ1c2VyaWQiOiIxIiwidXNlcmxldmVsIjoiMiIsImV4cCI6MTY2MjczMDYxMX0
09-09-2022 13:06 >>>> Recherche profonde juste par identifiant effectuée; juste trouvé user : eyJ1c2VyaWQiOiIxIiwidXNlcmxldmVsIjoiMiIsImV4cCI6MTY2MjczMDYxMX0
09-09-2022 13:06 >>>> Requête liste des groupes! Liste des groupes obtnus user : eyJ1c2VyaWQiOiIxIiwidXNlcmxldmVsIjoiMiIsImV4cCI6MTY2MjczMDYxMX0
09-09-2022 13:06 >>>> Requête liste des assemblées! Liste des assemblées obtenues user : eyJ1c2VyaWQiOiIxIiwidXNlcmxldmVsIjoiMiIsImV4cCI6MTY2MjczMDYxMX0
09-09-2022 13:11 >>>> Recherche profonde juste par identifiant effectuée; juste trouvé user : eyJ1c2VyaWQiOiIxIiwidXNlcmxldmVsIjoiMiIsImV4cCI6MTY2MjczMDYxMn0
09-09-2022 13:11 >>>> Requête liste des groupes du juste; Liste des assemblées obtenues. user : eyJ1c2VyaWQiOiIxIiwidXNlcmxldmVsIjoiMiIsImV4cCI6MTY2MjczMDYxMn0
09-09-2022 13:11 >>>> Requête liste des assemblées! Liste des assemblées obtenues user : eyJ1c2VyaWQiOiIxIiwidXNlcmxldmVsIjoiMiIsImV4cCI6MTY2MjczMDYxMn0
09-09-2022 13:11 >>>> Requête liste des groupes! Liste des groupes obtnus user : eyJ1c2VyaWQiOiIxIiwidXNlcmxldmVsIjoiMiIsImV4cCI6MTY2MjczMDYxMn0
09-09-2022 13:11 >>>> Recherche profonde juste par identifiant effectuée; juste trouvé user : eyJ1c2VyaWQiOiIxIiwidXNlcmxldmVsIjoiMiIsImV4cCI6MTY2MjczMDg5Mn0
09-09-2022 13:11 >>>> Requête liste des groupes du juste; Liste des assemblées obtenues. user : eyJ1c2VyaWQiOiIxIiwidXNlcmxldmVsIjoiMiIsImV4cCI6MTY2MjczMDg5Mn0
09-09-2022 13:11 >>>> Requête liste des assemblées! Liste des assemblées obtenues user : eyJ1c2VyaWQiOiIxIiwidXNlcmxldmVsIjoiMiIsImV4cCI6MTY2MjczMDg5Mn0
09-09-2022 13:11 >>>> Requête liste des groupes! Liste des groupes obtnus user : eyJ1c2VyaWQiOiIxIiwidXNlcmxldmVsIjoiMiIsImV4cCI6MTY2MjczMDg5Mn0
09-09-2022 13:12 >>>> Recherche profonde juste par identifiant effectuée; juste trouvé user : eyJ1c2VyaWQiOiIxIiwidXNlcmxldmVsIjoiMiIsImV4cCI6MTY2MjczMDg5M30
09-09-2022 13:12 >>>> Requête liste des groupes du juste; Liste des assemblées obtenues. user : eyJ1c2VyaWQiOiIxIiwidXNlcmxldmVsIjoiMiIsImV4cCI6MTY2MjczMDg5M30
09-09-2022 13:12 >>>> Requête liste des assemblées! Liste des assemblées obtenues user : eyJ1c2VyaWQiOiIxIiwidXNlcmxldmVsIjoiMiIsImV4cCI6MTY2MjczMDg5M30
09-09-2022 13:12 >>>> Requête liste des groupes! Liste des groupes obtnus user : eyJ1c2VyaWQiOiIxIiwidXNlcmxldmVsIjoiMiIsImV4cCI6MTY2MjczMDg5M30
09-09-2022 13:12 >>>> Recherche profonde juste par identifiant effectuée; juste trouvé user : eyJ1c2VyaWQiOiIxIiwidXNlcmxldmVsIjoiMiIsImV4cCI6MTY2MjczMDkzNn0
09-09-2022 13:12 >>>> Requête liste des groupes! Liste des groupes obtnus user : eyJ1c2VyaWQiOiIxIiwidXNlcmxldmVsIjoiMiIsImV4cCI6MTY2MjczMDkzNn0
09-09-2022 13:12 >>>> Requête liste des groupes du juste; Liste des assemblées obtenues. user : eyJ1c2VyaWQiOiIxIiwidXNlcmxldmVsIjoiMiIsImV4cCI6MTY2MjczMDkzNn0
09-09-2022 13:12 >>>> Requête liste des assemblées! Liste des assemblées obtenues user : eyJ1c2VyaWQiOiIxIiwidXNlcmxldmVsIjoiMiIsImV4cCI6MTY2MjczMDkzNn0
09-09-2022 13:13 >>>> Recherche profonde juste par identifiant effectuée; juste trouvé user : eyJ1c2VyaWQiOiIxIiwidXNlcmxldmVsIjoiMiIsImV4cCI6MTY2MjczMDkzOH0
09-09-2022 13:13 >>>> Requête liste des assemblées! Liste des assemblées obtenues user : eyJ1c2VyaWQiOiIxIiwidXNlcmxldmVsIjoiMiIsImV4cCI6MTY2MjczMDkzOH0
09-09-2022 13:13 >>>> Requête liste des groupes! Liste des groupes obtnus user : eyJ1c2VyaWQiOiIxIiwidXNlcmxldmVsIjoiMiIsImV4cCI6MTY2MjczMDkzOH0
09-09-2022 13:13 >>>> Requête liste des groupes du juste; Liste des assemblées obtenues. user : eyJ1c2VyaWQiOiIxIiwidXNlcmxldmVsIjoiMiIsImV4cCI6MTY2MjczMDkzOH0
09-09-2022 13:14 >>>> Requête liste des groupes du juste; Liste des assemblées obtenues. user : eyJ1c2VyaWQiOiIxIiwidXNlcmxldmVsIjoiMiIsImV4cCI6MTY2MjczMTAzN30
09-09-2022 13:14 >>>> Recherche profonde juste par identifiant effectuée; juste trouvé user : eyJ1c2VyaWQiOiIxIiwidXNlcmxldmVsIjoiMiIsImV4cCI6MTY2MjczMTAzN30
09-09-2022 13:14 >>>> Requête liste des assemblées! Liste des assemblées obtenues user : eyJ1c2VyaWQiOiIxIiwidXNlcmxldmVsIjoiMiIsImV4cCI6MTY2MjczMTAzN30
09-09-2022 13:14 >>>> Requête liste des groupes! Liste des groupes obtnus user : eyJ1c2VyaWQiOiIxIiwidXNlcmxldmVsIjoiMiIsImV4cCI6MTY2MjczMTAzN30
09-09-2022 13:15 >>>> Recherche profonde juste par identifiant effectuée; juste trouvé user : eyJ1c2VyaWQiOiIxIiwidXNlcmxldmVsIjoiMiIsImV4cCI6MTY2MjczMTA4M30
09-09-2022 13:15 >>>> Requête liste des groupes du juste; Liste des assemblées obtenues. user : eyJ1c2VyaWQiOiIxIiwidXNlcmxldmVsIjoiMiIsImV4cCI6MTY2MjczMTA4M30
09-09-2022 13:15 >>>> Requête liste des groupes! Liste des groupes obtnus user : eyJ1c2VyaWQiOiIxIiwidXNlcmxldmVsIjoiMiIsImV4cCI6MTY2MjczMTA4M30
09-09-2022 13:15 >>>> Requête liste des assemblées! Liste des assemblées obtenues user : eyJ1c2VyaWQiOiIxIiwidXNlcmxldmVsIjoiMiIsImV4cCI6MTY2MjczMTA4M30
09-09-2022 13:19 >>>> Recherche profonde juste par identifiant effectuée; juste trouvé user : eyJ1c2VyaWQiOiIxIiwidXNlcmxldmVsIjoiMiIsImV4cCI6MTY2MjczMTEyMH0
09-09-2022 13:19 >>>> Requête liste des groupes du juste; Liste des assemblées obtenues. user : eyJ1c2VyaWQiOiIxIiwidXNlcmxldmVsIjoiMiIsImV4cCI6MTY2MjczMTEyMH0
09-09-2022 13:19 >>>> Requête liste des assemblées! Liste des assemblées obtenues user : eyJ1c2VyaWQiOiIxIiwidXNlcmxldmVsIjoiMiIsImV4cCI6MTY2MjczMTEyMH0
09-09-2022 13:19 >>>> Requête liste des groupes! Liste des groupes obtnus user : eyJ1c2VyaWQiOiIxIiwidXNlcmxldmVsIjoiMiIsImV4cCI6MTY2MjczMTEyMH0
09-09-2022 13:23 >>>> Recherche profonde juste par identifiant effectuée; juste trouvé user : eyJ1c2VyaWQiOiIxIiwidXNlcmxldmVsIjoiMiIsImV4cCI6MTY2MjczMTM1N30
09-09-2022 13:23 >>>> Requête liste des assemblées! Liste des assemblées obtenues user : eyJ1c2VyaWQiOiIxIiwidXNlcmxldmVsIjoiMiIsImV4cCI6MTY2MjczMTM1N30
09-09-2022 13:23 >>>> Requête liste des groupes du juste; Liste des assemblées obtenues. user : eyJ1c2VyaWQiOiIxIiwidXNlcmxldmVsIjoiMiIsImV4cCI6MTY2MjczMTM1N30
09-09-2022 13:23 >>>> Requête liste des groupes! Liste des groupes obtnus user : eyJ1c2VyaWQiOiIxIiwidXNlcmxldmVsIjoiMiIsImV4cCI6MTY2MjczMTM1N30
09-09-2022 13:32 >>>> Recherche profonde juste par identifiant effectuée; juste trouvé user : eyJ1c2VyaWQiOiIxIiwidXNlcmxldmVsIjoiMiIsImV4cCI6MTY2MjczMTYyM30
09-09-2022 13:32 >>>> Requête liste des groupes! Liste des groupes obtnus user : eyJ1c2VyaWQiOiIxIiwidXNlcmxldmVsIjoiMiIsImV4cCI6MTY2MjczMTYyM30
09-09-2022 13:32 >>>> Requête liste des assemblées! Liste des assemblées obtenues user : eyJ1c2VyaWQiOiIxIiwidXNlcmxldmVsIjoiMiIsImV4cCI6MTY2MjczMTYyM30
09-09-2022 13:32 >>>> Requête liste des groupes du juste; Liste des assemblées obtenues. user : eyJ1c2VyaWQiOiIxIiwidXNlcmxldmVsIjoiMiIsImV4cCI6MTY2MjczMTYyM30
09-09-2022 13:34 >>>> Requête liste des groupes du juste; Liste des assemblées obtenues. user : eyJ1c2VyaWQiOiIxIiwidXNlcmxldmVsIjoiMiIsImV4cCI6MTY2MjczMjE1NX0
09-09-2022 13:34 >>>> Recherche profonde juste par identifiant effectuée; juste trouvé user : eyJ1c2VyaWQiOiIxIiwidXNlcmxldmVsIjoiMiIsImV4cCI6MTY2MjczMjE1NX0
09-09-2022 13:34 >>>> Requête liste des groupes! Liste des groupes obtnus user : eyJ1c2VyaWQiOiIxIiwidXNlcmxldmVsIjoiMiIsImV4cCI6MTY2MjczMjE1NX0
09-09-2022 13:34 >>>> Requête liste des assemblées! Liste des assemblées obtenues user : eyJ1c2VyaWQiOiIxIiwidXNlcmxldmVsIjoiMiIsImV4cCI6MTY2MjczMjE1NX0
09-09-2022 13:35 >>>> Recherche profonde juste par identifiant effectuée; juste trouvé user : eyJ1c2VyaWQiOiIxIiwidXNlcmxldmVsIjoiMiIsImV4cCI6MTY2MjczMjI5MX0
09-09-2022 13:35 >>>> Requête liste des groupes! Liste des groupes obtnus user : eyJ1c2VyaWQiOiIxIiwidXNlcmxldmVsIjoiMiIsImV4cCI6MTY2MjczMjI5MX0
09-09-2022 13:35 >>>> Requête liste des groupes du juste; Liste des assemblées obtenues. user : eyJ1c2VyaWQiOiIxIiwidXNlcmxldmVsIjoiMiIsImV4cCI6MTY2MjczMjI5MX0
09-09-2022 13:35 >>>> Requête liste des assemblées! Liste des assemblées obtenues user : eyJ1c2VyaWQiOiIxIiwidXNlcmxldmVsIjoiMiIsImV4cCI6MTY2MjczMjI5MX0
09-09-2022 13:36 >>>> Requête liste des groupes du juste; Liste des assemblées obtenues. user : eyJ1c2VyaWQiOiIxIiwidXNlcmxldmVsIjoiMiIsImV4cCI6MTY2MjczMjM0M30
09-09-2022 13:36 >>>> Service trouvé user : eyJ1c2VyaWQiOiIxIiwidXNlcmxldmVsIjoiMiIsImV4cCI6MTY2MjczMjM4Mn0
09-09-2022 13:36 >>>> Requête liste des justes du groupe; Liste des justes obtnus user : eyJ1c2VyaWQiOiIxIiwidXNlcmxldmVsIjoiMiIsImV4cCI6MTY2MjczMjM4Mn0
09-09-2022 13:36 >>>> Requête liste des justes du groupe; Liste des justes obtnus user : eyJ1c2VyaWQiOiIxIiwidXNlcmxldmVsIjoiMiIsImV4cCI6MTY2MjczMjM4NH0
09-09-2022 13:36 >>>> Recherche profonde juste par identifiant effectuée; juste trouvé user : eyJ1c2VyaWQiOiIxIiwidXNlcmxldmVsIjoiMiIsImV4cCI6MTY2MjczMjM4N30
09-09-2022 13:36 >>>> Requête liste des groupes du juste; Liste des assemblées obtenues. user : eyJ1c2VyaWQiOiIxIiwidXNlcmxldmVsIjoiMiIsImV4cCI6MTY2MjczMjM4N30
09-09-2022 13:36 >>>> Requête liste des groupes! Liste des groupes obtnus user : eyJ1c2VyaWQiOiIxIiwidXNlcmxldmVsIjoiMiIsImV4cCI6MTY2MjczMjM4N30
09-09-2022 13:36 >>>> Requête liste des assemblées! Liste des assemblées obtenues user : eyJ1c2VyaWQiOiIxIiwidXNlcmxldmVsIjoiMiIsImV4cCI6MTY2MjczMjM4N30
09-09-2022 18:45 >>>> Token expiré
09-09-2022 18:46 >>>> Connexion par login éffectuée. user : eyJ1c2VyaWQiOiIxIiwidXNlcmxldmVsIjoiMiIsImV4cCI6MTY2Mjc1MDk2NX0
09-09-2022 18:46 >>>> Requête liste des assemblées! Liste des assemblées obtenues user : eyJ1c2VyaWQiOiIxIiwidXNlcmxldmVsIjoiMiIsImV4cCI6MTY2Mjc1MDk2NX0
09-09-2022 18:49 >>>> Assemblée enregistré. user : eyJ1c2VyaWQiOiIxIiwidXNlcmxldmVsIjoiMiIsImV4cCI6MTY2Mjc1MDk2N30
09-09-2022 18:49 >>>> Requête liste des assemblées! Liste des assemblées obtenues user : eyJ1c2VyaWQiOiIxIiwidXNlcmxldmVsIjoiMiIsImV4cCI6MTY2Mjc1MTE2Mn0
09-09-2022 18:49 >>>> Requête liste des justes; Liste des justes obtnus user : eyJ1c2VyaWQiOiIxIiwidXNlcmxldmVsIjoiMiIsImV4cCI6MTY2Mjc1MTE2NX0
09-09-2022 18:49 >>>> Requête liste des assemblées! Liste des assemblées obtenues user : eyJ1c2VyaWQiOiIxIiwidXNlcmxldmVsIjoiMiIsImV4cCI6MTY2Mjc1MTE2OX0
09-09-2022 18:51 >>>> Juste enregistré user : eyJ1c2VyaWQiOiIxIiwidXNlcmxldmVsIjoiMiIsImV4cCI6MTY2Mjc1MTE3M30
09-09-2022 18:52 >>>> Requête liste des justes; Liste des justes obtnus user : eyJ1c2VyaWQiOiIxIiwidXNlcmxldmVsIjoiMiIsImV4cCI6MTY2Mjc1MTMxNn0
09-09-2022 18:52 >>>> Recherche profonde juste par identifiant effectuée; juste trouvé user : eyJ1c2VyaWQiOiIxIiwidXNlcmxldmVsIjoiMiIsImV4cCI6MTY2Mjc1MTMyM30
09-09-2022 18:52 >>>> Requête liste des assemblées! Liste des assemblées obtenues user : eyJ1c2VyaWQiOiIxIiwidXNlcmxldmVsIjoiMiIsImV4cCI6MTY2Mjc1MTMyM30
09-09-2022 18:52 >>>> Requête liste des groupes! Liste des groupes obtnus user : eyJ1c2VyaWQiOiIxIiwidXNlcmxldmVsIjoiMiIsImV4cCI6MTY2Mjc1MTMyM30
09-09-2022 18:52 >>>> Requête liste des groupes du juste; Aucun groupe affiliée user : eyJ1c2VyaWQiOiIxIiwidXNlcmxldmVsIjoiMiIsImV4cCI6MTY2Mjc1MTMyM30
09-09-2022 18:52 >>>> Requête liste des assemblées! Liste des assemblées obtenues user : eyJ1c2VyaWQiOiIxIiwidXNlcmxldmVsIjoiMiIsImV4cCI6MTY2Mjc1MTMyNX0
09-09-2022 18:54 >>>> Assemblée enregistré. user : eyJ1c2VyaWQiOiIxIiwidXNlcmxldmVsIjoiMiIsImV4cCI6MTY2Mjc1MTM3MX0
09-09-2022 18:55 >>>> Requête liste des justes; Liste des justes obtnus user : eyJ1c2VyaWQiOiIxIiwidXNlcmxldmVsIjoiMiIsImV4cCI6MTY2Mjc1MTQ5NX0
09-09-2022 18:55 >>>> Requête liste des assemblées! Liste des assemblées obtenues user : eyJ1c2VyaWQiOiIxIiwidXNlcmxldmVsIjoiMiIsImV4cCI6MTY2Mjc1MTUwMH0
09-09-2022 19:00 >>>> Juste enregistré user : eyJ1c2VyaWQiOiIxIiwidXNlcmxldmVsIjoiMiIsImV4cCI6MTY2Mjc1MTUwMn0
09-09-2022 19:01 >>>> Requête liste des justes; Liste des justes obtnus user : eyJ1c2VyaWQiOiIxIiwidXNlcmxldmVsIjoiMiIsImV4cCI6MTY2Mjc1MTg1NH0
09-09-2022 19:01 >>>> Recherche profonde juste par identifiant effectuée; juste trouvé user : eyJ1c2VyaWQiOiIxIiwidXNlcmxldmVsIjoiMiIsImV4cCI6MTY2Mjc1MTg2Mn0
09-09-2022 19:01 >>>> Requête liste des groupes du juste; Aucun groupe affiliée user : eyJ1c2VyaWQiOiIxIiwidXNlcmxldmVsIjoiMiIsImV4cCI6MTY2Mjc1MTg2Mn0
09-09-2022 19:01 >>>> Requête liste des groupes! Liste des groupes obtnus user : eyJ1c2VyaWQiOiIxIiwidXNlcmxldmVsIjoiMiIsImV4cCI6MTY2Mjc1MTg2Mn0
09-09-2022 19:01 >>>> Requête liste des assemblées! Liste des assemblées obtenues user : eyJ1c2VyaWQiOiIxIiwidXNlcmxldmVsIjoiMiIsImV4cCI6MTY2Mjc1MTg2Mn0
09-09-2022 19:01 >>>> Echec de modification des informations du juste! 
09-09-2022 19:01 >>>> Requête liste des justes; Liste des justes obtnus user : eyJ1c2VyaWQiOiIxIiwidXNlcmxldmVsIjoiMiIsImV4cCI6MTY2Mjc1MTg2NH0
09-09-2022 19:01 >>>> Recherche profonde juste par identifiant effectuée; juste trouvé user : eyJ1c2VyaWQiOiIxIiwidXNlcmxldmVsIjoiMiIsImV4cCI6MTY2Mjc1MTkwNH0
09-09-2022 19:01 >>>> Requête liste des groupes du juste; Aucun groupe affiliée user : eyJ1c2VyaWQiOiIxIiwidXNlcmxldmVsIjoiMiIsImV4cCI6MTY2Mjc1MTkwNH0
09-09-2022 19:01 >>>> Requête liste des assemblées! Liste des assemblées obtenues user : eyJ1c2VyaWQiOiIxIiwidXNlcmxldmVsIjoiMiIsImV4cCI6MTY2Mjc1MTkwNH0
09-09-2022 19:01 >>>> Requête liste des groupes! Liste des groupes obtnus user : eyJ1c2VyaWQiOiIxIiwidXNlcmxldmVsIjoiMiIsImV4cCI6MTY2Mjc1MTkwNH0
09-09-2022 19:02 >>>> Requête liste des justes; Liste des justes obtnus user : eyJ1c2VyaWQiOiIxIiwidXNlcmxldmVsIjoiMiIsImV4cCI6MTY2Mjc1MTkwNn0
09-09-2022 19:02 >>>> Recherche profonde juste par identifiant effectuée; juste trouvé user : eyJ1c2VyaWQiOiIxIiwidXNlcmxldmVsIjoiMiIsImV4cCI6MTY2Mjc1MTkyNH0
09-09-2022 19:02 >>>> Requête liste des groupes du juste; Aucun groupe affiliée user : eyJ1c2VyaWQiOiIxIiwidXNlcmxldmVsIjoiMiIsImV4cCI6MTY2Mjc1MTkyNH0
09-09-2022 19:02 >>>> Requête liste des assemblées! Liste des assemblées obtenues user : eyJ1c2VyaWQiOiIxIiwidXNlcmxldmVsIjoiMiIsImV4cCI6MTY2Mjc1MTkyNH0
09-09-2022 19:02 >>>> Requête liste des groupes! Liste des groupes obtnus user : eyJ1c2VyaWQiOiIxIiwidXNlcmxldmVsIjoiMiIsImV4cCI6MTY2Mjc1MTkyNH0
09-09-2022 19:02 >>>> Requête liste des justes; Liste des justes obtnus user : eyJ1c2VyaWQiOiIxIiwidXNlcmxldmVsIjoiMiIsImV4cCI6MTY2Mjc1MTkyNn0
09-09-2022 19:02 >>>> Recherche profonde juste par identifiant effectuée; juste trouvé user : eyJ1c2VyaWQiOiIxIiwidXNlcmxldmVsIjoiMiIsImV4cCI6MTY2Mjc1MTk0Nn0
09-09-2022 19:02 >>>> Requête liste des assemblées! Liste des assemblées obtenues user : eyJ1c2VyaWQiOiIxIiwidXNlcmxldmVsIjoiMiIsImV4cCI6MTY2Mjc1MTk0Nn0
09-09-2022 19:02 >>>> Requête liste des groupes du juste; Aucun groupe affiliée user : eyJ1c2VyaWQiOiIxIiwidXNlcmxldmVsIjoiMiIsImV4cCI6MTY2Mjc1MTk0Nn0
09-09-2022 19:02 >>>> Requête liste des groupes! Liste des groupes obtnus user : eyJ1c2VyaWQiOiIxIiwidXNlcmxldmVsIjoiMiIsImV4cCI6MTY2Mjc1MTk0Nn0
09-09-2022 19:22 >>>> Requête liste des justes; Liste des justes obtnus user : eyJ1c2VyaWQiOiIxIiwidXNlcmxldmVsIjoiMiIsImV4cCI6MTY2Mjc1MTk0OX0
09-09-2022 19:22 >>>> Recherche profonde juste par identifiant effectuée; juste trouvé user : eyJ1c2VyaWQiOiIxIiwidXNlcmxldmVsIjoiMiIsImV4cCI6MTY2Mjc1MzEyMX0
09-09-2022 19:22 >>>> Requête liste des groupes du juste; Aucun groupe affiliée user : eyJ1c2VyaWQiOiIxIiwidXNlcmxldmVsIjoiMiIsImV4cCI6MTY2Mjc1MzEyMX0
09-09-2022 19:22 >>>> Requête liste des assemblées! Liste des assemblées obtenues user : eyJ1c2VyaWQiOiIxIiwidXNlcmxldmVsIjoiMiIsImV4cCI6MTY2Mjc1MzEyMX0
09-09-2022 19:22 >>>> Requête liste des groupes! Liste des groupes obtnus user : eyJ1c2VyaWQiOiIxIiwidXNlcmxldmVsIjoiMiIsImV4cCI6MTY2Mjc1MzEyMX0
09-09-2022 19:22 >>>> Requête liste des justes; Liste des justes obtnus user : eyJ1c2VyaWQiOiIxIiwidXNlcmxldmVsIjoiMiIsImV4cCI6MTY2Mjc1MzEyM30
09-09-2022 19:22 >>>> Recherche profonde juste par identifiant effectuée; juste trouvé user : eyJ1c2VyaWQiOiIxIiwidXNlcmxldmVsIjoiMiIsImV4cCI6MTY2Mjc1MzE1Nn0
09-09-2022 19:22 >>>> Requête liste des groupes du juste; Aucun groupe affiliée user : eyJ1c2VyaWQiOiIxIiwidXNlcmxldmVsIjoiMiIsImV4cCI6MTY2Mjc1MzE1Nn0
09-09-2022 19:22 >>>> Requête liste des groupes! Liste des groupes obtnus user : eyJ1c2VyaWQiOiIxIiwidXNlcmxldmVsIjoiMiIsImV4cCI6MTY2Mjc1MzE1Nn0
09-09-2022 19:22 >>>> Requête liste des assemblées! Liste des assemblées obtenues user : eyJ1c2VyaWQiOiIxIiwidXNlcmxldmVsIjoiMiIsImV4cCI6MTY2Mjc1MzE1Nn0
09-09-2022 19:23 >>>> Requête liste des justes; Liste des justes obtnus user : eyJ1c2VyaWQiOiIxIiwidXNlcmxldmVsIjoiMiIsImV4cCI6MTY2Mjc1MzE1OH0
09-09-2022 19:23 >>>> Recherche profonde juste par identifiant effectuée; juste trouvé user : eyJ1c2VyaWQiOiIxIiwidXNlcmxldmVsIjoiMiIsImV4cCI6MTY2Mjc1MzIyNX0
09-09-2022 19:23 >>>> Requête liste des groupes du juste; Aucun groupe affiliée user : eyJ1c2VyaWQiOiIxIiwidXNlcmxldmVsIjoiMiIsImV4cCI6MTY2Mjc1MzIyNX0
09-09-2022 19:23 >>>> Requête liste des groupes! Liste des groupes obtnus user : eyJ1c2VyaWQiOiIxIiwidXNlcmxldmVsIjoiMiIsImV4cCI6MTY2Mjc1MzIyNX0
09-09-2022 19:23 >>>> Requête liste des assemblées! Liste des assemblées obtenues user : eyJ1c2VyaWQiOiIxIiwidXNlcmxldmVsIjoiMiIsImV4cCI6MTY2Mjc1MzIyNX0
09-09-2022 19:29 >>>> Requête liste des groupes! Liste des groupes obtnus user : eyJ1c2VyaWQiOiIxIiwidXNlcmxldmVsIjoiMiIsImV4cCI6MTY2Mjc1MzIyN30
09-09-2022 19:29 >>>> Requête liste des justes; Liste des justes obtnus user : eyJ1c2VyaWQiOiIxIiwidXNlcmxldmVsIjoiMiIsImV4cCI6MTY2Mjc1MzU5MX0
09-09-2022 19:29 >>>> Recherche profonde juste par identifiant effectuée; juste trouvé user : eyJ1c2VyaWQiOiIxIiwidXNlcmxldmVsIjoiMiIsImV4cCI6MTY2Mjc1MzU5M30
09-09-2022 19:29 >>>> Requête liste des groupes du juste; Aucun groupe affiliée user : eyJ1c2VyaWQiOiIxIiwidXNlcmxldmVsIjoiMiIsImV4cCI6MTY2Mjc1MzU5M30
09-09-2022 19:29 >>>> Requête liste des assemblées! Liste des assemblées obtenues user : eyJ1c2VyaWQiOiIxIiwidXNlcmxldmVsIjoiMiIsImV4cCI6MTY2Mjc1MzU5M30
09-09-2022 19:29 >>>> Requête liste des groupes! Liste des groupes obtnus user : eyJ1c2VyaWQiOiIxIiwidXNlcmxldmVsIjoiMiIsImV4cCI6MTY2Mjc1MzU5M30
09-09-2022 19:36 >>>> Requête liste des groupes! Liste des groupes obtnus user : eyJ1c2VyaWQiOiIxIiwidXNlcmxldmVsIjoiMiIsImV4cCI6MTY2Mjc1MzU5NX0
09-09-2022 19:36 >>>> Requête liste des justes; Liste des justes obtnus user : eyJ1c2VyaWQiOiIxIiwidXNlcmxldmVsIjoiMiIsImV4cCI6MTY2Mjc1Mzk3NH0
09-09-2022 19:36 >>>> Recherche profonde juste par identifiant effectuée; juste trouvé user : eyJ1c2VyaWQiOiIxIiwidXNlcmxldmVsIjoiMiIsImV4cCI6MTY2Mjc1Mzk3Nn0
09-09-2022 19:36 >>>> Requête liste des groupes! Liste des groupes obtnus user : eyJ1c2VyaWQiOiIxIiwidXNlcmxldmVsIjoiMiIsImV4cCI6MTY2Mjc1Mzk3Nn0
09-09-2022 19:36 >>>> Requête liste des groupes du juste; Aucun groupe affiliée user : eyJ1c2VyaWQiOiIxIiwidXNlcmxldmVsIjoiMiIsImV4cCI6MTY2Mjc1Mzk3Nn0
09-09-2022 19:36 >>>> Requête liste des assemblées! Liste des assemblées obtenues user : eyJ1c2VyaWQiOiIxIiwidXNlcmxldmVsIjoiMiIsImV4cCI6MTY2Mjc1Mzk3Nn0
09-09-2022 19:51 >>>> Modification des informations du juste éffectuée! user : eyJ1c2VyaWQiOiIxIiwidXNlcmxldmVsIjoiMiIsImV4cCI6MTY2Mjc1Mzk3OH0
09-09-2022 19:51 >>>> Requête liste des justes; Liste des justes obtnus user : eyJ1c2VyaWQiOiIxIiwidXNlcmxldmVsIjoiMiIsImV4cCI6MTY2Mjc1NDkwOX0
09-09-2022 19:51 >>>> Recherche profonde juste par identifiant effectuée; juste trouvé user : eyJ1c2VyaWQiOiIxIiwidXNlcmxldmVsIjoiMiIsImV4cCI6MTY2Mjc1NDkxOH0
09-09-2022 19:51 >>>> Requête liste des groupes! Liste des groupes obtnus user : eyJ1c2VyaWQiOiIxIiwidXNlcmxldmVsIjoiMiIsImV4cCI6MTY2Mjc1NDkxOH0
09-09-2022 19:51 >>>> Requête liste des assemblées! Liste des assemblées obtenues user : eyJ1c2VyaWQiOiIxIiwidXNlcmxldmVsIjoiMiIsImV4cCI6MTY2Mjc1NDkxOH0
09-09-2022 19:51 >>>> Requête liste des groupes du juste; Aucun groupe affiliée user : eyJ1c2VyaWQiOiIxIiwidXNlcmxldmVsIjoiMiIsImV4cCI6MTY2Mjc1NDkxOH0
09-09-2022 19:52 >>>> Requête liste des groupes! Liste des groupes obtnus user : eyJ1c2VyaWQiOiIxIiwidXNlcmxldmVsIjoiMiIsImV4cCI6MTY2Mjc1NDkxOX0
09-09-2022 19:52 >>>> Requête liste des justes; Liste des justes obtnus user : eyJ1c2VyaWQiOiIxIiwidXNlcmxldmVsIjoiMiIsImV4cCI6MTY2Mjc1NDkzMH0
09-09-2022 19:52 >>>> Recherche profonde juste par identifiant effectuée; juste trouvé user : eyJ1c2VyaWQiOiIxIiwidXNlcmxldmVsIjoiMiIsImV4cCI6MTY2Mjc1NDkzM30
09-09-2022 19:52 >>>> Requête liste des assemblées! Liste des assemblées obtenues user : eyJ1c2VyaWQiOiIxIiwidXNlcmxldmVsIjoiMiIsImV4cCI6MTY2Mjc1NDkzM30
09-09-2022 19:52 >>>> Requête liste des groupes du juste; Aucun groupe affiliée user : eyJ1c2VyaWQiOiIxIiwidXNlcmxldmVsIjoiMiIsImV4cCI6MTY2Mjc1NDkzM30
09-09-2022 19:52 >>>> Requête liste des groupes! Liste des groupes obtnus user : eyJ1c2VyaWQiOiIxIiwidXNlcmxldmVsIjoiMiIsImV4cCI6MTY2Mjc1NDkzM30
09-09-2022 20:03 >>>> Requête liste des groupes! Liste des groupes obtnus user : eyJ1c2VyaWQiOiIxIiwidXNlcmxldmVsIjoiMiIsImV4cCI6MTY2Mjc1NDkzNn0
09-09-2022 20:03 >>>> Requête liste des assemblées! Liste des assemblées obtenues user : eyJ1c2VyaWQiOiIxIiwidXNlcmxldmVsIjoiMiIsImV4cCI6MTY2Mjc1NTU5OX0
09-09-2022 20:03 >>>> Requête liste des justes de l'assemblée! Liste des justes obtnus user : eyJ1c2VyaWQiOiIxIiwidXNlcmxldmVsIjoiMiIsImV4cCI6MTY2Mjc1NTYxMH0
09-09-2022 20:03 >>>> Requête liste des justes; Liste des justes obtnus user : eyJ1c2VyaWQiOiIxIiwidXNlcmxldmVsIjoiMiIsImV4cCI6MTY2Mjc1NTYyMX0
09-09-2022 20:03 >>>> Recherche profonde juste par identifiant effectuée; juste trouvé user : eyJ1c2VyaWQiOiIxIiwidXNlcmxldmVsIjoiMiIsImV4cCI6MTY2Mjc1NTYzNX0
09-09-2022 20:03 >>>> Requête liste des assemblées! Liste des assemblées obtenues user : eyJ1c2VyaWQiOiIxIiwidXNlcmxldmVsIjoiMiIsImV4cCI6MTY2Mjc1NTYzNX0
09-09-2022 20:03 >>>> Requête liste des groupes du juste; Aucun groupe affiliée user : eyJ1c2VyaWQiOiIxIiwidXNlcmxldmVsIjoiMiIsImV4cCI6MTY2Mjc1NTYzNX0
09-09-2022 20:03 >>>> Requête liste des groupes! Liste des groupes obtnus user : eyJ1c2VyaWQiOiIxIiwidXNlcmxldmVsIjoiMiIsImV4cCI6MTY2Mjc1NTYzNX0
09-09-2022 20:05 >>>> Recherche profonde juste par identifiant effectuée; juste trouvé user : eyJ1c2VyaWQiOiIxIiwidXNlcmxldmVsIjoiMiIsImV4cCI6MTY2Mjc1NTYzN30
09-09-2022 20:05 >>>> Requête liste des assemblées! Liste des assemblées obtenues user : eyJ1c2VyaWQiOiIxIiwidXNlcmxldmVsIjoiMiIsImV4cCI6MTY2Mjc1NTYzN30
09-09-2022 20:05 >>>> Requête liste des groupes du juste; Aucun groupe affiliée user : eyJ1c2VyaWQiOiIxIiwidXNlcmxldmVsIjoiMiIsImV4cCI6MTY2Mjc1NTYzN30
09-09-2022 20:05 >>>> Requête liste des groupes! Liste des groupes obtnus user : eyJ1c2VyaWQiOiIxIiwidXNlcmxldmVsIjoiMiIsImV4cCI6MTY2Mjc1NTYzN30
09-09-2022 20:05 >>>> Recherche profonde juste par identifiant effectuée; juste trouvé user : eyJ1c2VyaWQiOiIxIiwidXNlcmxldmVsIjoiMiIsImV4cCI6MTY2Mjc1NTcyMH0
09-09-2022 20:05 >>>> Requête liste des groupes du juste; Aucun groupe affiliée user : eyJ1c2VyaWQiOiIxIiwidXNlcmxldmVsIjoiMiIsImV4cCI6MTY2Mjc1NTcyMH0
09-09-2022 20:05 >>>> Requête liste des groupes! Liste des groupes obtnus user : eyJ1c2VyaWQiOiIxIiwidXNlcmxldmVsIjoiMiIsImV4cCI6MTY2Mjc1NTcyMH0
09-09-2022 20:05 >>>> Requête liste des assemblées! Liste des assemblées obtenues user : eyJ1c2VyaWQiOiIxIiwidXNlcmxldmVsIjoiMiIsImV4cCI6MTY2Mjc1NTcyMH0
09-09-2022 20:17 >>>> Requête liste des justes; Liste des justes obtnus user : eyJ1c2VyaWQiOiIxIiwidXNlcmxldmVsIjoiMiIsImV4cCI6MTY2Mjc1NTcyMn0
09-09-2022 20:17 >>>> Recherche profonde juste par identifiant effectuée; juste trouvé user : eyJ1c2VyaWQiOiIxIiwidXNlcmxldmVsIjoiMiIsImV4cCI6MTY2Mjc1NjQzNX0
09-09-2022 20:17 >>>> Requête liste des assemblées! Liste des assemblées obtenues user : eyJ1c2VyaWQiOiIxIiwidXNlcmxldmVsIjoiMiIsImV4cCI6MTY2Mjc1NjQzNX0
09-09-2022 20:17 >>>> Requête liste des groupes! Liste des groupes obtnus user : eyJ1c2VyaWQiOiIxIiwidXNlcmxldmVsIjoiMiIsImV4cCI6MTY2Mjc1NjQzNX0
09-09-2022 20:17 >>>> Requête liste des groupes du juste; Liste des assemblées obtenues. user : eyJ1c2VyaWQiOiIxIiwidXNlcmxldmVsIjoiMiIsImV4cCI6MTY2Mjc1NjQzNX0
09-09-2022 20:17 >>>> Requête liste des justes; Liste des justes obtnus user : eyJ1c2VyaWQiOiIxIiwidXNlcmxldmVsIjoiMiIsImV4cCI6MTY2Mjc1NjQzN30
09-09-2022 20:17 >>>> Recherche profonde juste par identifiant effectuée; juste trouvé user : eyJ1c2VyaWQiOiIxIiwidXNlcmxldmVsIjoiMiIsImV4cCI6MTY2Mjc1NjQ1NH0
09-09-2022 20:17 >>>> Requête liste des assemblées! Liste des assemblées obtenues user : eyJ1c2VyaWQiOiIxIiwidXNlcmxldmVsIjoiMiIsImV4cCI6MTY2Mjc1NjQ1NH0
09-09-2022 20:17 >>>> Requête liste des groupes du juste; Aucun groupe affiliée user : eyJ1c2VyaWQiOiIxIiwidXNlcmxldmVsIjoiMiIsImV4cCI6MTY2Mjc1NjQ1NH0
09-09-2022 20:17 >>>> Requête liste des groupes! Liste des groupes obtnus user : eyJ1c2VyaWQiOiIxIiwidXNlcmxldmVsIjoiMiIsImV4cCI6MTY2Mjc1NjQ1NH0
09-09-2022 20:18 >>>> Recherche profonde juste par identifiant effectuée; juste trouvé user : eyJ1c2VyaWQiOiIxIiwidXNlcmxldmVsIjoiMiIsImV4cCI6MTY2Mjc1NjQ1Nn0
09-09-2022 20:18 >>>> Requête liste des groupes du juste; Aucun groupe affiliée user : eyJ1c2VyaWQiOiIxIiwidXNlcmxldmVsIjoiMiIsImV4cCI6MTY2Mjc1NjQ1Nn0
09-09-2022 20:18 >>>> Requête liste des assemblées! Liste des assemblées obtenues user : eyJ1c2VyaWQiOiIxIiwidXNlcmxldmVsIjoiMiIsImV4cCI6MTY2Mjc1NjQ1Nn0
09-09-2022 20:18 >>>> Requête liste des groupes! Liste des groupes obtnus user : eyJ1c2VyaWQiOiIxIiwidXNlcmxldmVsIjoiMiIsImV4cCI6MTY2Mjc1NjQ1Nn0
09-09-2022 20:18 >>>> Recherche profonde juste par identifiant effectuée; juste trouvé user : eyJ1c2VyaWQiOiIxIiwidXNlcmxldmVsIjoiMiIsImV4cCI6MTY2Mjc1NjUyMX0
09-09-2022 20:18 >>>> Requête liste des groupes! Liste des groupes obtnus user : eyJ1c2VyaWQiOiIxIiwidXNlcmxldmVsIjoiMiIsImV4cCI6MTY2Mjc1NjUyMX0
09-09-2022 20:18 >>>> Requête liste des groupes du juste; Aucun groupe affiliée user : eyJ1c2VyaWQiOiIxIiwidXNlcmxldmVsIjoiMiIsImV4cCI6MTY2Mjc1NjUyMX0
09-09-2022 20:18 >>>> Requête liste des assemblées! Liste des assemblées obtenues user : eyJ1c2VyaWQiOiIxIiwidXNlcmxldmVsIjoiMiIsImV4cCI6MTY2Mjc1NjUyMX0
09-09-2022 20:28 >>>> Requête liste des justes; Liste des justes obtnus user : eyJ1c2VyaWQiOiIxIiwidXNlcmxldmVsIjoiMiIsImV4cCI6MTY2Mjc1NjUyM30
09-09-2022 20:28 >>>> Requête liste des justes; Liste des justes obtnus user : eyJ1c2VyaWQiOiIxIiwidXNlcmxldmVsIjoiMiIsImV4cCI6MTY2Mjc1NzEyMX0
09-09-2022 20:28 >>>> Requête liste des justes; Liste des justes obtnus user : eyJ1c2VyaWQiOiIxIiwidXNlcmxldmVsIjoiMiIsImV4cCI6MTY2Mjc1NzEyM30
09-09-2022 20:28 >>>> Requête liste des groupes du juste; Aucun groupe affiliée user : eyJ1c2VyaWQiOiIxIiwidXNlcmxldmVsIjoiMiIsImV4cCI6MTY2Mjc1NzEyNX0
09-09-2022 20:28 >>>> Recherche profonde juste par identifiant effectuée; juste trouvé user : eyJ1c2VyaWQiOiIxIiwidXNlcmxldmVsIjoiMiIsImV4cCI6MTY2Mjc1NzEyNX0
09-09-2022 20:28 >>>> Requête liste des groupes! Liste des groupes obtnus user : eyJ1c2VyaWQiOiIxIiwidXNlcmxldmVsIjoiMiIsImV4cCI6MTY2Mjc1NzEyNX0
09-09-2022 20:28 >>>> Requête liste des assemblées! Liste des assemblées obtenues user : eyJ1c2VyaWQiOiIxIiwidXNlcmxldmVsIjoiMiIsImV4cCI6MTY2Mjc1NzEyNX0
09-09-2022 20:29 >>>> Recherche profonde juste par identifiant effectuée; juste trouvé user : eyJ1c2VyaWQiOiIxIiwidXNlcmxldmVsIjoiMiIsImV4cCI6MTY2Mjc1NzEyOX0
09-09-2022 20:29 >>>> Requête liste des groupes du juste; Aucun groupe affiliée user : eyJ1c2VyaWQiOiIxIiwidXNlcmxldmVsIjoiMiIsImV4cCI6MTY2Mjc1NzEyOX0
09-09-2022 20:29 >>>> Requête liste des assemblées! Liste des assemblées obtenues user : eyJ1c2VyaWQiOiIxIiwidXNlcmxldmVsIjoiMiIsImV4cCI6MTY2Mjc1NzEyOX0
09-09-2022 20:29 >>>> Requête liste des groupes! Liste des groupes obtnus user : eyJ1c2VyaWQiOiIxIiwidXNlcmxldmVsIjoiMiIsImV4cCI6MTY2Mjc1NzEyOX0
09-09-2022 20:30 >>>> Requête liste des groupes du juste; Aucun groupe affiliée user : eyJ1c2VyaWQiOiIxIiwidXNlcmxldmVsIjoiMiIsImV4cCI6MTY2Mjc1NzE5OH0
09-09-2022 20:30 >>>> Requête liste des groupes! Liste des groupes obtnus user : eyJ1c2VyaWQiOiIxIiwidXNlcmxldmVsIjoiMiIsImV4cCI6MTY2Mjc1NzE5OH0
09-09-2022 20:30 >>>> Requête liste des assemblées! Liste des assemblées obtenues user : eyJ1c2VyaWQiOiIxIiwidXNlcmxldmVsIjoiMiIsImV4cCI6MTY2Mjc1NzE5OH0
09-09-2022 20:30 >>>> Recherche profonde juste par identifiant effectuée; juste trouvé user : eyJ1c2VyaWQiOiIxIiwidXNlcmxldmVsIjoiMiIsImV4cCI6MTY2Mjc1NzE5OH0
09-09-2022 20:30 >>>> Niveau du juste modifié! user : eyJ1c2VyaWQiOiIxIiwidXNlcmxldmVsIjoiMiIsImV4cCI6MTY2Mjc1NzIwMH0
09-09-2022 20:30 >>>> Recherche profonde juste par identifiant effectuée; juste trouvé user : eyJ1c2VyaWQiOiIxIiwidXNlcmxldmVsIjoiMiIsImV4cCI6MTY2Mjc1NzIwMn0
09-09-2022 20:30 >>>> Requête liste des groupes du juste; Aucun groupe affiliée user : eyJ1c2VyaWQiOiIxIiwidXNlcmxldmVsIjoiMiIsImV4cCI6MTY2Mjc1NzIwMn0
09-09-2022 20:30 >>>> Requête liste des groupes! Liste des groupes obtnus user : eyJ1c2VyaWQiOiIxIiwidXNlcmxldmVsIjoiMiIsImV4cCI6MTY2Mjc1NzIwMn0
09-09-2022 20:30 >>>> Requête liste des assemblées! Liste des assemblées obtenues user : eyJ1c2VyaWQiOiIxIiwidXNlcmxldmVsIjoiMiIsImV4cCI6MTY2Mjc1NzIwMn0
09-09-2022 20:31 >>>> Niveau du juste modifié! user : eyJ1c2VyaWQiOiIxIiwidXNlcmxldmVsIjoiMiIsImV4cCI6MTY2Mjc1NzI1N30
09-09-2022 20:31 >>>> Requête liste des justes; Liste des justes obtnus user : eyJ1c2VyaWQiOiIxIiwidXNlcmxldmVsIjoiMiIsImV4cCI6MTY2Mjc1NzI2MX0
09-09-2022 20:31 >>>> Requête liste des groupes du juste; Aucun groupe affiliée user : eyJ1c2VyaWQiOiIxIiwidXNlcmxldmVsIjoiMiIsImV4cCI6MTY2Mjc1NzI4OH0
09-09-2022 20:31 >>>> Recherche profonde juste par identifiant effectuée; juste trouvé user : eyJ1c2VyaWQiOiIxIiwidXNlcmxldmVsIjoiMiIsImV4cCI6MTY2Mjc1NzI4OH0
09-09-2022 20:31 >>>> Requête liste des groupes! Liste des groupes obtnus user : eyJ1c2VyaWQiOiIxIiwidXNlcmxldmVsIjoiMiIsImV4cCI6MTY2Mjc1NzI4OH0
09-09-2022 20:31 >>>> Requête liste des assemblées! Liste des assemblées obtenues user : eyJ1c2VyaWQiOiIxIiwidXNlcmxldmVsIjoiMiIsImV4cCI6MTY2Mjc1NzI4OH0
09-09-2022 20:31 >>>> Requête liste des justes; Liste des justes obtnus user : eyJ1c2VyaWQiOiIxIiwidXNlcmxldmVsIjoiMiIsImV4cCI6MTY2Mjc1NzI5MH0
09-09-2022 20:31 >>>> Recherche profonde juste par identifiant effectuée; juste trouvé user : eyJ1c2VyaWQiOiIxIiwidXNlcmxldmVsIjoiMiIsImV4cCI6MTY2Mjc1NzI5Mn0
09-09-2022 20:31 >>>> Requête liste des groupes! Liste des groupes obtnus user : eyJ1c2VyaWQiOiIxIiwidXNlcmxldmVsIjoiMiIsImV4cCI6MTY2Mjc1NzI5Mn0
09-09-2022 20:31 >>>> Requête liste des groupes du juste; Aucun groupe affiliée user : eyJ1c2VyaWQiOiIxIiwidXNlcmxldmVsIjoiMiIsImV4cCI6MTY2Mjc1NzI5Mn0
09-09-2022 20:31 >>>> Requête liste des assemblées! Liste des assemblées obtenues user : eyJ1c2VyaWQiOiIxIiwidXNlcmxldmVsIjoiMiIsImV4cCI6MTY2Mjc1NzI5Mn0
09-09-2022 20:48 >>>> Requête liste des groupes! Liste des groupes obtnus user : eyJ1c2VyaWQiOiIxIiwidXNlcmxldmVsIjoiMiIsImV4cCI6MTY2Mjc1NzI5NH0
09-09-2022 20:48 >>>> Recherche profonde juste par identifiant effectuée; juste trouvé user : eyJ1c2VyaWQiOiIxIiwidXNlcmxldmVsIjoiMiIsImV4cCI6MTY2Mjc1NzI5NH0
09-09-2022 20:48 >>>> Requête liste des assemblées! Liste des assemblées obtenues user : eyJ1c2VyaWQiOiIxIiwidXNlcmxldmVsIjoiMiIsImV4cCI6MTY2Mjc1NzI5NH0
09-09-2022 20:48 >>>> Requête liste des groupes du juste; Aucun groupe affiliée user : eyJ1c2VyaWQiOiIxIiwidXNlcmxldmVsIjoiMiIsImV4cCI6MTY2Mjc1NzI5NH0
09-09-2022 20:48 >>>> Requête liste des groupes! Liste des groupes obtnus user : eyJ1c2VyaWQiOiIxIiwidXNlcmxldmVsIjoiMiIsImV4cCI6MTY2Mjc1ODMwMn0
09-09-2022 20:48 >>>> Requête liste des assemblées! Liste des assemblées obtenues user : eyJ1c2VyaWQiOiIxIiwidXNlcmxldmVsIjoiMiIsImV4cCI6MTY2Mjc1ODMwMn0
09-09-2022 20:48 >>>> Requête liste des groupes du juste; Aucun groupe affiliée user : eyJ1c2VyaWQiOiIxIiwidXNlcmxldmVsIjoiMiIsImV4cCI6MTY2Mjc1ODMwMn0
09-09-2022 20:48 >>>> Recherche profonde juste par identifiant effectuée; juste trouvé user : eyJ1c2VyaWQiOiIxIiwidXNlcmxldmVsIjoiMiIsImV4cCI6MTY2Mjc1ODMwMn0
09-09-2022 20:48 >>>> Niveau du juste modifié! user : eyJ1c2VyaWQiOiIxIiwidXNlcmxldmVsIjoiMiIsImV4cCI6MTY2Mjc1ODMwNX0
09-09-2022 20:48 >>>> Niveau du juste modifié! user : eyJ1c2VyaWQiOiIxIiwidXNlcmxldmVsIjoiMiIsImV4cCI6MTY2Mjc1ODMwOH0
09-09-2022 20:48 >>>> Requête liste des groupes du juste; Aucun groupe affiliée user : eyJ1c2VyaWQiOiIxIiwidXNlcmxldmVsIjoiMiIsImV4cCI6MTY2Mjc1ODMxN30
09-09-2022 20:48 >>>> Recherche profonde juste par identifiant effectuée; juste trouvé user : eyJ1c2VyaWQiOiIxIiwidXNlcmxldmVsIjoiMiIsImV4cCI6MTY2Mjc1ODMxN30
09-09-2022 20:48 >>>> Requête liste des groupes! Liste des groupes obtnus user : eyJ1c2VyaWQiOiIxIiwidXNlcmxldmVsIjoiMiIsImV4cCI6MTY2Mjc1ODMxN30
09-09-2022 20:48 >>>> Requête liste des assemblées! Liste des assemblées obtenues user : eyJ1c2VyaWQiOiIxIiwidXNlcmxldmVsIjoiMiIsImV4cCI6MTY2Mjc1ODMxN30
09-09-2022 20:48 >>>> Recherche profonde juste par identifiant effectuée; juste trouvé user : eyJ1c2VyaWQiOiIxIiwidXNlcmxldmVsIjoiMiIsImV4cCI6MTY2Mjc1ODMyNH0
09-09-2022 20:48 >>>> Requête liste des groupes du juste; Aucun groupe affiliée user : eyJ1c2VyaWQiOiIxIiwidXNlcmxldmVsIjoiMiIsImV4cCI6MTY2Mjc1ODMyNH0
09-09-2022 20:48 >>>> Requête liste des assemblées! Liste des assemblées obtenues user : eyJ1c2VyaWQiOiIxIiwidXNlcmxldmVsIjoiMiIsImV4cCI6MTY2Mjc1ODMyNH0
09-09-2022 20:48 >>>> Requête liste des groupes! Liste des groupes obtnus user : eyJ1c2VyaWQiOiIxIiwidXNlcmxldmVsIjoiMiIsImV4cCI6MTY2Mjc1ODMyNH0
09-09-2022 20:48 >>>> Recherche profonde juste par identifiant effectuée; juste trouvé user : eyJ1c2VyaWQiOiIxIiwidXNlcmxldmVsIjoiMiIsImV4cCI6MTY2Mjc1ODMyNn0
09-09-2022 20:48 >>>> Requête liste des groupes du juste; Aucun groupe affiliée user : eyJ1c2VyaWQiOiIxIiwidXNlcmxldmVsIjoiMiIsImV4cCI6MTY2Mjc1ODMyNn0
09-09-2022 20:48 >>>> Requête liste des assemblées! Liste des assemblées obtenues user : eyJ1c2VyaWQiOiIxIiwidXNlcmxldmVsIjoiMiIsImV4cCI6MTY2Mjc1ODMyNn0
09-09-2022 20:48 >>>> Requête liste des groupes! Liste des groupes obtnus user : eyJ1c2VyaWQiOiIxIiwidXNlcmxldmVsIjoiMiIsImV4cCI6MTY2Mjc1ODMyNn0
09-09-2022 20:48 >>>> Niveau du juste modifié! user : eyJ1c2VyaWQiOiIxIiwidXNlcmxldmVsIjoiMiIsImV4cCI6MTY2Mjc1ODMyN30
09-09-2022 20:49 >>>> Recherche profonde juste par identifiant effectuée; juste trouvé user : eyJ1c2VyaWQiOiIxIiwidXNlcmxldmVsIjoiMiIsImV4cCI6MTY2Mjc1ODMzMX0
09-09-2022 20:49 >>>> Requête liste des groupes du juste; Aucun groupe affiliée user : eyJ1c2VyaWQiOiIxIiwidXNlcmxldmVsIjoiMiIsImV4cCI6MTY2Mjc1ODMzMX0
09-09-2022 20:49 >>>> Requête liste des assemblées! Liste des assemblées obtenues user : eyJ1c2VyaWQiOiIxIiwidXNlcmxldmVsIjoiMiIsImV4cCI6MTY2Mjc1ODMzMX0
09-09-2022 20:49 >>>> Requête liste des groupes! Liste des groupes obtnus user : eyJ1c2VyaWQiOiIxIiwidXNlcmxldmVsIjoiMiIsImV4cCI6MTY2Mjc1ODMzMX0
09-09-2022 20:49 >>>> Niveau du juste modifié! user : eyJ1c2VyaWQiOiIxIiwidXNlcmxldmVsIjoiMiIsImV4cCI6MTY2Mjc1ODM3NH0
09-09-2022 20:49 >>>> Niveau du juste modifié! user : eyJ1c2VyaWQiOiIxIiwidXNlcmxldmVsIjoiMiIsImV4cCI6MTY2Mjc1ODM3Nn0
09-09-2022 20:49 >>>> Recherche profonde juste par identifiant effectuée; juste trouvé user : eyJ1c2VyaWQiOiIxIiwidXNlcmxldmVsIjoiMiIsImV4cCI6MTY2Mjc1ODM4M30
09-09-2022 20:49 >>>> Requête liste des groupes du juste; Aucun groupe affiliée user : eyJ1c2VyaWQiOiIxIiwidXNlcmxldmVsIjoiMiIsImV4cCI6MTY2Mjc1ODM4M30
09-09-2022 20:49 >>>> Requête liste des groupes! Liste des groupes obtnus user : eyJ1c2VyaWQiOiIxIiwidXNlcmxldmVsIjoiMiIsImV4cCI6MTY2Mjc1ODM4M30
09-09-2022 20:49 >>>> Requête liste des assemblées! Liste des assemblées obtenues user : eyJ1c2VyaWQiOiIxIiwidXNlcmxldmVsIjoiMiIsImV4cCI6MTY2Mjc1ODM4M30
09-09-2022 20:49 >>>> Niveau du juste modifié! user : eyJ1c2VyaWQiOiIxIiwidXNlcmxldmVsIjoiMiIsImV4cCI6MTY2Mjc1ODM5NX0
09-09-2022 20:50 >>>> Recherche profonde juste par identifiant effectuée; juste trouvé user : eyJ1c2VyaWQiOiIxIiwidXNlcmxldmVsIjoiMiIsImV4cCI6MTY2Mjc1ODM5OX0
09-09-2022 20:50 >>>> Requête liste des groupes du juste; Aucun groupe affiliée user : eyJ1c2VyaWQiOiIxIiwidXNlcmxldmVsIjoiMiIsImV4cCI6MTY2Mjc1ODM5OX0
09-09-2022 20:50 >>>> Requête liste des assemblées! Liste des assemblées obtenues user : eyJ1c2VyaWQiOiIxIiwidXNlcmxldmVsIjoiMiIsImV4cCI6MTY2Mjc1ODM5OX0
09-09-2022 20:50 >>>> Requête liste des groupes! Liste des groupes obtnus user : eyJ1c2VyaWQiOiIxIiwidXNlcmxldmVsIjoiMiIsImV4cCI6MTY2Mjc1ODM5OX0
09-09-2022 20:50 >>>> Niveau du juste modifié! user : eyJ1c2VyaWQiOiIxIiwidXNlcmxldmVsIjoiMiIsImV4cCI6MTY2Mjc1ODQwMX0
09-09-2022 20:50 >>>> Requête liste des groupes du juste; Aucun groupe affiliée user : eyJ1c2VyaWQiOiIxIiwidXNlcmxldmVsIjoiMiIsImV4cCI6MTY2Mjc1ODQwN30
09-09-2022 20:50 >>>> Recherche profonde juste par identifiant effectuée; juste trouvé user : eyJ1c2VyaWQiOiIxIiwidXNlcmxldmVsIjoiMiIsImV4cCI6MTY2Mjc1ODQwN30
09-09-2022 20:50 >>>> Requête liste des groupes! Liste des groupes obtnus user : eyJ1c2VyaWQiOiIxIiwidXNlcmxldmVsIjoiMiIsImV4cCI6MTY2Mjc1ODQwN30
09-09-2022 20:50 >>>> Requête liste des assemblées! Liste des assemblées obtenues user : eyJ1c2VyaWQiOiIxIiwidXNlcmxldmVsIjoiMiIsImV4cCI6MTY2Mjc1ODQwN30
09-09-2022 20:50 >>>> Niveau du juste modifié! user : eyJ1c2VyaWQiOiIxIiwidXNlcmxldmVsIjoiMiIsImV4cCI6MTY2Mjc1ODQxMX0
09-09-2022 20:50 >>>> Requête liste des justes; Liste des justes obtnus user : eyJ1c2VyaWQiOiIxIiwidXNlcmxldmVsIjoiMiIsImV4cCI6MTY2Mjc1ODQxNn0
09-09-2022 20:50 >>>> Recherche profonde juste par identifiant effectuée; juste trouvé user : eyJ1c2VyaWQiOiIxIiwidXNlcmxldmVsIjoiMiIsImV4cCI6MTY2Mjc1ODQ0M30
09-09-2022 20:50 >>>> Requête liste des groupes du juste; Aucun groupe affiliée user : eyJ1c2VyaWQiOiIxIiwidXNlcmxldmVsIjoiMiIsImV4cCI6MTY2Mjc1ODQ0M30
09-09-2022 20:50 >>>> Requête liste des assemblées! Liste des assemblées obtenues user : eyJ1c2VyaWQiOiIxIiwidXNlcmxldmVsIjoiMiIsImV4cCI6MTY2Mjc1ODQ0M30
09-09-2022 20:50 >>>> Requête liste des groupes! Liste des groupes obtnus user : eyJ1c2VyaWQiOiIxIiwidXNlcmxldmVsIjoiMiIsImV4cCI6MTY2Mjc1ODQ0M30
09-09-2022 20:50 >>>> Niveau du juste modifié! user : eyJ1c2VyaWQiOiIxIiwidXNlcmxldmVsIjoiMiIsImV4cCI6MTY2Mjc1ODQ0NH0
09-09-2022 20:50 >>>> Requête liste des justes; Liste des justes obtnus user : eyJ1c2VyaWQiOiIxIiwidXNlcmxldmVsIjoiMiIsImV4cCI6MTY2Mjc1ODQ0OX0
09-09-2022 20:50 >>>> Recherche profonde juste par identifiant effectuée; juste trouvé user : eyJ1c2VyaWQiOiIxIiwidXNlcmxldmVsIjoiMiIsImV4cCI6MTY2Mjc1ODQ1M30
09-09-2022 20:50 >>>> Requête liste des groupes! Liste des groupes obtnus user : eyJ1c2VyaWQiOiIxIiwidXNlcmxldmVsIjoiMiIsImV4cCI6MTY2Mjc1ODQ1M30
09-09-2022 20:50 >>>> Requête liste des assemblées! Liste des assemblées obtenues user : eyJ1c2VyaWQiOiIxIiwidXNlcmxldmVsIjoiMiIsImV4cCI6MTY2Mjc1ODQ1M30
09-09-2022 20:50 >>>> Requête liste des groupes du juste; Aucun groupe affiliée user : eyJ1c2VyaWQiOiIxIiwidXNlcmxldmVsIjoiMiIsImV4cCI6MTY2Mjc1ODQ1M30
09-09-2022 20:50 >>>> Requête liste des justes; Liste des justes obtnus user : eyJ1c2VyaWQiOiIxIiwidXNlcmxldmVsIjoiMiIsImV4cCI6MTY2Mjc1ODQ1NX0
09-09-2022 20:51 >>>> Recherche profonde juste par identifiant effectuée; juste trouvé user : eyJ1c2VyaWQiOiIxIiwidXNlcmxldmVsIjoiMiIsImV4cCI6MTY2Mjc1ODQ1OX0
09-09-2022 20:51 >>>> Requête liste des groupes du juste; Aucun groupe affiliée user : eyJ1c2VyaWQiOiIxIiwidXNlcmxldmVsIjoiMiIsImV4cCI6MTY2Mjc1ODQ1OX0
09-09-2022 20:51 >>>> Requête liste des groupes! Liste des groupes obtnus user : eyJ1c2VyaWQiOiIxIiwidXNlcmxldmVsIjoiMiIsImV4cCI6MTY2Mjc1ODQ1OX0
09-09-2022 20:51 >>>> Requête liste des assemblées! Liste des assemblées obtenues user : eyJ1c2VyaWQiOiIxIiwidXNlcmxldmVsIjoiMiIsImV4cCI6MTY2Mjc1ODQ1OX0
09-09-2022 20:51 >>>> Niveau du juste modifié! user : eyJ1c2VyaWQiOiIxIiwidXNlcmxldmVsIjoiMiIsImV4cCI6MTY2Mjc1ODQ2MX0
09-09-2022 20:59 >>>> Niveau du juste modifié! user : eyJ1c2VyaWQiOiIxIiwidXNlcmxldmVsIjoiMiIsImV4cCI6MTY2Mjc1ODQ2NH0
09-09-2022 20:59 >>>> Requête liste des justes; Liste des justes obtnus user : eyJ1c2VyaWQiOiIxIiwidXNlcmxldmVsIjoiMiIsImV4cCI6MTY2Mjc1ODk5MX0
09-09-2022 20:59 >>>> Recherche profonde juste par identifiant effectuée; juste trouvé user : eyJ1c2VyaWQiOiIxIiwidXNlcmxldmVsIjoiMiIsImV4cCI6MTY2Mjc1ODk5NH0
09-09-2022 20:59 >>>> Requête liste des groupes du juste; Aucun groupe affiliée user : eyJ1c2VyaWQiOiIxIiwidXNlcmxldmVsIjoiMiIsImV4cCI6MTY2Mjc1ODk5NH0
09-09-2022 20:59 >>>> Requête liste des groupes! Liste des groupes obtnus user : eyJ1c2VyaWQiOiIxIiwidXNlcmxldmVsIjoiMiIsImV4cCI6MTY2Mjc1ODk5NH0
09-09-2022 20:59 >>>> Requête liste des assemblées! Liste des assemblées obtenues user : eyJ1c2VyaWQiOiIxIiwidXNlcmxldmVsIjoiMiIsImV4cCI6MTY2Mjc1ODk5NH0
09-09-2022 21:00 >>>> Niveau du juste modifié! user : eyJ1c2VyaWQiOiIxIiwidXNlcmxldmVsIjoiMiIsImV4cCI6MTY2Mjc1ODk5Nn0
09-09-2022 21:07 >>>> Requête liste des groupes du juste; Aucun groupe affiliée user : eyJ1c2VyaWQiOiIxIiwidXNlcmxldmVsIjoiMiIsImV4cCI6MTY2Mjc1OTAxM30
09-09-2022 21:07 >>>> Recherche profonde juste par identifiant effectuée; juste trouvé user : eyJ1c2VyaWQiOiIxIiwidXNlcmxldmVsIjoiMiIsImV4cCI6MTY2Mjc1OTAxM30
09-09-2022 21:07 >>>> Requête liste des assemblées! Liste des assemblées obtenues user : eyJ1c2VyaWQiOiIxIiwidXNlcmxldmVsIjoiMiIsImV4cCI6MTY2Mjc1OTAxM30
09-09-2022 21:07 >>>> Requête liste des groupes! Liste des groupes obtnus user : eyJ1c2VyaWQiOiIxIiwidXNlcmxldmVsIjoiMiIsImV4cCI6MTY2Mjc1OTAxM30
09-09-2022 21:07 >>>> Requête liste des justes; Liste des justes obtnus user : eyJ1c2VyaWQiOiIxIiwidXNlcmxldmVsIjoiMiIsImV4cCI6MTY2Mjc1OTQ2OH0
09-09-2022 21:07 >>>> Recherche profonde juste par identifiant effectuée; juste trouvé user : eyJ1c2VyaWQiOiIxIiwidXNlcmxldmVsIjoiMiIsImV4cCI6MTY2Mjc1OTQ3NX0
09-09-2022 21:07 >>>> Requête liste des groupes du juste; Aucun groupe affiliée user : eyJ1c2VyaWQiOiIxIiwidXNlcmxldmVsIjoiMiIsImV4cCI6MTY2Mjc1OTQ3NX0
09-09-2022 21:07 >>>> Requête liste des groupes! Liste des groupes obtnus user : eyJ1c2VyaWQiOiIxIiwidXNlcmxldmVsIjoiMiIsImV4cCI6MTY2Mjc1OTQ3NX0
09-09-2022 21:07 >>>> Requête liste des assemblées! Liste des assemblées obtenues user : eyJ1c2VyaWQiOiIxIiwidXNlcmxldmVsIjoiMiIsImV4cCI6MTY2Mjc1OTQ3NX0
09-09-2022 21:08 >>>> Liste des services! user : eyJ1c2VyaWQiOiIxIiwidXNlcmxldmVsIjoiMiIsImV4cCI6MTY2Mjc1OTQ3Nn0
09-09-2022 21:08 >>>> Requête liste des justes; Liste des justes obtnus user : eyJ1c2VyaWQiOiIxIiwidXNlcmxldmVsIjoiMiIsImV4cCI6MTY2Mjc1OTQ4NX0
09-09-2022 21:08 >>>> Requête liste des groupes! Liste des groupes obtnus user : eyJ1c2VyaWQiOiIxIiwidXNlcmxldmVsIjoiMiIsImV4cCI6MTY2Mjc1OTQ4Nn0
09-09-2022 21:08 >>>> Requête liste des assemblées! Liste des assemblées obtenues user : eyJ1c2VyaWQiOiIxIiwidXNlcmxldmVsIjoiMiIsImV4cCI6MTY2Mjc1OTQ4N30
09-09-2022 21:08 >>>> Requête liste des justes; Liste des justes obtnus user : eyJ1c2VyaWQiOiIxIiwidXNlcmxldmVsIjoiMiIsImV4cCI6MTY2Mjc1OTQ4OH0
09-09-2022 21:08 >>>> Liste des services! user : eyJ1c2VyaWQiOiIxIiwidXNlcmxldmVsIjoiMiIsImV4cCI6MTY2Mjc1OTUxM30
09-09-2022 21:08 >>>> Requête liste des justes; Liste des justes obtnus user : eyJ1c2VyaWQiOiIxIiwidXNlcmxldmVsIjoiMiIsImV4cCI6MTY2Mjc1OTUxN30
09-09-2022 21:08 >>>> Recherche profonde juste par identifiant effectuée; juste trouvé user : eyJ1c2VyaWQiOiIxIiwidXNlcmxldmVsIjoiMiIsImV4cCI6MTY2Mjc1OTUxOH0
09-09-2022 21:08 >>>> Requête liste des assemblées! Liste des assemblées obtenues user : eyJ1c2VyaWQiOiIxIiwidXNlcmxldmVsIjoiMiIsImV4cCI6MTY2Mjc1OTUxOH0
09-09-2022 21:08 >>>> Requête liste des groupes! Liste des groupes obtnus user : eyJ1c2VyaWQiOiIxIiwidXNlcmxldmVsIjoiMiIsImV4cCI6MTY2Mjc1OTUxOH0
09-09-2022 21:08 >>>> Requête liste des groupes du juste; Aucun groupe affiliée user : eyJ1c2VyaWQiOiIxIiwidXNlcmxldmVsIjoiMiIsImV4cCI6MTY2Mjc1OTUxOH0
09-09-2022 21:08 >>>> Liste des services! user : eyJ1c2VyaWQiOiIxIiwidXNlcmxldmVsIjoiMiIsImV4cCI6MTY2Mjc1OTUyMX0
09-09-2022 21:09 >>>> Nouveau service enregistré! user : eyJ1c2VyaWQiOiIxIiwidXNlcmxldmVsIjoiMiIsImV4cCI6MTY2Mjc1OTUyN30
09-09-2022 21:09 >>>> Requête liste des groupes! Liste des groupes obtnus user : eyJ1c2VyaWQiOiIxIiwidXNlcmxldmVsIjoiMiIsImV4cCI6MTY2Mjc1OTU0NX0
09-09-2022 21:09 >>>> Liste des services! user : eyJ1c2VyaWQiOiIxIiwidXNlcmxldmVsIjoiMiIsImV4cCI6MTY2Mjc1OTU1MH0
09-09-2022 21:09 >>>> groupe enregistré. user : eyJ1c2VyaWQiOiIxIiwidXNlcmxldmVsIjoiMiIsImV4cCI6MTY2Mjc1OTU1Nn0
09-09-2022 21:09 >>>> Requête liste des groupes! Liste des groupes obtnus user : eyJ1c2VyaWQiOiIxIiwidXNlcmxldmVsIjoiMiIsImV4cCI6MTY2Mjc1OTU5NX0
09-09-2022 21:10 >>>> Service trouvé user : eyJ1c2VyaWQiOiIxIiwidXNlcmxldmVsIjoiMiIsImV4cCI6MTY2Mjc1OTU5OH0
09-09-2022 21:10 >>>> Requête liste des justes du groupe; Aucun justes affiliés au groupe
09-09-2022 21:10 >>>> Requête liste des justes; Liste des justes obtnus user : eyJ1c2VyaWQiOiIxIiwidXNlcmxldmVsIjoiMiIsImV4cCI6MTY2Mjc1OTYwMX0
09-09-2022 21:10 >>>> Recherche profonde juste par identifiant effectuée; juste trouvé user : eyJ1c2VyaWQiOiIxIiwidXNlcmxldmVsIjoiMiIsImV4cCI6MTY2Mjc1OTYwNH0
09-09-2022 21:10 >>>> Requête liste des groupes! Liste des groupes obtnus user : eyJ1c2VyaWQiOiIxIiwidXNlcmxldmVsIjoiMiIsImV4cCI6MTY2Mjc1OTYwNH0
09-09-2022 21:10 >>>> Requête liste des groupes du juste; Aucun groupe affiliée user : eyJ1c2VyaWQiOiIxIiwidXNlcmxldmVsIjoiMiIsImV4cCI6MTY2Mjc1OTYwNH0
09-09-2022 21:10 >>>> Requête liste des assemblées! Liste des assemblées obtenues user : eyJ1c2VyaWQiOiIxIiwidXNlcmxldmVsIjoiMiIsImV4cCI6MTY2Mjc1OTYwNH0
09-09-2022 21:10 >>>> Appartenance enregistrée user : eyJ1c2VyaWQiOiIxIiwidXNlcmxldmVsIjoiMiIsImV4cCI6MTY2Mjc1OTYwN30
09-09-2022 21:10 >>>> Recherche profonde juste par identifiant effectuée; juste trouvé user : eyJ1c2VyaWQiOiIxIiwidXNlcmxldmVsIjoiMiIsImV4cCI6MTY2Mjc1OTYyM30
09-09-2022 21:10 >>>> Requête liste des assemblées! Liste des assemblées obtenues user : eyJ1c2VyaWQiOiIxIiwidXNlcmxldmVsIjoiMiIsImV4cCI6MTY2Mjc1OTYyM30
09-09-2022 21:10 >>>> Requête liste des groupes du juste; Liste des assemblées obtenues. user : eyJ1c2VyaWQiOiIxIiwidXNlcmxldmVsIjoiMiIsImV4cCI6MTY2Mjc1OTYyM30
09-09-2022 21:10 >>>> Requête liste des groupes! Liste des groupes obtnus user : eyJ1c2VyaWQiOiIxIiwidXNlcmxldmVsIjoiMiIsImV4cCI6MTY2Mjc1OTYyM30
09-09-2022 21:10 >>>> Requête liste des justes du groupe; Liste des justes obtnus user : eyJ1c2VyaWQiOiIxIiwidXNlcmxldmVsIjoiMiIsImV4cCI6MTY2Mjc1OTYyNH0
09-09-2022 21:10 >>>> Service trouvé user : eyJ1c2VyaWQiOiIxIiwidXNlcmxldmVsIjoiMiIsImV4cCI6MTY2Mjc1OTYyNH0
09-09-2022 21:10 >>>> Liste des services! user : eyJ1c2VyaWQiOiIxIiwidXNlcmxldmVsIjoiMiIsImV4cCI6MTY2Mjc1OTYzNn0
09-09-2022 21:10 >>>> Echec de modification du groupe! Service inexistant.
09-09-2022 21:13 >>>> Requête liste des assemblées! Liste des assemblées obtenues user : eyJ1c2VyaWQiOiIxIiwidXNlcmxldmVsIjoiMiIsImV4cCI6MTY2Mjc1OTY0MH0
09-09-2022 21:13 >>>> Requête liste des assemblées! Liste des assemblées obtenues user : eyJ1c2VyaWQiOiIxIiwidXNlcmxldmVsIjoiMiIsImV4cCI6MTY2Mjc1OTgxNn0
09-09-2022 21:13 >>>> Requête liste des assemblées! Liste des assemblées obtenues user : eyJ1c2VyaWQiOiIxIiwidXNlcmxldmVsIjoiMiIsImV4cCI6MTY2Mjc1OTgxOH0
09-09-2022 21:13 >>>> Requête liste des justes; Liste des justes obtnus user : eyJ1c2VyaWQiOiIxIiwidXNlcmxldmVsIjoiMiIsImV4cCI6MTY2Mjc1OTgyMH0
09-09-2022 21:14 >>>> Requête liste des justes; Liste des justes obtnus user : eyJ1c2VyaWQiOiIxIiwidXNlcmxldmVsIjoiMiIsImV4cCI6MTY2Mjc1OTgyOX0
09-09-2022 21:14 >>>> Recherche profonde juste par identifiant effectuée; juste trouvé user : eyJ1c2VyaWQiOiIxIiwidXNlcmxldmVsIjoiMiIsImV4cCI6MTY2Mjc1OTg3N30
09-09-2022 21:14 >>>> Requête liste des groupes du juste; Aucun groupe affiliée user : eyJ1c2VyaWQiOiIxIiwidXNlcmxldmVsIjoiMiIsImV4cCI6MTY2Mjc1OTg3N30
09-09-2022 21:14 >>>> Requête liste des groupes! Liste des groupes obtnus user : eyJ1c2VyaWQiOiIxIiwidXNlcmxldmVsIjoiMiIsImV4cCI6MTY2Mjc1OTg3N30
09-09-2022 21:14 >>>> Requête liste des assemblées! Liste des assemblées obtenues user : eyJ1c2VyaWQiOiIxIiwidXNlcmxldmVsIjoiMiIsImV4cCI6MTY2Mjc1OTg3N30
09-09-2022 21:14 >>>> Requête liste des groupes! Liste des groupes obtnus user : eyJ1c2VyaWQiOiIxIiwidXNlcmxldmVsIjoiMiIsImV4cCI6MTY2Mjc1OTg4MH0
09-09-2022 21:14 >>>> Requête liste des justes; Liste des justes obtnus user : eyJ1c2VyaWQiOiIxIiwidXNlcmxldmVsIjoiMiIsImV4cCI6MTY2Mjc1OTg4NX0
09-09-2022 21:14 >>>> Recherche profonde juste par identifiant effectuée; juste trouvé user : eyJ1c2VyaWQiOiIxIiwidXNlcmxldmVsIjoiMiIsImV4cCI6MTY2Mjc1OTg4Nn0
09-09-2022 21:14 >>>> Requête liste des groupes du juste; Liste des assemblées obtenues. user : eyJ1c2VyaWQiOiIxIiwidXNlcmxldmVsIjoiMiIsImV4cCI6MTY2Mjc1OTg4Nn0
09-09-2022 21:14 >>>> Requête liste des groupes! Liste des groupes obtnus user : eyJ1c2VyaWQiOiIxIiwidXNlcmxldmVsIjoiMiIsImV4cCI6MTY2Mjc1OTg4Nn0
09-09-2022 21:14 >>>> Requête liste des assemblées! Liste des assemblées obtenues user : eyJ1c2VyaWQiOiIxIiwidXNlcmxldmVsIjoiMiIsImV4cCI6MTY2Mjc1OTg4Nn0
09-09-2022 21:14 >>>> Service trouvé user : eyJ1c2VyaWQiOiIxIiwidXNlcmxldmVsIjoiMiIsImV4cCI6MTY2Mjc1OTg5MH0
09-09-2022 21:14 >>>> Requête liste des justes du groupe; Liste des justes obtnus user : eyJ1c2VyaWQiOiIxIiwidXNlcmxldmVsIjoiMiIsImV4cCI6MTY2Mjc1OTg5MH0
09-09-2022 21:14 >>>> Liste des services! user : eyJ1c2VyaWQiOiIxIiwidXNlcmxldmVsIjoiMiIsImV4cCI6MTY2Mjc1OTg5NX0
09-09-2022 21:15 >>>> Echec de modification du groupe! Service inexistant.
09-09-2022 21:15 >>>> Liste des services! user : eyJ1c2VyaWQiOiIxIiwidXNlcmxldmVsIjoiMiIsImV4cCI6MTY2Mjc1OTg5Nn0
09-09-2022 21:15 >>>> Liste des services! user : eyJ1c2VyaWQiOiIxIiwidXNlcmxldmVsIjoiMiIsImV4cCI6MTY2Mjc1OTkxMH0
09-09-2022 21:15 >>>> Liste des services! user : eyJ1c2VyaWQiOiIxIiwidXNlcmxldmVsIjoiMiIsImV4cCI6MTY2Mjc1OTkxMX0
09-09-2022 21:15 >>>> Liste des services! user : eyJ1c2VyaWQiOiIxIiwidXNlcmxldmVsIjoiMiIsImV4cCI6MTY2Mjc1OTkxM30
09-09-2022 21:15 >>>> Groupe modifié user : eyJ1c2VyaWQiOiIxIiwidXNlcmxldmVsIjoiMiIsImV4cCI6MTY2Mjc1OTkxNX0
09-09-2022 21:15 >>>> Requête liste des justes; Liste des justes obtnus user : eyJ1c2VyaWQiOiIxIiwidXNlcmxldmVsIjoiMiIsImV4cCI6MTY2Mjc1OTkyNn0
09-09-2022 21:15 >>>> Requête liste des groupes! Liste des groupes obtnus user : eyJ1c2VyaWQiOiIxIiwidXNlcmxldmVsIjoiMiIsImV4cCI6MTY2Mjc1OTkyOX0
09-09-2022 21:15 >>>> Service trouvé user : eyJ1c2VyaWQiOiIxIiwidXNlcmxldmVsIjoiMiIsImV4cCI6MTY2Mjc1OTkzMX0
09-09-2022 21:15 >>>> Requête liste des justes du groupe; Liste des justes obtnus user : eyJ1c2VyaWQiOiIxIiwidXNlcmxldmVsIjoiMiIsImV4cCI6MTY2Mjc1OTkzMX0
09-09-2022 21:15 >>>> Liste des services! user : eyJ1c2VyaWQiOiIxIiwidXNlcmxldmVsIjoiMiIsImV4cCI6MTY2Mjc1OTkzMn0
09-09-2022 21:15 >>>> Liste des groupes du service! user : eyJ1c2VyaWQiOiIxIiwidXNlcmxldmVsIjoiMiIsImV4cCI6MTY2Mjc1OTk0MH0
09-09-2022 21:16 >>>> Service modifié! user : eyJ1c2VyaWQiOiIxIiwidXNlcmxldmVsIjoiMiIsImV4cCI6MTY2Mjc1OTk0Mn0
09-09-2022 21:16 >>>> Liste des services! user : eyJ1c2VyaWQiOiIxIiwidXNlcmxldmVsIjoiMiIsImV4cCI6MTY2Mjc1OTk2M30
09-09-2022 21:16 >>>> Requête liste des justes; Liste des justes obtnus user : eyJ1c2VyaWQiOiIxIiwidXNlcmxldmVsIjoiMiIsImV4cCI6MTY2Mjc1OTk3M30
09-09-2022 21:16 >>>> Recherche profonde juste par identifiant effectuée; juste trouvé user : eyJ1c2VyaWQiOiIxIiwidXNlcmxldmVsIjoiMiIsImV4cCI6MTY2Mjc1OTk3OH0
09-09-2022 21:16 >>>> Requête liste des groupes du juste; Liste des assemblées obtenues. user : eyJ1c2VyaWQiOiIxIiwidXNlcmxldmVsIjoiMiIsImV4cCI6MTY2Mjc1OTk3OH0
09-09-2022 21:16 >>>> Requête liste des assemblées! Liste des assemblées obtenues user : eyJ1c2VyaWQiOiIxIiwidXNlcmxldmVsIjoiMiIsImV4cCI6MTY2Mjc1OTk3OH0
09-09-2022 21:16 >>>> Requête liste des groupes! Liste des groupes obtnus user : eyJ1c2VyaWQiOiIxIiwidXNlcmxldmVsIjoiMiIsImV4cCI6MTY2Mjc1OTk3OH0
09-09-2022 21:17 >>>> Appartenance modifiée user : eyJ1c2VyaWQiOiIxIiwidXNlcmxldmVsIjoiMiIsImV4cCI6MTY2Mjc1OTk4M30
09-09-2022 21:17 >>>> Recherche profonde juste par identifiant effectuée; juste trouvé user : eyJ1c2VyaWQiOiIxIiwidXNlcmxldmVsIjoiMiIsImV4cCI6MTY2Mjc2MDAzNX0
09-09-2022 21:17 >>>> Requête liste des groupes! Liste des groupes obtnus user : eyJ1c2VyaWQiOiIxIiwidXNlcmxldmVsIjoiMiIsImV4cCI6MTY2Mjc2MDAzNX0
09-09-2022 21:17 >>>> Requête liste des assemblées! Liste des assemblées obtenues user : eyJ1c2VyaWQiOiIxIiwidXNlcmxldmVsIjoiMiIsImV4cCI6MTY2Mjc2MDAzNX0
09-09-2022 21:17 >>>> Requête liste des groupes du juste; Liste des assemblées obtenues. user : eyJ1c2VyaWQiOiIxIiwidXNlcmxldmVsIjoiMiIsImV4cCI6MTY2Mjc2MDAzNX0
09-09-2022 21:17 >>>> Liste des services! user : eyJ1c2VyaWQiOiIxIiwidXNlcmxldmVsIjoiMiIsImV4cCI6MTY2Mjc2MDAzNX0
09-09-2022 21:17 >>>> Requête liste des justes; Liste des justes obtnus user : eyJ1c2VyaWQiOiIxIiwidXNlcmxldmVsIjoiMiIsImV4cCI6MTY2Mjc2MDA1NH0
09-09-2022 21:17 >>>> Recherche profonde juste par identifiant effectuée; juste trouvé user : eyJ1c2VyaWQiOiIxIiwidXNlcmxldmVsIjoiMiIsImV4cCI6MTY2Mjc2MDA1N30
09-09-2022 21:17 >>>> Requête liste des groupes du juste; Liste des assemblées obtenues. user : eyJ1c2VyaWQiOiIxIiwidXNlcmxldmVsIjoiMiIsImV4cCI6MTY2Mjc2MDA1N30
09-09-2022 21:17 >>>> Requête liste des groupes! Liste des groupes obtnus user : eyJ1c2VyaWQiOiIxIiwidXNlcmxldmVsIjoiMiIsImV4cCI6MTY2Mjc2MDA1N30
09-09-2022 21:17 >>>> Requête liste des assemblées! Liste des assemblées obtenues user : eyJ1c2VyaWQiOiIxIiwidXNlcmxldmVsIjoiMiIsImV4cCI6MTY2Mjc2MDA1N30
09-09-2022 21:18 >>>> Mutation impossible! Assemblee inexistante.
09-09-2022 21:18 >>>> Mutation impossible! Assemblee inexistante.
09-09-2022 21:18 >>>> Requête liste des justes; Liste des justes obtnus user : eyJ1c2VyaWQiOiIxIiwidXNlcmxldmVsIjoiMiIsImV4cCI6MTY2Mjc2MDA1OX0
09-09-2022 21:18 >>>> Recherche profonde juste par identifiant effectuée; juste trouvé user : eyJ1c2VyaWQiOiIxIiwidXNlcmxldmVsIjoiMiIsImV4cCI6MTY2Mjc2MDExMH0
09-09-2022 21:18 >>>> Requête liste des groupes du juste; Liste des assemblées obtenues. user : eyJ1c2VyaWQiOiIxIiwidXNlcmxldmVsIjoiMiIsImV4cCI6MTY2Mjc2MDExMH0
09-09-2022 21:18 >>>> Requête liste des groupes! Liste des groupes obtnus user : eyJ1c2VyaWQiOiIxIiwidXNlcmxldmVsIjoiMiIsImV4cCI6MTY2Mjc2MDExMH0
09-09-2022 21:18 >>>> Requête liste des assemblées! Liste des assemblées obtenues user : eyJ1c2VyaWQiOiIxIiwidXNlcmxldmVsIjoiMiIsImV4cCI6MTY2Mjc2MDExMH0
