10-09-2022 09:43 >>>> Token expiré
10-09-2022 09:43 >>>> Token expiré
10-09-2022 09:43 >>>> Token expiré
10-09-2022 09:43 >>>> Token expiré
10-09-2022 09:43 >>>> Requête de connexion de juste par login échouée; login ou mot de passe incorrect.
10-09-2022 09:43 >>>> Requête de connexion de juste par login échouée; login ou mot de passe incorrect.
10-09-2022 09:47 >>>> Connexion par login éffectuée. user : eyJ1c2VyaWQiOiIxIiwidXNlcmxldmVsIjoiMiIsImV4cCI6MTY2MjgwNTAyNX0
10-09-2022 09:47 >>>> Requête liste des justes; Liste des justes obtnus user : eyJ1c2VyaWQiOiIxIiwidXNlcmxldmVsIjoiMiIsImV4cCI6MTY2MjgwNTAyNX0
10-09-2022 09:47 >>>> Recherche profonde juste par identifiant effectuée; juste trouvé user : eyJ1c2VyaWQiOiIxIiwidXNlcmxldmVsIjoiMiIsImV4cCI6MTY2MjgwNTAyOH0
10-09-2022 09:47 >>>> Requête liste des assemblées! Liste des assemblées obtenues user : eyJ1c2VyaWQiOiIxIiwidXNlcmxldmVsIjoiMiIsImV4cCI6MTY2MjgwNTAyOH0
10-09-2022 09:47 >>>> Requête liste des groupes! Liste des groupes obtnus user : eyJ1c2VyaWQiOiIxIiwidXNlcmxldmVsIjoiMiIsImV4cCI6MTY2MjgwNTAyOH0
10-09-2022 09:47 >>>> Requête liste des groupes du juste; Aucun groupe affiliée user : eyJ1c2VyaWQiOiIxIiwidXNlcmxldmVsIjoiMiIsImV4cCI6MTY2MjgwNTAyOH0
10-09-2022 09:47 >>>> Requête liste des justes; Liste des justes obtnus user : eyJ1c2VyaWQiOiIxIiwidXNlcmxldmVsIjoiMiIsImV4cCI6MTY2MjgwNTAzMn0
10-09-2022 09:47 >>>> Recherche profonde juste par identifiant effectuée; juste trouvé user : eyJ1c2VyaWQiOiIxIiwidXNlcmxldmVsIjoiMiIsImV4cCI6MTY2MjgwNTAzOX0
10-09-2022 09:47 >>>> Requête liste des assemblées! Liste des assemblées obtenues user : eyJ1c2VyaWQiOiIxIiwidXNlcmxldmVsIjoiMiIsImV4cCI6MTY2MjgwNTAzOX0
10-09-2022 09:47 >>>> Requête liste des groupes du juste; Liste des assemblées obtenues. user : eyJ1c2VyaWQiOiIxIiwidXNlcmxldmVsIjoiMiIsImV4cCI6MTY2MjgwNTAzOX0
10-09-2022 09:47 >>>> Requête liste des groupes! Liste des groupes obtnus user : eyJ1c2VyaWQiOiIxIiwidXNlcmxldmVsIjoiMiIsImV4cCI6MTY2MjgwNTAzOX0
10-09-2022 09:47 >>>> Requête liste des groupes du juste; Liste des assemblées obtenues. user : eyJ1c2VyaWQiOiIxIiwidXNlcmxldmVsIjoiMiIsImV4cCI6MTY2MjgwNTA0MX0
10-09-2022 09:47 >>>> Requête liste des assemblées! Liste des assemblées obtenues user : eyJ1c2VyaWQiOiIxIiwidXNlcmxldmVsIjoiMiIsImV4cCI6MTY2MjgwNTA0MX0
10-09-2022 09:47 >>>> Requête liste des groupes! Liste des groupes obtnus user : eyJ1c2VyaWQiOiIxIiwidXNlcmxldmVsIjoiMiIsImV4cCI6MTY2MjgwNTA0MX0
10-09-2022 09:47 >>>> Recherche profonde juste par identifiant effectuée; juste trouvé user : eyJ1c2VyaWQiOiIxIiwidXNlcmxldmVsIjoiMiIsImV4cCI6MTY2MjgwNTA0MX0
10-09-2022 09:47 >>>> Recherche profonde juste par identifiant effectuée; juste trouvé user : eyJ1c2VyaWQiOiIxIiwidXNlcmxldmVsIjoiMiIsImV4cCI6MTY2MjgwNTA1NX0
10-09-2022 09:47 >>>> Requête liste des groupes du juste; Liste des assemblées obtenues. user : eyJ1c2VyaWQiOiIxIiwidXNlcmxldmVsIjoiMiIsImV4cCI6MTY2MjgwNTA1NX0
10-09-2022 09:47 >>>> Requête liste des groupes! Liste des groupes obtnus user : eyJ1c2VyaWQiOiIxIiwidXNlcmxldmVsIjoiMiIsImV4cCI6MTY2MjgwNTA1NX0
10-09-2022 09:47 >>>> Requête liste des assemblées! Liste des assemblées obtenues user : eyJ1c2VyaWQiOiIxIiwidXNlcmxldmVsIjoiMiIsImV4cCI6MTY2MjgwNTA1NX0
10-09-2022 09:48 >>>> Recherche profonde juste par identifiant effectuée; juste trouvé user : eyJ1c2VyaWQiOiIxIiwidXNlcmxldmVsIjoiMiIsImV4cCI6MTY2MjgwNTA1N30
10-09-2022 09:48 >>>> Requête liste des groupes du juste; Liste des assemblées obtenues. user : eyJ1c2VyaWQiOiIxIiwidXNlcmxldmVsIjoiMiIsImV4cCI6MTY2MjgwNTA1N30
10-09-2022 09:48 >>>> Requête liste des groupes! Liste des groupes obtnus user : eyJ1c2VyaWQiOiIxIiwidXNlcmxldmVsIjoiMiIsImV4cCI6MTY2MjgwNTA1N30
10-09-2022 09:48 >>>> Requête liste des assemblées! Liste des assemblées obtenues user : eyJ1c2VyaWQiOiIxIiwidXNlcmxldmVsIjoiMiIsImV4cCI6MTY2MjgwNTA1N30
10-09-2022 09:49 >>>> Mutation impossible! Assemblee inexistante.
10-09-2022 09:50 >>>> Recherche profonde juste par identifiant effectuée; juste trouvé user : eyJ1c2VyaWQiOiIxIiwidXNlcmxldmVsIjoiMiIsImV4cCI6MTY2MjgwNTA5N30
10-09-2022 09:50 >>>> Requête liste des groupes du juste; Liste des assemblées obtenues. user : eyJ1c2VyaWQiOiIxIiwidXNlcmxldmVsIjoiMiIsImV4cCI6MTY2MjgwNTA5N30
10-09-2022 09:50 >>>> Requête liste des assemblées! Liste des assemblées obtenues user : eyJ1c2VyaWQiOiIxIiwidXNlcmxldmVsIjoiMiIsImV4cCI6MTY2MjgwNTA5N30
10-09-2022 09:50 >>>> Requête liste des groupes! Liste des groupes obtnus user : eyJ1c2VyaWQiOiIxIiwidXNlcmxldmVsIjoiMiIsImV4cCI6MTY2MjgwNTA5N30
10-09-2022 09:50 >>>> Recherche profonde juste par identifiant effectuée; juste trouvé user : eyJ1c2VyaWQiOiIxIiwidXNlcmxldmVsIjoiMiIsImV4cCI6MTY2MjgwNTIyMn0
10-09-2022 09:50 >>>> Requête liste des assemblées! Liste des assemblées obtenues user : eyJ1c2VyaWQiOiIxIiwidXNlcmxldmVsIjoiMiIsImV4cCI6MTY2MjgwNTIyMn0
10-09-2022 09:50 >>>> Requête liste des groupes du juste; Liste des assemblées obtenues. user : eyJ1c2VyaWQiOiIxIiwidXNlcmxldmVsIjoiMiIsImV4cCI6MTY2MjgwNTIyMn0
10-09-2022 09:50 >>>> Requête liste des groupes! Liste des groupes obtnus user : eyJ1c2VyaWQiOiIxIiwidXNlcmxldmVsIjoiMiIsImV4cCI6MTY2MjgwNTIyMn0
10-09-2022 09:50 >>>> Recherche profonde juste par identifiant effectuée; juste trouvé user : eyJ1c2VyaWQiOiIxIiwidXNlcmxldmVsIjoiMiIsImV4cCI6MTY2MjgwNTIyM30
10-09-2022 09:50 >>>> Requête liste des assemblées! Liste des assemblées obtenues user : eyJ1c2VyaWQiOiIxIiwidXNlcmxldmVsIjoiMiIsImV4cCI6MTY2MjgwNTIyM30
10-09-2022 09:50 >>>> Requête liste des groupes! Liste des groupes obtnus user : eyJ1c2VyaWQiOiIxIiwidXNlcmxldmVsIjoiMiIsImV4cCI6MTY2MjgwNTIyM30
10-09-2022 09:50 >>>> Requête liste des groupes du juste; Liste des assemblées obtenues. user : eyJ1c2VyaWQiOiIxIiwidXNlcmxldmVsIjoiMiIsImV4cCI6MTY2MjgwNTIyM30
10-09-2022 09:51 >>>> Mutation impossible! Assemblee inexistante.
10-09-2022 09:54 >>>> Recherche profonde juste par identifiant effectuée; juste trouvé user : eyJ1c2VyaWQiOiIxIiwidXNlcmxldmVsIjoiMiIsImV4cCI6MTY2MjgwNTIyNH0
10-09-2022 09:54 >>>> Requête liste des groupes du juste; Liste des assemblées obtenues. user : eyJ1c2VyaWQiOiIxIiwidXNlcmxldmVsIjoiMiIsImV4cCI6MTY2MjgwNTIyNH0
10-09-2022 09:54 >>>> Requête liste des groupes! Liste des groupes obtnus user : eyJ1c2VyaWQiOiIxIiwidXNlcmxldmVsIjoiMiIsImV4cCI6MTY2MjgwNTIyNH0
10-09-2022 09:54 >>>> Requête liste des assemblées! Liste des assemblées obtenues user : eyJ1c2VyaWQiOiIxIiwidXNlcmxldmVsIjoiMiIsImV4cCI6MTY2MjgwNTIyNH0
10-09-2022 09:54 >>>> Mutation impossible! Assemblee inexistante.
10-09-2022 09:58 >>>> Recherche profonde juste par identifiant effectuée; juste trouvé user : eyJ1c2VyaWQiOiIxIiwidXNlcmxldmVsIjoiMiIsImV4cCI6MTY2MjgwNTQ1NH0
10-09-2022 09:58 >>>> Requête liste des assemblées! Liste des assemblées obtenues user : eyJ1c2VyaWQiOiIxIiwidXNlcmxldmVsIjoiMiIsImV4cCI6MTY2MjgwNTQ1NH0
10-09-2022 09:58 >>>> Requête liste des groupes! Liste des groupes obtnus user : eyJ1c2VyaWQiOiIxIiwidXNlcmxldmVsIjoiMiIsImV4cCI6MTY2MjgwNTQ1NH0
10-09-2022 09:58 >>>> Requête liste des groupes du juste; Liste des assemblées obtenues. user : eyJ1c2VyaWQiOiIxIiwidXNlcmxldmVsIjoiMiIsImV4cCI6MTY2MjgwNTQ1NH0
10-09-2022 09:58 >>>> Recherche profonde juste par identifiant effectuée; juste trouvé user : eyJ1c2VyaWQiOiIxIiwidXNlcmxldmVsIjoiMiIsImV4cCI6MTY2MjgwNTcxOX0
10-09-2022 09:58 >>>> Requête liste des assemblées! Liste des assemblées obtenues user : eyJ1c2VyaWQiOiIxIiwidXNlcmxldmVsIjoiMiIsImV4cCI6MTY2MjgwNTcxOX0
10-09-2022 09:58 >>>> Requête liste des groupes! Liste des groupes obtnus user : eyJ1c2VyaWQiOiIxIiwidXNlcmxldmVsIjoiMiIsImV4cCI6MTY2MjgwNTcxOX0
10-09-2022 09:58 >>>> Requête liste des groupes du juste; Liste des assemblées obtenues. user : eyJ1c2VyaWQiOiIxIiwidXNlcmxldmVsIjoiMiIsImV4cCI6MTY2MjgwNTcxOX0
10-09-2022 09:59 >>>> Mutation impossible! Assemblee inexistante.
10-09-2022 10:01 >>>> Echec de mutation du rattachement. Enregistrement du nouveau rattachement impossible!
10-09-2022 10:01 >>>> Recherche profonde juste par identifiant effectuée; juste trouvé user : eyJ1c2VyaWQiOiIxIiwidXNlcmxldmVsIjoiMiIsImV4cCI6MTY2MjgwNTcyMX0
10-09-2022 10:01 >>>> Requête liste des groupes! Liste des groupes obtnus user : eyJ1c2VyaWQiOiIxIiwidXNlcmxldmVsIjoiMiIsImV4cCI6MTY2MjgwNTcyMX0
10-09-2022 10:01 >>>> Requête liste des groupes du juste; Liste des assemblées obtenues. user : eyJ1c2VyaWQiOiIxIiwidXNlcmxldmVsIjoiMiIsImV4cCI6MTY2MjgwNTcyMX0
10-09-2022 10:01 >>>> Requête liste des assemblées! Liste des assemblées obtenues user : eyJ1c2VyaWQiOiIxIiwidXNlcmxldmVsIjoiMiIsImV4cCI6MTY2MjgwNTcyMX0
10-09-2022 10:01 >>>> Requête liste des assemblées! Liste des assemblées obtenues user : eyJ1c2VyaWQiOiIxIiwidXNlcmxldmVsIjoiMiIsImV4cCI6MTY2MjgwNTkwM30
10-09-2022 10:01 >>>> Requête liste des groupes du juste; Liste des assemblées obtenues. user : eyJ1c2VyaWQiOiIxIiwidXNlcmxldmVsIjoiMiIsImV4cCI6MTY2MjgwNTkwM30
10-09-2022 10:01 >>>> Recherche profonde juste par identifiant effectuée; juste trouvé user : eyJ1c2VyaWQiOiIxIiwidXNlcmxldmVsIjoiMiIsImV4cCI6MTY2MjgwNTkwM30
10-09-2022 10:01 >>>> Requête liste des groupes! Liste des groupes obtnus user : eyJ1c2VyaWQiOiIxIiwidXNlcmxldmVsIjoiMiIsImV4cCI6MTY2MjgwNTkwM30
10-09-2022 10:01 >>>> Requête liste des justes; Liste des justes obtnus user : eyJ1c2VyaWQiOiIxIiwidXNlcmxldmVsIjoiMiIsImV4cCI6MTY2MjgwNTkxMX0
10-09-2022 10:01 >>>> Recherche profonde juste par identifiant effectuée; juste trouvé user : eyJ1c2VyaWQiOiIxIiwidXNlcmxldmVsIjoiMiIsImV4cCI6MTY2MjgwNTkxNX0
10-09-2022 10:01 >>>> Requête liste des assemblées! Liste des assemblées obtenues user : eyJ1c2VyaWQiOiIxIiwidXNlcmxldmVsIjoiMiIsImV4cCI6MTY2MjgwNTkxNX0
10-09-2022 10:01 >>>> Requête liste des groupes du juste; Liste des assemblées obtenues. user : eyJ1c2VyaWQiOiIxIiwidXNlcmxldmVsIjoiMiIsImV4cCI6MTY2MjgwNTkxNX0
10-09-2022 10:01 >>>> Requête liste des groupes! Liste des groupes obtnus user : eyJ1c2VyaWQiOiIxIiwidXNlcmxldmVsIjoiMiIsImV4cCI6MTY2MjgwNTkxNX0
10-09-2022 10:02 >>>> Requête historique des assemblées du juste; Liste des assemblées obtenues. user : eyJ1c2VyaWQiOiIxIiwidXNlcmxldmVsIjoiMiIsImV4cCI6MTY2MjgwNTkxOH0
10-09-2022 10:02 >>>> Requête liste des justes; Liste des justes obtnus user : eyJ1c2VyaWQiOiIxIiwidXNlcmxldmVsIjoiMiIsImV4cCI6MTY2MjgwNTkyNH0
10-09-2022 10:02 >>>> Recherche profonde juste par identifiant effectuée; juste trouvé user : eyJ1c2VyaWQiOiIxIiwidXNlcmxldmVsIjoiMiIsImV4cCI6MTY2MjgwNTkyNn0
10-09-2022 10:02 >>>> Requête liste des groupes du juste; Liste des assemblées obtenues. user : eyJ1c2VyaWQiOiIxIiwidXNlcmxldmVsIjoiMiIsImV4cCI6MTY2MjgwNTkyNn0
10-09-2022 10:02 >>>> Requête liste des assemblées! Liste des assemblées obtenues user : eyJ1c2VyaWQiOiIxIiwidXNlcmxldmVsIjoiMiIsImV4cCI6MTY2MjgwNTkyNn0
10-09-2022 10:02 >>>> Requête liste des groupes! Liste des groupes obtnus user : eyJ1c2VyaWQiOiIxIiwidXNlcmxldmVsIjoiMiIsImV4cCI6MTY2MjgwNTkyNn0
10-09-2022 10:02 >>>> Echec de mutation du rattachement. Enregistrement du nouveau rattachement impossible!
10-09-2022 10:03 >>>> Requête liste des groupes du juste; Liste des assemblées obtenues. user : eyJ1c2VyaWQiOiIxIiwidXNlcmxldmVsIjoiMiIsImV4cCI6MTY2MjgwNTkyOX0
10-09-2022 10:03 >>>> Recherche profonde juste par identifiant effectuée; juste trouvé user : eyJ1c2VyaWQiOiIxIiwidXNlcmxldmVsIjoiMiIsImV4cCI6MTY2MjgwNTkyOX0
10-09-2022 10:03 >>>> Requête liste des groupes! Liste des groupes obtnus user : eyJ1c2VyaWQiOiIxIiwidXNlcmxldmVsIjoiMiIsImV4cCI6MTY2MjgwNTkyOX0
10-09-2022 10:03 >>>> Requête liste des assemblées! Liste des assemblées obtenues user : eyJ1c2VyaWQiOiIxIiwidXNlcmxldmVsIjoiMiIsImV4cCI6MTY2MjgwNTkyOX0
10-09-2022 10:03 >>>> Echec de mutation du rattachement. Enregistrement du nouveau rattachement impossible!
10-09-2022 10:04 >>>> Requête liste des groupes du juste; Liste des assemblées obtenues. user : eyJ1c2VyaWQiOiIxIiwidXNlcmxldmVsIjoiMiIsImV4cCI6MTY2MjgwNjAwMX0
10-09-2022 10:04 >>>> Recherche profonde juste par identifiant effectuée; juste trouvé user : eyJ1c2VyaWQiOiIxIiwidXNlcmxldmVsIjoiMiIsImV4cCI6MTY2MjgwNjAwMX0
10-09-2022 10:04 >>>> Requête liste des groupes! Liste des groupes obtnus user : eyJ1c2VyaWQiOiIxIiwidXNlcmxldmVsIjoiMiIsImV4cCI6MTY2MjgwNjAwMX0
10-09-2022 10:04 >>>> Requête liste des assemblées! Liste des assemblées obtenues user : eyJ1c2VyaWQiOiIxIiwidXNlcmxldmVsIjoiMiIsImV4cCI6MTY2MjgwNjAwMX0
10-09-2022 10:04 >>>> Requête liste des groupes du juste; Liste des assemblées obtenues. user : eyJ1c2VyaWQiOiIxIiwidXNlcmxldmVsIjoiMiIsImV4cCI6MTY2MjgwNjA3Nn0
10-09-2022 10:04 >>>> Requête liste des assemblées! Liste des assemblées obtenues user : eyJ1c2VyaWQiOiIxIiwidXNlcmxldmVsIjoiMiIsImV4cCI6MTY2MjgwNjA3Nn0
10-09-2022 10:04 >>>> Recherche profonde juste par identifiant effectuée; juste trouvé user : eyJ1c2VyaWQiOiIxIiwidXNlcmxldmVsIjoiMiIsImV4cCI6MTY2MjgwNjA3Nn0
10-09-2022 10:04 >>>> Requête liste des groupes! Liste des groupes obtnus user : eyJ1c2VyaWQiOiIxIiwidXNlcmxldmVsIjoiMiIsImV4cCI6MTY2MjgwNjA3Nn0
10-09-2022 10:05 >>>> Recherche profonde juste par identifiant effectuée; juste trouvé user : eyJ1c2VyaWQiOiIxIiwidXNlcmxldmVsIjoiMiIsImV4cCI6MTY2MjgwNjA3N30
10-09-2022 10:05 >>>> Requête liste des groupes du juste; Liste des assemblées obtenues. user : eyJ1c2VyaWQiOiIxIiwidXNlcmxldmVsIjoiMiIsImV4cCI6MTY2MjgwNjA3N30
10-09-2022 10:05 >>>> Requête liste des assemblées! Liste des assemblées obtenues user : eyJ1c2VyaWQiOiIxIiwidXNlcmxldmVsIjoiMiIsImV4cCI6MTY2MjgwNjA3N30
10-09-2022 10:05 >>>> Requête liste des groupes! Liste des groupes obtnus user : eyJ1c2VyaWQiOiIxIiwidXNlcmxldmVsIjoiMiIsImV4cCI6MTY2MjgwNjA3N30
10-09-2022 10:05 >>>> Echec de mutation du rattachement. Enregistrement du nouveau rattachement impossible!
10-09-2022 10:11 >>>> Connexion par login éffectuée. user : eyJ1c2VyaWQiOiIxIiwidXNlcmxldmVsIjoiMiIsImV4cCI6MTY2MjgwNjQ3OX0
10-09-2022 10:11 >>>> Modification de rattachement impossible! Assemblee inexistante.
10-09-2022 10:13 >>>> Rattachement modifié user : eyJ1c2VyaWQiOiIxIiwidXNlcmxldmVsIjoiMiIsImV4cCI6MTY2MjgwNjQ3OX0
10-09-2022 10:14 >>>> Rattachement modifié user : eyJ1c2VyaWQiOiIxIiwidXNlcmxldmVsIjoiMiIsImV4cCI6MTY2MjgwNjQ3OX0
10-09-2022 10:18 >>>> Echec de mutation du rattachement. Enregistrement du nouveau rattachement impossible!
10-09-2022 10:18 >>>> Echec de mutation du rattachement. Enregistrement du nouveau rattachement impossible!
10-09-2022 10:24 >>>> Echec de mutation du rattachement. Enregistrement du nouveau rattachement impossible!
10-09-2022 14:15 >>>> Token expiré
10-09-2022 14:15 >>>> Token expiré
10-09-2022 14:15 >>>> Token expiré
10-09-2022 14:15 >>>> Token expiré
10-09-2022 14:16 >>>> Connexion par login éffectuée. user : eyJ1c2VyaWQiOiIxIiwidXNlcmxldmVsIjoiMiIsImV4cCI6MTY2MjgyMTE4M30
10-09-2022 14:17 >>>> Requête liste des justes; Liste des justes obtnus user : eyJ1c2VyaWQiOiIxIiwidXNlcmxldmVsIjoiMiIsImV4cCI6MTY2MjgyMTE4M30
10-09-2022 14:17 >>>> Requête de juste par full text éffectuée! Liste des justes obtenus. user : eyJ1c2VyaWQiOiIxIiwidXNlcmxldmVsIjoiMiIsImV4cCI6MTY2MjgyMTI2OX0
10-09-2022 14:18 >>>> Requête de juste par full text éffectuée! Liste des justes obtenus. user : eyJ1c2VyaWQiOiIxIiwidXNlcmxldmVsIjoiMiIsImV4cCI6MTY2MjgyMTI3M30
10-09-2022 14:18 >>>> Requête liste des assemblées! Liste des assemblées obtenues user : eyJ1c2VyaWQiOiIxIiwidXNlcmxldmVsIjoiMiIsImV4cCI6MTY2MjgyMTI4MX0
10-09-2022 14:18 >>>> Requête d'assemblée par full text éffectuée! Liste des assemblées obtenues. user : eyJ1c2VyaWQiOiIxIiwidXNlcmxldmVsIjoiMiIsImV4cCI6MTY2MjgyMTI4OX0
10-09-2022 14:19 >>>> Requête liste des justes; Liste des justes obtnus user : eyJ1c2VyaWQiOiIxIiwidXNlcmxldmVsIjoiMiIsImV4cCI6MTY2MjgyMTI5NH0
10-09-2022 14:29 >>>> Recherche profonde juste par identifiant effectuée; juste trouvé user : eyJ1c2VyaWQiOiIxIiwidXNlcmxldmVsIjoiMiIsImV4cCI6MTY2MjgyMTM4Mn0
10-09-2022 14:29 >>>> Requête liste des assemblées! Liste des assemblées obtenues user : eyJ1c2VyaWQiOiIxIiwidXNlcmxldmVsIjoiMiIsImV4cCI6MTY2MjgyMTM4Mn0
10-09-2022 14:29 >>>> Requête liste des groupes du juste; Liste des assemblées obtenues. user : eyJ1c2VyaWQiOiIxIiwidXNlcmxldmVsIjoiMiIsImV4cCI6MTY2MjgyMTM4Mn0
10-09-2022 14:29 >>>> Requête liste des groupes! Liste des groupes obtnus user : eyJ1c2VyaWQiOiIxIiwidXNlcmxldmVsIjoiMiIsImV4cCI6MTY2MjgyMTM4Mn0
10-09-2022 14:29 >>>> Mutation effectuée! user : eyJ1c2VyaWQiOiIxIiwidXNlcmxldmVsIjoiMiIsImV4cCI6MTY2MjgyMTk1N30
10-09-2022 14:29 >>>> Requête liste des assemblées! Liste des assemblées obtenues user : eyJ1c2VyaWQiOiIxIiwidXNlcmxldmVsIjoiMiIsImV4cCI6MTY2MjgyMTk1N30
10-09-2022 14:29 >>>> Recherche profonde juste par identifiant effectuée; juste trouvé user : eyJ1c2VyaWQiOiIxIiwidXNlcmxldmVsIjoiMiIsImV4cCI6MTY2MjgyMTk1N30
10-09-2022 14:29 >>>> Requête liste des groupes! Liste des groupes obtnus user : eyJ1c2VyaWQiOiIxIiwidXNlcmxldmVsIjoiMiIsImV4cCI6MTY2MjgyMTk1N30
10-09-2022 14:29 >>>> Requête liste des groupes du juste; Liste des assemblées obtenues. user : eyJ1c2VyaWQiOiIxIiwidXNlcmxldmVsIjoiMiIsImV4cCI6MTY2MjgyMTk1N30
10-09-2022 14:29 >>>> Requête liste des justes; Liste des justes obtnus user : eyJ1c2VyaWQiOiIxIiwidXNlcmxldmVsIjoiMiIsImV4cCI6MTY2MjgyMTk4NX0
10-09-2022 14:29 >>>> Recherche profonde juste par identifiant effectuée; juste trouvé user : eyJ1c2VyaWQiOiIxIiwidXNlcmxldmVsIjoiMiIsImV4cCI6MTY2MjgyMTk5Mn0
10-09-2022 14:29 >>>> Requête liste des groupes! Liste des groupes obtnus user : eyJ1c2VyaWQiOiIxIiwidXNlcmxldmVsIjoiMiIsImV4cCI6MTY2MjgyMTk5Mn0
10-09-2022 14:29 >>>> Requête liste des groupes du juste; Liste des assemblées obtenues. user : eyJ1c2VyaWQiOiIxIiwidXNlcmxldmVsIjoiMiIsImV4cCI6MTY2MjgyMTk5Mn0
10-09-2022 14:29 >>>> Requête liste des assemblées! Liste des assemblées obtenues user : eyJ1c2VyaWQiOiIxIiwidXNlcmxldmVsIjoiMiIsImV4cCI6MTY2MjgyMTk5Mn0
10-09-2022 14:30 >>>> Recherche profonde juste par identifiant effectuée; juste trouvé user : eyJ1c2VyaWQiOiIxIiwidXNlcmxldmVsIjoiMiIsImV4cCI6MTY2MjgyMTk5NX0
10-09-2022 14:30 >>>> Requête liste des assemblées! Liste des assemblées obtenues user : eyJ1c2VyaWQiOiIxIiwidXNlcmxldmVsIjoiMiIsImV4cCI6MTY2MjgyMTk5NX0
10-09-2022 14:30 >>>> Requête liste des groupes du juste; Liste des assemblées obtenues. user : eyJ1c2VyaWQiOiIxIiwidXNlcmxldmVsIjoiMiIsImV4cCI6MTY2MjgyMTk5NX0
10-09-2022 14:30 >>>> Requête liste des groupes! Liste des groupes obtnus user : eyJ1c2VyaWQiOiIxIiwidXNlcmxldmVsIjoiMiIsImV4cCI6MTY2MjgyMTk5NX0
10-09-2022 14:30 >>>> Recherche profonde juste par identifiant effectuée; juste trouvé user : eyJ1c2VyaWQiOiIxIiwidXNlcmxldmVsIjoiMiIsImV4cCI6MTY2MjgyMjAwNH0
10-09-2022 14:30 >>>> Requête liste des groupes du juste; Liste des assemblées obtenues. user : eyJ1c2VyaWQiOiIxIiwidXNlcmxldmVsIjoiMiIsImV4cCI6MTY2MjgyMjAwNH0
10-09-2022 14:30 >>>> Requête liste des groupes! Liste des groupes obtnus user : eyJ1c2VyaWQiOiIxIiwidXNlcmxldmVsIjoiMiIsImV4cCI6MTY2MjgyMjAwNH0
10-09-2022 14:30 >>>> Requête liste des assemblées! Liste des assemblées obtenues user : eyJ1c2VyaWQiOiIxIiwidXNlcmxldmVsIjoiMiIsImV4cCI6MTY2MjgyMjAwNH0
10-09-2022 14:32 >>>> Recherche profonde juste par identifiant effectuée; juste trouvé user : eyJ1c2VyaWQiOiIxIiwidXNlcmxldmVsIjoiMiIsImV4cCI6MTY2MjgyMjAwNn0
10-09-2022 14:32 >>>> Requête liste des groupes du juste; Liste des assemblées obtenues. user : eyJ1c2VyaWQiOiIxIiwidXNlcmxldmVsIjoiMiIsImV4cCI6MTY2MjgyMjAwNn0
10-09-2022 14:32 >>>> Requête liste des groupes! Liste des groupes obtnus user : eyJ1c2VyaWQiOiIxIiwidXNlcmxldmVsIjoiMiIsImV4cCI6MTY2MjgyMjAwNn0
10-09-2022 14:32 >>>> Requête liste des assemblées! Liste des assemblées obtenues user : eyJ1c2VyaWQiOiIxIiwidXNlcmxldmVsIjoiMiIsImV4cCI6MTY2MjgyMjAwNn0
10-09-2022 14:32 >>>> Requête liste des groupes du juste; Liste des assemblées obtenues. user : eyJ1c2VyaWQiOiIxIiwidXNlcmxldmVsIjoiMiIsImV4cCI6MTY2MjgyMjEyMH0
10-09-2022 14:32 >>>> Requête liste des assemblées! Liste des assemblées obtenues user : eyJ1c2VyaWQiOiIxIiwidXNlcmxldmVsIjoiMiIsImV4cCI6MTY2MjgyMjEyMH0
10-09-2022 14:32 >>>> Requête liste des groupes! Liste des groupes obtnus user : eyJ1c2VyaWQiOiIxIiwidXNlcmxldmVsIjoiMiIsImV4cCI6MTY2MjgyMjEyMH0
10-09-2022 14:32 >>>> Recherche profonde juste par identifiant effectuée; juste trouvé user : eyJ1c2VyaWQiOiIxIiwidXNlcmxldmVsIjoiMiIsImV4cCI6MTY2MjgyMjEyMH0
10-09-2022 14:32 >>>> Mutation effectuée! user : eyJ1c2VyaWQiOiIxIiwidXNlcmxldmVsIjoiMiIsImV4cCI6MTY2MjgyMjEzOH0
10-09-2022 14:34 >>>> Requête liste des groupes! Liste des groupes obtnus user : eyJ1c2VyaWQiOiIxIiwidXNlcmxldmVsIjoiMiIsImV4cCI6MTY2MjgyMjEzOH0
10-09-2022 14:34 >>>> Recherche profonde juste par identifiant effectuée; juste trouvé user : eyJ1c2VyaWQiOiIxIiwidXNlcmxldmVsIjoiMiIsImV4cCI6MTY2MjgyMjEzOH0
10-09-2022 14:34 >>>> Requête liste des groupes du juste; Liste des assemblées obtenues. user : eyJ1c2VyaWQiOiIxIiwidXNlcmxldmVsIjoiMiIsImV4cCI6MTY2MjgyMjEzOH0
10-09-2022 14:34 >>>> Requête liste des assemblées! Liste des assemblées obtenues user : eyJ1c2VyaWQiOiIxIiwidXNlcmxldmVsIjoiMiIsImV4cCI6MTY2MjgyMjEzOH0
10-09-2022 14:34 >>>> Recherche profonde juste par identifiant effectuée; juste trouvé user : eyJ1c2VyaWQiOiIxIiwidXNlcmxldmVsIjoiMiIsImV4cCI6MTY2MjgyMjI3M30
10-09-2022 14:34 >>>> Requête liste des groupes du juste; Liste des assemblées obtenues. user : eyJ1c2VyaWQiOiIxIiwidXNlcmxldmVsIjoiMiIsImV4cCI6MTY2MjgyMjI3M30
10-09-2022 14:34 >>>> Requête liste des assemblées! Liste des assemblées obtenues user : eyJ1c2VyaWQiOiIxIiwidXNlcmxldmVsIjoiMiIsImV4cCI6MTY2MjgyMjI3M30
10-09-2022 14:34 >>>> Requête liste des groupes! Liste des groupes obtnus user : eyJ1c2VyaWQiOiIxIiwidXNlcmxldmVsIjoiMiIsImV4cCI6MTY2MjgyMjI3M30
10-09-2022 14:35 >>>> Recherche profonde juste par identifiant effectuée; juste trouvé user : eyJ1c2VyaWQiOiIxIiwidXNlcmxldmVsIjoiMiIsImV4cCI6MTY2MjgyMjI3N30
10-09-2022 14:35 >>>> Requête liste des groupes! Liste des groupes obtnus user : eyJ1c2VyaWQiOiIxIiwidXNlcmxldmVsIjoiMiIsImV4cCI6MTY2MjgyMjI3N30
10-09-2022 14:35 >>>> Requête liste des assemblées! Liste des assemblées obtenues user : eyJ1c2VyaWQiOiIxIiwidXNlcmxldmVsIjoiMiIsImV4cCI6MTY2MjgyMjI3N30
10-09-2022 14:35 >>>> Requête liste des groupes du juste; Liste des assemblées obtenues. user : eyJ1c2VyaWQiOiIxIiwidXNlcmxldmVsIjoiMiIsImV4cCI6MTY2MjgyMjI3N30
10-09-2022 14:35 >>>> Mutation effectuée! user : eyJ1c2VyaWQiOiIxIiwidXNlcmxldmVsIjoiMiIsImV4cCI6MTY2MjgyMjMzM30
10-09-2022 14:35 >>>> Recherche profonde juste par identifiant effectuée; juste trouvé user : eyJ1c2VyaWQiOiIxIiwidXNlcmxldmVsIjoiMiIsImV4cCI6MTY2MjgyMjM1NX0
10-09-2022 14:35 >>>> Requête liste des groupes! Liste des groupes obtnus user : eyJ1c2VyaWQiOiIxIiwidXNlcmxldmVsIjoiMiIsImV4cCI6MTY2MjgyMjM1NX0
10-09-2022 14:35 >>>> Requête liste des assemblées! Liste des assemblées obtenues user : eyJ1c2VyaWQiOiIxIiwidXNlcmxldmVsIjoiMiIsImV4cCI6MTY2MjgyMjM1NX0
10-09-2022 14:35 >>>> Requête liste des groupes du juste; Liste des assemblées obtenues. user : eyJ1c2VyaWQiOiIxIiwidXNlcmxldmVsIjoiMiIsImV4cCI6MTY2MjgyMjM1NX0
10-09-2022 14:36 >>>> Requête liste des justes; Liste des justes obtnus user : eyJ1c2VyaWQiOiIxIiwidXNlcmxldmVsIjoiMiIsImV4cCI6MTY2MjgyMjM1Nn0
10-09-2022 14:36 >>>> Recherche profonde juste par identifiant effectuée; juste trouvé user : eyJ1c2VyaWQiOiIxIiwidXNlcmxldmVsIjoiMiIsImV4cCI6MTY2MjgyMjM2Nn0
10-09-2022 14:36 >>>> Requête liste des groupes! Liste des groupes obtnus user : eyJ1c2VyaWQiOiIxIiwidXNlcmxldmVsIjoiMiIsImV4cCI6MTY2MjgyMjM2Nn0
10-09-2022 14:36 >>>> Requête liste des groupes du juste; Liste des assemblées obtenues. user : eyJ1c2VyaWQiOiIxIiwidXNlcmxldmVsIjoiMiIsImV4cCI6MTY2MjgyMjM2Nn0
10-09-2022 14:36 >>>> Requête liste des assemblées! Liste des assemblées obtenues user : eyJ1c2VyaWQiOiIxIiwidXNlcmxldmVsIjoiMiIsImV4cCI6MTY2MjgyMjM2Nn0
10-09-2022 14:56 >>>> Recherche profonde juste par identifiant effectuée; juste trouvé user : eyJ1c2VyaWQiOiIxIiwidXNlcmxldmVsIjoiMiIsImV4cCI6MTY2MjgyMjM2OH0
10-09-2022 14:56 >>>> Requête liste des assemblées! Liste des assemblées obtenues user : eyJ1c2VyaWQiOiIxIiwidXNlcmxldmVsIjoiMiIsImV4cCI6MTY2MjgyMjM2OH0
10-09-2022 14:56 >>>> Requête liste des groupes! Liste des groupes obtnus user : eyJ1c2VyaWQiOiIxIiwidXNlcmxldmVsIjoiMiIsImV4cCI6MTY2MjgyMjM2OH0
10-09-2022 14:56 >>>> Requête liste des groupes du juste; Liste des assemblées obtenues. user : eyJ1c2VyaWQiOiIxIiwidXNlcmxldmVsIjoiMiIsImV4cCI6MTY2MjgyMjM2OH0
10-09-2022 14:56 >>>> Requête historique des assemblées du juste; Liste des assemblées obtenues. user : eyJ1c2VyaWQiOiIxIiwidXNlcmxldmVsIjoiMiIsImV4cCI6MTY2MjgyMzU5OX0
10-09-2022 14:57 >>>> Requête liste des justes; Liste des justes obtnus user : eyJ1c2VyaWQiOiIxIiwidXNlcmxldmVsIjoiMiIsImV4cCI6MTY2MjgyMzYwNn0
10-09-2022 14:57 >>>> Requête liste des groupes du juste; Liste des assemblées obtenues. user : eyJ1c2VyaWQiOiIxIiwidXNlcmxldmVsIjoiMiIsImV4cCI6MTY2MjgyMzYyMn0
10-09-2022 14:57 >>>> Recherche profonde juste par identifiant effectuée; juste trouvé user : eyJ1c2VyaWQiOiIxIiwidXNlcmxldmVsIjoiMiIsImV4cCI6MTY2MjgyMzYyMn0
10-09-2022 14:57 >>>> Requête liste des groupes! Liste des groupes obtnus user : eyJ1c2VyaWQiOiIxIiwidXNlcmxldmVsIjoiMiIsImV4cCI6MTY2MjgyMzYyMn0
10-09-2022 14:57 >>>> Requête liste des assemblées! Liste des assemblées obtenues user : eyJ1c2VyaWQiOiIxIiwidXNlcmxldmVsIjoiMiIsImV4cCI6MTY2MjgyMzYyMn0
10-09-2022 15:01 >>>> Recherche profonde juste par identifiant effectuée; juste trouvé user : eyJ1c2VyaWQiOiIxIiwidXNlcmxldmVsIjoiMiIsImV4cCI6MTY2MjgyMzYyOX0
10-09-2022 15:01 >>>> Requête liste des groupes du juste; Liste des assemblées obtenues. user : eyJ1c2VyaWQiOiIxIiwidXNlcmxldmVsIjoiMiIsImV4cCI6MTY2MjgyMzYyOX0
10-09-2022 15:01 >>>> Requête liste des groupes! Liste des groupes obtnus user : eyJ1c2VyaWQiOiIxIiwidXNlcmxldmVsIjoiMiIsImV4cCI6MTY2MjgyMzYyOX0
10-09-2022 15:01 >>>> Requête liste des assemblées! Liste des assemblées obtenues user : eyJ1c2VyaWQiOiIxIiwidXNlcmxldmVsIjoiMiIsImV4cCI6MTY2MjgyMzYyOX0
10-09-2022 15:01 >>>> Rattachement terminer. user : eyJ1c2VyaWQiOiIxIiwidXNlcmxldmVsIjoiMiIsImV4cCI6MTY2MjgyMzg5Nn0
10-09-2022 15:01 >>>> Recherche profonde juste par identifiant effectuée; juste trouvé user : eyJ1c2VyaWQiOiIxIiwidXNlcmxldmVsIjoiMiIsImV4cCI6MTY2MjgyMzkxMn0
10-09-2022 15:01 >>>> Requête liste des groupes du juste; Liste des assemblées obtenues. user : eyJ1c2VyaWQiOiIxIiwidXNlcmxldmVsIjoiMiIsImV4cCI6MTY2MjgyMzkxMn0
10-09-2022 15:01 >>>> Requête liste des assemblées! Liste des assemblées obtenues user : eyJ1c2VyaWQiOiIxIiwidXNlcmxldmVsIjoiMiIsImV4cCI6MTY2MjgyMzkxMn0
10-09-2022 15:01 >>>> Requête liste des groupes! Liste des groupes obtnus user : eyJ1c2VyaWQiOiIxIiwidXNlcmxldmVsIjoiMiIsImV4cCI6MTY2MjgyMzkxMn0
10-09-2022 15:03 >>>> Requête liste des groupes! Liste des groupes obtnus user : eyJ1c2VyaWQiOiIxIiwidXNlcmxldmVsIjoiMiIsImV4cCI6MTY2MjgyMzkxMn0
10-09-2022 15:03 >>>> Recherche profonde juste par identifiant effectuée; juste trouvé user : eyJ1c2VyaWQiOiIxIiwidXNlcmxldmVsIjoiMiIsImV4cCI6MTY2MjgyMzkxMn0
10-09-2022 15:03 >>>> Requête liste des assemblées! Liste des assemblées obtenues user : eyJ1c2VyaWQiOiIxIiwidXNlcmxldmVsIjoiMiIsImV4cCI6MTY2MjgyMzkxMn0
10-09-2022 15:03 >>>> Requête liste des groupes du juste; Liste des assemblées obtenues. user : eyJ1c2VyaWQiOiIxIiwidXNlcmxldmVsIjoiMiIsImV4cCI6MTY2MjgyMzkxMn0
10-09-2022 15:04 >>>> Rattachement terminer. user : eyJ1c2VyaWQiOiIxIiwidXNlcmxldmVsIjoiMiIsImV4cCI6MTY2MjgyNDAwMH0
10-09-2022 15:04 >>>> Requête de recherche profonde de juste par identifiant échouée; juste introuvable 
10-09-2022 15:04 >>>> Requête liste des groupes du juste; Liste des assemblées obtenues. user : eyJ1c2VyaWQiOiIxIiwidXNlcmxldmVsIjoiMiIsImV4cCI6MTY2MjgyNDA1Nn0
10-09-2022 15:04 >>>> Requête liste des groupes! Liste des groupes obtnus user : eyJ1c2VyaWQiOiIxIiwidXNlcmxldmVsIjoiMiIsImV4cCI6MTY2MjgyNDA1Nn0
10-09-2022 15:04 >>>> Requête liste des assemblées! Liste des assemblées obtenues user : eyJ1c2VyaWQiOiIxIiwidXNlcmxldmVsIjoiMiIsImV4cCI6MTY2MjgyNDA1Nn0
10-09-2022 15:04 >>>> Requête historique des assemblées du juste; Liste des assemblées obtenues. user : eyJ1c2VyaWQiOiIxIiwidXNlcmxldmVsIjoiMiIsImV4cCI6MTY2MjgyNDA1N30
10-09-2022 15:04 >>>> Requête liste des justes; Liste des justes obtnus user : eyJ1c2VyaWQiOiIxIiwidXNlcmxldmVsIjoiMiIsImV4cCI6MTY2MjgyNDA2MX0
10-09-2022 15:04 >>>> Requête de recherche profonde de juste par identifiant échouée; juste introuvable 
10-09-2022 15:04 >>>> Requête liste des groupes du juste; Liste des assemblées obtenues. user : eyJ1c2VyaWQiOiIxIiwidXNlcmxldmVsIjoiMiIsImV4cCI6MTY2MjgyNDA2N30
10-09-2022 15:04 >>>> Requête liste des assemblées! Liste des assemblées obtenues user : eyJ1c2VyaWQiOiIxIiwidXNlcmxldmVsIjoiMiIsImV4cCI6MTY2MjgyNDA2N30
10-09-2022 15:04 >>>> Requête liste des groupes! Liste des groupes obtnus user : eyJ1c2VyaWQiOiIxIiwidXNlcmxldmVsIjoiMiIsImV4cCI6MTY2MjgyNDA2N30
10-09-2022 15:05 >>>> Requête de recherche profonde de juste par identifiant échouée; juste introuvable 
10-09-2022 15:05 >>>> Requête liste des groupes du juste; Liste des assemblées obtenues. user : eyJ1c2VyaWQiOiIxIiwidXNlcmxldmVsIjoiMiIsImV4cCI6MTY2MjgyNDA2OX0
10-09-2022 15:05 >>>> Requête liste des groupes! Liste des groupes obtnus user : eyJ1c2VyaWQiOiIxIiwidXNlcmxldmVsIjoiMiIsImV4cCI6MTY2MjgyNDA2OX0
10-09-2022 15:05 >>>> Requête liste des assemblées! Liste des assemblées obtenues user : eyJ1c2VyaWQiOiIxIiwidXNlcmxldmVsIjoiMiIsImV4cCI6MTY2MjgyNDA2OX0
10-09-2022 15:07 >>>> Requête de recherche profonde de juste par identifiant échouée; juste introuvable 
10-09-2022 15:07 >>>> Requête liste des groupes du juste; Liste des assemblées obtenues. user : eyJ1c2VyaWQiOiIxIiwidXNlcmxldmVsIjoiMiIsImV4cCI6MTY2MjgyNDExNX0
10-09-2022 15:07 >>>> Requête liste des assemblées! Liste des assemblées obtenues user : eyJ1c2VyaWQiOiIxIiwidXNlcmxldmVsIjoiMiIsImV4cCI6MTY2MjgyNDExNX0
10-09-2022 15:07 >>>> Requête liste des groupes! Liste des groupes obtnus user : eyJ1c2VyaWQiOiIxIiwidXNlcmxldmVsIjoiMiIsImV4cCI6MTY2MjgyNDExNX0
10-09-2022 15:08 >>>> Requête de recherche profonde de juste par identifiant échouée; juste introuvable 
10-09-2022 15:08 >>>> Requête liste des groupes du juste; Liste des assemblées obtenues. user : eyJ1c2VyaWQiOiIxIiwidXNlcmxldmVsIjoiMiIsImV4cCI6MTY2MjgyNDI0NH0
10-09-2022 15:08 >>>> Requête liste des groupes! Liste des groupes obtnus user : eyJ1c2VyaWQiOiIxIiwidXNlcmxldmVsIjoiMiIsImV4cCI6MTY2MjgyNDI0NH0
10-09-2022 15:08 >>>> Requête liste des assemblées! Liste des assemblées obtenues user : eyJ1c2VyaWQiOiIxIiwidXNlcmxldmVsIjoiMiIsImV4cCI6MTY2MjgyNDI0NH0
10-09-2022 15:08 >>>> Requête de recherche profonde de juste par identifiant échouée; juste introuvable 
10-09-2022 15:08 >>>> Requête liste des groupes du juste; Liste des assemblées obtenues. user : eyJ1c2VyaWQiOiIxIiwidXNlcmxldmVsIjoiMiIsImV4cCI6MTY2MjgyNDI5Mn0
10-09-2022 15:08 >>>> Requête liste des assemblées! Liste des assemblées obtenues user : eyJ1c2VyaWQiOiIxIiwidXNlcmxldmVsIjoiMiIsImV4cCI6MTY2MjgyNDI5Mn0
10-09-2022 15:08 >>>> Requête liste des groupes! Liste des groupes obtnus user : eyJ1c2VyaWQiOiIxIiwidXNlcmxldmVsIjoiMiIsImV4cCI6MTY2MjgyNDI5Mn0
10-09-2022 15:09 >>>> Requête de recherche profonde de juste par identifiant échouée; juste introuvable 
10-09-2022 15:09 >>>> Requête liste des groupes du juste; Liste des assemblées obtenues. user : eyJ1c2VyaWQiOiIxIiwidXNlcmxldmVsIjoiMiIsImV4cCI6MTY2MjgyNDMyOX0
10-09-2022 15:09 >>>> Requête liste des assemblées! Liste des assemblées obtenues user : eyJ1c2VyaWQiOiIxIiwidXNlcmxldmVsIjoiMiIsImV4cCI6MTY2MjgyNDMyOX0
10-09-2022 15:09 >>>> Requête liste des groupes! Liste des groupes obtnus user : eyJ1c2VyaWQiOiIxIiwidXNlcmxldmVsIjoiMiIsImV4cCI6MTY2MjgyNDMyOX0
10-09-2022 15:09 >>>> Requête liste des justes; Liste des justes obtnus user : eyJ1c2VyaWQiOiIxIiwidXNlcmxldmVsIjoiMiIsImV4cCI6MTY2MjgyNDM0Nn0
10-09-2022 15:09 >>>> Requête de recherche profonde de juste par identifiant échouée; juste introuvable 
10-09-2022 15:09 >>>> Requête liste des groupes du juste; Liste des assemblées obtenues. user : eyJ1c2VyaWQiOiIxIiwidXNlcmxldmVsIjoiMiIsImV4cCI6MTY2MjgyNDM1MH0
10-09-2022 15:09 >>>> Requête liste des assemblées! Liste des assemblées obtenues user : eyJ1c2VyaWQiOiIxIiwidXNlcmxldmVsIjoiMiIsImV4cCI6MTY2MjgyNDM1MH0
10-09-2022 15:09 >>>> Requête liste des groupes! Liste des groupes obtnus user : eyJ1c2VyaWQiOiIxIiwidXNlcmxldmVsIjoiMiIsImV4cCI6MTY2MjgyNDM1MH0
10-09-2022 15:09 >>>> Requête liste des groupes du juste; Liste des assemblées obtenues. user : eyJ1c2VyaWQiOiIxIiwidXNlcmxldmVsIjoiMiIsImV4cCI6MTY2MjgyNDM1Mn0
10-09-2022 15:09 >>>> Requête de recherche profonde de juste par identifiant échouée; juste introuvable 
10-09-2022 15:09 >>>> Requête liste des groupes! Liste des groupes obtnus user : eyJ1c2VyaWQiOiIxIiwidXNlcmxldmVsIjoiMiIsImV4cCI6MTY2MjgyNDM1Mn0
10-09-2022 15:09 >>>> Requête liste des assemblées! Liste des assemblées obtenues user : eyJ1c2VyaWQiOiIxIiwidXNlcmxldmVsIjoiMiIsImV4cCI6MTY2MjgyNDM1Mn0
10-09-2022 15:09 >>>> Requête de recherche profonde de juste par identifiant échouée; juste introuvable 
10-09-2022 15:09 >>>> Requête liste des groupes du juste; Liste des assemblées obtenues. user : eyJ1c2VyaWQiOiIxIiwidXNlcmxldmVsIjoiMiIsImV4cCI6MTY2MjgyNDM1OX0
10-09-2022 15:09 >>>> Requête liste des groupes! Liste des groupes obtnus user : eyJ1c2VyaWQiOiIxIiwidXNlcmxldmVsIjoiMiIsImV4cCI6MTY2MjgyNDM1OX0
10-09-2022 15:09 >>>> Requête liste des assemblées! Liste des assemblées obtenues user : eyJ1c2VyaWQiOiIxIiwidXNlcmxldmVsIjoiMiIsImV4cCI6MTY2MjgyNDM1OX0
10-09-2022 15:09 >>>> Requête de recherche profonde de juste par identifiant échouée; juste introuvable 
10-09-2022 15:09 >>>> Requête liste des groupes du juste; Liste des assemblées obtenues. user : eyJ1c2VyaWQiOiIxIiwidXNlcmxldmVsIjoiMiIsImV4cCI6MTY2MjgyNDM2MX0
10-09-2022 15:09 >>>> Requête liste des assemblées! Liste des assemblées obtenues user : eyJ1c2VyaWQiOiIxIiwidXNlcmxldmVsIjoiMiIsImV4cCI6MTY2MjgyNDM2MX0
10-09-2022 15:09 >>>> Requête liste des groupes! Liste des groupes obtnus user : eyJ1c2VyaWQiOiIxIiwidXNlcmxldmVsIjoiMiIsImV4cCI6MTY2MjgyNDM2MX0
10-09-2022 15:10 >>>> Requête de recherche profonde de juste par identifiant échouée; juste introuvable 
10-09-2022 15:10 >>>> Requête liste des groupes du juste; Liste des assemblées obtenues. user : eyJ1c2VyaWQiOiIxIiwidXNlcmxldmVsIjoiMiIsImV4cCI6MTY2MjgyNDM4N30
10-09-2022 15:10 >>>> Requête liste des groupes! Liste des groupes obtnus user : eyJ1c2VyaWQiOiIxIiwidXNlcmxldmVsIjoiMiIsImV4cCI6MTY2MjgyNDM4N30
10-09-2022 15:10 >>>> Requête liste des assemblées! Liste des assemblées obtenues user : eyJ1c2VyaWQiOiIxIiwidXNlcmxldmVsIjoiMiIsImV4cCI6MTY2MjgyNDM4N30
10-09-2022 15:10 >>>> Requête liste des groupes du juste; Liste des assemblées obtenues. user : eyJ1c2VyaWQiOiIxIiwidXNlcmxldmVsIjoiMiIsImV4cCI6MTY2MjgyNDQwM30
10-09-2022 15:10 >>>> Requête liste des groupes! Liste des groupes obtnus user : eyJ1c2VyaWQiOiIxIiwidXNlcmxldmVsIjoiMiIsImV4cCI6MTY2MjgyNDQwM30
10-09-2022 15:10 >>>> Requête de recherche profonde de juste par identifiant échouée; juste introuvable 
10-09-2022 15:10 >>>> Requête liste des assemblées! Liste des assemblées obtenues user : eyJ1c2VyaWQiOiIxIiwidXNlcmxldmVsIjoiMiIsImV4cCI6MTY2MjgyNDQwM30
10-09-2022 15:10 >>>> Requête liste des groupes! Liste des groupes obtnus user : eyJ1c2VyaWQiOiIxIiwidXNlcmxldmVsIjoiMiIsImV4cCI6MTY2MjgyNDQwNn0
10-09-2022 15:10 >>>> Requête liste des justes; Liste des justes obtnus user : eyJ1c2VyaWQiOiIxIiwidXNlcmxldmVsIjoiMiIsImV4cCI6MTY2MjgyNDQxMX0
10-09-2022 15:10 >>>> Requête de recherche profonde de juste par identifiant échouée; juste introuvable 
10-09-2022 15:10 >>>> Requête liste des groupes du juste; Liste des assemblées obtenues. user : eyJ1c2VyaWQiOiIxIiwidXNlcmxldmVsIjoiMiIsImV4cCI6MTY2MjgyNDQxM30
10-09-2022 15:10 >>>> Requête liste des groupes! Liste des groupes obtnus user : eyJ1c2VyaWQiOiIxIiwidXNlcmxldmVsIjoiMiIsImV4cCI6MTY2MjgyNDQxM30
10-09-2022 15:10 >>>> Requête liste des assemblées! Liste des assemblées obtenues user : eyJ1c2VyaWQiOiIxIiwidXNlcmxldmVsIjoiMiIsImV4cCI6MTY2MjgyNDQxM30
10-09-2022 15:10 >>>> Requête de recherche profonde de juste par identifiant échouée; juste introuvable 
10-09-2022 15:10 >>>> Requête liste des groupes du juste; Liste des assemblées obtenues. user : eyJ1c2VyaWQiOiIxIiwidXNlcmxldmVsIjoiMiIsImV4cCI6MTY2MjgyNDQxNX0
10-09-2022 15:10 >>>> Requête liste des assemblées! Liste des assemblées obtenues user : eyJ1c2VyaWQiOiIxIiwidXNlcmxldmVsIjoiMiIsImV4cCI6MTY2MjgyNDQxNX0
10-09-2022 15:10 >>>> Requête liste des groupes! Liste des groupes obtnus user : eyJ1c2VyaWQiOiIxIiwidXNlcmxldmVsIjoiMiIsImV4cCI6MTY2MjgyNDQxNX0
10-09-2022 15:10 >>>> Requête de recherche profonde de juste par identifiant échouée; juste introuvable 
10-09-2022 15:10 >>>> Requête liste des groupes! Liste des groupes obtnus user : eyJ1c2VyaWQiOiIxIiwidXNlcmxldmVsIjoiMiIsImV4cCI6MTY2MjgyNDQzNH0
10-09-2022 15:10 >>>> Requête liste des groupes du juste; Liste des assemblées obtenues. user : eyJ1c2VyaWQiOiIxIiwidXNlcmxldmVsIjoiMiIsImV4cCI6MTY2MjgyNDQzNH0
10-09-2022 15:10 >>>> Requête liste des assemblées! Liste des assemblées obtenues user : eyJ1c2VyaWQiOiIxIiwidXNlcmxldmVsIjoiMiIsImV4cCI6MTY2MjgyNDQzNH0
10-09-2022 15:13 >>>> Requête de recherche profonde de juste par identifiant échouée; juste introuvable 
10-09-2022 15:13 >>>> Requête liste des groupes du juste; Liste des assemblées obtenues. user : eyJ1c2VyaWQiOiIxIiwidXNlcmxldmVsIjoiMiIsImV4cCI6MTY2MjgyNDQ1M30
10-09-2022 15:13 >>>> Requête liste des assemblées! Liste des assemblées obtenues user : eyJ1c2VyaWQiOiIxIiwidXNlcmxldmVsIjoiMiIsImV4cCI6MTY2MjgyNDQ1M30
10-09-2022 15:13 >>>> Requête liste des groupes! Liste des groupes obtnus user : eyJ1c2VyaWQiOiIxIiwidXNlcmxldmVsIjoiMiIsImV4cCI6MTY2MjgyNDQ1M30
