01-08-2022 08:59 >>>> Requête liste des assemblées! Liste des assemblées obtenues
01-08-2022 09:00 >>>> Requête liste des assemblées! Liste des assemblées obtenues
01-08-2022 09:00 >>>> Requête liste des assemblées! Liste des assemblées obtenues
01-08-2022 09:01 >>>> Requête liste des groupes! Liste des groupes obtnus
01-08-2022 09:01 >>>> Requête liste des justes; Liste des justes obtnus
01-08-2022 09:01 >>>> Recherche profonde juste par identifiant effectuée; juste trouvé
01-08-2022 09:01 >>>> Requête liste des groupes du juste; Liste des assemblées obtenues.
01-08-2022 09:01 >>>> Requête liste des justes; Liste des justes obtnus
01-08-2022 09:01 >>>> Requête liste des groupes! Liste des groupes obtnus
01-08-2022 09:01 >>>> Requête liste des groupes! Liste des groupes obtnus
01-08-2022 09:01 >>>> Liste des services!
01-08-2022 09:03 >>>> Requête liste des assemblées! Liste des assemblées obtenues
01-08-2022 09:04 >>>> Requête liste des groupes! Liste des groupes obtnus
01-08-2022 09:04 >>>> Requête liste des justes; Liste des justes obtnus
01-08-2022 09:18 >>>> Recherche profonde juste par identifiant effectuée; juste trouvé
01-08-2022 09:18 >>>> Requête liste des groupes du juste; Aucun groupe affiliée
01-08-2022 09:18 >>>> Recherche profonde juste par identifiant effectuée; juste trouvé
01-08-2022 09:18 >>>> Requête liste des groupes du juste; Aucun groupe affiliée
01-08-2022 09:18 >>>> Requête liste des groupes! Liste des groupes obtnus
01-08-2022 09:18 >>>> Requête liste des justes; Liste des justes obtnus
01-08-2022 09:18 >>>> Liste des services!
01-08-2022 09:19 >>>> Liste des services!
01-08-2022 09:19 >>>> Requête liste des justes; Liste des justes obtnus
01-08-2022 09:22 >>>> Requête liste des justes; Liste des justes obtnus
01-08-2022 09:22 >>>> Recherche profonde juste par identifiant effectuée; juste trouvé
01-08-2022 09:22 >>>> Requête liste des groupes du juste; Aucun groupe affiliée
01-08-2022 09:22 >>>> Requête liste des justes; Liste des justes obtnus
01-08-2022 09:22 >>>> Recherche profonde juste par identifiant effectuée; juste trouvé
01-08-2022 09:22 >>>> Requête liste des groupes du juste; Aucun groupe affiliée
01-08-2022 09:22 >>>> Requête liste des justes; Liste des justes obtnus
01-08-2022 09:22 >>>> Recherche profonde juste par identifiant effectuée; juste trouvé
01-08-2022 09:22 >>>> Requête liste des groupes du juste; Liste des assemblées obtenues.
01-08-2022 09:22 >>>> Requête liste des assemblées! Liste des assemblées obtenues
01-08-2022 09:43 >>>> Requête liste des assemblées! Liste des assemblées obtenues
01-08-2022 10:02 >>>> Requête liste des justes; Liste des justes obtnus
01-08-2022 10:03 >>>> Requête liste des justes; Liste des justes obtnus
