02-08-2022 07:48 >>>> Requête liste des assemblées! Liste des assemblées obtenues
02-08-2022 07:48 >>>> Requête liste des justes; Liste des justes obtnus
02-08-2022 08:21 >>>> Requête liste des assemblées! Liste des assemblées obtenues
02-08-2022 08:22 >>>> Requête liste des assemblées! Liste des assemblées obtenues
02-08-2022 08:25 >>>> Requête liste des assemblées! Liste des assemblées obtenues
02-08-2022 08:25 >>>> Requête liste des assemblées! Liste des assemblées obtenues
02-08-2022 08:26 >>>> Requête liste des assemblées! Liste des assemblées obtenues
02-08-2022 08:27 >>>> Requête liste des assemblées! Liste des assemblées obtenues
02-08-2022 08:33 >>>> Connexion par login éffectuée. user : eyJ1c2VyaWQiOiIxNCIsInVzZXJsZXZlbCI6IjIiLCJleHAiOjE2NTk0MzEwMzB9
02-08-2022 08:33 >>>> Requête liste des groupes! Liste des groupes obtnus user : eyJ1c2VyaWQiOiIxNCIsInVzZXJsZXZlbCI6IjIiLCJleHAiOjE2NTk0MzEwMzB9
02-08-2022 08:34 >>>> Requête liste des justes; Liste des justes obtnus user : eyJ1c2VyaWQiOiIxNCIsInVzZXJsZXZlbCI6IjIiLCJleHAiOjE2NTk0MzEwMzB9
02-08-2022 08:37 >>>> Requête liste des assemblées! Liste des assemblées obtenues user : eyJ1c2VyaWQiOiIxNCIsInVzZXJsZXZlbCI6IjIiLCJleHAiOjE2NTk0MzEwMzB9
02-08-2022 08:38 >>>> Requête liste des assemblées! Liste des assemblées obtenues user : eyJ1c2VyaWQiOiIxNCIsInVzZXJsZXZlbCI6IjIiLCJleHAiOjE2NTk0MzEwMzB9
02-08-2022 08:38 >>>> Requête liste des assemblées! Liste des assemblées obtenues user : eyJ1c2VyaWQiOiIxNCIsInVzZXJsZXZlbCI6IjIiLCJleHAiOjE2NTk0MzEwMzB9
02-08-2022 08:38 >>>> Requête liste des assemblées! Liste des assemblées obtenues user : eyJ1c2VyaWQiOiIxNCIsInVzZXJsZXZlbCI6IjIiLCJleHAiOjE2NTk0MzEwMzB9
02-08-2022 08:40 >>>> Requête liste des assemblées! Liste des assemblées obtenues user : eyJ1c2VyaWQiOiIxNCIsInVzZXJsZXZlbCI6IjIiLCJleHAiOjE2NTk0MzEwMzB9
02-08-2022 08:46 >>>> Requête liste des assemblées! Liste des assemblées obtenues user : eyJ1c2VyaWQiOiIxNCIsInVzZXJsZXZlbCI6IjIiLCJleHAiOjE2NTk0MzEwMzB9
02-08-2022 08:47 >>>> Requête liste des assemblées! Liste des assemblées obtenues user : eyJ1c2VyaWQiOiIxNCIsInVzZXJsZXZlbCI6IjIiLCJleHAiOjE2NTk0MzEwMzB9
02-08-2022 08:48 >>>> Requête liste des justes; Liste des justes obtnus user : eyJ1c2VyaWQiOiIxNCIsInVzZXJsZXZlbCI6IjIiLCJleHAiOjE2NTk0MzEwMzB9
02-08-2022 08:48 >>>> Requête liste des assemblées! Liste des assemblées obtenues user : eyJ1c2VyaWQiOiIxNCIsInVzZXJsZXZlbCI6IjIiLCJleHAiOjE2NTk0MzEwMzB9
02-08-2022 08:48 >>>> Requête liste des assemblées! Liste des assemblées obtenues user : eyJ1c2VyaWQiOiIxNCIsInVzZXJsZXZlbCI6IjIiLCJleHAiOjE2NTk0MzEwMzB9
02-08-2022 08:48 >>>> Requête liste des groupes! Liste des groupes obtnus user : eyJ1c2VyaWQiOiIxNCIsInVzZXJsZXZlbCI6IjIiLCJleHAiOjE2NTk0MzEwMzB9
02-08-2022 08:48 >>>> Requête liste des justes; Liste des justes obtnus user : eyJ1c2VyaWQiOiIxNCIsInVzZXJsZXZlbCI6IjIiLCJleHAiOjE2NTk0MzEwMzB9
02-08-2022 08:48 >>>> Liste des services! user : eyJ1c2VyaWQiOiIxNCIsInVzZXJsZXZlbCI6IjIiLCJleHAiOjE2NTk0MzEwMzB9
02-08-2022 08:48 >>>> Requête liste des groupes! Liste des groupes obtnus user : eyJ1c2VyaWQiOiIxNCIsInVzZXJsZXZlbCI6IjIiLCJleHAiOjE2NTk0MzEwMzB9
02-08-2022 08:48 >>>> Requête liste des justes; Liste des justes obtnus user : eyJ1c2VyaWQiOiIxNCIsInVzZXJsZXZlbCI6IjIiLCJleHAiOjE2NTk0MzEwMzB9
02-08-2022 08:48 >>>> Liste des services! user : eyJ1c2VyaWQiOiIxNCIsInVzZXJsZXZlbCI6IjIiLCJleHAiOjE2NTk0MzEwMzB9
02-08-2022 08:48 >>>> Requête liste des assemblées! Liste des assemblées obtenues user : eyJ1c2VyaWQiOiIxNCIsInVzZXJsZXZlbCI6IjIiLCJleHAiOjE2NTk0MzEwMzB9
02-08-2022 08:48 >>>> Requête liste des groupes! Liste des groupes obtnus user : eyJ1c2VyaWQiOiIxNCIsInVzZXJsZXZlbCI6IjIiLCJleHAiOjE2NTk0MzEwMzB9
02-08-2022 08:48 >>>> Requête liste des justes; Liste des justes obtnus user : eyJ1c2VyaWQiOiIxNCIsInVzZXJsZXZlbCI6IjIiLCJleHAiOjE2NTk0MzEwMzB9
02-08-2022 08:49 >>>> Requête liste des assemblées! Liste des assemblées obtenues user : eyJ1c2VyaWQiOiIxNCIsInVzZXJsZXZlbCI6IjIiLCJleHAiOjE2NTk0MzEwMzB9
02-08-2022 08:49 >>>> Liste des services! user : eyJ1c2VyaWQiOiIxNCIsInVzZXJsZXZlbCI6IjIiLCJleHAiOjE2NTk0MzEwMzB9
02-08-2022 08:49 >>>> Requête liste des assemblées! Liste des assemblées obtenues user : eyJ1c2VyaWQiOiIxNCIsInVzZXJsZXZlbCI6IjIiLCJleHAiOjE2NTk0MzEwMzB9
02-08-2022 08:49 >>>> Requête liste des justes; Liste des justes obtnus user : eyJ1c2VyaWQiOiIxNCIsInVzZXJsZXZlbCI6IjIiLCJleHAiOjE2NTk0MzEwMzB9
02-08-2022 08:49 >>>> Recherche profonde juste par identifiant effectuée; juste trouvé user : eyJ1c2VyaWQiOiIxNCIsInVzZXJsZXZlbCI6IjIiLCJleHAiOjE2NTk0MzEwMzB9
02-08-2022 08:49 >>>> Requête liste des groupes du juste; Liste des assemblées obtenues. user : eyJ1c2VyaWQiOiIxNCIsInVzZXJsZXZlbCI6IjIiLCJleHAiOjE2NTk0MzEwMzB9
02-08-2022 08:49 >>>> Liste des services! user : eyJ1c2VyaWQiOiIxNCIsInVzZXJsZXZlbCI6IjIiLCJleHAiOjE2NTk0MzEwMzB9
02-08-2022 08:49 >>>> Requête liste des groupes! Liste des groupes obtnus user : eyJ1c2VyaWQiOiIxNCIsInVzZXJsZXZlbCI6IjIiLCJleHAiOjE2NTk0MzEwMzB9
02-08-2022 08:49 >>>> Requête liste des assemblées! Liste des assemblées obtenues user : eyJ1c2VyaWQiOiIxNCIsInVzZXJsZXZlbCI6IjIiLCJleHAiOjE2NTk0MzEwMzB9
02-08-2022 08:50 >>>> Requête liste des justes; Liste des justes obtnus user : eyJ1c2VyaWQiOiIxNCIsInVzZXJsZXZlbCI6IjIiLCJleHAiOjE2NTk0MzEwMzB9
02-08-2022 08:50 >>>> Recherche profonde juste par identifiant effectuée; juste trouvé user : eyJ1c2VyaWQiOiIxNCIsInVzZXJsZXZlbCI6IjIiLCJleHAiOjE2NTk0MzEwMzB9
02-08-2022 08:50 >>>> Requête liste des groupes du juste; Liste des assemblées obtenues. user : eyJ1c2VyaWQiOiIxNCIsInVzZXJsZXZlbCI6IjIiLCJleHAiOjE2NTk0MzEwMzB9
02-08-2022 11:34 >>>> Token expiré
02-08-2022 11:34 >>>> Token expiré
02-08-2022 11:34 >>>> Token expiré
02-08-2022 12:04 >>>> Requête liste des assemblées! Liste des assemblées obtenues
02-08-2022 12:04 >>>> Requête liste des justes de l'assemblée! Liste des justes obtnus
02-08-2022 12:05 >>>> Requête liste des justes de l'assemblée! Liste des justes obtnus
02-08-2022 12:05 >>>> Requête liste des assemblées! Liste des assemblées obtenues
02-08-2022 12:05 >>>> Requête liste des justes de l'assemblée! Liste des justes obtnus
02-08-2022 12:05 >>>> Requête liste des justes de l'assemblée! Liste des justes obtnus
02-08-2022 12:05 >>>> Requête liste des justes de l'assemblée! Liste des justes obtnus
02-08-2022 12:08 >>>> Requête liste des justes de l'assemblée! Liste des justes obtnus
02-08-2022 12:09 >>>> Requête liste des justes de l'assemblée! Liste des justes obtnus
02-08-2022 12:09 >>>> Requête liste des justes de l'assemblée! Liste des justes obtnus
02-08-2022 12:10 >>>> Requête liste des justes de l'assemblée! Liste des justes obtnus
02-08-2022 12:10 >>>> Requête liste des justes de l'assemblée! Liste des justes obtnus
02-08-2022 12:10 >>>> Requête liste des justes de l'assemblée! Liste des justes obtnus
02-08-2022 12:11 >>>> Requête liste des justes de l'assemblée! Liste des justes obtnus
02-08-2022 12:12 >>>> Requête liste des justes; Liste des justes obtnus
02-08-2022 12:12 >>>> Requête liste des justes; Liste des justes obtnus
02-08-2022 12:13 >>>> Requête liste des assemblées! Liste des assemblées obtenues
02-08-2022 12:13 >>>> Requête liste des justes de l'assemblée! Liste des justes obtnus
02-08-2022 12:59 >>>> Requête liste des justes; Liste des justes obtnus
02-08-2022 12:59 >>>> Recherche profonde juste par identifiant effectuée; juste trouvé
02-08-2022 12:59 >>>> Requête liste des groupes du juste; Liste des assemblées obtenues.
02-08-2022 12:59 >>>> Requête liste des groupes! Liste des groupes obtnus
02-08-2022 13:32 >>>> Requête liste des groupes! Liste des groupes obtnus
02-08-2022 13:32 >>>> Requête liste des groupes! Liste des groupes obtnus
02-08-2022 13:33 >>>> Requête liste des groupes! Liste des groupes obtnus
02-08-2022 13:33 >>>> Requête liste des groupes! Liste des groupes obtnus
02-08-2022 13:33 >>>> Requête liste des groupes! Liste des groupes obtnus
02-08-2022 13:33 >>>> Requête liste des groupes! Liste des groupes obtnus
02-08-2022 13:34 >>>> Service trouvé
02-08-2022 13:34 >>>> Requête liste des justes du groupe; Aucun justes affiliés au groupe
02-08-2022 13:35 >>>> Service trouvé
02-08-2022 13:35 >>>> Requête liste des justes du groupe; Aucun justes affiliés au groupe
02-08-2022 13:36 >>>> Requête liste des groupes! Liste des groupes obtnus
02-08-2022 13:36 >>>> Service trouvé
02-08-2022 13:36 >>>> Requête liste des justes du groupe; Aucun justes affiliés au groupe
02-08-2022 13:36 >>>> Requête liste des groupes! Liste des groupes obtnus
02-08-2022 13:36 >>>> Service trouvé
02-08-2022 13:36 >>>> Requête liste des justes du groupe; Aucun justes affiliés au groupe
02-08-2022 13:36 >>>> Requête liste des groupes! Liste des groupes obtnus
02-08-2022 13:36 >>>> Service trouvé
02-08-2022 13:36 >>>> Requête liste des justes du groupe; Aucun justes affiliés au groupe
02-08-2022 13:36 >>>> Requête liste des groupes! Liste des groupes obtnus
02-08-2022 13:36 >>>> Service trouvé
02-08-2022 13:36 >>>> Requête liste des justes du groupe; Aucun justes affiliés au groupe
02-08-2022 13:37 >>>> Requête liste des justes du groupe; Aucun justes affiliés au groupe
02-08-2022 13:37 >>>> Requête liste des justes du groupe; Aucun justes affiliés au groupe
02-08-2022 13:37 >>>> Requête liste des justes du groupe; Aucun justes affiliés au groupe
02-08-2022 13:41 >>>> Requête liste des justes du groupe; Aucun justes affiliés au groupe
02-08-2022 13:42 >>>> Requête liste des justes; Liste des justes obtnus
02-08-2022 13:44 >>>> Connexion par login éffectuée. user : eyJ1c2VyaWQiOiIxNCIsInVzZXJsZXZlbCI6IjIiLCJleHAiOjE2NTk0NDk2NDd9
02-08-2022 13:44 >>>> Requête liste des justes; Liste des justes obtnus user : eyJ1c2VyaWQiOiIxNCIsInVzZXJsZXZlbCI6IjIiLCJleHAiOjE2NTk0NDk2NDd9
02-08-2022 13:44 >>>> Requête liste des assemblées! Liste des assemblées obtenues user : eyJ1c2VyaWQiOiIxNCIsInVzZXJsZXZlbCI6IjIiLCJleHAiOjE2NTk0NDk2NDd9
02-08-2022 13:45 >>>> Requête liste des groupes! Liste des groupes obtnus
02-08-2022 13:46 >>>> Requête liste des justes; Liste des justes obtnus
02-08-2022 13:46 >>>> Requête liste des justes; Liste des justes obtnus
02-08-2022 13:53 >>>> Requête liste des groupes! Liste des groupes obtnus
02-08-2022 13:53 >>>> Service trouvé
02-08-2022 13:53 >>>> Requête liste des justes du groupe; Liste des justes obtnus
02-08-2022 13:57 >>>> Service trouvé
02-08-2022 13:57 >>>> Requête liste des justes du groupe; Liste des justes obtnus
02-08-2022 13:58 >>>> Service trouvé
02-08-2022 13:58 >>>> Requête liste des justes du groupe; Liste des justes obtnus
02-08-2022 13:58 >>>> Service trouvé
02-08-2022 13:58 >>>> Requête liste des justes du groupe; Liste des justes obtnus
02-08-2022 14:01 >>>> Service trouvé
02-08-2022 14:01 >>>> Requête liste des justes du groupe; Liste des justes obtnus
02-08-2022 14:01 >>>> Requête liste des justes; Liste des justes obtnus
02-08-2022 14:01 >>>> Recherche profonde juste par identifiant effectuée; juste trouvé
02-08-2022 14:01 >>>> Requête liste des groupes du juste; Aucun groupe affiliée
02-08-2022 14:02 >>>> Requête liste des groupes! Liste des groupes obtnus
02-08-2022 14:02 >>>> Service trouvé
02-08-2022 14:02 >>>> Requête liste des justes du groupe; Aucun justes affiliés au groupe
02-08-2022 14:02 >>>> Service trouvé
02-08-2022 14:02 >>>> Requête liste des justes du groupe; Aucun justes affiliés au groupe
02-08-2022 14:02 >>>> Service trouvé
02-08-2022 14:02 >>>> Requête liste des justes du groupe; Aucun justes affiliés au groupe
02-08-2022 14:03 >>>> Service trouvé
02-08-2022 14:03 >>>> Requête liste des justes du groupe; Aucun justes affiliés au groupe
02-08-2022 14:03 >>>> Service trouvé
02-08-2022 14:03 >>>> Requête liste des justes du groupe; Aucun justes affiliés au groupe
02-08-2022 14:03 >>>> Requête liste des groupes! Liste des groupes obtnus
02-08-2022 14:04 >>>> Service trouvé
02-08-2022 14:04 >>>> Requête liste des justes du groupe; Aucun justes affiliés au groupe
02-08-2022 14:05 >>>> Service trouvé
02-08-2022 14:05 >>>> Requête liste des justes du groupe; Aucun justes affiliés au groupe
02-08-2022 14:05 >>>> Service trouvé
02-08-2022 14:05 >>>> Requête liste des justes du groupe; Aucun justes affiliés au groupe
02-08-2022 14:05 >>>> Service trouvé
02-08-2022 14:05 >>>> Requête liste des justes du groupe; Aucun justes affiliés au groupe
02-08-2022 14:06 >>>> Service trouvé
02-08-2022 14:06 >>>> Requête liste des justes du groupe; Aucun justes affiliés au groupe
02-08-2022 14:06 >>>> Service trouvé
02-08-2022 14:06 >>>> Requête liste des justes du groupe; Aucun justes affiliés au groupe
02-08-2022 14:06 >>>> Service trouvé
02-08-2022 14:06 >>>> Requête liste des justes du groupe; Liste des justes obtnus
02-08-2022 14:08 >>>> Service trouvé
02-08-2022 14:08 >>>> Requête liste des justes du groupe; Liste des justes obtnus
02-08-2022 14:08 >>>> Requête liste des groupes! Liste des groupes obtnus
02-08-2022 14:08 >>>> Service trouvé
02-08-2022 14:08 >>>> Requête liste des justes du groupe; Liste des justes obtnus
02-08-2022 14:08 >>>> Requête liste des groupes! Liste des groupes obtnus
02-08-2022 14:08 >>>> Service trouvé
02-08-2022 14:08 >>>> Requête liste des justes du groupe; Aucun justes affiliés au groupe
02-08-2022 14:09 >>>> Requête liste des groupes! Liste des groupes obtnus
02-08-2022 14:09 >>>> Service trouvé
02-08-2022 14:09 >>>> Requête liste des justes du groupe; Liste des justes obtnus
02-08-2022 14:09 >>>> Requête liste des groupes! Liste des groupes obtnus
02-08-2022 14:09 >>>> Service trouvé
02-08-2022 14:09 >>>> Requête liste des justes du groupe; Aucun justes affiliés au groupe
02-08-2022 14:44 >>>> Requête liste des groupes! Liste des groupes obtnus
02-08-2022 14:44 >>>> Liste des services!
02-08-2022 14:44 >>>> Liste des services!
02-08-2022 14:45 >>>> Liste des services!
02-08-2022 14:45 >>>> Liste des groupes du service!
02-08-2022 15:02 >>>> Requête liste des assemblées! Liste des assemblées obtenues
02-08-2022 15:02 >>>> Liste des services!
02-08-2022 15:06 >>>> Liste des services!
02-08-2022 15:06 >>>> Liste des services!
02-08-2022 15:06 >>>> Liste des services!
02-08-2022 15:08 >>>> Liste des services!
02-08-2022 15:09 >>>> Liste des services!
02-08-2022 15:10 >>>> Liste des services!
02-08-2022 15:11 >>>> Liste des services!
02-08-2022 15:11 >>>> Liste des services!
02-08-2022 15:12 >>>> Liste des services!
02-08-2022 15:12 >>>> Liste des services!
02-08-2022 15:12 >>>> Liste des services!
02-08-2022 15:13 >>>> Liste des services!
02-08-2022 15:13 >>>> Liste des services!
02-08-2022 15:13 >>>> Liste des services!
02-08-2022 15:13 >>>> Liste des services!
02-08-2022 15:14 >>>> Liste des services!
02-08-2022 15:15 >>>> Liste des services!
02-08-2022 15:16 >>>> Liste des services!
02-08-2022 15:18 >>>> Liste des services!
02-08-2022 15:20 >>>> Liste des services!
02-08-2022 15:21 >>>> Liste des services!
02-08-2022 15:22 >>>> Liste des services!
02-08-2022 15:23 >>>> Requête liste des justes; Liste des justes obtnus
02-08-2022 15:25 >>>> Requête liste des justes; Liste des justes obtnus
02-08-2022 15:26 >>>> Requête liste des justes; Liste des justes obtnus
02-08-2022 15:26 >>>> Requête liste des justes; Liste des justes obtnus
02-08-2022 15:27 >>>> Requête liste des justes; Liste des justes obtnus
02-08-2022 15:28 >>>> Requête liste des justes; Liste des justes obtnus
02-08-2022 15:31 >>>> Requête liste des justes; Liste des justes obtnus
02-08-2022 15:34 >>>> Requête liste des groupes! Liste des groupes obtnus
02-08-2022 15:34 >>>> Requête liste des groupes! Liste des groupes obtnus
02-08-2022 15:34 >>>> Requête liste des justes; Liste des justes obtnus
02-08-2022 15:34 >>>> Requête liste des justes; Liste des justes obtnus
02-08-2022 15:34 >>>> Liste des services!
02-08-2022 15:36 >>>> Liste des services!
02-08-2022 15:36 >>>> Requête liste des justes; Liste des justes obtnus
02-08-2022 15:36 >>>> Requête liste des groupes! Liste des groupes obtnus
02-08-2022 15:36 >>>> Requête liste des assemblées! Liste des assemblées obtenues
02-08-2022 15:36 >>>> Requête liste des groupes! Liste des groupes obtnus
02-08-2022 15:36 >>>> Requête liste des justes; Liste des justes obtnus
02-08-2022 15:36 >>>> Liste des services!
02-08-2022 15:36 >>>> Requête liste des justes; Liste des justes obtnus
02-08-2022 15:37 >>>> Requête liste des assemblées! Liste des assemblées obtenues
02-08-2022 15:37 >>>> Requête liste des groupes! Liste des groupes obtnus
02-08-2022 15:37 >>>> Requête liste des justes; Liste des justes obtnus
02-08-2022 15:37 >>>> Liste des services!
02-08-2022 15:37 >>>> Liste des services!
02-08-2022 15:37 >>>> Requête liste des assemblées! Liste des assemblées obtenues
02-08-2022 15:37 >>>> Requête liste des groupes! Liste des groupes obtnus
02-08-2022 15:37 >>>> Requête liste des justes; Liste des justes obtnus
02-08-2022 15:37 >>>> Requête liste des assemblées! Liste des assemblées obtenues
02-08-2022 15:37 >>>> Liste des services!
02-08-2022 15:38 >>>> Requête liste des assemblées! Liste des assemblées obtenues
02-08-2022 15:38 >>>> Requête liste des groupes! Liste des groupes obtnus
02-08-2022 15:38 >>>> Requête liste des justes; Liste des justes obtnus
02-08-2022 15:38 >>>> Requête liste des assemblées! Liste des assemblées obtenues
02-08-2022 15:38 >>>> Liste des services!
02-08-2022 15:38 >>>> Requête liste des justes; Liste des justes obtnus
02-08-2022 15:38 >>>> Requête liste des groupes! Liste des groupes obtnus
02-08-2022 15:38 >>>> Requête liste des assemblées! Liste des assemblées obtenues
02-08-2022 15:39 >>>> Requête liste des groupes! Liste des groupes obtnus
02-08-2022 15:39 >>>> Liste des services!
02-08-2022 15:39 >>>> Requête liste des justes; Liste des justes obtnus
02-08-2022 15:40 >>>> Requête liste des assemblées! Liste des assemblées obtenues
02-08-2022 15:40 >>>> Requête liste des groupes! Liste des groupes obtnus
02-08-2022 15:40 >>>> Requête liste des justes; Liste des justes obtnus
02-08-2022 15:40 >>>> Liste des services!
02-08-2022 15:40 >>>> Liste des groupes du service!
02-08-2022 15:41 >>>> Liste des services!
02-08-2022 15:41 >>>> Liste des groupes du service!
02-08-2022 15:41 >>>> Liste des services!
02-08-2022 15:41 >>>> Liste des groupes du service!
02-08-2022 15:46 >>>> Liste des groupes du service!
02-08-2022 15:46 >>>> Liste des groupes du service!
02-08-2022 15:47 >>>> Liste des groupes du service!
02-08-2022 15:48 >>>> Liste des groupes du service!
02-08-2022 15:59 >>>> Liste des services!
02-08-2022 15:59 >>>> Requête liste des justes; Liste des justes obtnus
02-08-2022 15:59 >>>> Recherche profonde juste par identifiant effectuée; juste trouvé
02-08-2022 15:59 >>>> Requête liste des groupes du juste; Liste des assemblées obtenues.
02-08-2022 16:00 >>>> Requête liste des assemblées! Liste des assemblées obtenues
02-08-2022 16:11 >>>> Requête liste des justes de l'assemblée! Liste des justes obtnus
02-08-2022 16:11 >>>> Requête liste des groupes! Liste des groupes obtnus
02-08-2022 16:11 >>>> Service trouvé
02-08-2022 16:11 >>>> Requête liste des justes du groupe; Aucun justes affiliés au groupe
02-08-2022 16:11 >>>> Requête liste des assemblées! Liste des assemblées obtenues
02-08-2022 16:11 >>>> Requête liste des justes de l'assemblée! Liste des justes obtnus
02-08-2022 16:12 >>>> Liste des services!
02-08-2022 16:12 >>>> Liste des groupes du service!
02-08-2022 16:13 >>>> Liste des groupes du service!
02-08-2022 16:13 >>>> Liste des groupes du service!
02-08-2022 16:13 >>>> Liste des groupes du service!
02-08-2022 16:14 >>>> Liste des groupes du service!
02-08-2022 16:15 >>>> Liste des groupes du service!
02-08-2022 16:16 >>>> Liste des groupes du service!
02-08-2022 16:17 >>>> Liste des groupes du service!
02-08-2022 16:18 >>>> Liste des groupes du service!
02-08-2022 16:19 >>>> Liste des groupes du service!
02-08-2022 16:19 >>>> Liste des groupes du service!
02-08-2022 16:20 >>>> Liste des services!
02-08-2022 16:20 >>>> Liste des groupes du service!
02-08-2022 16:26 >>>> Liste des services!
02-08-2022 16:27 >>>> Liste des services!
02-08-2022 16:27 >>>> Liste des services!
02-08-2022 16:27 >>>> Requête liste des assemblées! Liste des assemblées obtenues
02-08-2022 16:27 >>>> Requête liste des groupes! Liste des groupes obtnus
02-08-2022 16:27 >>>> Requête liste des groupes! Liste des groupes obtnus
02-08-2022 16:30 >>>> Requête liste des assemblées! Liste des assemblées obtenues
02-08-2022 16:39 >>>> Requête liste des assemblées! Liste des assemblées obtenues
02-08-2022 17:00 >>>> Requête liste des assemblées! Liste des assemblées obtenues
02-08-2022 17:00 >>>> Requête liste des assemblées! Liste des assemblées obtenues
02-08-2022 17:00 >>>> Requête liste des groupes! Liste des groupes obtnus
02-08-2022 17:01 >>>> Requête liste des assemblées! Liste des assemblées obtenues
02-08-2022 17:01 >>>> Requête liste des justes; Liste des justes obtnus
02-08-2022 17:08 >>>> Requête liste des justes; Liste des justes obtnus
02-08-2022 17:08 >>>> Requête liste des justes; Liste des justes obtnus
02-08-2022 17:08 >>>> Requête liste des justes; Liste des justes obtnus
02-08-2022 17:10 >>>> Requête liste des assemblées! Liste des assemblées obtenues
02-08-2022 17:10 >>>> Requête liste des groupes! Liste des groupes obtnus
02-08-2022 17:10 >>>> Requête liste des groupes! Liste des groupes obtnus
02-08-2022 17:10 >>>> Requête liste des justes; Liste des justes obtnus
02-08-2022 17:10 >>>> Requête liste des groupes! Liste des groupes obtnus
02-08-2022 17:10 >>>> Requête liste des justes; Liste des justes obtnus
02-08-2022 17:10 >>>> Liste des services!
