06-08-2022 08:28 >>>> Requête liste des justes; Liste des justes obtnus
06-08-2022 08:28 >>>> Recherche profonde juste par identifiant effectuée; juste trouvé
06-08-2022 08:28 >>>> Requête liste des groupes du juste; Liste des assemblées obtenues.
06-08-2022 08:57 >>>> Requête liste des assemblées! Liste des assemblées obtenues
06-08-2022 08:58 >>>> Requête liste des justes de l'assemblée! Liste des justes obtnus
06-08-2022 08:58 >>>> Liste des services!
06-08-2022 08:58 >>>> Liste des groupes du service!
06-08-2022 08:58 >>>> Requête liste des groupes! Liste des groupes obtnus
06-08-2022 08:59 >>>> Requête liste des assemblées! Liste des assemblées obtenues
06-08-2022 09:00 >>>> Requête liste des assemblées! Liste des assemblées obtenues
06-08-2022 09:00 >>>> Requête liste des groupes! Liste des groupes obtnus
06-08-2022 09:01 >>>> Requête liste des groupes! Liste des groupes obtnus
06-08-2022 09:01 >>>> Service trouvé
06-08-2022 09:01 >>>> Requête liste des justes du groupe; Aucun justes affiliés au groupe
06-08-2022 09:09 >>>> Liste des services!
06-08-2022 09:09 >>>> Liste des groupes du service!
06-08-2022 10:30 >>>> Liste des services!
06-08-2022 10:30 >>>> Liste des groupes du service!
06-08-2022 10:30 >>>> Liste des groupes du service!
06-08-2022 10:31 >>>> Liste des services!
06-08-2022 10:31 >>>> Liste des groupes du service!
06-08-2022 10:32 >>>> Liste des groupes du service!
06-08-2022 10:39 >>>> Requête liste des groupes! Liste des groupes obtnus
06-08-2022 10:39 >>>> Liste des services!
06-08-2022 10:39 >>>> Liste des groupes du service!
06-08-2022 11:15 >>>> Requête liste des justes; Liste des justes obtnus
06-08-2022 11:15 >>>> Requête liste des groupes! Liste des groupes obtnus
06-08-2022 11:29 >>>> Requête liste des justes; Liste des justes obtnus
06-08-2022 11:32 >>>> Requête liste des assemblées! Liste des assemblées obtenues
06-08-2022 11:45 >>>> Requête liste des groupes! Liste des groupes obtnus
06-08-2022 11:46 >>>> Liste des services!
06-08-2022 11:46 >>>> Aucun service repertorié!
06-08-2022 11:55 >>>> Requête liste des groupes! Liste des groupes obtnus
06-08-2022 11:55 >>>> Service trouvé
06-08-2022 11:55 >>>> Requête liste des justes du groupe; Aucun justes affiliés au groupe
06-08-2022 11:59 >>>> Service trouvé
06-08-2022 11:59 >>>> Requête liste des justes du groupe; Aucun justes affiliés au groupe
06-08-2022 11:59 >>>> Service trouvé
06-08-2022 11:59 >>>> Requête liste des justes du groupe; Aucun justes affiliés au groupe
06-08-2022 11:59 >>>> Liste des services!
06-08-2022 11:59 >>>> Aucun service repertorié!
06-08-2022 12:08 >>>> Liste des services!
06-08-2022 12:08 >>>> Aucun service repertorié!
06-08-2022 12:08 >>>> Requête liste des groupes! Liste des groupes obtnus
06-08-2022 12:08 >>>> Service trouvé
06-08-2022 12:08 >>>> Requête liste des justes du groupe; Aucun justes affiliés au groupe
06-08-2022 12:09 >>>> Service trouvé
06-08-2022 12:09 >>>> Requête liste des justes du groupe; Aucun justes affiliés au groupe
06-08-2022 12:09 >>>> Service trouvé
06-08-2022 12:09 >>>> Requête liste des justes du groupe; Aucun justes affiliés au groupe
