14-08-2022 21:31 >>>> Requête liste des groupes! Liste des groupes obtnus
14-08-2022 21:31 >>>> Requête liste des justes; Liste des justes obtnus
14-08-2022 21:31 >>>> Recherche profonde juste par identifiant effectuée; juste trouvé
14-08-2022 21:31 >>>> Requête liste des groupes du juste; Liste des assemblées obtenues.
14-08-2022 21:36 >>>> Recherche profonde juste par identifiant effectuée; juste trouvé
14-08-2022 21:36 >>>> Requête liste des groupes du juste; Liste des assemblées obtenues.
14-08-2022 21:36 >>>> Requête liste des groupes! Liste des groupes obtnus
14-08-2022 21:36 >>>> Service trouvé
14-08-2022 21:36 >>>> Requête liste des justes du groupe; Aucun justes affiliés au groupe
14-08-2022 21:36 >>>> Liste des services!
14-08-2022 21:36 >>>> Aucun service repertorié!
14-08-2022 21:37 >>>> Requête liste des groupes! Liste des groupes obtnus
14-08-2022 21:37 >>>> Service trouvé
14-08-2022 21:37 >>>> Requête liste des justes du groupe; Aucun justes affiliés au groupe
14-08-2022 21:37 >>>> Requête liste des assemblées! Liste des assemblées obtenues
14-08-2022 21:37 >>>> Requête liste des justes de l'assemblée! Liste des justes obtnus
14-08-2022 21:37 >>>> Requête liste des justes; Liste des justes obtnus
14-08-2022 21:37 >>>> Liste des services!
14-08-2022 21:37 >>>> Liste des groupes du service!
14-08-2022 21:38 >>>> Liste des services!
14-08-2022 21:38 >>>> Liste des groupes du service!
14-08-2022 21:38 >>>> Requête liste des assemblées! Liste des assemblées obtenues
14-08-2022 21:38 >>>> Requête liste des justes; Liste des justes obtnus
