15-08-2022 08:59 >>>> Requête liste des groupes du juste; Liste des assemblées obtenues.
15-08-2022 08:59 >>>> Recherche profonde juste par identifiant effectuée; juste trouvé
15-08-2022 09:02 >>>> Recherche profonde juste par identifiant effectuée; juste trouvé
15-08-2022 09:02 >>>> Requête liste des groupes du juste; Liste des assemblées obtenues.
15-08-2022 09:03 >>>> Recherche profonde juste par identifiant effectuée; juste trouvé
15-08-2022 09:03 >>>> Requête liste des groupes du juste; Liste des assemblées obtenues.
15-08-2022 09:04 >>>> Recherche profonde juste par identifiant effectuée; juste trouvé
15-08-2022 09:04 >>>> Requête liste des groupes du juste; Liste des assemblées obtenues.
15-08-2022 09:11 >>>> Recherche profonde juste par identifiant effectuée; juste trouvé
15-08-2022 09:11 >>>> Requête liste des groupes du juste; Liste des assemblées obtenues.
15-08-2022 09:14 >>>> Requête liste des groupes du juste; Liste des assemblées obtenues.
15-08-2022 09:14 >>>> Recherche profonde juste par identifiant effectuée; juste trouvé
15-08-2022 09:15 >>>> Requête liste des groupes du juste; Liste des assemblées obtenues.
15-08-2022 09:15 >>>> Recherche profonde juste par identifiant effectuée; juste trouvé
15-08-2022 09:15 >>>> Recherche profonde juste par identifiant effectuée; juste trouvé
15-08-2022 09:15 >>>> Requête liste des groupes du juste; Liste des assemblées obtenues.
15-08-2022 09:15 >>>> Recherche profonde juste par identifiant effectuée; juste trouvé
15-08-2022 09:15 >>>> Requête liste des groupes du juste; Liste des assemblées obtenues.
15-08-2022 09:16 >>>> Recherche profonde juste par identifiant effectuée; juste trouvé
15-08-2022 09:16 >>>> Requête liste des groupes du juste; Liste des assemblées obtenues.
15-08-2022 09:17 >>>> Recherche profonde juste par identifiant effectuée; juste trouvé
15-08-2022 09:17 >>>> Requête liste des groupes du juste; Liste des assemblées obtenues.
15-08-2022 09:17 >>>> Recherche profonde juste par identifiant effectuée; juste trouvé
15-08-2022 09:17 >>>> Requête liste des groupes du juste; Liste des assemblées obtenues.
15-08-2022 09:17 >>>> Recherche profonde juste par identifiant effectuée; juste trouvé
15-08-2022 09:17 >>>> Requête liste des groupes du juste; Liste des assemblées obtenues.
15-08-2022 09:18 >>>> Recherche profonde juste par identifiant effectuée; juste trouvé
15-08-2022 09:18 >>>> Requête liste des groupes du juste; Liste des assemblées obtenues.
15-08-2022 09:18 >>>> Recherche profonde juste par identifiant effectuée; juste trouvé
15-08-2022 09:18 >>>> Requête liste des groupes du juste; Liste des assemblées obtenues.
15-08-2022 09:19 >>>> Recherche profonde juste par identifiant effectuée; juste trouvé
15-08-2022 09:19 >>>> Requête liste des groupes du juste; Liste des assemblées obtenues.
15-08-2022 09:21 >>>> Recherche profonde juste par identifiant effectuée; juste trouvé
15-08-2022 09:21 >>>> Requête liste des groupes du juste; Liste des assemblées obtenues.
15-08-2022 09:22 >>>> Liste des services!
15-08-2022 09:22 >>>> Liste des groupes du service!
15-08-2022 09:22 >>>> Requête liste des assemblées! Liste des assemblées obtenues
15-08-2022 09:22 >>>> Requête liste des justes de l'assemblée! Liste des justes obtnus
15-08-2022 09:22 >>>> Requête liste des groupes! Liste des groupes obtnus
15-08-2022 09:23 >>>> Service trouvé
15-08-2022 09:23 >>>> Requête liste des justes du groupe; Aucun justes affiliés au groupe
15-08-2022 09:23 >>>> Liste des services!
15-08-2022 09:23 >>>> Liste des groupes du service!
15-08-2022 09:23 >>>> Requête liste des justes; Liste des justes obtnus
15-08-2022 09:23 >>>> Recherche profonde juste par identifiant effectuée; juste trouvé
15-08-2022 09:23 >>>> Requête liste des groupes du juste; Liste des assemblées obtenues.
15-08-2022 09:24 >>>> Recherche profonde juste par identifiant effectuée; juste trouvé
15-08-2022 09:24 >>>> Requête liste des groupes du juste; Liste des assemblées obtenues.
15-08-2022 09:24 >>>> Recherche profonde juste par identifiant effectuée; juste trouvé
15-08-2022 09:24 >>>> Requête liste des groupes du juste; Liste des assemblées obtenues.
15-08-2022 09:24 >>>> Recherche profonde juste par identifiant effectuée; juste trouvé
15-08-2022 09:24 >>>> Requête liste des groupes du juste; Liste des assemblées obtenues.
15-08-2022 09:25 >>>> Recherche profonde juste par identifiant effectuée; juste trouvé
15-08-2022 09:25 >>>> Requête liste des groupes du juste; Liste des assemblées obtenues.
15-08-2022 09:25 >>>> Recherche profonde juste par identifiant effectuée; juste trouvé
15-08-2022 09:25 >>>> Requête liste des groupes du juste; Liste des assemblées obtenues.
15-08-2022 09:26 >>>> Requête liste des groupes du juste; Liste des assemblées obtenues.
15-08-2022 09:26 >>>> Recherche profonde juste par identifiant effectuée; juste trouvé
15-08-2022 09:26 >>>> Recherche profonde juste par identifiant effectuée; juste trouvé
15-08-2022 09:26 >>>> Requête liste des groupes du juste; Liste des assemblées obtenues.
15-08-2022 09:27 >>>> Recherche profonde juste par identifiant effectuée; juste trouvé
15-08-2022 09:27 >>>> Requête liste des groupes du juste; Liste des assemblées obtenues.
15-08-2022 09:28 >>>> Recherche profonde juste par identifiant effectuée; juste trouvé
15-08-2022 09:28 >>>> Requête liste des groupes du juste; Liste des assemblées obtenues.
15-08-2022 09:29 >>>> Recherche profonde juste par identifiant effectuée; juste trouvé
15-08-2022 09:29 >>>> Requête liste des groupes du juste; Liste des assemblées obtenues.
15-08-2022 09:30 >>>> Recherche profonde juste par identifiant effectuée; juste trouvé
15-08-2022 09:30 >>>> Requête liste des groupes du juste; Liste des assemblées obtenues.
15-08-2022 09:30 >>>> Recherche profonde juste par identifiant effectuée; juste trouvé
15-08-2022 09:30 >>>> Requête liste des groupes du juste; Liste des assemblées obtenues.
15-08-2022 09:32 >>>> Recherche profonde juste par identifiant effectuée; juste trouvé
15-08-2022 09:32 >>>> Requête liste des groupes du juste; Liste des assemblées obtenues.
15-08-2022 09:34 >>>> Recherche profonde juste par identifiant effectuée; juste trouvé
15-08-2022 09:34 >>>> Requête liste des groupes du juste; Liste des assemblées obtenues.
15-08-2022 09:38 >>>> Recherche profonde juste par identifiant effectuée; juste trouvé
15-08-2022 09:38 >>>> Requête liste des groupes du juste; Liste des assemblées obtenues.
15-08-2022 09:38 >>>> Recherche profonde juste par identifiant effectuée; juste trouvé
15-08-2022 09:38 >>>> Requête liste des groupes du juste; Liste des assemblées obtenues.
15-08-2022 09:39 >>>> Recherche profonde juste par identifiant effectuée; juste trouvé
15-08-2022 09:39 >>>> Requête liste des groupes du juste; Liste des assemblées obtenues.
15-08-2022 09:39 >>>> Requête liste des groupes du juste; Liste des assemblées obtenues.
15-08-2022 09:39 >>>> Recherche profonde juste par identifiant effectuée; juste trouvé
15-08-2022 09:40 >>>> Recherche profonde juste par identifiant effectuée; juste trouvé
15-08-2022 09:40 >>>> Requête liste des groupes du juste; Liste des assemblées obtenues.
15-08-2022 09:41 >>>> Recherche profonde juste par identifiant effectuée; juste trouvé
15-08-2022 09:41 >>>> Requête liste des groupes du juste; Liste des assemblées obtenues.
15-08-2022 09:41 >>>> Recherche profonde juste par identifiant effectuée; juste trouvé
15-08-2022 09:41 >>>> Requête liste des groupes du juste; Liste des assemblées obtenues.
15-08-2022 09:41 >>>> Requête liste des groupes du juste; Liste des assemblées obtenues.
15-08-2022 09:41 >>>> Recherche profonde juste par identifiant effectuée; juste trouvé
15-08-2022 09:41 >>>> Recherche profonde juste par identifiant effectuée; juste trouvé
15-08-2022 09:41 >>>> Requête liste des groupes du juste; Liste des assemblées obtenues.
15-08-2022 09:41 >>>> Recherche profonde juste par identifiant effectuée; juste trouvé
15-08-2022 09:41 >>>> Requête liste des groupes du juste; Liste des assemblées obtenues.
15-08-2022 09:42 >>>> Recherche profonde juste par identifiant effectuée; juste trouvé
15-08-2022 09:42 >>>> Requête liste des groupes du juste; Liste des assemblées obtenues.
15-08-2022 09:43 >>>> Recherche profonde juste par identifiant effectuée; juste trouvé
15-08-2022 09:43 >>>> Requête liste des groupes du juste; Liste des assemblées obtenues.
15-08-2022 09:44 >>>> Recherche profonde juste par identifiant effectuée; juste trouvé
15-08-2022 09:44 >>>> Requête liste des groupes du juste; Liste des assemblées obtenues.
15-08-2022 09:44 >>>> Recherche profonde juste par identifiant effectuée; juste trouvé
15-08-2022 09:44 >>>> Requête liste des groupes du juste; Liste des assemblées obtenues.
15-08-2022 09:45 >>>> Recherche profonde juste par identifiant effectuée; juste trouvé
15-08-2022 09:45 >>>> Requête liste des groupes du juste; Liste des assemblées obtenues.
15-08-2022 09:46 >>>> Requête liste des groupes du juste; Liste des assemblées obtenues.
15-08-2022 09:46 >>>> Recherche profonde juste par identifiant effectuée; juste trouvé
15-08-2022 09:46 >>>> Recherche profonde juste par identifiant effectuée; juste trouvé
15-08-2022 09:46 >>>> Requête liste des groupes du juste; Liste des assemblées obtenues.
15-08-2022 09:47 >>>> Recherche profonde juste par identifiant effectuée; juste trouvé
15-08-2022 09:47 >>>> Requête liste des groupes du juste; Liste des assemblées obtenues.
15-08-2022 09:47 >>>> Requête liste des groupes du juste; Liste des assemblées obtenues.
15-08-2022 09:47 >>>> Recherche profonde juste par identifiant effectuée; juste trouvé
15-08-2022 09:48 >>>> Recherche profonde juste par identifiant effectuée; juste trouvé
15-08-2022 09:48 >>>> Requête liste des groupes du juste; Liste des assemblées obtenues.
15-08-2022 09:50 >>>> Recherche profonde juste par identifiant effectuée; juste trouvé
15-08-2022 09:50 >>>> Requête liste des groupes du juste; Liste des assemblées obtenues.
15-08-2022 09:50 >>>> Recherche profonde juste par identifiant effectuée; juste trouvé
15-08-2022 09:50 >>>> Requête liste des groupes du juste; Liste des assemblées obtenues.
15-08-2022 09:51 >>>> Recherche profonde juste par identifiant effectuée; juste trouvé
15-08-2022 09:51 >>>> Requête liste des groupes du juste; Liste des assemblées obtenues.
15-08-2022 09:51 >>>> Recherche profonde juste par identifiant effectuée; juste trouvé
15-08-2022 09:51 >>>> Requête liste des groupes du juste; Liste des assemblées obtenues.
15-08-2022 09:52 >>>> Recherche profonde juste par identifiant effectuée; juste trouvé
15-08-2022 09:52 >>>> Requête liste des groupes du juste; Liste des assemblées obtenues.
15-08-2022 09:53 >>>> Requête liste des groupes du juste; Liste des assemblées obtenues.
15-08-2022 09:53 >>>> Recherche profonde juste par identifiant effectuée; juste trouvé
15-08-2022 09:55 >>>> Recherche profonde juste par identifiant effectuée; juste trouvé
15-08-2022 09:55 >>>> Requête liste des groupes du juste; Liste des assemblées obtenues.
15-08-2022 09:59 >>>> Recherche profonde juste par identifiant effectuée; juste trouvé
15-08-2022 09:59 >>>> Requête liste des groupes du juste; Liste des assemblées obtenues.
15-08-2022 10:03 >>>> Recherche profonde juste par identifiant effectuée; juste trouvé
15-08-2022 10:03 >>>> Requête liste des groupes du juste; Liste des assemblées obtenues.
15-08-2022 10:04 >>>> Recherche profonde juste par identifiant effectuée; juste trouvé
15-08-2022 10:04 >>>> Requête liste des groupes du juste; Liste des assemblées obtenues.
15-08-2022 10:05 >>>> Recherche profonde juste par identifiant effectuée; juste trouvé
15-08-2022 10:05 >>>> Requête liste des groupes du juste; Liste des assemblées obtenues.
15-08-2022 10:05 >>>> Recherche profonde juste par identifiant effectuée; juste trouvé
15-08-2022 10:05 >>>> Requête liste des groupes du juste; Liste des assemblées obtenues.
15-08-2022 10:05 >>>> Requête liste des groupes du juste; Liste des assemblées obtenues.
15-08-2022 10:05 >>>> Recherche profonde juste par identifiant effectuée; juste trouvé
15-08-2022 10:06 >>>> Recherche profonde juste par identifiant effectuée; juste trouvé
15-08-2022 10:06 >>>> Requête liste des groupes du juste; Liste des assemblées obtenues.
15-08-2022 10:06 >>>> Recherche profonde juste par identifiant effectuée; juste trouvé
15-08-2022 10:06 >>>> Requête liste des groupes du juste; Liste des assemblées obtenues.
15-08-2022 10:07 >>>> Recherche profonde juste par identifiant effectuée; juste trouvé
15-08-2022 10:07 >>>> Requête liste des groupes du juste; Liste des assemblées obtenues.
15-08-2022 10:07 >>>> Recherche profonde juste par identifiant effectuée; juste trouvé
15-08-2022 10:07 >>>> Requête liste des groupes du juste; Liste des assemblées obtenues.
15-08-2022 10:08 >>>> Recherche profonde juste par identifiant effectuée; juste trouvé
15-08-2022 10:08 >>>> Requête liste des groupes du juste; Liste des assemblées obtenues.
15-08-2022 10:08 >>>> Recherche profonde juste par identifiant effectuée; juste trouvé
15-08-2022 10:08 >>>> Requête liste des groupes du juste; Liste des assemblées obtenues.
15-08-2022 10:10 >>>> Recherche profonde juste par identifiant effectuée; juste trouvé
15-08-2022 10:10 >>>> Requête liste des groupes du juste; Liste des assemblées obtenues.
15-08-2022 10:10 >>>> Requête liste des groupes du juste; Liste des assemblées obtenues.
15-08-2022 10:10 >>>> Recherche profonde juste par identifiant effectuée; juste trouvé
15-08-2022 10:10 >>>> Requête liste des groupes du juste; Liste des assemblées obtenues.
15-08-2022 10:10 >>>> Recherche profonde juste par identifiant effectuée; juste trouvé
15-08-2022 10:11 >>>> Recherche profonde juste par identifiant effectuée; juste trouvé
15-08-2022 10:11 >>>> Requête liste des groupes du juste; Liste des assemblées obtenues.
15-08-2022 10:11 >>>> Requête liste des justes; Liste des justes obtnus
15-08-2022 10:11 >>>> Recherche profonde juste par identifiant effectuée; juste trouvé
15-08-2022 10:11 >>>> Requête liste des groupes du juste; Liste des assemblées obtenues.
15-08-2022 10:15 >>>> Recherche profonde juste par identifiant effectuée; juste trouvé
15-08-2022 10:15 >>>> Requête liste des groupes du juste; Liste des assemblées obtenues.
15-08-2022 10:16 >>>> Recherche profonde juste par identifiant effectuée; juste trouvé
15-08-2022 10:16 >>>> Requête liste des groupes du juste; Liste des assemblées obtenues.
15-08-2022 10:17 >>>> Requête liste des groupes du juste; Liste des assemblées obtenues.
15-08-2022 10:17 >>>> Recherche profonde juste par identifiant effectuée; juste trouvé
15-08-2022 10:19 >>>> Requête liste des groupes du juste; Liste des assemblées obtenues.
15-08-2022 10:19 >>>> Recherche profonde juste par identifiant effectuée; juste trouvé
15-08-2022 10:19 >>>> Recherche profonde juste par identifiant effectuée; juste trouvé
15-08-2022 10:19 >>>> Requête liste des groupes du juste; Liste des assemblées obtenues.
15-08-2022 10:20 >>>> Recherche profonde juste par identifiant effectuée; juste trouvé
15-08-2022 10:20 >>>> Requête liste des groupes du juste; Liste des assemblées obtenues.
15-08-2022 10:21 >>>> Requête liste des groupes du juste; Liste des assemblées obtenues.
15-08-2022 10:21 >>>> Recherche profonde juste par identifiant effectuée; juste trouvé
15-08-2022 10:21 >>>> Recherche profonde juste par identifiant effectuée; juste trouvé
15-08-2022 10:21 >>>> Requête liste des groupes du juste; Liste des assemblées obtenues.
15-08-2022 10:22 >>>> Recherche profonde juste par identifiant effectuée; juste trouvé
15-08-2022 10:22 >>>> Requête liste des groupes du juste; Liste des assemblées obtenues.
15-08-2022 10:50 >>>> Recherche profonde juste par identifiant effectuée; juste trouvé
15-08-2022 10:50 >>>> Requête liste des groupes du juste; Liste des assemblées obtenues.
15-08-2022 10:51 >>>> Recherche profonde juste par identifiant effectuée; juste trouvé
15-08-2022 10:51 >>>> Requête liste des groupes du juste; Liste des assemblées obtenues.
15-08-2022 11:21 >>>> Recherche profonde juste par identifiant effectuée; juste trouvé
15-08-2022 11:21 >>>> Requête liste des groupes du juste; Liste des assemblées obtenues.
15-08-2022 11:26 >>>> Recherche profonde juste par identifiant effectuée; juste trouvé
15-08-2022 11:26 >>>> Requête liste des groupes du juste; Liste des assemblées obtenues.
15-08-2022 11:26 >>>> Recherche profonde juste par identifiant effectuée; juste trouvé
15-08-2022 11:26 >>>> Requête liste des groupes du juste; Liste des assemblées obtenues.
15-08-2022 11:27 >>>> Recherche profonde juste par identifiant effectuée; juste trouvé
15-08-2022 11:27 >>>> Requête liste des groupes du juste; Liste des assemblées obtenues.
15-08-2022 11:28 >>>> Requête liste des groupes du juste; Liste des assemblées obtenues.
15-08-2022 11:28 >>>> Recherche profonde juste par identifiant effectuée; juste trouvé
15-08-2022 11:28 >>>> Requête liste des groupes du juste; Liste des assemblées obtenues.
15-08-2022 11:28 >>>> Recherche profonde juste par identifiant effectuée; juste trouvé
15-08-2022 11:31 >>>> Recherche profonde juste par identifiant effectuée; juste trouvé
15-08-2022 11:31 >>>> Requête liste des groupes du juste; Liste des assemblées obtenues.
15-08-2022 11:34 >>>> Recherche profonde juste par identifiant effectuée; juste trouvé
15-08-2022 11:34 >>>> Requête liste des groupes du juste; Liste des assemblées obtenues.
15-08-2022 11:35 >>>> Recherche profonde juste par identifiant effectuée; juste trouvé
15-08-2022 11:35 >>>> Requête liste des groupes du juste; Liste des assemblées obtenues.
15-08-2022 11:36 >>>> Recherche profonde juste par identifiant effectuée; juste trouvé
15-08-2022 11:36 >>>> Requête liste des groupes du juste; Liste des assemblées obtenues.
15-08-2022 11:43 >>>> Recherche profonde juste par identifiant effectuée; juste trouvé
15-08-2022 11:43 >>>> Requête liste des groupes du juste; Liste des assemblées obtenues.
15-08-2022 11:47 >>>> Recherche profonde juste par identifiant effectuée; juste trouvé
15-08-2022 11:47 >>>> Requête liste des groupes du juste; Liste des assemblées obtenues.
15-08-2022 11:58 >>>> Requête liste des groupes du juste; Liste des assemblées obtenues.
15-08-2022 11:58 >>>> Recherche profonde juste par identifiant effectuée; juste trouvé
15-08-2022 11:59 >>>> Requête liste des justes; Liste des justes obtnus
15-08-2022 11:59 >>>> Recherche profonde juste par identifiant effectuée; juste trouvé
15-08-2022 11:59 >>>> Requête liste des groupes du juste; Aucun groupe affiliée
15-08-2022 11:59 >>>> Liste des services!
15-08-2022 11:59 >>>> Liste des groupes du service!
15-08-2022 11:59 >>>> Requête liste des justes; Liste des justes obtnus
15-08-2022 11:59 >>>> Recherche profonde juste par identifiant effectuée; juste trouvé
15-08-2022 11:59 >>>> Requête liste des groupes du juste; Liste des assemblées obtenues.
15-08-2022 14:45 >>>> Recherche profonde juste par identifiant effectuée; juste trouvé
15-08-2022 14:45 >>>> Requête liste des groupes du juste; Liste des assemblées obtenues.
15-08-2022 14:46 >>>> Recherche profonde juste par identifiant effectuée; juste trouvé
15-08-2022 14:46 >>>> Requête liste des groupes du juste; Liste des assemblées obtenues.
15-08-2022 14:47 >>>> Recherche profonde juste par identifiant effectuée; juste trouvé
15-08-2022 14:47 >>>> Requête liste des groupes du juste; Liste des assemblées obtenues.
15-08-2022 14:48 >>>> Requête liste des groupes du juste; Liste des assemblées obtenues.
15-08-2022 14:48 >>>> Recherche profonde juste par identifiant effectuée; juste trouvé
15-08-2022 14:49 >>>> Recherche profonde juste par identifiant effectuée; juste trouvé
15-08-2022 14:49 >>>> Requête liste des groupes du juste; Liste des assemblées obtenues.
15-08-2022 14:49 >>>> Recherche profonde juste par identifiant effectuée; juste trouvé
15-08-2022 14:49 >>>> Requête liste des groupes du juste; Liste des assemblées obtenues.
15-08-2022 14:50 >>>> Recherche profonde juste par identifiant effectuée; juste trouvé
15-08-2022 14:50 >>>> Requête liste des groupes du juste; Liste des assemblées obtenues.
15-08-2022 14:51 >>>> Recherche profonde juste par identifiant effectuée; juste trouvé
15-08-2022 14:51 >>>> Requête liste des groupes du juste; Liste des assemblées obtenues.
15-08-2022 14:53 >>>> Recherche profonde juste par identifiant effectuée; juste trouvé
15-08-2022 14:53 >>>> Requête liste des groupes du juste; Liste des assemblées obtenues.
15-08-2022 14:53 >>>> Recherche profonde juste par identifiant effectuée; juste trouvé
15-08-2022 14:53 >>>> Requête liste des groupes du juste; Liste des assemblées obtenues.
15-08-2022 15:03 >>>> Recherche profonde juste par identifiant effectuée; juste trouvé
15-08-2022 15:03 >>>> Requête liste des groupes du juste; Liste des assemblées obtenues.
15-08-2022 15:04 >>>> Recherche profonde juste par identifiant effectuée; juste trouvé
15-08-2022 15:04 >>>> Requête liste des groupes du juste; Liste des assemblées obtenues.
15-08-2022 15:07 >>>> Recherche profonde juste par identifiant effectuée; juste trouvé
15-08-2022 15:07 >>>> Requête liste des groupes du juste; Liste des assemblées obtenues.
15-08-2022 15:09 >>>> Recherche profonde juste par identifiant effectuée; juste trouvé
15-08-2022 15:09 >>>> Requête liste des groupes du juste; Liste des assemblées obtenues.
15-08-2022 15:12 >>>> Recherche profonde juste par identifiant effectuée; juste trouvé
15-08-2022 15:12 >>>> Requête liste des groupes du juste; Liste des assemblées obtenues.
15-08-2022 15:12 >>>> Requête liste des groupes! Liste des groupes obtnus
15-08-2022 15:12 >>>> Service trouvé
15-08-2022 15:12 >>>> Requête liste des justes du groupe; Aucun justes affiliés au groupe
