16-08-2022 11:48 >>>> Liste des services!
16-08-2022 11:48 >>>> Aucun service repertorié!
16-08-2022 11:48 >>>> Requête liste des assemblées! Liste des assemblées obtenues
16-08-2022 11:48 >>>> Requête liste des justes de l'assemblée! Liste des justes obtnus
16-08-2022 11:48 >>>> Requête liste des justes; Liste des justes obtnus
16-08-2022 11:48 >>>> Recherche profonde juste par identifiant effectuée; juste trouvé
16-08-2022 11:48 >>>> Requête liste des groupes du juste; Liste des assemblées obtenues.
16-08-2022 11:49 >>>> Requête liste des groupes! Liste des groupes obtnus
16-08-2022 11:49 >>>> Service trouvé
16-08-2022 11:49 >>>> Requête liste des justes du groupe; Aucun justes affiliés au groupe
16-08-2022 11:49 >>>> Requête liste des groupes! Liste des groupes obtnus
16-08-2022 11:49 >>>> Service trouvé
16-08-2022 11:49 >>>> Requête liste des justes du groupe; Aucun justes affiliés au groupe
16-08-2022 11:49 >>>> Requête liste des groupes! Liste des groupes obtnus
16-08-2022 11:49 >>>> Service trouvé
16-08-2022 11:49 >>>> Requête liste des justes du groupe; Liste des justes obtnus
16-08-2022 11:50 >>>> Requête liste des justes; Liste des justes obtnus
16-08-2022 11:50 >>>> Recherche profonde juste par identifiant effectuée; juste trouvé
16-08-2022 11:50 >>>> Requête liste des groupes du juste; Liste des assemblées obtenues.
16-08-2022 11:50 >>>> Requête liste des groupes! Liste des groupes obtnus
16-08-2022 11:50 >>>> Requête liste des justes; Liste des justes obtnus
16-08-2022 11:50 >>>> Liste des services!
16-08-2022 11:50 >>>> Requête liste des assemblées! Liste des assemblées obtenues
16-08-2022 11:50 >>>> Requête liste des groupes! Liste des groupes obtnus
16-08-2022 11:50 >>>> Requête liste des justes; Liste des justes obtnus
16-08-2022 11:50 >>>> Liste des services!
16-08-2022 11:50 >>>> Requête liste des justes; Liste des justes obtnus
16-08-2022 11:50 >>>> Recherche profonde juste par identifiant effectuée; juste trouvé
16-08-2022 11:50 >>>> Requête liste des groupes du juste; Liste des assemblées obtenues.
16-08-2022 11:58 >>>> Recherche profonde juste par identifiant effectuée; juste trouvé
16-08-2022 11:58 >>>> Requête liste des groupes du juste; Liste des assemblées obtenues.
16-08-2022 12:24 >>>> Recherche profonde juste par identifiant effectuée; juste trouvé
16-08-2022 12:24 >>>> Requête liste des groupes du juste; Liste des assemblées obtenues.
16-08-2022 12:24 >>>> Requête liste des justes; Liste des justes obtnus
16-08-2022 12:24 >>>> Recherche profonde juste par identifiant effectuée; juste trouvé
16-08-2022 12:24 >>>> Requête liste des groupes du juste; Liste des assemblées obtenues.
16-08-2022 12:24 >>>> Requête liste des justes; Liste des justes obtnus
16-08-2022 12:24 >>>> Recherche profonde juste par identifiant effectuée; juste trouvé
16-08-2022 12:24 >>>> Requête liste des groupes du juste; Aucun groupe affiliée
16-08-2022 12:24 >>>> Liste des services!
16-08-2022 12:24 >>>> Requête liste des justes; Liste des justes obtnus
16-08-2022 12:24 >>>> Requête liste des groupes! Liste des groupes obtnus
16-08-2022 12:24 >>>> Requête liste des assemblées! Liste des assemblées obtenues
16-08-2022 12:24 >>>> Liste des services!
16-08-2022 12:24 >>>> Requête liste des justes; Liste des justes obtnus
16-08-2022 12:24 >>>> Requête liste des groupes! Liste des groupes obtnus
16-08-2022 12:24 >>>> Requête liste des assemblées! Liste des assemblées obtenues
16-08-2022 12:24 >>>> Requête liste des justes; Liste des justes obtnus
16-08-2022 12:24 >>>> Recherche profonde juste par identifiant effectuée; juste trouvé
16-08-2022 12:24 >>>> Requête liste des groupes du juste; Liste des assemblées obtenues.
16-08-2022 12:25 >>>> Requête liste des assemblées! Liste des assemblées obtenues
16-08-2022 12:25 >>>> Requête liste des justes de l'assemblée! Liste des justes obtnus
16-08-2022 12:25 >>>> Requête liste des justes; Liste des justes obtnus
16-08-2022 12:25 >>>> Recherche profonde juste par identifiant effectuée; juste trouvé
16-08-2022 12:25 >>>> Requête liste des groupes du juste; Liste des assemblées obtenues.
16-08-2022 12:26 >>>> Recherche profonde juste par identifiant effectuée; juste trouvé
16-08-2022 12:26 >>>> Requête liste des groupes du juste; Liste des assemblées obtenues.
16-08-2022 12:27 >>>> Recherche profonde juste par identifiant effectuée; juste trouvé
16-08-2022 12:27 >>>> Requête liste des groupes du juste; Liste des assemblées obtenues.
16-08-2022 12:28 >>>> Recherche profonde juste par identifiant effectuée; juste trouvé
16-08-2022 12:28 >>>> Requête liste des groupes du juste; Liste des assemblées obtenues.
16-08-2022 12:28 >>>> Requête liste des groupes du juste; Liste des assemblées obtenues.
16-08-2022 12:28 >>>> Recherche profonde juste par identifiant effectuée; juste trouvé
16-08-2022 12:29 >>>> Requête liste des groupes du juste; Liste des assemblées obtenues.
16-08-2022 12:29 >>>> Recherche profonde juste par identifiant effectuée; juste trouvé
16-08-2022 12:29 >>>> Requête liste des groupes du juste; Liste des assemblées obtenues.
16-08-2022 12:29 >>>> Recherche profonde juste par identifiant effectuée; juste trouvé
16-08-2022 12:30 >>>> Requête liste des groupes du juste; Liste des assemblées obtenues.
16-08-2022 12:30 >>>> Recherche profonde juste par identifiant effectuée; juste trouvé
16-08-2022 12:31 >>>> Recherche profonde juste par identifiant effectuée; juste trouvé
16-08-2022 12:31 >>>> Requête liste des groupes du juste; Liste des assemblées obtenues.
16-08-2022 12:31 >>>> Recherche profonde juste par identifiant effectuée; juste trouvé
16-08-2022 12:31 >>>> Requête liste des groupes du juste; Liste des assemblées obtenues.
16-08-2022 12:31 >>>> Recherche profonde juste par identifiant effectuée; juste trouvé
16-08-2022 12:31 >>>> Requête liste des groupes du juste; Liste des assemblées obtenues.
16-08-2022 12:32 >>>> Recherche profonde juste par identifiant effectuée; juste trouvé
16-08-2022 12:32 >>>> Requête liste des groupes du juste; Liste des assemblées obtenues.
16-08-2022 12:32 >>>> Recherche profonde juste par identifiant effectuée; juste trouvé
16-08-2022 12:32 >>>> Requête liste des groupes du juste; Liste des assemblées obtenues.
16-08-2022 12:33 >>>> Recherche profonde juste par identifiant effectuée; juste trouvé
16-08-2022 12:33 >>>> Requête liste des groupes du juste; Liste des assemblées obtenues.
16-08-2022 12:33 >>>> Recherche profonde juste par identifiant effectuée; juste trouvé
16-08-2022 12:33 >>>> Requête liste des groupes du juste; Liste des assemblées obtenues.
16-08-2022 12:33 >>>> Recherche profonde juste par identifiant effectuée; juste trouvé
16-08-2022 12:33 >>>> Requête liste des groupes du juste; Liste des assemblées obtenues.
16-08-2022 12:34 >>>> Recherche profonde juste par identifiant effectuée; juste trouvé
16-08-2022 12:34 >>>> Requête liste des groupes du juste; Liste des assemblées obtenues.
16-08-2022 12:34 >>>> Requête liste des groupes du juste; Liste des assemblées obtenues.
16-08-2022 12:34 >>>> Recherche profonde juste par identifiant effectuée; juste trouvé
16-08-2022 12:34 >>>> Requête liste des groupes du juste; Liste des assemblées obtenues.
16-08-2022 12:34 >>>> Recherche profonde juste par identifiant effectuée; juste trouvé
16-08-2022 12:36 >>>> Recherche profonde juste par identifiant effectuée; juste trouvé
16-08-2022 12:36 >>>> Requête liste des groupes du juste; Liste des assemblées obtenues.
16-08-2022 12:36 >>>> Recherche profonde juste par identifiant effectuée; juste trouvé
16-08-2022 12:36 >>>> Requête liste des groupes du juste; Liste des assemblées obtenues.
16-08-2022 12:37 >>>> Recherche profonde juste par identifiant effectuée; juste trouvé
16-08-2022 12:37 >>>> Requête liste des groupes du juste; Liste des assemblées obtenues.
16-08-2022 12:37 >>>> Recherche profonde juste par identifiant effectuée; juste trouvé
16-08-2022 12:37 >>>> Requête liste des groupes du juste; Liste des assemblées obtenues.
16-08-2022 12:38 >>>> Recherche profonde juste par identifiant effectuée; juste trouvé
16-08-2022 12:38 >>>> Requête liste des groupes du juste; Liste des assemblées obtenues.
16-08-2022 12:39 >>>> Requête liste des groupes du juste; Liste des assemblées obtenues.
16-08-2022 12:39 >>>> Recherche profonde juste par identifiant effectuée; juste trouvé
16-08-2022 12:39 >>>> Recherche profonde juste par identifiant effectuée; juste trouvé
16-08-2022 12:39 >>>> Requête liste des groupes du juste; Liste des assemblées obtenues.
16-08-2022 12:42 >>>> Recherche profonde juste par identifiant effectuée; juste trouvé
16-08-2022 12:42 >>>> Requête liste des groupes du juste; Liste des assemblées obtenues.
16-08-2022 12:42 >>>> Recherche profonde juste par identifiant effectuée; juste trouvé
16-08-2022 12:42 >>>> Requête liste des groupes du juste; Liste des assemblées obtenues.
16-08-2022 12:42 >>>> Recherche profonde juste par identifiant effectuée; juste trouvé
16-08-2022 12:42 >>>> Requête liste des groupes du juste; Liste des assemblées obtenues.
16-08-2022 12:43 >>>> Requête liste des groupes du juste; Liste des assemblées obtenues.
16-08-2022 12:43 >>>> Recherche profonde juste par identifiant effectuée; juste trouvé
16-08-2022 13:13 >>>> Recherche profonde juste par identifiant effectuée; juste trouvé
16-08-2022 13:13 >>>> Requête liste des groupes du juste; Liste des assemblées obtenues.
16-08-2022 13:13 >>>> Recherche profonde juste par identifiant effectuée; juste trouvé
16-08-2022 13:13 >>>> Requête liste des groupes du juste; Liste des assemblées obtenues.
16-08-2022 13:13 >>>> Recherche profonde juste par identifiant effectuée; juste trouvé
16-08-2022 13:13 >>>> Requête liste des groupes du juste; Liste des assemblées obtenues.
16-08-2022 13:14 >>>> Requête liste des groupes du juste; Liste des assemblées obtenues.
16-08-2022 13:14 >>>> Recherche profonde juste par identifiant effectuée; juste trouvé
16-08-2022 13:14 >>>> Recherche profonde juste par identifiant effectuée; juste trouvé
16-08-2022 13:14 >>>> Requête liste des groupes du juste; Liste des assemblées obtenues.
16-08-2022 13:14 >>>> Requête liste des groupes du juste; Liste des assemblées obtenues.
16-08-2022 13:14 >>>> Recherche profonde juste par identifiant effectuée; juste trouvé
16-08-2022 13:15 >>>> Recherche profonde juste par identifiant effectuée; juste trouvé
16-08-2022 13:15 >>>> Requête liste des groupes du juste; Liste des assemblées obtenues.
16-08-2022 13:15 >>>> Recherche profonde juste par identifiant effectuée; juste trouvé
16-08-2022 13:15 >>>> Requête liste des groupes du juste; Liste des assemblées obtenues.
16-08-2022 13:15 >>>> Recherche profonde juste par identifiant effectuée; juste trouvé
16-08-2022 13:15 >>>> Requête liste des groupes du juste; Liste des assemblées obtenues.
16-08-2022 13:16 >>>> Requête liste des assemblées! Liste des assemblées obtenues
16-08-2022 13:16 >>>> Requête liste des justes de l'assemblée! Liste des justes obtnus
16-08-2022 13:16 >>>> Liste des services!
16-08-2022 13:16 >>>> Liste des groupes du service!
16-08-2022 13:16 >>>> Liste des services!
16-08-2022 13:16 >>>> Liste des groupes du service!
16-08-2022 13:16 >>>> Liste des services!
16-08-2022 13:16 >>>> Liste des groupes du service!
16-08-2022 13:16 >>>> Liste des services!
16-08-2022 13:16 >>>> Liste des groupes du service!
16-08-2022 13:16 >>>> Liste des services!
16-08-2022 13:16 >>>> Liste des groupes du service!
16-08-2022 13:17 >>>> Requête liste des groupes! Liste des groupes obtnus
16-08-2022 13:17 >>>> Liste des services!
16-08-2022 13:17 >>>> Aucun service repertorié!
16-08-2022 13:17 >>>> Liste des services!
16-08-2022 13:17 >>>> Liste des groupes du service!
16-08-2022 13:22 >>>> Liste des groupes du service!
16-08-2022 13:22 >>>> Liste des groupes du service!
16-08-2022 13:25 >>>> Liste des groupes du service!
16-08-2022 13:25 >>>> Liste des groupes du service!
16-08-2022 13:25 >>>> Liste des groupes du service!
16-08-2022 13:30 >>>> Liste des groupes du service!
16-08-2022 13:31 >>>> Liste des groupes du service!
16-08-2022 13:31 >>>> Liste des groupes du service!
16-08-2022 13:31 >>>> Liste des services!
16-08-2022 13:31 >>>> Aucun service repertorié!
16-08-2022 13:31 >>>> Requête liste des assemblées! Liste des assemblées obtenues
16-08-2022 13:31 >>>> Liste des services!
16-08-2022 13:31 >>>> Liste des groupes du service!
16-08-2022 13:31 >>>> Liste des services!
16-08-2022 13:31 >>>> Aucun service repertorié!
16-08-2022 13:32 >>>> Liste des services!
16-08-2022 13:32 >>>> Aucun service repertorié!
16-08-2022 13:32 >>>> Liste des services!
16-08-2022 13:32 >>>> Aucun service repertorié!
16-08-2022 13:33 >>>> Liste des services!
16-08-2022 13:33 >>>> Aucun service repertorié!
16-08-2022 13:34 >>>> Liste des services!
16-08-2022 13:34 >>>> Aucun service repertorié!
16-08-2022 13:35 >>>> Liste des services!
16-08-2022 13:35 >>>> Requête liste des justes; Liste des justes obtnus
16-08-2022 13:35 >>>> Recherche profonde juste par identifiant effectuée; juste trouvé
16-08-2022 13:35 >>>> Requête liste des groupes du juste; Liste des assemblées obtenues.
16-08-2022 13:35 >>>> Requête liste des groupes du juste; Liste des assemblées obtenues.
16-08-2022 13:35 >>>> Recherche profonde juste par identifiant effectuée; juste trouvé
16-08-2022 13:37 >>>> Recherche profonde juste par identifiant effectuée; juste trouvé
16-08-2022 13:37 >>>> Requête liste des groupes du juste; Liste des assemblées obtenues.
16-08-2022 13:38 >>>> Liste des services!
16-08-2022 13:38 >>>> Liste des groupes du service!
16-08-2022 13:38 >>>> Liste des services!
16-08-2022 13:38 >>>> Aucun service repertorié!
16-08-2022 13:38 >>>> Liste des services!
16-08-2022 13:38 >>>> Requête liste des justes; Liste des justes obtnus
16-08-2022 13:38 >>>> Requête liste des groupes! Liste des groupes obtnus
16-08-2022 13:38 >>>> Requête liste des assemblées! Liste des assemblées obtenues
16-08-2022 13:38 >>>> Requête liste des groupes! Liste des groupes obtnus
16-08-2022 13:38 >>>> Requête liste des justes; Liste des justes obtnus
16-08-2022 13:38 >>>> Liste des services!
16-08-2022 13:42 >>>> Requête liste des assemblées! Liste des assemblées obtenues
16-08-2022 13:42 >>>> Requête liste des justes de l'assemblée! Liste des justes obtnus
16-08-2022 13:43 >>>> Requête liste des justes de l'assemblée! Liste des justes obtnus
16-08-2022 13:43 >>>> Requête liste des justes de l'assemblée! Liste des justes obtnus
16-08-2022 13:44 >>>> Requête liste des justes de l'assemblée! Liste des justes obtnus
16-08-2022 13:48 >>>> Requête liste des justes de l'assemblée! Liste des justes obtnus
16-08-2022 13:48 >>>> Requête liste des assemblées! Liste des assemblées obtenues
16-08-2022 13:49 >>>> Requête liste des justes; Liste des justes obtnus
16-08-2022 13:49 >>>> Requête liste des assemblées! Liste des assemblées obtenues
16-08-2022 13:49 >>>> Requête liste des justes de l'assemblée! Liste des justes obtnus
16-08-2022 13:51 >>>> Requête liste des assemblées! Liste des assemblées obtenues
16-08-2022 13:51 >>>> Requête liste des justes; Liste des justes obtnus
16-08-2022 13:51 >>>> Liste des services!
16-08-2022 13:51 >>>> Liste des groupes du service!
16-08-2022 13:51 >>>> Requête liste des justes; Liste des justes obtnus
16-08-2022 13:51 >>>> Requête liste des assemblées! Liste des assemblées obtenues
16-08-2022 22:43 >>>> Requête liste des justes; Liste des justes obtnus
16-08-2022 22:44 >>>> Requête REST echouée; code inconnu.
16-08-2022 22:44 >>>> Requête REST echouée; code inconnu.
16-08-2022 22:44 >>>> Recherche profonde juste par identifiant effectuée; juste trouvé
16-08-2022 22:44 >>>> Requête liste des groupes du juste; Liste des assemblées obtenues.
16-08-2022 22:44 >>>> Recherche profonde juste par identifiant effectuée; juste trouvé
16-08-2022 22:44 >>>> Requête liste des groupes du juste; Liste des assemblées obtenues.
16-08-2022 22:44 >>>> Requête REST echouée; code inconnu.
16-08-2022 22:44 >>>> Requête REST echouée; code inconnu.
16-08-2022 22:55 >>>> Recherche profonde juste par identifiant effectuée; juste trouvé
16-08-2022 22:55 >>>> Requête liste des groupes! Liste des groupes obtnus
16-08-2022 22:55 >>>> Requête liste des assemblées! Liste des assemblées obtenues
16-08-2022 22:55 >>>> Requête liste des groupes du juste; Liste des assemblées obtenues.
16-08-2022 22:56 >>>> Recherche profonde juste par identifiant effectuée; juste trouvé
16-08-2022 22:56 >>>> Requête liste des groupes du juste; Liste des assemblées obtenues.
16-08-2022 22:56 >>>> Requête liste des assemblées! Liste des assemblées obtenues
16-08-2022 22:56 >>>> Requête liste des groupes! Liste des groupes obtnus
16-08-2022 22:57 >>>> Recherche profonde juste par identifiant effectuée; juste trouvé
16-08-2022 22:57 >>>> Requête liste des assemblées! Liste des assemblées obtenues
16-08-2022 22:57 >>>> Requête liste des groupes du juste; Liste des assemblées obtenues.
16-08-2022 22:57 >>>> Requête liste des groupes! Liste des groupes obtnus
16-08-2022 22:58 >>>> Requête liste des groupes du juste; Liste des assemblées obtenues.
16-08-2022 22:58 >>>> Requête liste des assemblées! Liste des assemblées obtenues
16-08-2022 22:58 >>>> Recherche profonde juste par identifiant effectuée; juste trouvé
16-08-2022 22:58 >>>> Requête liste des groupes! Liste des groupes obtnus
16-08-2022 22:59 >>>> Recherche profonde juste par identifiant effectuée; juste trouvé
16-08-2022 22:59 >>>> Requête liste des groupes du juste; Liste des assemblées obtenues.
16-08-2022 22:59 >>>> Requête liste des assemblées! Liste des assemblées obtenues
16-08-2022 22:59 >>>> Requête liste des groupes! Liste des groupes obtnus
16-08-2022 22:59 >>>> Recherche profonde juste par identifiant effectuée; juste trouvé
16-08-2022 22:59 >>>> Requête liste des groupes du juste; Liste des assemblées obtenues.
16-08-2022 22:59 >>>> Requête liste des assemblées! Liste des assemblées obtenues
16-08-2022 22:59 >>>> Requête liste des groupes! Liste des groupes obtnus
16-08-2022 23:00 >>>> Recherche profonde juste par identifiant effectuée; juste trouvé
16-08-2022 23:00 >>>> Requête liste des groupes du juste; Liste des assemblées obtenues.
16-08-2022 23:00 >>>> Requête liste des groupes! Liste des groupes obtnus
16-08-2022 23:00 >>>> Requête liste des assemblées! Liste des assemblées obtenues
16-08-2022 23:02 >>>> Recherche profonde juste par identifiant effectuée; juste trouvé
16-08-2022 23:02 >>>> Requête liste des groupes du juste; Liste des assemblées obtenues.
16-08-2022 23:02 >>>> Requête liste des assemblées! Liste des assemblées obtenues
16-08-2022 23:02 >>>> Requête liste des groupes! Liste des groupes obtnus
16-08-2022 23:04 >>>> Requête liste des justes; Liste des justes obtnus
16-08-2022 23:04 >>>> Requête liste des assemblées! Liste des assemblées obtenues
16-08-2022 23:04 >>>> Requête liste des justes de l'assemblée! Liste des justes obtnus
16-08-2022 23:04 >>>> Requête liste des assemblées! Liste des assemblées obtenues
16-08-2022 23:04 >>>> Requête liste des justes de l'assemblée! Liste des justes obtnus
16-08-2022 23:05 >>>> Requête liste des groupes! Liste des groupes obtnus
16-08-2022 23:05 >>>> Requête liste des assemblées! Liste des assemblées obtenues
16-08-2022 23:05 >>>> Requête liste des justes de l'assemblée! Liste des justes obtnus
16-08-2022 23:06 >>>> Requête liste des groupes! Liste des groupes obtnus
16-08-2022 23:06 >>>> Service trouvé
16-08-2022 23:06 >>>> Requête liste des justes du groupe; Aucun justes affiliés au groupe
16-08-2022 23:06 >>>> Requête liste des groupes! Liste des groupes obtnus
16-08-2022 23:06 >>>> Service trouvé
16-08-2022 23:06 >>>> Requête liste des justes du groupe; Liste des justes obtnus
16-08-2022 23:06 >>>> Requête liste des justes; Liste des justes obtnus
16-08-2022 23:06 >>>> Liste des services!
16-08-2022 23:06 >>>> Liste des groupes du service!
16-08-2022 23:06 >>>> Requête liste des assemblées! Liste des assemblées obtenues
16-08-2022 23:06 >>>> Requête liste des justes de l'assemblée! Liste des justes obtnus
16-08-2022 23:12 >>>> Requête liste des justes de l'assemblée! Liste des justes obtnus
16-08-2022 23:12 >>>> Requête liste des justes de l'assemblée! Liste des justes obtnus
16-08-2022 23:12 >>>> Recherche profonde juste par identifiant effectuée; juste trouvé
16-08-2022 23:12 >>>> Requête liste des groupes! Liste des groupes obtnus
16-08-2022 23:12 >>>> Requête liste des assemblées! Liste des assemblées obtenues
16-08-2022 23:12 >>>> Requête liste des groupes du juste; Liste des assemblées obtenues.
16-08-2022 23:13 >>>> Requête liste des assemblées! Liste des assemblées obtenues
16-08-2022 23:13 >>>> Requête liste des justes de l'assemblée! Liste des justes obtnus
16-08-2022 23:13 >>>> Recherche profonde juste par identifiant effectuée; juste trouvé
16-08-2022 23:13 >>>> Requête liste des groupes du juste; Liste des assemblées obtenues.
16-08-2022 23:13 >>>> Requête liste des groupes! Liste des groupes obtnus
16-08-2022 23:13 >>>> Requête liste des assemblées! Liste des assemblées obtenues
16-08-2022 23:14 >>>> Requête liste des groupes! Liste des groupes obtnus
16-08-2022 23:14 >>>> Service trouvé
16-08-2022 23:14 >>>> Requête liste des justes du groupe; Liste des justes obtnus
16-08-2022 23:15 >>>> Service trouvé
16-08-2022 23:15 >>>> Requête liste des justes du groupe; Liste des justes obtnus
16-08-2022 23:15 >>>> Service trouvé
16-08-2022 23:15 >>>> Requête liste des justes du groupe; Liste des justes obtnus
16-08-2022 23:15 >>>> Recherche profonde juste par identifiant effectuée; juste trouvé
16-08-2022 23:15 >>>> Requête liste des groupes du juste; Liste des assemblées obtenues.
16-08-2022 23:15 >>>> Requête liste des assemblées! Liste des assemblées obtenues
16-08-2022 23:15 >>>> Requête liste des groupes! Liste des groupes obtnus
16-08-2022 23:18 >>>> Recherche profonde juste par identifiant effectuée; juste trouvé
16-08-2022 23:18 >>>> Requête liste des groupes du juste; Liste des assemblées obtenues.
16-08-2022 23:18 >>>> Requête liste des groupes! Liste des groupes obtnus
16-08-2022 23:18 >>>> Requête liste des assemblées! Liste des assemblées obtenues
16-08-2022 23:18 >>>> Service trouvé
16-08-2022 23:18 >>>> Requête liste des justes du groupe; Liste des justes obtnus
16-08-2022 23:18 >>>> Recherche profonde juste par identifiant effectuée; juste trouvé
16-08-2022 23:18 >>>> Requête liste des groupes du juste; Liste des assemblées obtenues.
16-08-2022 23:18 >>>> Requête liste des groupes! Liste des groupes obtnus
16-08-2022 23:18 >>>> Requête liste des assemblées! Liste des assemblées obtenues
16-08-2022 23:18 >>>> Service trouvé
16-08-2022 23:18 >>>> Requête liste des justes du groupe; Liste des justes obtnus
16-08-2022 23:18 >>>> Recherche profonde juste par identifiant effectuée; juste trouvé
16-08-2022 23:18 >>>> Requête liste des groupes du juste; Liste des assemblées obtenues.
16-08-2022 23:18 >>>> Requête liste des groupes! Liste des groupes obtnus
16-08-2022 23:18 >>>> Requête liste des assemblées! Liste des assemblées obtenues
16-08-2022 23:18 >>>> Service trouvé
16-08-2022 23:18 >>>> Requête liste des justes du groupe; Liste des justes obtnus
16-08-2022 23:21 >>>> Service trouvé
16-08-2022 23:21 >>>> Requête liste des justes du groupe; Liste des justes obtnus
16-08-2022 23:21 >>>> Recherche profonde juste par identifiant effectuée; juste trouvé
16-08-2022 23:21 >>>> Requête liste des groupes du juste; Liste des assemblées obtenues.
16-08-2022 23:21 >>>> Requête liste des assemblées! Liste des assemblées obtenues
16-08-2022 23:21 >>>> Requête liste des groupes! Liste des groupes obtnus
16-08-2022 23:22 >>>> Service trouvé
16-08-2022 23:22 >>>> Requête liste des justes du groupe; Liste des justes obtnus
16-08-2022 23:22 >>>> Recherche profonde juste par identifiant effectuée; juste trouvé
16-08-2022 23:22 >>>> Requête liste des groupes! Liste des groupes obtnus
16-08-2022 23:22 >>>> Requête liste des groupes du juste; Liste des assemblées obtenues.
16-08-2022 23:22 >>>> Requête liste des assemblées! Liste des assemblées obtenues
16-08-2022 23:22 >>>> Service trouvé
16-08-2022 23:22 >>>> Requête liste des justes du groupe; Liste des justes obtnus
16-08-2022 23:22 >>>> Requête liste des groupes du juste; Liste des assemblées obtenues.
16-08-2022 23:22 >>>> Recherche profonde juste par identifiant effectuée; juste trouvé
16-08-2022 23:22 >>>> Requête liste des groupes! Liste des groupes obtnus
16-08-2022 23:22 >>>> Requête liste des assemblées! Liste des assemblées obtenues
16-08-2022 23:24 >>>> Requête liste des groupes du juste; Liste des assemblées obtenues.
16-08-2022 23:24 >>>> Recherche profonde juste par identifiant effectuée; juste trouvé
16-08-2022 23:24 >>>> Requête liste des groupes! Liste des groupes obtnus
16-08-2022 23:24 >>>> Requête liste des assemblées! Liste des assemblées obtenues
16-08-2022 23:25 >>>> Recherche profonde juste par identifiant effectuée; juste trouvé
16-08-2022 23:25 >>>> Requête liste des groupes du juste; Liste des assemblées obtenues.
16-08-2022 23:25 >>>> Requête liste des assemblées! Liste des assemblées obtenues
16-08-2022 23:25 >>>> Requête liste des groupes! Liste des groupes obtnus
16-08-2022 23:25 >>>> Service trouvé
16-08-2022 23:25 >>>> Requête liste des justes du groupe; Liste des justes obtnus
16-08-2022 23:25 >>>> Recherche profonde juste par identifiant effectuée; juste trouvé
16-08-2022 23:25 >>>> Requête liste des groupes du juste; Liste des assemblées obtenues.
16-08-2022 23:25 >>>> Requête liste des groupes! Liste des groupes obtnus
16-08-2022 23:25 >>>> Requête liste des assemblées! Liste des assemblées obtenues
16-08-2022 23:26 >>>> Requête liste des groupes du juste; Liste des assemblées obtenues.
16-08-2022 23:26 >>>> Requête liste des groupes! Liste des groupes obtnus
16-08-2022 23:26 >>>> Recherche profonde juste par identifiant effectuée; juste trouvé
16-08-2022 23:26 >>>> Requête liste des assemblées! Liste des assemblées obtenues
16-08-2022 23:26 >>>> Liste des services!
16-08-2022 23:26 >>>> Liste des groupes du service!
16-08-2022 23:28 >>>> Liste des groupes du service!
16-08-2022 23:28 >>>> Liste des groupes du service!
16-08-2022 23:28 >>>> Service trouvé
16-08-2022 23:28 >>>> Requête liste des justes du groupe; Liste des justes obtnus
16-08-2022 23:28 >>>> Requête liste des justes; Liste des justes obtnus
16-08-2022 23:28 >>>> Liste des services!
16-08-2022 23:28 >>>> Requête liste des groupes! Liste des groupes obtnus
16-08-2022 23:28 >>>> Requête liste des assemblées! Liste des assemblées obtenues
