18-08-2022 07:43 >>>> Requête liste des groupes! Liste des groupes obtnus
18-08-2022 08:03 >>>> Requête liste des justes; Liste des justes obtnus
18-08-2022 08:03 >>>> Recherche profonde juste par identifiant effectuée; juste trouvé
18-08-2022 08:03 >>>> Requête liste des groupes du juste; Liste des assemblées obtenues.
18-08-2022 08:03 >>>> Requête liste des groupes! Liste des groupes obtnus
18-08-2022 08:03 >>>> Requête liste des assemblées! Liste des assemblées obtenues
18-08-2022 08:03 >>>> Requête liste des groupes du juste; Liste des assemblées obtenues.
18-08-2022 08:03 >>>> Requête liste des groupes! Liste des groupes obtnus
18-08-2022 08:03 >>>> Requête liste des assemblées! Liste des assemblées obtenues
18-08-2022 08:03 >>>> Recherche profonde juste par identifiant effectuée; juste trouvé
18-08-2022 08:03 >>>> Requête liste des groupes! Liste des groupes obtnus
18-08-2022 08:03 >>>> Recherche profonde juste par identifiant effectuée; juste trouvé
18-08-2022 08:03 >>>> Requête liste des assemblées! Liste des assemblées obtenues
18-08-2022 08:03 >>>> Requête liste des groupes du juste; Liste des assemblées obtenues.
18-08-2022 08:03 >>>> Requête liste des groupes du juste; Liste des assemblées obtenues.
18-08-2022 08:03 >>>> Requête liste des groupes! Liste des groupes obtnus
18-08-2022 08:03 >>>> Recherche profonde juste par identifiant effectuée; juste trouvé
18-08-2022 08:03 >>>> Requête liste des assemblées! Liste des assemblées obtenues
18-08-2022 08:04 >>>> Requête liste des groupes! Liste des groupes obtnus
18-08-2022 08:04 >>>> Requête liste des assemblées! Liste des assemblées obtenues
18-08-2022 08:04 >>>> Recherche profonde juste par identifiant effectuée; juste trouvé
18-08-2022 08:04 >>>> Requête liste des groupes du juste; Liste des assemblées obtenues.
18-08-2022 08:05 >>>> Recherche profonde juste par identifiant effectuée; juste trouvé
18-08-2022 08:05 >>>> Requête liste des assemblées! Liste des assemblées obtenues
18-08-2022 08:05 >>>> Requête liste des groupes! Liste des groupes obtnus
18-08-2022 08:05 >>>> Requête liste des groupes du juste; Liste des assemblées obtenues.
18-08-2022 08:05 >>>> Recherche profonde juste par identifiant effectuée; juste trouvé
18-08-2022 08:05 >>>> Requête liste des assemblées! Liste des assemblées obtenues
18-08-2022 08:05 >>>> Requête liste des groupes du juste; Liste des assemblées obtenues.
18-08-2022 08:05 >>>> Requête liste des groupes! Liste des groupes obtnus
18-08-2022 08:10 >>>> Recherche profonde juste par identifiant effectuée; juste trouvé
18-08-2022 08:10 >>>> Requête liste des groupes du juste; Liste des assemblées obtenues.
18-08-2022 08:10 >>>> Requête liste des assemblées! Liste des assemblées obtenues
18-08-2022 08:10 >>>> Requête liste des groupes! Liste des groupes obtnus
18-08-2022 08:10 >>>> Recherche profonde juste par identifiant effectuée; juste trouvé
18-08-2022 08:10 >>>> Requête liste des groupes du juste; Liste des assemblées obtenues.
18-08-2022 08:10 >>>> Requête liste des assemblées! Liste des assemblées obtenues
18-08-2022 08:10 >>>> Requête liste des groupes! Liste des groupes obtnus
18-08-2022 08:41 >>>> Requête liste des assemblées! Liste des assemblées obtenues
18-08-2022 08:41 >>>> Requête liste des groupes! Liste des groupes obtnus
18-08-2022 08:41 >>>> Recherche profonde juste par identifiant effectuée; juste trouvé
18-08-2022 08:41 >>>> Requête liste des groupes du juste; Liste des assemblées obtenues.
18-08-2022 08:41 >>>> Requête liste des groupes! Liste des groupes obtnus
18-08-2022 08:41 >>>> Requête liste des groupes du juste; Liste des assemblées obtenues.
18-08-2022 08:41 >>>> Recherche profonde juste par identifiant effectuée; juste trouvé
18-08-2022 08:41 >>>> Requête liste des assemblées! Liste des assemblées obtenues
18-08-2022 08:44 >>>> Recherche profonde juste par identifiant effectuée; juste trouvé
18-08-2022 08:44 >>>> Requête liste des groupes du juste; Liste des assemblées obtenues.
18-08-2022 08:44 >>>> Requête liste des assemblées! Liste des assemblées obtenues
18-08-2022 08:44 >>>> Requête liste des groupes! Liste des groupes obtnus
18-08-2022 08:46 >>>> Recherche profonde juste par identifiant effectuée; juste trouvé
18-08-2022 08:46 >>>> Requête liste des groupes du juste; Liste des assemblées obtenues.
18-08-2022 08:46 >>>> Requête liste des groupes! Liste des groupes obtnus
18-08-2022 08:46 >>>> Requête liste des assemblées! Liste des assemblées obtenues
18-08-2022 08:47 >>>> Recherche profonde juste par identifiant effectuée; juste trouvé
18-08-2022 08:47 >>>> Requête liste des assemblées! Liste des assemblées obtenues
18-08-2022 08:47 >>>> Requête liste des groupes! Liste des groupes obtnus
18-08-2022 08:47 >>>> Requête liste des groupes du juste; Liste des assemblées obtenues.
18-08-2022 08:47 >>>> Requête liste des assemblées! Liste des assemblées obtenues
18-08-2022 08:47 >>>> Requête liste des groupes! Liste des groupes obtnus
18-08-2022 08:47 >>>> Recherche profonde juste par identifiant effectuée; juste trouvé
18-08-2022 08:47 >>>> Requête liste des groupes du juste; Liste des assemblées obtenues.
18-08-2022 08:48 >>>> Requête liste des groupes! Liste des groupes obtnus
18-08-2022 08:48 >>>> Requête liste des assemblées! Liste des assemblées obtenues
18-08-2022 08:48 >>>> Requête liste des groupes du juste; Liste des assemblées obtenues.
18-08-2022 08:48 >>>> Recherche profonde juste par identifiant effectuée; juste trouvé
18-08-2022 08:48 >>>> Requête liste des groupes! Liste des groupes obtnus
18-08-2022 08:48 >>>> Recherche profonde juste par identifiant effectuée; juste trouvé
18-08-2022 08:48 >>>> Requête liste des assemblées! Liste des assemblées obtenues
18-08-2022 08:48 >>>> Requête liste des groupes du juste; Liste des assemblées obtenues.
18-08-2022 08:53 >>>> Recherche profonde juste par identifiant effectuée; juste trouvé
18-08-2022 08:53 >>>> Requête liste des groupes du juste; Liste des assemblées obtenues.
18-08-2022 08:53 >>>> Requête liste des assemblées! Liste des assemblées obtenues
18-08-2022 08:53 >>>> Requête liste des groupes! Liste des groupes obtnus
18-08-2022 08:53 >>>> Requête liste des groupes du juste; Liste des assemblées obtenues.
18-08-2022 08:53 >>>> Recherche profonde juste par identifiant effectuée; juste trouvé
18-08-2022 08:53 >>>> Requête liste des assemblées! Liste des assemblées obtenues
18-08-2022 08:53 >>>> Requête liste des groupes! Liste des groupes obtnus
18-08-2022 08:54 >>>> Recherche profonde juste par identifiant effectuée; juste trouvé
18-08-2022 08:54 >>>> Requête liste des groupes du juste; Liste des assemblées obtenues.
18-08-2022 08:54 >>>> Requête liste des groupes! Liste des groupes obtnus
18-08-2022 08:54 >>>> Requête liste des assemblées! Liste des assemblées obtenues
