20-08-2022 08:06 >>>> Liste des services!
20-08-2022 08:06 >>>> Requête liste des groupes! Liste des groupes obtnus
20-08-2022 08:06 >>>> Liste des services!
20-08-2022 08:06 >>>> Requête liste des assemblées! Liste des assemblées obtenues
20-08-2022 08:06 >>>> Liste des services!
20-08-2022 08:10 >>>> Requête liste des justes; Liste des justes obtnus
20-08-2022 08:10 >>>> Requête liste des assemblées! Liste des assemblées obtenues
20-08-2022 08:19 >>>> Requête liste des assemblées! Liste des assemblées obtenues
20-08-2022 08:19 >>>> Requête liste des justes de l'assemblée! Liste des justes obtnus
20-08-2022 08:22 >>>> Requête liste des justes de l'assemblée! Liste des justes obtnus
20-08-2022 08:22 >>>> Requête liste des justes de l'assemblée! Liste des justes obtnus
20-08-2022 08:22 >>>> Recherche profonde juste par identifiant effectuée; juste trouvé
20-08-2022 08:22 >>>> Requête liste des assemblées! Liste des assemblées obtenues
20-08-2022 08:22 >>>> Requête liste des groupes! Liste des groupes obtnus
20-08-2022 08:22 >>>> Requête liste des groupes du juste; Liste des assemblées obtenues.
20-08-2022 08:25 >>>> Requête liste des justes de l'assemblée! Liste des justes obtnus
20-08-2022 08:26 >>>> Requête liste des justes de l'assemblée! Liste des justes obtnus
20-08-2022 08:27 >>>> Requête liste des justes de l'assemblée! Liste des justes obtnus
20-08-2022 08:34 >>>> Liste des services!
20-08-2022 08:34 >>>> Liste des groupes du service!
20-08-2022 08:35 >>>> Requête liste des assemblées! Liste des assemblées obtenues
20-08-2022 08:35 >>>> Requête liste des justes de l'assemblée! Liste des justes obtnus
20-08-2022 08:36 >>>> Requête liste des assemblées! Liste des assemblées obtenues
20-08-2022 08:36 >>>> Requête liste des justes de l'assemblée! Liste des justes obtnus
20-08-2022 08:36 >>>> Requête liste des assemblées! Liste des assemblées obtenues
20-08-2022 08:36 >>>> Requête liste des justes de l'assemblée! Liste des justes obtnus
20-08-2022 08:37 >>>> Liste des services!
20-08-2022 08:39 >>>> Liste des services!
20-08-2022 08:40 >>>> Liste des services!
20-08-2022 08:41 >>>> Liste des services!
20-08-2022 08:42 >>>> Requête liste des assemblées! Liste des assemblées obtenues
20-08-2022 08:43 >>>> Requête liste des justes de l'assemblée! Liste des justes obtnus
20-08-2022 08:43 >>>> Requête liste des groupes! Liste des groupes obtnus
20-08-2022 08:43 >>>> Service trouvé
20-08-2022 08:43 >>>> Requête liste des justes du groupe; Liste des justes obtnus
20-08-2022 08:44 >>>> Service trouvé
20-08-2022 08:44 >>>> Requête liste des justes du groupe; Liste des justes obtnus
20-08-2022 08:45 >>>> Requête liste des justes du groupe; Liste des justes obtnus
20-08-2022 08:45 >>>> Service trouvé
20-08-2022 08:45 >>>> Service trouvé
20-08-2022 08:45 >>>> Requête liste des justes du groupe; Liste des justes obtnus
20-08-2022 08:46 >>>> Service trouvé
20-08-2022 08:46 >>>> Requête liste des justes du groupe; Liste des justes obtnus
20-08-2022 08:49 >>>> Service trouvé
20-08-2022 08:49 >>>> Requête liste des justes du groupe; Liste des justes obtnus
20-08-2022 08:49 >>>> Liste des services!
20-08-2022 08:51 >>>> Liste des services!
20-08-2022 08:51 >>>> Liste des services!
20-08-2022 09:23 >>>> Requête liste des justes; Liste des justes obtnus
20-08-2022 09:24 >>>> Recherche profonde juste par identifiant effectuée; juste trouvé
20-08-2022 09:24 >>>> Requête liste des groupes du juste; Liste des assemblées obtenues.
20-08-2022 09:24 >>>> Requête liste des assemblées! Liste des assemblées obtenues
20-08-2022 09:24 >>>> Requête liste des groupes! Liste des groupes obtnus
20-08-2022 09:25 >>>> Requête liste des assemblées! Liste des assemblées obtenues
20-08-2022 09:25 >>>> Requête liste des justes de l'assemblée! Liste des justes obtnus
20-08-2022 09:37 >>>> Requête liste des justes de l'assemblée! Liste des justes obtnus
20-08-2022 09:37 >>>> Requête liste des justes de l'assemblée! Liste des justes obtnus
20-08-2022 09:37 >>>> Requête liste des justes; Liste des justes obtnus
20-08-2022 09:37 >>>> Recherche profonde juste par identifiant effectuée; juste trouvé
20-08-2022 09:37 >>>> Requête liste des assemblées! Liste des assemblées obtenues
20-08-2022 09:37 >>>> Requête liste des groupes du juste; Liste des assemblées obtenues.
20-08-2022 09:37 >>>> Requête liste des groupes! Liste des groupes obtnus
20-08-2022 09:38 >>>> Recherche profonde juste par identifiant effectuée; juste trouvé
20-08-2022 09:38 >>>> Requête liste des groupes! Liste des groupes obtnus
20-08-2022 09:38 >>>> Requête liste des assemblées! Liste des assemblées obtenues
20-08-2022 09:38 >>>> Requête liste des groupes du juste; Liste des assemblées obtenues.
20-08-2022 10:01 >>>> Requête liste des assemblées! Liste des assemblées obtenues
20-08-2022 10:01 >>>> Requête liste des groupes! Liste des groupes obtnus
20-08-2022 10:01 >>>> Recherche profonde juste par identifiant effectuée; juste trouvé
20-08-2022 10:01 >>>> Requête liste des groupes du juste; Liste des assemblées obtenues.
20-08-2022 10:01 >>>> Recherche profonde juste par identifiant effectuée; juste trouvé
20-08-2022 10:01 >>>> Requête liste des groupes du juste; Liste des assemblées obtenues.
20-08-2022 10:01 >>>> Requête liste des groupes! Liste des groupes obtnus
20-08-2022 10:01 >>>> Requête liste des assemblées! Liste des assemblées obtenues
20-08-2022 10:02 >>>> Requête liste des assemblées! Liste des assemblées obtenues
20-08-2022 10:02 >>>> Recherche profonde juste par identifiant effectuée; juste trouvé
20-08-2022 10:02 >>>> Requête liste des groupes! Liste des groupes obtnus
20-08-2022 10:02 >>>> Requête liste des groupes du juste; Liste des assemblées obtenues.
20-08-2022 10:03 >>>> Requête liste des assemblées! Liste des assemblées obtenues
20-08-2022 10:03 >>>> Recherche profonde juste par identifiant effectuée; juste trouvé
20-08-2022 10:03 >>>> Requête liste des groupes! Liste des groupes obtnus
20-08-2022 10:03 >>>> Requête liste des groupes du juste; Liste des assemblées obtenues.
20-08-2022 10:04 >>>> Recherche profonde juste par identifiant effectuée; juste trouvé
20-08-2022 10:04 >>>> Requête liste des groupes du juste; Liste des assemblées obtenues.
20-08-2022 10:04 >>>> Requête liste des assemblées! Liste des assemblées obtenues
20-08-2022 10:04 >>>> Requête liste des groupes! Liste des groupes obtnus
20-08-2022 10:05 >>>> Recherche profonde juste par identifiant effectuée; juste trouvé
20-08-2022 10:05 >>>> Requête liste des groupes du juste; Liste des assemblées obtenues.
20-08-2022 10:05 >>>> Requête liste des assemblées! Liste des assemblées obtenues
20-08-2022 10:05 >>>> Requête liste des groupes! Liste des groupes obtnus
20-08-2022 10:05 >>>> Requête liste des assemblées! Liste des assemblées obtenues
20-08-2022 10:05 >>>> Requête liste des groupes! Liste des groupes obtnus
20-08-2022 10:05 >>>> Recherche profonde juste par identifiant effectuée; juste trouvé
20-08-2022 10:05 >>>> Requête liste des groupes du juste; Liste des assemblées obtenues.
20-08-2022 10:05 >>>> Requête liste des assemblées! Liste des assemblées obtenues
20-08-2022 10:05 >>>> Requête liste des groupes du juste; Liste des assemblées obtenues.
20-08-2022 10:05 >>>> Recherche profonde juste par identifiant effectuée; juste trouvé
20-08-2022 10:05 >>>> Requête liste des groupes! Liste des groupes obtnus
20-08-2022 10:05 >>>> Requête liste des groupes! Liste des groupes obtnus
20-08-2022 10:05 >>>> Recherche profonde juste par identifiant effectuée; juste trouvé
20-08-2022 10:05 >>>> Requête liste des groupes du juste; Liste des assemblées obtenues.
20-08-2022 10:05 >>>> Requête liste des assemblées! Liste des assemblées obtenues
20-08-2022 10:06 >>>> Recherche profonde juste par identifiant effectuée; juste trouvé
20-08-2022 10:06 >>>> Requête liste des groupes du juste; Liste des assemblées obtenues.
20-08-2022 10:06 >>>> Requête liste des groupes! Liste des groupes obtnus
20-08-2022 10:06 >>>> Requête liste des assemblées! Liste des assemblées obtenues
20-08-2022 10:07 >>>> Requête liste des groupes! Liste des groupes obtnus
20-08-2022 10:07 >>>> Requête liste des groupes du juste; Liste des assemblées obtenues.
20-08-2022 10:07 >>>> Recherche profonde juste par identifiant effectuée; juste trouvé
20-08-2022 10:07 >>>> Requête liste des assemblées! Liste des assemblées obtenues
20-08-2022 10:07 >>>> Recherche profonde juste par identifiant effectuée; juste trouvé
20-08-2022 10:07 >>>> Requête liste des groupes du juste; Liste des assemblées obtenues.
20-08-2022 10:07 >>>> Requête liste des groupes! Liste des groupes obtnus
20-08-2022 10:07 >>>> Requête liste des assemblées! Liste des assemblées obtenues
20-08-2022 10:14 >>>> Liste des services!
20-08-2022 10:14 >>>> Liste des groupes du service!
20-08-2022 10:17 >>>> Liste des groupes du service!
20-08-2022 10:19 >>>> Liste des groupes du service!
20-08-2022 10:19 >>>> Liste des groupes du service!
20-08-2022 10:20 >>>> Liste des groupes du service!
20-08-2022 10:20 >>>> Service trouvé
20-08-2022 10:20 >>>> Requête liste des justes du groupe; Aucun justes affiliés au groupe
20-08-2022 10:21 >>>> Liste des services!
20-08-2022 10:21 >>>> Liste des groupes du service!
20-08-2022 10:23 >>>> Liste des services!
20-08-2022 10:24 >>>> Requête liste des assemblées! Liste des assemblées obtenues
20-08-2022 10:24 >>>> Liste des services!
20-08-2022 10:24 >>>> Requête liste des groupes! Liste des groupes obtnus
20-08-2022 10:24 >>>> Requête liste des justes; Liste des justes obtnus
20-08-2022 10:30 >>>> Requête liste des assemblées! Liste des assemblées obtenues
20-08-2022 10:30 >>>> Recherche profonde juste par identifiant effectuée; juste trouvé
20-08-2022 10:30 >>>> Requête liste des groupes! Liste des groupes obtnus
20-08-2022 10:30 >>>> Requête liste des groupes du juste; Liste des assemblées obtenues.
20-08-2022 10:30 >>>> Impossible d'ajouter l'appartenance! Juste inexistant.
20-08-2022 10:30 >>>> Recherche profonde juste par identifiant effectuée; juste trouvé
20-08-2022 10:30 >>>> Requête liste des groupes du juste; Liste des assemblées obtenues.
20-08-2022 10:30 >>>> Requête liste des groupes! Liste des groupes obtnus
20-08-2022 10:30 >>>> Requête liste des assemblées! Liste des assemblées obtenues
20-08-2022 10:30 >>>> Recherche profonde juste par identifiant effectuée; juste trouvé
20-08-2022 10:30 >>>> Requête liste des assemblées! Liste des assemblées obtenues
20-08-2022 10:30 >>>> Requête liste des groupes du juste; Liste des assemblées obtenues.
20-08-2022 10:30 >>>> Requête liste des groupes! Liste des groupes obtnus
20-08-2022 10:31 >>>> Recherche profonde juste par identifiant effectuée; juste trouvé
20-08-2022 10:31 >>>> Requête liste des assemblées! Liste des assemblées obtenues
20-08-2022 10:31 >>>> Requête liste des groupes! Liste des groupes obtnus
20-08-2022 10:31 >>>> Requête liste des groupes du juste; Liste des assemblées obtenues.
20-08-2022 10:31 >>>> Requête liste des groupes du juste; Liste des assemblées obtenues.
20-08-2022 10:31 >>>> Recherche profonde juste par identifiant effectuée; juste trouvé
20-08-2022 10:31 >>>> Requête liste des groupes! Liste des groupes obtnus
20-08-2022 10:31 >>>> Requête liste des assemblées! Liste des assemblées obtenues
20-08-2022 10:35 >>>> Requête liste des groupes! Liste des groupes obtnus
20-08-2022 10:35 >>>> Requête liste des groupes du juste; Liste des assemblées obtenues.
20-08-2022 10:35 >>>> Requête liste des assemblées! Liste des assemblées obtenues
20-08-2022 10:35 >>>> Recherche profonde juste par identifiant effectuée; juste trouvé
20-08-2022 10:44 >>>> Requête liste des groupes du juste; Liste des assemblées obtenues.
20-08-2022 10:44 >>>> Recherche profonde juste par identifiant effectuée; juste trouvé
20-08-2022 10:44 >>>> Requête liste des assemblées! Liste des assemblées obtenues
20-08-2022 10:44 >>>> Requête liste des groupes! Liste des groupes obtnus
20-08-2022 10:45 >>>> Recherche profonde juste par identifiant effectuée; juste trouvé
20-08-2022 10:45 >>>> Requête liste des groupes du juste; Liste des assemblées obtenues.
20-08-2022 10:45 >>>> Requête liste des groupes! Liste des groupes obtnus
20-08-2022 10:45 >>>> Requête liste des assemblées! Liste des assemblées obtenues
20-08-2022 10:46 >>>> Recherche profonde juste par identifiant effectuée; juste trouvé
20-08-2022 10:46 >>>> Requête liste des groupes du juste; Liste des assemblées obtenues.
20-08-2022 10:46 >>>> Requête liste des groupes! Liste des groupes obtnus
20-08-2022 10:46 >>>> Requête liste des assemblées! Liste des assemblées obtenues
20-08-2022 10:47 >>>> Recherche profonde juste par identifiant effectuée; juste trouvé
20-08-2022 10:47 >>>> Requête liste des assemblées! Liste des assemblées obtenues
20-08-2022 10:47 >>>> Requête liste des groupes! Liste des groupes obtnus
20-08-2022 10:47 >>>> Requête liste des groupes du juste; Liste des assemblées obtenues.
20-08-2022 10:48 >>>> Requête liste des groupes! Liste des groupes obtnus
20-08-2022 10:48 >>>> Recherche profonde juste par identifiant effectuée; juste trouvé
20-08-2022 10:48 >>>> Requête liste des assemblées! Liste des assemblées obtenues
20-08-2022 10:48 >>>> Requête liste des groupes du juste; Liste des assemblées obtenues.
20-08-2022 16:20 >>>> Token invalid
20-08-2022 16:21 >>>> Connexion par login éffectuée. user : eyJ1c2VyaWQiOiIxNCIsInVzZXJsZXZlbCI6IjIiLCJleHAiOjE2NjEwMTQyNzl9
20-08-2022 16:21 >>>> Requête liste des justes; Liste des justes obtnus user : eyJ1c2VyaWQiOiIxNCIsInVzZXJsZXZlbCI6IjIiLCJleHAiOjE2NjEwMTQyNzl9
20-08-2022 16:30 >>>> Requête liste des assemblées! Liste des assemblées obtenues user : eyJ1c2VyaWQiOiIxNCIsInVzZXJsZXZlbCI6IjIiLCJleHAiOjE2NjEwMTQyNzl9
20-08-2022 16:31 >>>> Requête liste des assemblées! Liste des assemblées obtenues user : eyJ1c2VyaWQiOiIxNCIsInVzZXJsZXZlbCI6IjIiLCJleHAiOjE2NjEwMTQyNzl9
20-08-2022 16:31 >>>> Requête liste des assemblées! Liste des assemblées obtenues user : eyJ1c2VyaWQiOiIxNCIsInVzZXJsZXZlbCI6IjIiLCJleHAiOjE2NjEwMTQyNzl9
20-08-2022 16:35 >>>> Echec de l'enregistrement du juste. L'assemblee n'existe pas.
20-08-2022 16:36 >>>> Requête liste des assemblées! Liste des assemblées obtenues user : eyJ1c2VyaWQiOiIxNCIsInVzZXJsZXZlbCI6IjIiLCJleHAiOjE2NjEwMTQyNzl9
20-08-2022 16:39 >>>> Echec de l'enregistrement du juste. L'assemblee n'existe pas.
20-08-2022 16:45 >>>> Requête liste des assemblées! Liste des assemblées obtenues user : eyJ1c2VyaWQiOiIxNCIsInVzZXJsZXZlbCI6IjIiLCJleHAiOjE2NjEwMTQyNzl9
20-08-2022 16:48 >>>> Echec de l'enregistrement du juste. L'assemblee n'existe pas.
20-08-2022 16:48 >>>> Requête liste des assemblées! Liste des assemblées obtenues user : eyJ1c2VyaWQiOiIxNCIsInVzZXJsZXZlbCI6IjIiLCJleHAiOjE2NjEwMTQyNzl9
20-08-2022 16:50 >>>> Echec de l'enregistrement du juste. L'assemblee n'existe pas.
20-08-2022 16:53 >>>> Token expiré
20-08-2022 16:53 >>>> Token expiré
20-08-2022 16:53 >>>> Token expiré
20-08-2022 16:53 >>>> Token expiré
20-08-2022 16:53 >>>> Token expiré
20-08-2022 16:53 >>>> Token expiré
20-08-2022 16:55 >>>> Connexion par login éffectuée. user : eyJ1c2VyaWQiOiIxNCIsInVzZXJsZXZlbCI6IjIiLCJleHAiOjE2NjEwMTYzMjZ9
20-08-2022 16:55 >>>> Requête liste des justes; Liste des justes obtnus user : eyJ1c2VyaWQiOiIxNCIsInVzZXJsZXZlbCI6IjIiLCJleHAiOjE2NjEwMTYzMjZ9
20-08-2022 16:55 >>>> Requête liste des assemblées! Liste des assemblées obtenues user : eyJ1c2VyaWQiOiIxNCIsInVzZXJsZXZlbCI6IjIiLCJleHAiOjE2NjEwMTYzMjZ9
20-08-2022 16:56 >>>> Echec de l'enregistrement du juste. L'assemblee n'existe pas.
20-08-2022 16:56 >>>> Requête liste des assemblées! Liste des assemblées obtenues user : eyJ1c2VyaWQiOiIxNCIsInVzZXJsZXZlbCI6IjIiLCJleHAiOjE2NjEwMTYzMjZ9
20-08-2022 16:57 >>>> Requête liste des assemblées! Liste des assemblées obtenues user : eyJ1c2VyaWQiOiIxNCIsInVzZXJsZXZlbCI6IjIiLCJleHAiOjE2NjEwMTYzMjZ9
20-08-2022 16:58 >>>> Requête liste des assemblées! Liste des assemblées obtenues user : eyJ1c2VyaWQiOiIxNCIsInVzZXJsZXZlbCI6IjIiLCJleHAiOjE2NjEwMTYzMjZ9
20-08-2022 16:59 >>>> Requête liste des assemblées! Liste des assemblées obtenues user : eyJ1c2VyaWQiOiIxNCIsInVzZXJsZXZlbCI6IjIiLCJleHAiOjE2NjEwMTYzMjZ9
20-08-2022 16:59 >>>> Requête liste des assemblées! Liste des assemblées obtenues user : eyJ1c2VyaWQiOiIxNCIsInVzZXJsZXZlbCI6IjIiLCJleHAiOjE2NjEwMTYzMjZ9
20-08-2022 17:00 >>>> Requête liste des assemblées! Liste des assemblées obtenues user : eyJ1c2VyaWQiOiIxNCIsInVzZXJsZXZlbCI6IjIiLCJleHAiOjE2NjEwMTYzMjZ9
20-08-2022 17:01 >>>> Requête liste des assemblées! Liste des assemblées obtenues user : eyJ1c2VyaWQiOiIxNCIsInVzZXJsZXZlbCI6IjIiLCJleHAiOjE2NjEwMTYzMjZ9
20-08-2022 17:02 >>>> Requête liste des assemblées! Liste des assemblées obtenues user : eyJ1c2VyaWQiOiIxNCIsInVzZXJsZXZlbCI6IjIiLCJleHAiOjE2NjEwMTYzMjZ9
20-08-2022 17:02 >>>> Echec de l'enregistrement du juste. L'assemblee n'existe pas.
20-08-2022 17:02 >>>> Requête liste des assemblées! Liste des assemblées obtenues user : eyJ1c2VyaWQiOiIxNCIsInVzZXJsZXZlbCI6IjIiLCJleHAiOjE2NjEwMTYzMjZ9
20-08-2022 17:03 >>>> Echec de l'enregistrement du juste. L'assemblee n'existe pas.
20-08-2022 17:03 >>>> Echec de l'enregistrement du juste. L'assemblee n'existe pas.
