21-08-2022 06:52 >>>> Token expiré
21-08-2022 06:53 >>>> Connexion par login éffectuée. user : eyJ1c2VyaWQiOiIxNCIsInVzZXJsZXZlbCI6IjIiLCJleHAiOjE2NjEwNjY1OTF9
21-08-2022 06:53 >>>> Requête liste des justes; Liste des justes obtnus user : eyJ1c2VyaWQiOiIxNCIsInVzZXJsZXZlbCI6IjIiLCJleHAiOjE2NjEwNjY1OTF9
21-08-2022 06:53 >>>> Requête liste des assemblées! Liste des assemblées obtenues user : eyJ1c2VyaWQiOiIxNCIsInVzZXJsZXZlbCI6IjIiLCJleHAiOjE2NjEwNjY1OTF9
21-08-2022 06:53 >>>> Juste enregistré user : eyJ1c2VyaWQiOiIxNCIsInVzZXJsZXZlbCI6IjIiLCJleHAiOjE2NjEwNjY1OTF9
21-08-2022 06:54 >>>> Requête liste des assemblées! Liste des assemblées obtenues user : eyJ1c2VyaWQiOiIxNCIsInVzZXJsZXZlbCI6IjIiLCJleHAiOjE2NjEwNjY1OTF9
21-08-2022 06:57 >>>> Assemblée enregistré. user : eyJ1c2VyaWQiOiIxNCIsInVzZXJsZXZlbCI6IjIiLCJleHAiOjE2NjEwNjY1OTF9
21-08-2022 06:58 >>>> Requête liste des assemblées! Liste des assemblées obtenues user : eyJ1c2VyaWQiOiIxNCIsInVzZXJsZXZlbCI6IjIiLCJleHAiOjE2NjEwNjY1OTF9
21-08-2022 06:58 >>>> Liste des services! user : eyJ1c2VyaWQiOiIxNCIsInVzZXJsZXZlbCI6IjIiLCJleHAiOjE2NjEwNjY1OTF9
21-08-2022 06:58 >>>> Nouveau service enregistré! user : eyJ1c2VyaWQiOiIxNCIsInVzZXJsZXZlbCI6IjIiLCJleHAiOjE2NjEwNjY1OTF9
21-08-2022 06:58 >>>> Requête liste des groupes! Liste des groupes obtnus user : eyJ1c2VyaWQiOiIxNCIsInVzZXJsZXZlbCI6IjIiLCJleHAiOjE2NjEwNjY1OTF9
21-08-2022 07:00 >>>> Liste des services! user : eyJ1c2VyaWQiOiIxNCIsInVzZXJsZXZlbCI6IjIiLCJleHAiOjE2NjEwNjY1OTF9
21-08-2022 07:00 >>>> Echec d'enregistrement de groupe! Service inexistant.
21-08-2022 07:01 >>>> groupe enregistré. user : eyJ1c2VyaWQiOiIxNCIsInVzZXJsZXZlbCI6IjIiLCJleHAiOjE2NjEwNjY1OTF9
21-08-2022 07:02 >>>> Requête liste des groupes! Liste des groupes obtnus user : eyJ1c2VyaWQiOiIxNCIsInVzZXJsZXZlbCI6IjIiLCJleHAiOjE2NjEwNjY1OTF9
21-08-2022 07:02 >>>> Requête liste des justes; Liste des justes obtnus user : eyJ1c2VyaWQiOiIxNCIsInVzZXJsZXZlbCI6IjIiLCJleHAiOjE2NjEwNjY1OTF9
21-08-2022 07:02 >>>> Recherche profonde juste par identifiant effectuée; juste trouvé user : eyJ1c2VyaWQiOiIxNCIsInVzZXJsZXZlbCI6IjIiLCJleHAiOjE2NjEwNjY1OTF9
21-08-2022 07:02 >>>> Requête liste des groupes! Liste des groupes obtnus user : eyJ1c2VyaWQiOiIxNCIsInVzZXJsZXZlbCI6IjIiLCJleHAiOjE2NjEwNjY1OTF9
21-08-2022 07:02 >>>> Requête liste des groupes du juste; Aucun groupe affiliée user : eyJ1c2VyaWQiOiIxNCIsInVzZXJsZXZlbCI6IjIiLCJleHAiOjE2NjEwNjY1OTF9
21-08-2022 07:02 >>>> Requête liste des assemblées! Liste des assemblées obtenues user : eyJ1c2VyaWQiOiIxNCIsInVzZXJsZXZlbCI6IjIiLCJleHAiOjE2NjEwNjY1OTF9
21-08-2022 07:10 >>>> Recherche profonde juste par identifiant effectuée; juste trouvé user : eyJ1c2VyaWQiOiIxNCIsInVzZXJsZXZlbCI6IjIiLCJleHAiOjE2NjEwNjY1OTF9
21-08-2022 07:10 >>>> Requête liste des groupes du juste; Aucun groupe affiliée user : eyJ1c2VyaWQiOiIxNCIsInVzZXJsZXZlbCI6IjIiLCJleHAiOjE2NjEwNjY1OTF9
21-08-2022 07:10 >>>> Requête liste des groupes! Liste des groupes obtnus user : eyJ1c2VyaWQiOiIxNCIsInVzZXJsZXZlbCI6IjIiLCJleHAiOjE2NjEwNjY1OTF9
21-08-2022 07:10 >>>> Requête liste des assemblées! Liste des assemblées obtenues user : eyJ1c2VyaWQiOiIxNCIsInVzZXJsZXZlbCI6IjIiLCJleHAiOjE2NjEwNjY1OTF9
21-08-2022 07:11 >>>> Recherche profonde juste par identifiant effectuée; juste trouvé user : eyJ1c2VyaWQiOiIxNCIsInVzZXJsZXZlbCI6IjIiLCJleHAiOjE2NjEwNjY1OTF9
21-08-2022 07:11 >>>> Requête liste des groupes du juste; Aucun groupe affiliée user : eyJ1c2VyaWQiOiIxNCIsInVzZXJsZXZlbCI6IjIiLCJleHAiOjE2NjEwNjY1OTF9
21-08-2022 07:11 >>>> Requête liste des groupes! Liste des groupes obtnus user : eyJ1c2VyaWQiOiIxNCIsInVzZXJsZXZlbCI6IjIiLCJleHAiOjE2NjEwNjY1OTF9
21-08-2022 07:11 >>>> Requête liste des assemblées! Liste des assemblées obtenues user : eyJ1c2VyaWQiOiIxNCIsInVzZXJsZXZlbCI6IjIiLCJleHAiOjE2NjEwNjY1OTF9
21-08-2022 07:16 >>>> Recherche profonde juste par identifiant effectuée; juste trouvé user : eyJ1c2VyaWQiOiIxNCIsInVzZXJsZXZlbCI6IjIiLCJleHAiOjE2NjEwNjY1OTF9
21-08-2022 07:16 >>>> Requête liste des groupes du juste; Aucun groupe affiliée user : eyJ1c2VyaWQiOiIxNCIsInVzZXJsZXZlbCI6IjIiLCJleHAiOjE2NjEwNjY1OTF9
21-08-2022 07:16 >>>> Requête liste des assemblées! Liste des assemblées obtenues user : eyJ1c2VyaWQiOiIxNCIsInVzZXJsZXZlbCI6IjIiLCJleHAiOjE2NjEwNjY1OTF9
21-08-2022 07:16 >>>> Requête liste des groupes! Liste des groupes obtnus user : eyJ1c2VyaWQiOiIxNCIsInVzZXJsZXZlbCI6IjIiLCJleHAiOjE2NjEwNjY1OTF9
21-08-2022 07:16 >>>> Recherche profonde juste par identifiant effectuée; juste trouvé user : eyJ1c2VyaWQiOiIxNCIsInVzZXJsZXZlbCI6IjIiLCJleHAiOjE2NjEwNjY1OTF9
21-08-2022 07:16 >>>> Requête liste des groupes du juste; Aucun groupe affiliée user : eyJ1c2VyaWQiOiIxNCIsInVzZXJsZXZlbCI6IjIiLCJleHAiOjE2NjEwNjY1OTF9
21-08-2022 07:16 >>>> Requête liste des assemblées! Liste des assemblées obtenues user : eyJ1c2VyaWQiOiIxNCIsInVzZXJsZXZlbCI6IjIiLCJleHAiOjE2NjEwNjY1OTF9
21-08-2022 07:16 >>>> Requête liste des groupes! Liste des groupes obtnus user : eyJ1c2VyaWQiOiIxNCIsInVzZXJsZXZlbCI6IjIiLCJleHAiOjE2NjEwNjY1OTF9
21-08-2022 07:19 >>>> Requête liste des groupes du juste; Aucun groupe affiliée user : eyJ1c2VyaWQiOiIxNCIsInVzZXJsZXZlbCI6IjIiLCJleHAiOjE2NjEwNjY1OTF9
21-08-2022 07:19 >>>> Recherche profonde juste par identifiant effectuée; juste trouvé user : eyJ1c2VyaWQiOiIxNCIsInVzZXJsZXZlbCI6IjIiLCJleHAiOjE2NjEwNjY1OTF9
21-08-2022 07:19 >>>> Requête liste des groupes! Liste des groupes obtnus user : eyJ1c2VyaWQiOiIxNCIsInVzZXJsZXZlbCI6IjIiLCJleHAiOjE2NjEwNjY1OTF9
21-08-2022 07:19 >>>> Requête liste des assemblées! Liste des assemblées obtenues user : eyJ1c2VyaWQiOiIxNCIsInVzZXJsZXZlbCI6IjIiLCJleHAiOjE2NjEwNjY1OTF9
21-08-2022 07:20 >>>> Impossible d'ajouter l'appartenance! Juste inexistant.
21-08-2022 07:22 >>>> Requête liste des groupes du juste; Aucun groupe affiliée user : eyJ1c2VyaWQiOiIxNCIsInVzZXJsZXZlbCI6IjIiLCJleHAiOjE2NjEwNjY1OTF9
21-08-2022 07:22 >>>> Recherche profonde juste par identifiant effectuée; juste trouvé user : eyJ1c2VyaWQiOiIxNCIsInVzZXJsZXZlbCI6IjIiLCJleHAiOjE2NjEwNjY1OTF9
21-08-2022 07:22 >>>> Requête liste des groupes! Liste des groupes obtnus user : eyJ1c2VyaWQiOiIxNCIsInVzZXJsZXZlbCI6IjIiLCJleHAiOjE2NjEwNjY1OTF9
21-08-2022 07:22 >>>> Requête liste des assemblées! Liste des assemblées obtenues user : eyJ1c2VyaWQiOiIxNCIsInVzZXJsZXZlbCI6IjIiLCJleHAiOjE2NjEwNjY1OTF9
21-08-2022 07:22 >>>> Impossible d'ajouter l'appartenance! Juste inexistant.
21-08-2022 07:23 >>>> Token expiré
21-08-2022 07:23 >>>> Token expiré
21-08-2022 07:23 >>>> Token expiré
21-08-2022 07:23 >>>> Token expiré
21-08-2022 07:23 >>>> Token expiré
21-08-2022 07:23 >>>> Token expiré
21-08-2022 07:23 >>>> Token expiré
21-08-2022 07:23 >>>> Token expiré
21-08-2022 07:23 >>>> Token expiré
21-08-2022 07:23 >>>> Token expiré
21-08-2022 07:23 >>>> Token expiré
21-08-2022 07:23 >>>> Token expiré
21-08-2022 07:23 >>>> Token expiré
21-08-2022 07:23 >>>> Token expiré
21-08-2022 07:23 >>>> Token expiré
21-08-2022 07:23 >>>> Token expiré
21-08-2022 07:24 >>>> Connexion par login éffectuée. user : eyJ1c2VyaWQiOiIxNCIsInVzZXJsZXZlbCI6IjIiLCJleHAiOjE2NjEwNjg0NTV9
21-08-2022 07:24 >>>> Requête liste des justes; Liste des justes obtnus user : eyJ1c2VyaWQiOiIxNCIsInVzZXJsZXZlbCI6IjIiLCJleHAiOjE2NjEwNjg0NTV9
21-08-2022 07:24 >>>> Recherche profonde juste par identifiant effectuée; juste trouvé user : eyJ1c2VyaWQiOiIxNCIsInVzZXJsZXZlbCI6IjIiLCJleHAiOjE2NjEwNjg0NTV9
21-08-2022 07:24 >>>> Requête liste des groupes! Liste des groupes obtnus user : eyJ1c2VyaWQiOiIxNCIsInVzZXJsZXZlbCI6IjIiLCJleHAiOjE2NjEwNjg0NTV9
21-08-2022 07:24 >>>> Requête liste des assemblées! Liste des assemblées obtenues user : eyJ1c2VyaWQiOiIxNCIsInVzZXJsZXZlbCI6IjIiLCJleHAiOjE2NjEwNjg0NTV9
21-08-2022 07:24 >>>> Requête liste des groupes du juste; Aucun groupe affiliée user : eyJ1c2VyaWQiOiIxNCIsInVzZXJsZXZlbCI6IjIiLCJleHAiOjE2NjEwNjg0NTV9
21-08-2022 07:24 >>>> Impossible d'ajouter l'appartenance! Juste inexistant.
21-08-2022 07:25 >>>> Recherche profonde juste par identifiant effectuée; juste trouvé user : eyJ1c2VyaWQiOiIxNCIsInVzZXJsZXZlbCI6IjIiLCJleHAiOjE2NjEwNjg0NTV9
21-08-2022 07:25 >>>> Requête liste des assemblées! Liste des assemblées obtenues user : eyJ1c2VyaWQiOiIxNCIsInVzZXJsZXZlbCI6IjIiLCJleHAiOjE2NjEwNjg0NTV9
21-08-2022 07:25 >>>> Requête liste des groupes! Liste des groupes obtnus user : eyJ1c2VyaWQiOiIxNCIsInVzZXJsZXZlbCI6IjIiLCJleHAiOjE2NjEwNjg0NTV9
21-08-2022 07:25 >>>> Requête liste des groupes du juste; Aucun groupe affiliée user : eyJ1c2VyaWQiOiIxNCIsInVzZXJsZXZlbCI6IjIiLCJleHAiOjE2NjEwNjg0NTV9
21-08-2022 07:25 >>>> Recherche profonde juste par identifiant effectuée; juste trouvé user : eyJ1c2VyaWQiOiIxNCIsInVzZXJsZXZlbCI6IjIiLCJleHAiOjE2NjEwNjg0NTV9
21-08-2022 07:25 >>>> Requête liste des groupes du juste; Aucun groupe affiliée user : eyJ1c2VyaWQiOiIxNCIsInVzZXJsZXZlbCI6IjIiLCJleHAiOjE2NjEwNjg0NTV9
21-08-2022 07:25 >>>> Requête liste des groupes! Liste des groupes obtnus user : eyJ1c2VyaWQiOiIxNCIsInVzZXJsZXZlbCI6IjIiLCJleHAiOjE2NjEwNjg0NTV9
21-08-2022 07:25 >>>> Requête liste des assemblées! Liste des assemblées obtenues user : eyJ1c2VyaWQiOiIxNCIsInVzZXJsZXZlbCI6IjIiLCJleHAiOjE2NjEwNjg0NTV9
21-08-2022 07:35 >>>> Recherche profonde juste par identifiant effectuée; juste trouvé user : eyJ1c2VyaWQiOiIxNCIsInVzZXJsZXZlbCI6IjIiLCJleHAiOjE2NjEwNjg0NTV9
21-08-2022 07:35 >>>> Requête liste des groupes du juste; Aucun groupe affiliée user : eyJ1c2VyaWQiOiIxNCIsInVzZXJsZXZlbCI6IjIiLCJleHAiOjE2NjEwNjg0NTV9
21-08-2022 07:35 >>>> Requête liste des assemblées! Liste des assemblées obtenues user : eyJ1c2VyaWQiOiIxNCIsInVzZXJsZXZlbCI6IjIiLCJleHAiOjE2NjEwNjg0NTV9
21-08-2022 07:35 >>>> Requête liste des groupes! Liste des groupes obtnus user : eyJ1c2VyaWQiOiIxNCIsInVzZXJsZXZlbCI6IjIiLCJleHAiOjE2NjEwNjg0NTV9
21-08-2022 07:35 >>>> Appartenance enregistrée user : eyJ1c2VyaWQiOiIxNCIsInVzZXJsZXZlbCI6IjIiLCJleHAiOjE2NjEwNjg0NTV9
21-08-2022 07:37 >>>> Recherche profonde juste par identifiant effectuée; juste trouvé user : eyJ1c2VyaWQiOiIxNCIsInVzZXJsZXZlbCI6IjIiLCJleHAiOjE2NjEwNjg0NTV9
21-08-2022 07:37 >>>> Requête liste des groupes du juste; Liste des assemblées obtenues. user : eyJ1c2VyaWQiOiIxNCIsInVzZXJsZXZlbCI6IjIiLCJleHAiOjE2NjEwNjg0NTV9
21-08-2022 07:37 >>>> Requête liste des groupes! Liste des groupes obtnus user : eyJ1c2VyaWQiOiIxNCIsInVzZXJsZXZlbCI6IjIiLCJleHAiOjE2NjEwNjg0NTV9
21-08-2022 07:37 >>>> Requête liste des assemblées! Liste des assemblées obtenues user : eyJ1c2VyaWQiOiIxNCIsInVzZXJsZXZlbCI6IjIiLCJleHAiOjE2NjEwNjg0NTV9
21-08-2022 07:37 >>>> Appartenance enregistrée user : eyJ1c2VyaWQiOiIxNCIsInVzZXJsZXZlbCI6IjIiLCJleHAiOjE2NjEwNjg0NTV9
21-08-2022 07:45 >>>> Appartenance enregistrée user : eyJ1c2VyaWQiOiIxNCIsInVzZXJsZXZlbCI6IjIiLCJleHAiOjE2NjEwNjg0NTV9
21-08-2022 07:45 >>>> Recherche profonde juste par identifiant effectuée; juste trouvé user : eyJ1c2VyaWQiOiIxNCIsInVzZXJsZXZlbCI6IjIiLCJleHAiOjE2NjEwNjg0NTV9
21-08-2022 07:45 >>>> Requête liste des groupes du juste; Liste des assemblées obtenues. user : eyJ1c2VyaWQiOiIxNCIsInVzZXJsZXZlbCI6IjIiLCJleHAiOjE2NjEwNjg0NTV9
21-08-2022 07:45 >>>> Requête liste des groupes! Liste des groupes obtnus user : eyJ1c2VyaWQiOiIxNCIsInVzZXJsZXZlbCI6IjIiLCJleHAiOjE2NjEwNjg0NTV9
21-08-2022 07:45 >>>> Requête liste des assemblées! Liste des assemblées obtenues user : eyJ1c2VyaWQiOiIxNCIsInVzZXJsZXZlbCI6IjIiLCJleHAiOjE2NjEwNjg0NTV9
21-08-2022 07:47 >>>> Recherche profonde juste par identifiant effectuée; juste trouvé user : eyJ1c2VyaWQiOiIxNCIsInVzZXJsZXZlbCI6IjIiLCJleHAiOjE2NjEwNjg0NTV9
21-08-2022 07:47 >>>> Requête liste des groupes du juste; Liste des assemblées obtenues. user : eyJ1c2VyaWQiOiIxNCIsInVzZXJsZXZlbCI6IjIiLCJleHAiOjE2NjEwNjg0NTV9
21-08-2022 07:47 >>>> Requête liste des assemblées! Liste des assemblées obtenues user : eyJ1c2VyaWQiOiIxNCIsInVzZXJsZXZlbCI6IjIiLCJleHAiOjE2NjEwNjg0NTV9
21-08-2022 07:47 >>>> Requête liste des groupes! Liste des groupes obtnus user : eyJ1c2VyaWQiOiIxNCIsInVzZXJsZXZlbCI6IjIiLCJleHAiOjE2NjEwNjg0NTV9
21-08-2022 07:49 >>>> Recherche profonde juste par identifiant effectuée; juste trouvé user : eyJ1c2VyaWQiOiIxNCIsInVzZXJsZXZlbCI6IjIiLCJleHAiOjE2NjEwNjg0NTV9
21-08-2022 07:49 >>>> Requête liste des groupes du juste; Liste des assemblées obtenues. user : eyJ1c2VyaWQiOiIxNCIsInVzZXJsZXZlbCI6IjIiLCJleHAiOjE2NjEwNjg0NTV9
21-08-2022 07:49 >>>> Requête liste des assemblées! Liste des assemblées obtenues user : eyJ1c2VyaWQiOiIxNCIsInVzZXJsZXZlbCI6IjIiLCJleHAiOjE2NjEwNjg0NTV9
21-08-2022 07:49 >>>> Requête liste des groupes! Liste des groupes obtnus user : eyJ1c2VyaWQiOiIxNCIsInVzZXJsZXZlbCI6IjIiLCJleHAiOjE2NjEwNjg0NTV9
21-08-2022 07:50 >>>> Recherche profonde juste par identifiant effectuée; juste trouvé user : eyJ1c2VyaWQiOiIxNCIsInVzZXJsZXZlbCI6IjIiLCJleHAiOjE2NjEwNjg0NTV9
21-08-2022 07:50 >>>> Requête liste des groupes du juste; Liste des assemblées obtenues. user : eyJ1c2VyaWQiOiIxNCIsInVzZXJsZXZlbCI6IjIiLCJleHAiOjE2NjEwNjg0NTV9
21-08-2022 07:50 >>>> Requête liste des assemblées! Liste des assemblées obtenues user : eyJ1c2VyaWQiOiIxNCIsInVzZXJsZXZlbCI6IjIiLCJleHAiOjE2NjEwNjg0NTV9
21-08-2022 07:50 >>>> Requête liste des groupes! Liste des groupes obtnus user : eyJ1c2VyaWQiOiIxNCIsInVzZXJsZXZlbCI6IjIiLCJleHAiOjE2NjEwNjg0NTV9
21-08-2022 08:05 >>>> Token expiré
21-08-2022 08:05 >>>> Token expiré
21-08-2022 08:05 >>>> Token expiré
21-08-2022 08:05 >>>> Token expiré
21-08-2022 08:06 >>>> Connexion par login éffectuée. user : eyJ1c2VyaWQiOiIxNCIsInVzZXJsZXZlbCI6IjIiLCJleHAiOjE2NjEwNzA5NjV9
21-08-2022 08:06 >>>> Requête liste des justes; Liste des justes obtnus user : eyJ1c2VyaWQiOiIxNCIsInVzZXJsZXZlbCI6IjIiLCJleHAiOjE2NjEwNzA5NjV9
21-08-2022 08:06 >>>> Recherche profonde juste par identifiant effectuée; juste trouvé user : eyJ1c2VyaWQiOiIxNCIsInVzZXJsZXZlbCI6IjIiLCJleHAiOjE2NjEwNzA5NjV9
21-08-2022 08:06 >>>> Requête liste des groupes du juste; Liste des assemblées obtenues. user : eyJ1c2VyaWQiOiIxNCIsInVzZXJsZXZlbCI6IjIiLCJleHAiOjE2NjEwNzA5NjV9
21-08-2022 08:06 >>>> Requête liste des groupes! Liste des groupes obtnus user : eyJ1c2VyaWQiOiIxNCIsInVzZXJsZXZlbCI6IjIiLCJleHAiOjE2NjEwNzA5NjV9
21-08-2022 08:06 >>>> Requête liste des assemblées! Liste des assemblées obtenues user : eyJ1c2VyaWQiOiIxNCIsInVzZXJsZXZlbCI6IjIiLCJleHAiOjE2NjEwNzA5NjV9
21-08-2022 08:06 >>>> Requête liste des justes du groupe; Liste des justes obtnus user : eyJ1c2VyaWQiOiIxNCIsInVzZXJsZXZlbCI6IjIiLCJleHAiOjE2NjEwNzA5NjV9
21-08-2022 08:06 >>>> Service trouvé user : eyJ1c2VyaWQiOiIxNCIsInVzZXJsZXZlbCI6IjIiLCJleHAiOjE2NjEwNzA5NjV9
21-08-2022 08:06 >>>> Requête liste des groupes! Liste des groupes obtnus user : eyJ1c2VyaWQiOiIxNCIsInVzZXJsZXZlbCI6IjIiLCJleHAiOjE2NjEwNzA5NjV9
21-08-2022 08:06 >>>> Requête liste des groupes du juste; Liste des assemblées obtenues. user : eyJ1c2VyaWQiOiIxNCIsInVzZXJsZXZlbCI6IjIiLCJleHAiOjE2NjEwNzA5NjV9
21-08-2022 08:06 >>>> Requête liste des assemblées! Liste des assemblées obtenues user : eyJ1c2VyaWQiOiIxNCIsInVzZXJsZXZlbCI6IjIiLCJleHAiOjE2NjEwNzA5NjV9
21-08-2022 08:06 >>>> Recherche profonde juste par identifiant effectuée; juste trouvé user : eyJ1c2VyaWQiOiIxNCIsInVzZXJsZXZlbCI6IjIiLCJleHAiOjE2NjEwNzA5NjV9
21-08-2022 08:07 >>>> Requête liste des groupes du juste; Liste des assemblées obtenues. user : eyJ1c2VyaWQiOiIxNCIsInVzZXJsZXZlbCI6IjIiLCJleHAiOjE2NjEwNzA5NjV9
21-08-2022 08:07 >>>> Requête liste des groupes! Liste des groupes obtnus user : eyJ1c2VyaWQiOiIxNCIsInVzZXJsZXZlbCI6IjIiLCJleHAiOjE2NjEwNzA5NjV9
21-08-2022 08:07 >>>> Requête liste des assemblées! Liste des assemblées obtenues user : eyJ1c2VyaWQiOiIxNCIsInVzZXJsZXZlbCI6IjIiLCJleHAiOjE2NjEwNzA5NjV9
21-08-2022 08:07 >>>> Recherche profonde juste par identifiant effectuée; juste trouvé user : eyJ1c2VyaWQiOiIxNCIsInVzZXJsZXZlbCI6IjIiLCJleHAiOjE2NjEwNzA5NjV9
21-08-2022 08:07 >>>> Requête liste des groupes du juste; Liste des assemblées obtenues. user : eyJ1c2VyaWQiOiIxNCIsInVzZXJsZXZlbCI6IjIiLCJleHAiOjE2NjEwNzA5NjV9
21-08-2022 08:07 >>>> Recherche profonde juste par identifiant effectuée; juste trouvé user : eyJ1c2VyaWQiOiIxNCIsInVzZXJsZXZlbCI6IjIiLCJleHAiOjE2NjEwNzA5NjV9
21-08-2022 08:07 >>>> Requête liste des groupes! Liste des groupes obtnus user : eyJ1c2VyaWQiOiIxNCIsInVzZXJsZXZlbCI6IjIiLCJleHAiOjE2NjEwNzA5NjV9
21-08-2022 08:07 >>>> Requête liste des assemblées! Liste des assemblées obtenues user : eyJ1c2VyaWQiOiIxNCIsInVzZXJsZXZlbCI6IjIiLCJleHAiOjE2NjEwNzA5NjV9
21-08-2022 08:08 >>>> Recherche profonde juste par identifiant effectuée; juste trouvé user : eyJ1c2VyaWQiOiIxNCIsInVzZXJsZXZlbCI6IjIiLCJleHAiOjE2NjEwNzA5NjV9
21-08-2022 08:08 >>>> Requête liste des groupes du juste; Liste des assemblées obtenues. user : eyJ1c2VyaWQiOiIxNCIsInVzZXJsZXZlbCI6IjIiLCJleHAiOjE2NjEwNzA5NjV9
21-08-2022 08:08 >>>> Requête liste des groupes! Liste des groupes obtnus user : eyJ1c2VyaWQiOiIxNCIsInVzZXJsZXZlbCI6IjIiLCJleHAiOjE2NjEwNzA5NjV9
21-08-2022 08:08 >>>> Requête liste des assemblées! Liste des assemblées obtenues user : eyJ1c2VyaWQiOiIxNCIsInVzZXJsZXZlbCI6IjIiLCJleHAiOjE2NjEwNzA5NjV9
21-08-2022 08:09 >>>> Requête liste des groupes! Liste des groupes obtnus user : eyJ1c2VyaWQiOiIxNCIsInVzZXJsZXZlbCI6IjIiLCJleHAiOjE2NjEwNzA5NjV9
21-08-2022 08:09 >>>> Requête liste des assemblées! Liste des assemblées obtenues user : eyJ1c2VyaWQiOiIxNCIsInVzZXJsZXZlbCI6IjIiLCJleHAiOjE2NjEwNzA5NjV9
21-08-2022 08:09 >>>> Recherche profonde juste par identifiant effectuée; juste trouvé user : eyJ1c2VyaWQiOiIxNCIsInVzZXJsZXZlbCI6IjIiLCJleHAiOjE2NjEwNzA5NjV9
21-08-2022 08:09 >>>> Requête liste des groupes du juste; Liste des assemblées obtenues. user : eyJ1c2VyaWQiOiIxNCIsInVzZXJsZXZlbCI6IjIiLCJleHAiOjE2NjEwNzA5NjV9
21-08-2022 08:29 >>>> Requête liste des groupes du juste; Liste des assemblées obtenues. user : eyJ1c2VyaWQiOiIxNCIsInVzZXJsZXZlbCI6IjIiLCJleHAiOjE2NjEwNzA5NjV9
21-08-2022 08:29 >>>> Requête liste des groupes! Liste des groupes obtnus user : eyJ1c2VyaWQiOiIxNCIsInVzZXJsZXZlbCI6IjIiLCJleHAiOjE2NjEwNzA5NjV9
21-08-2022 08:29 >>>> Requête liste des assemblées! Liste des assemblées obtenues user : eyJ1c2VyaWQiOiIxNCIsInVzZXJsZXZlbCI6IjIiLCJleHAiOjE2NjEwNzA5NjV9
21-08-2022 08:29 >>>> Recherche profonde juste par identifiant effectuée; juste trouvé user : eyJ1c2VyaWQiOiIxNCIsInVzZXJsZXZlbCI6IjIiLCJleHAiOjE2NjEwNzA5NjV9
21-08-2022 08:29 >>>> Appartenance enregistrée user : eyJ1c2VyaWQiOiIxNCIsInVzZXJsZXZlbCI6IjIiLCJleHAiOjE2NjEwNzA5NjV9
21-08-2022 08:29 >>>> Recherche profonde juste par identifiant effectuée; juste trouvé user : eyJ1c2VyaWQiOiIxNCIsInVzZXJsZXZlbCI6IjIiLCJleHAiOjE2NjEwNzA5NjV9
21-08-2022 08:29 >>>> Requête liste des groupes! Liste des groupes obtnus user : eyJ1c2VyaWQiOiIxNCIsInVzZXJsZXZlbCI6IjIiLCJleHAiOjE2NjEwNzA5NjV9
21-08-2022 08:29 >>>> Requête liste des assemblées! Liste des assemblées obtenues user : eyJ1c2VyaWQiOiIxNCIsInVzZXJsZXZlbCI6IjIiLCJleHAiOjE2NjEwNzA5NjV9
21-08-2022 08:29 >>>> Requête liste des groupes du juste; Liste des assemblées obtenues. user : eyJ1c2VyaWQiOiIxNCIsInVzZXJsZXZlbCI6IjIiLCJleHAiOjE2NjEwNzA5NjV9
21-08-2022 08:30 >>>> Appartenance enregistrée user : eyJ1c2VyaWQiOiIxNCIsInVzZXJsZXZlbCI6IjIiLCJleHAiOjE2NjEwNzA5NjV9
21-08-2022 08:30 >>>> Recherche profonde juste par identifiant effectuée; juste trouvé user : eyJ1c2VyaWQiOiIxNCIsInVzZXJsZXZlbCI6IjIiLCJleHAiOjE2NjEwNzA5NjV9
21-08-2022 08:30 >>>> Requête liste des groupes! Liste des groupes obtnus user : eyJ1c2VyaWQiOiIxNCIsInVzZXJsZXZlbCI6IjIiLCJleHAiOjE2NjEwNzA5NjV9
21-08-2022 08:30 >>>> Requête liste des assemblées! Liste des assemblées obtenues user : eyJ1c2VyaWQiOiIxNCIsInVzZXJsZXZlbCI6IjIiLCJleHAiOjE2NjEwNzA5NjV9
21-08-2022 08:30 >>>> Requête liste des groupes du juste; Liste des assemblées obtenues. user : eyJ1c2VyaWQiOiIxNCIsInVzZXJsZXZlbCI6IjIiLCJleHAiOjE2NjEwNzA5NjV9
21-08-2022 08:33 >>>> Requête liste des justes; Liste des justes obtnus user : eyJ1c2VyaWQiOiIxNCIsInVzZXJsZXZlbCI6IjIiLCJleHAiOjE2NjEwNzA5NjV9
21-08-2022 08:33 >>>> Recherche profonde juste par identifiant effectuée; juste trouvé user : eyJ1c2VyaWQiOiIxNCIsInVzZXJsZXZlbCI6IjIiLCJleHAiOjE2NjEwNzA5NjV9
21-08-2022 08:33 >>>> Requête liste des groupes du juste; Liste des assemblées obtenues. user : eyJ1c2VyaWQiOiIxNCIsInVzZXJsZXZlbCI6IjIiLCJleHAiOjE2NjEwNzA5NjV9
21-08-2022 08:33 >>>> Requête liste des groupes! Liste des groupes obtnus user : eyJ1c2VyaWQiOiIxNCIsInVzZXJsZXZlbCI6IjIiLCJleHAiOjE2NjEwNzA5NjV9
21-08-2022 08:33 >>>> Requête liste des assemblées! Liste des assemblées obtenues user : eyJ1c2VyaWQiOiIxNCIsInVzZXJsZXZlbCI6IjIiLCJleHAiOjE2NjEwNzA5NjV9
21-08-2022 08:40 >>>> Connexion par login éffectuée. user : eyJ1c2VyaWQiOiIxNCIsInVzZXJsZXZlbCI6IjIiLCJleHAiOjE2NjEwNzMwMzN9
21-08-2022 08:41 >>>> Appartenance enregistrée user : eyJ1c2VyaWQiOiIxNCIsInVzZXJsZXZlbCI6IjIiLCJleHAiOjE2NjEwNzMwMzN9
21-08-2022 08:42 >>>> Appartenance enregistrée user : eyJ1c2VyaWQiOiIxNCIsInVzZXJsZXZlbCI6IjIiLCJleHAiOjE2NjEwNzMwMzN9
21-08-2022 08:44 >>>> Appartenance enregistrée user : eyJ1c2VyaWQiOiIxNCIsInVzZXJsZXZlbCI6IjIiLCJleHAiOjE2NjEwNzMwMzN9
21-08-2022 08:45 >>>> Impossible d'ajouter l'appartenance! Le juste appartient déjà à ce groupe.
21-08-2022 08:46 >>>> Token expiré
21-08-2022 08:46 >>>> Connexion par login éffectuée. user : eyJ1c2VyaWQiOiIxNCIsInVzZXJsZXZlbCI6IjIiLCJleHAiOjE2NjEwNzM0MTR9
21-08-2022 08:46 >>>> Requête liste des justes; Liste des justes obtnus user : eyJ1c2VyaWQiOiIxNCIsInVzZXJsZXZlbCI6IjIiLCJleHAiOjE2NjEwNzM0MTR9
21-08-2022 08:46 >>>> Requête liste des assemblées! Liste des assemblées obtenues user : eyJ1c2VyaWQiOiIxNCIsInVzZXJsZXZlbCI6IjIiLCJleHAiOjE2NjEwNzM0MTR9
21-08-2022 08:47 >>>> Echec de l'enregistrement du juste. L'assemblee n'existe pas.
21-08-2022 08:47 >>>> Juste enregistré user : eyJ1c2VyaWQiOiIxNCIsInVzZXJsZXZlbCI6IjIiLCJleHAiOjE2NjEwNzM0MTR9
21-08-2022 08:47 >>>> Requête liste des justes; Liste des justes obtnus user : eyJ1c2VyaWQiOiIxNCIsInVzZXJsZXZlbCI6IjIiLCJleHAiOjE2NjEwNzM0MTR9
21-08-2022 08:47 >>>> Recherche profonde juste par identifiant effectuée; juste trouvé user : eyJ1c2VyaWQiOiIxNCIsInVzZXJsZXZlbCI6IjIiLCJleHAiOjE2NjEwNzM0MTR9
21-08-2022 08:47 >>>> Requête liste des groupes du juste; Aucun groupe affiliée user : eyJ1c2VyaWQiOiIxNCIsInVzZXJsZXZlbCI6IjIiLCJleHAiOjE2NjEwNzM0MTR9
21-08-2022 08:47 >>>> Requête liste des assemblées! Liste des assemblées obtenues user : eyJ1c2VyaWQiOiIxNCIsInVzZXJsZXZlbCI6IjIiLCJleHAiOjE2NjEwNzM0MTR9
21-08-2022 08:47 >>>> Requête liste des groupes! Liste des groupes obtnus user : eyJ1c2VyaWQiOiIxNCIsInVzZXJsZXZlbCI6IjIiLCJleHAiOjE2NjEwNzM0MTR9
21-08-2022 08:48 >>>> Echec de modification de la photo du juste; Juste inexistant
21-08-2022 08:51 >>>> Echec de modification de la photo du juste; Juste inexistant
21-08-2022 08:52 >>>> Modification de la photo du juste effectué user : eyJ1c2VyaWQiOiIxNCIsInVzZXJsZXZlbCI6IjIiLCJleHAiOjE2NjEwNzM0MTR9
21-08-2022 08:54 >>>> Echec de modification de la photo du juste 
21-08-2022 08:58 >>>> Echec de modification de la photo du juste 
21-08-2022 09:01 >>>> Modification de la photo du juste effectué user : eyJ1c2VyaWQiOiIxNCIsInVzZXJsZXZlbCI6IjIiLCJleHAiOjE2NjEwNzM0MTR9
21-08-2022 09:02 >>>> Requête liste des assemblées! Liste des assemblées obtenues user : eyJ1c2VyaWQiOiIxNCIsInVzZXJsZXZlbCI6IjIiLCJleHAiOjE2NjEwNzM0MTR9
21-08-2022 09:02 >>>> Requête liste des justes; Liste des justes obtnus user : eyJ1c2VyaWQiOiIxNCIsInVzZXJsZXZlbCI6IjIiLCJleHAiOjE2NjEwNzM0MTR9
21-08-2022 09:02 >>>> Recherche profonde juste par identifiant effectuée; juste trouvé user : eyJ1c2VyaWQiOiIxNCIsInVzZXJsZXZlbCI6IjIiLCJleHAiOjE2NjEwNzM0MTR9
21-08-2022 09:02 >>>> Requête liste des groupes! Liste des groupes obtnus user : eyJ1c2VyaWQiOiIxNCIsInVzZXJsZXZlbCI6IjIiLCJleHAiOjE2NjEwNzM0MTR9
21-08-2022 09:02 >>>> Requête liste des assemblées! Liste des assemblées obtenues user : eyJ1c2VyaWQiOiIxNCIsInVzZXJsZXZlbCI6IjIiLCJleHAiOjE2NjEwNzM0MTR9
21-08-2022 09:02 >>>> Requête liste des groupes du juste; Aucun groupe affiliée user : eyJ1c2VyaWQiOiIxNCIsInVzZXJsZXZlbCI6IjIiLCJleHAiOjE2NjEwNzM0MTR9
21-08-2022 09:02 >>>> Requête liste des groupes! Liste des groupes obtnus user : eyJ1c2VyaWQiOiIxNCIsInVzZXJsZXZlbCI6IjIiLCJleHAiOjE2NjEwNzM0MTR9
21-08-2022 09:02 >>>> Requête liste des justes; Liste des justes obtnus user : eyJ1c2VyaWQiOiIxNCIsInVzZXJsZXZlbCI6IjIiLCJleHAiOjE2NjEwNzM0MTR9
21-08-2022 09:02 >>>> Recherche profonde juste par identifiant effectuée; juste trouvé user : eyJ1c2VyaWQiOiIxNCIsInVzZXJsZXZlbCI6IjIiLCJleHAiOjE2NjEwNzM0MTR9
21-08-2022 09:02 >>>> Requête liste des groupes du juste; Liste des assemblées obtenues. user : eyJ1c2VyaWQiOiIxNCIsInVzZXJsZXZlbCI6IjIiLCJleHAiOjE2NjEwNzM0MTR9
21-08-2022 09:02 >>>> Requête liste des groupes! Liste des groupes obtnus user : eyJ1c2VyaWQiOiIxNCIsInVzZXJsZXZlbCI6IjIiLCJleHAiOjE2NjEwNzM0MTR9
21-08-2022 09:02 >>>> Requête liste des assemblées! Liste des assemblées obtenues user : eyJ1c2VyaWQiOiIxNCIsInVzZXJsZXZlbCI6IjIiLCJleHAiOjE2NjEwNzM0MTR9
21-08-2022 09:02 >>>> Requête liste des justes; Liste des justes obtnus user : eyJ1c2VyaWQiOiIxNCIsInVzZXJsZXZlbCI6IjIiLCJleHAiOjE2NjEwNzM0MTR9
21-08-2022 09:03 >>>> Requête liste des assemblées! Liste des assemblées obtenues user : eyJ1c2VyaWQiOiIxNCIsInVzZXJsZXZlbCI6IjIiLCJleHAiOjE2NjEwNzM0MTR9
21-08-2022 09:03 >>>> Recherche profonde juste par identifiant effectuée; juste trouvé user : eyJ1c2VyaWQiOiIxNCIsInVzZXJsZXZlbCI6IjIiLCJleHAiOjE2NjEwNzM0MTR9
21-08-2022 09:03 >>>> Requête liste des groupes du juste; Liste des assemblées obtenues. user : eyJ1c2VyaWQiOiIxNCIsInVzZXJsZXZlbCI6IjIiLCJleHAiOjE2NjEwNzM0MTR9
21-08-2022 09:03 >>>> Requête liste des groupes! Liste des groupes obtnus user : eyJ1c2VyaWQiOiIxNCIsInVzZXJsZXZlbCI6IjIiLCJleHAiOjE2NjEwNzM0MTR9
21-08-2022 09:03 >>>> Requête liste des assemblées! Liste des assemblées obtenues user : eyJ1c2VyaWQiOiIxNCIsInVzZXJsZXZlbCI6IjIiLCJleHAiOjE2NjEwNzM0MTR9
21-08-2022 09:03 >>>> Juste enregistré user : eyJ1c2VyaWQiOiIxNCIsInVzZXJsZXZlbCI6IjIiLCJleHAiOjE2NjEwNzM0MTR9
21-08-2022 09:03 >>>> Requête liste des justes; Liste des justes obtnus user : eyJ1c2VyaWQiOiIxNCIsInVzZXJsZXZlbCI6IjIiLCJleHAiOjE2NjEwNzM0MTR9
21-08-2022 09:03 >>>> Recherche profonde juste par identifiant effectuée; juste trouvé user : eyJ1c2VyaWQiOiIxNCIsInVzZXJsZXZlbCI6IjIiLCJleHAiOjE2NjEwNzM0MTR9
21-08-2022 09:03 >>>> Requête liste des groupes du juste; Liste des assemblées obtenues. user : eyJ1c2VyaWQiOiIxNCIsInVzZXJsZXZlbCI6IjIiLCJleHAiOjE2NjEwNzM0MTR9
21-08-2022 09:03 >>>> Requête liste des assemblées! Liste des assemblées obtenues user : eyJ1c2VyaWQiOiIxNCIsInVzZXJsZXZlbCI6IjIiLCJleHAiOjE2NjEwNzM0MTR9
21-08-2022 09:03 >>>> Requête liste des groupes! Liste des groupes obtnus user : eyJ1c2VyaWQiOiIxNCIsInVzZXJsZXZlbCI6IjIiLCJleHAiOjE2NjEwNzM0MTR9
21-08-2022 09:03 >>>> Requête liste des justes; Liste des justes obtnus user : eyJ1c2VyaWQiOiIxNCIsInVzZXJsZXZlbCI6IjIiLCJleHAiOjE2NjEwNzM0MTR9
21-08-2022 09:03 >>>> Recherche profonde juste par identifiant effectuée; juste trouvé user : eyJ1c2VyaWQiOiIxNCIsInVzZXJsZXZlbCI6IjIiLCJleHAiOjE2NjEwNzM0MTR9
21-08-2022 09:03 >>>> Requête liste des groupes! Liste des groupes obtnus user : eyJ1c2VyaWQiOiIxNCIsInVzZXJsZXZlbCI6IjIiLCJleHAiOjE2NjEwNzM0MTR9
21-08-2022 09:03 >>>> Requête liste des assemblées! Liste des assemblées obtenues user : eyJ1c2VyaWQiOiIxNCIsInVzZXJsZXZlbCI6IjIiLCJleHAiOjE2NjEwNzM0MTR9
21-08-2022 09:03 >>>> Requête liste des groupes du juste; Aucun groupe affiliée user : eyJ1c2VyaWQiOiIxNCIsInVzZXJsZXZlbCI6IjIiLCJleHAiOjE2NjEwNzM0MTR9
21-08-2022 09:03 >>>> Requête liste des justes; Liste des justes obtnus user : eyJ1c2VyaWQiOiIxNCIsInVzZXJsZXZlbCI6IjIiLCJleHAiOjE2NjEwNzM0MTR9
21-08-2022 09:03 >>>> Recherche profonde juste par identifiant effectuée; juste trouvé user : eyJ1c2VyaWQiOiIxNCIsInVzZXJsZXZlbCI6IjIiLCJleHAiOjE2NjEwNzM0MTR9
21-08-2022 09:03 >>>> Requête liste des groupes du juste; Aucun groupe affiliée user : eyJ1c2VyaWQiOiIxNCIsInVzZXJsZXZlbCI6IjIiLCJleHAiOjE2NjEwNzM0MTR9
21-08-2022 09:03 >>>> Requête liste des assemblées! Liste des assemblées obtenues user : eyJ1c2VyaWQiOiIxNCIsInVzZXJsZXZlbCI6IjIiLCJleHAiOjE2NjEwNzM0MTR9
21-08-2022 09:03 >>>> Requête liste des groupes! Liste des groupes obtnus user : eyJ1c2VyaWQiOiIxNCIsInVzZXJsZXZlbCI6IjIiLCJleHAiOjE2NjEwNzM0MTR9
21-08-2022 09:06 >>>> Recherche profonde juste par identifiant effectuée; juste trouvé user : eyJ1c2VyaWQiOiIxNCIsInVzZXJsZXZlbCI6IjIiLCJleHAiOjE2NjEwNzM0MTR9
21-08-2022 09:06 >>>> Requête liste des groupes du juste; Aucun groupe affiliée user : eyJ1c2VyaWQiOiIxNCIsInVzZXJsZXZlbCI6IjIiLCJleHAiOjE2NjEwNzM0MTR9
21-08-2022 09:06 >>>> Requête liste des groupes! Liste des groupes obtnus user : eyJ1c2VyaWQiOiIxNCIsInVzZXJsZXZlbCI6IjIiLCJleHAiOjE2NjEwNzM0MTR9
21-08-2022 09:06 >>>> Requête liste des assemblées! Liste des assemblées obtenues user : eyJ1c2VyaWQiOiIxNCIsInVzZXJsZXZlbCI6IjIiLCJleHAiOjE2NjEwNzM0MTR9
21-08-2022 09:06 >>>> Requête liste des groupes du juste; Aucun groupe affiliée user : eyJ1c2VyaWQiOiIxNCIsInVzZXJsZXZlbCI6IjIiLCJleHAiOjE2NjEwNzM0MTR9
21-08-2022 09:06 >>>> Recherche profonde juste par identifiant effectuée; juste trouvé user : eyJ1c2VyaWQiOiIxNCIsInVzZXJsZXZlbCI6IjIiLCJleHAiOjE2NjEwNzM0MTR9
21-08-2022 09:06 >>>> Requête liste des groupes! Liste des groupes obtnus user : eyJ1c2VyaWQiOiIxNCIsInVzZXJsZXZlbCI6IjIiLCJleHAiOjE2NjEwNzM0MTR9
21-08-2022 09:06 >>>> Requête liste des assemblées! Liste des assemblées obtenues user : eyJ1c2VyaWQiOiIxNCIsInVzZXJsZXZlbCI6IjIiLCJleHAiOjE2NjEwNzM0MTR9
21-08-2022 09:06 >>>> Requête liste des groupes du juste; Aucun groupe affiliée user : eyJ1c2VyaWQiOiIxNCIsInVzZXJsZXZlbCI6IjIiLCJleHAiOjE2NjEwNzM0MTR9
21-08-2022 09:06 >>>> Requête liste des assemblées! Liste des assemblées obtenues user : eyJ1c2VyaWQiOiIxNCIsInVzZXJsZXZlbCI6IjIiLCJleHAiOjE2NjEwNzM0MTR9
21-08-2022 09:06 >>>> Requête liste des groupes! Liste des groupes obtnus user : eyJ1c2VyaWQiOiIxNCIsInVzZXJsZXZlbCI6IjIiLCJleHAiOjE2NjEwNzM0MTR9
21-08-2022 09:06 >>>> Recherche profonde juste par identifiant effectuée; juste trouvé user : eyJ1c2VyaWQiOiIxNCIsInVzZXJsZXZlbCI6IjIiLCJleHAiOjE2NjEwNzM0MTR9
21-08-2022 09:06 >>>> Recherche profonde juste par identifiant effectuée; juste trouvé user : eyJ1c2VyaWQiOiIxNCIsInVzZXJsZXZlbCI6IjIiLCJleHAiOjE2NjEwNzM0MTR9
21-08-2022 09:06 >>>> Requête liste des groupes du juste; Aucun groupe affiliée user : eyJ1c2VyaWQiOiIxNCIsInVzZXJsZXZlbCI6IjIiLCJleHAiOjE2NjEwNzM0MTR9
21-08-2022 09:06 >>>> Requête liste des groupes! Liste des groupes obtnus user : eyJ1c2VyaWQiOiIxNCIsInVzZXJsZXZlbCI6IjIiLCJleHAiOjE2NjEwNzM0MTR9
21-08-2022 09:06 >>>> Requête liste des assemblées! Liste des assemblées obtenues user : eyJ1c2VyaWQiOiIxNCIsInVzZXJsZXZlbCI6IjIiLCJleHAiOjE2NjEwNzM0MTR9
21-08-2022 09:06 >>>> Requête liste des justes; Liste des justes obtnus user : eyJ1c2VyaWQiOiIxNCIsInVzZXJsZXZlbCI6IjIiLCJleHAiOjE2NjEwNzM0MTR9
21-08-2022 09:06 >>>> Requête liste des groupes du juste; Liste des assemblées obtenues. user : eyJ1c2VyaWQiOiIxNCIsInVzZXJsZXZlbCI6IjIiLCJleHAiOjE2NjEwNzM0MTR9
21-08-2022 09:06 >>>> Requête liste des groupes! Liste des groupes obtnus user : eyJ1c2VyaWQiOiIxNCIsInVzZXJsZXZlbCI6IjIiLCJleHAiOjE2NjEwNzM0MTR9
21-08-2022 09:06 >>>> Requête liste des assemblées! Liste des assemblées obtenues user : eyJ1c2VyaWQiOiIxNCIsInVzZXJsZXZlbCI6IjIiLCJleHAiOjE2NjEwNzM0MTR9
21-08-2022 09:06 >>>> Recherche profonde juste par identifiant effectuée; juste trouvé user : eyJ1c2VyaWQiOiIxNCIsInVzZXJsZXZlbCI6IjIiLCJleHAiOjE2NjEwNzM0MTR9
21-08-2022 09:06 >>>> Requête liste des justes; Liste des justes obtnus user : eyJ1c2VyaWQiOiIxNCIsInVzZXJsZXZlbCI6IjIiLCJleHAiOjE2NjEwNzM0MTR9
21-08-2022 09:06 >>>> Recherche profonde juste par identifiant effectuée; juste trouvé user : eyJ1c2VyaWQiOiIxNCIsInVzZXJsZXZlbCI6IjIiLCJleHAiOjE2NjEwNzM0MTR9
21-08-2022 09:06 >>>> Requête liste des groupes du juste; Aucun groupe affiliée user : eyJ1c2VyaWQiOiIxNCIsInVzZXJsZXZlbCI6IjIiLCJleHAiOjE2NjEwNzM0MTR9
21-08-2022 09:06 >>>> Requête liste des groupes! Liste des groupes obtnus user : eyJ1c2VyaWQiOiIxNCIsInVzZXJsZXZlbCI6IjIiLCJleHAiOjE2NjEwNzM0MTR9
21-08-2022 09:06 >>>> Requête liste des assemblées! Liste des assemblées obtenues user : eyJ1c2VyaWQiOiIxNCIsInVzZXJsZXZlbCI6IjIiLCJleHAiOjE2NjEwNzM0MTR9
21-08-2022 09:08 >>>> Recherche profonde juste par identifiant effectuée; juste trouvé user : eyJ1c2VyaWQiOiIxNCIsInVzZXJsZXZlbCI6IjIiLCJleHAiOjE2NjEwNzM0MTR9
21-08-2022 09:08 >>>> Requête liste des groupes du juste; Aucun groupe affiliée user : eyJ1c2VyaWQiOiIxNCIsInVzZXJsZXZlbCI6IjIiLCJleHAiOjE2NjEwNzM0MTR9
21-08-2022 09:08 >>>> Requête liste des assemblées! Liste des assemblées obtenues user : eyJ1c2VyaWQiOiIxNCIsInVzZXJsZXZlbCI6IjIiLCJleHAiOjE2NjEwNzM0MTR9
21-08-2022 09:08 >>>> Requête liste des groupes! Liste des groupes obtnus user : eyJ1c2VyaWQiOiIxNCIsInVzZXJsZXZlbCI6IjIiLCJleHAiOjE2NjEwNzM0MTR9
21-08-2022 09:08 >>>> Recherche profonde juste par identifiant effectuée; juste trouvé user : eyJ1c2VyaWQiOiIxNCIsInVzZXJsZXZlbCI6IjIiLCJleHAiOjE2NjEwNzM0MTR9
21-08-2022 09:08 >>>> Requête liste des groupes du juste; Aucun groupe affiliée user : eyJ1c2VyaWQiOiIxNCIsInVzZXJsZXZlbCI6IjIiLCJleHAiOjE2NjEwNzM0MTR9
21-08-2022 09:08 >>>> Requête liste des assemblées! Liste des assemblées obtenues user : eyJ1c2VyaWQiOiIxNCIsInVzZXJsZXZlbCI6IjIiLCJleHAiOjE2NjEwNzM0MTR9
21-08-2022 09:08 >>>> Requête liste des groupes! Liste des groupes obtnus user : eyJ1c2VyaWQiOiIxNCIsInVzZXJsZXZlbCI6IjIiLCJleHAiOjE2NjEwNzM0MTR9
21-08-2022 09:09 >>>> Recherche profonde juste par identifiant effectuée; juste trouvé user : eyJ1c2VyaWQiOiIxNCIsInVzZXJsZXZlbCI6IjIiLCJleHAiOjE2NjEwNzM0MTR9
21-08-2022 09:09 >>>> Requête liste des groupes du juste; Aucun groupe affiliée user : eyJ1c2VyaWQiOiIxNCIsInVzZXJsZXZlbCI6IjIiLCJleHAiOjE2NjEwNzM0MTR9
21-08-2022 09:09 >>>> Requête liste des assemblées! Liste des assemblées obtenues user : eyJ1c2VyaWQiOiIxNCIsInVzZXJsZXZlbCI6IjIiLCJleHAiOjE2NjEwNzM0MTR9
21-08-2022 09:09 >>>> Requête liste des groupes! Liste des groupes obtnus user : eyJ1c2VyaWQiOiIxNCIsInVzZXJsZXZlbCI6IjIiLCJleHAiOjE2NjEwNzM0MTR9
21-08-2022 09:12 >>>> Recherche profonde juste par identifiant effectuée; juste trouvé user : eyJ1c2VyaWQiOiIxNCIsInVzZXJsZXZlbCI6IjIiLCJleHAiOjE2NjEwNzM0MTR9
21-08-2022 09:12 >>>> Requête liste des groupes du juste; Aucun groupe affiliée user : eyJ1c2VyaWQiOiIxNCIsInVzZXJsZXZlbCI6IjIiLCJleHAiOjE2NjEwNzM0MTR9
21-08-2022 09:12 >>>> Requête liste des groupes! Liste des groupes obtnus user : eyJ1c2VyaWQiOiIxNCIsInVzZXJsZXZlbCI6IjIiLCJleHAiOjE2NjEwNzM0MTR9
21-08-2022 09:12 >>>> Requête liste des assemblées! Liste des assemblées obtenues user : eyJ1c2VyaWQiOiIxNCIsInVzZXJsZXZlbCI6IjIiLCJleHAiOjE2NjEwNzM0MTR9
21-08-2022 09:12 >>>> Recherche profonde juste par identifiant effectuée; juste trouvé user : eyJ1c2VyaWQiOiIxNCIsInVzZXJsZXZlbCI6IjIiLCJleHAiOjE2NjEwNzM0MTR9
21-08-2022 09:12 >>>> Requête liste des groupes du juste; Aucun groupe affiliée user : eyJ1c2VyaWQiOiIxNCIsInVzZXJsZXZlbCI6IjIiLCJleHAiOjE2NjEwNzM0MTR9
21-08-2022 09:12 >>>> Requête liste des groupes! Liste des groupes obtnus user : eyJ1c2VyaWQiOiIxNCIsInVzZXJsZXZlbCI6IjIiLCJleHAiOjE2NjEwNzM0MTR9
21-08-2022 09:12 >>>> Requête liste des assemblées! Liste des assemblées obtenues user : eyJ1c2VyaWQiOiIxNCIsInVzZXJsZXZlbCI6IjIiLCJleHAiOjE2NjEwNzM0MTR9
21-08-2022 09:12 >>>> Requête liste des justes; Liste des justes obtnus user : eyJ1c2VyaWQiOiIxNCIsInVzZXJsZXZlbCI6IjIiLCJleHAiOjE2NjEwNzM0MTR9
21-08-2022 09:12 >>>> Recherche profonde juste par identifiant effectuée; juste trouvé user : eyJ1c2VyaWQiOiIxNCIsInVzZXJsZXZlbCI6IjIiLCJleHAiOjE2NjEwNzM0MTR9
21-08-2022 09:12 >>>> Requête liste des groupes du juste; Liste des assemblées obtenues. user : eyJ1c2VyaWQiOiIxNCIsInVzZXJsZXZlbCI6IjIiLCJleHAiOjE2NjEwNzM0MTR9
21-08-2022 09:12 >>>> Requête liste des assemblées! Liste des assemblées obtenues user : eyJ1c2VyaWQiOiIxNCIsInVzZXJsZXZlbCI6IjIiLCJleHAiOjE2NjEwNzM0MTR9
21-08-2022 09:12 >>>> Requête liste des groupes! Liste des groupes obtnus user : eyJ1c2VyaWQiOiIxNCIsInVzZXJsZXZlbCI6IjIiLCJleHAiOjE2NjEwNzM0MTR9
21-08-2022 09:13 >>>> Recherche profonde juste par identifiant effectuée; juste trouvé user : eyJ1c2VyaWQiOiIxNCIsInVzZXJsZXZlbCI6IjIiLCJleHAiOjE2NjEwNzM0MTR9
21-08-2022 09:13 >>>> Requête liste des groupes du juste; Liste des assemblées obtenues. user : eyJ1c2VyaWQiOiIxNCIsInVzZXJsZXZlbCI6IjIiLCJleHAiOjE2NjEwNzM0MTR9
21-08-2022 09:13 >>>> Requête liste des assemblées! Liste des assemblées obtenues user : eyJ1c2VyaWQiOiIxNCIsInVzZXJsZXZlbCI6IjIiLCJleHAiOjE2NjEwNzM0MTR9
21-08-2022 09:13 >>>> Requête liste des groupes! Liste des groupes obtnus user : eyJ1c2VyaWQiOiIxNCIsInVzZXJsZXZlbCI6IjIiLCJleHAiOjE2NjEwNzM0MTR9
21-08-2022 09:13 >>>> Recherche profonde juste par identifiant effectuée; juste trouvé user : eyJ1c2VyaWQiOiIxNCIsInVzZXJsZXZlbCI6IjIiLCJleHAiOjE2NjEwNzM0MTR9
21-08-2022 09:13 >>>> Requête liste des groupes du juste; Liste des assemblées obtenues. user : eyJ1c2VyaWQiOiIxNCIsInVzZXJsZXZlbCI6IjIiLCJleHAiOjE2NjEwNzM0MTR9
21-08-2022 09:13 >>>> Requête liste des groupes! Liste des groupes obtnus user : eyJ1c2VyaWQiOiIxNCIsInVzZXJsZXZlbCI6IjIiLCJleHAiOjE2NjEwNzM0MTR9
21-08-2022 09:13 >>>> Requête liste des assemblées! Liste des assemblées obtenues user : eyJ1c2VyaWQiOiIxNCIsInVzZXJsZXZlbCI6IjIiLCJleHAiOjE2NjEwNzM0MTR9
21-08-2022 09:13 >>>> Recherche profonde juste par identifiant effectuée; juste trouvé user : eyJ1c2VyaWQiOiIxNCIsInVzZXJsZXZlbCI6IjIiLCJleHAiOjE2NjEwNzM0MTR9
21-08-2022 09:13 >>>> Requête liste des groupes du juste; Liste des assemblées obtenues. user : eyJ1c2VyaWQiOiIxNCIsInVzZXJsZXZlbCI6IjIiLCJleHAiOjE2NjEwNzM0MTR9
21-08-2022 09:13 >>>> Requête liste des groupes! Liste des groupes obtnus user : eyJ1c2VyaWQiOiIxNCIsInVzZXJsZXZlbCI6IjIiLCJleHAiOjE2NjEwNzM0MTR9
21-08-2022 09:13 >>>> Requête liste des assemblées! Liste des assemblées obtenues user : eyJ1c2VyaWQiOiIxNCIsInVzZXJsZXZlbCI6IjIiLCJleHAiOjE2NjEwNzM0MTR9
21-08-2022 09:14 >>>> Requête liste des justes; Liste des justes obtnus user : eyJ1c2VyaWQiOiIxNCIsInVzZXJsZXZlbCI6IjIiLCJleHAiOjE2NjEwNzM0MTR9
21-08-2022 09:14 >>>> Recherche profonde juste par identifiant effectuée; juste trouvé user : eyJ1c2VyaWQiOiIxNCIsInVzZXJsZXZlbCI6IjIiLCJleHAiOjE2NjEwNzM0MTR9
21-08-2022 09:14 >>>> Requête liste des groupes du juste; Aucun groupe affiliée user : eyJ1c2VyaWQiOiIxNCIsInVzZXJsZXZlbCI6IjIiLCJleHAiOjE2NjEwNzM0MTR9
21-08-2022 09:14 >>>> Requête liste des groupes! Liste des groupes obtnus user : eyJ1c2VyaWQiOiIxNCIsInVzZXJsZXZlbCI6IjIiLCJleHAiOjE2NjEwNzM0MTR9
21-08-2022 09:14 >>>> Requête liste des assemblées! Liste des assemblées obtenues user : eyJ1c2VyaWQiOiIxNCIsInVzZXJsZXZlbCI6IjIiLCJleHAiOjE2NjEwNzM0MTR9
21-08-2022 09:15 >>>> Connexion par login éffectuée. user : eyJ1c2VyaWQiOiIxNCIsInVzZXJsZXZlbCI6IjIiLCJleHAiOjE2NjEwNzUxMTl9
21-08-2022 09:15 >>>> Requête liste des justes; Liste des justes obtnus user : eyJ1c2VyaWQiOiIxNCIsInVzZXJsZXZlbCI6IjIiLCJleHAiOjE2NjEwNzUxMTl9
21-08-2022 09:18 >>>> Requête liste des justes; Liste des justes obtnus user : eyJ1c2VyaWQiOiIxNCIsInVzZXJsZXZlbCI6IjIiLCJleHAiOjE2NjEwNzUxMTl9
21-08-2022 09:18 >>>> Requête liste des assemblées! Liste des assemblées obtenues user : eyJ1c2VyaWQiOiIxNCIsInVzZXJsZXZlbCI6IjIiLCJleHAiOjE2NjEwNzUxMTl9
21-08-2022 09:19 >>>> Requête liste des assemblées! Liste des assemblées obtenues user : eyJ1c2VyaWQiOiIxNCIsInVzZXJsZXZlbCI6IjIiLCJleHAiOjE2NjEwNzUxMTl9
21-08-2022 09:19 >>>> Requête liste des assemblées! Liste des assemblées obtenues user : eyJ1c2VyaWQiOiIxNCIsInVzZXJsZXZlbCI6IjIiLCJleHAiOjE2NjEwNzUxMTl9
21-08-2022 09:20 >>>> Requête liste des assemblées! Liste des assemblées obtenues user : eyJ1c2VyaWQiOiIxNCIsInVzZXJsZXZlbCI6IjIiLCJleHAiOjE2NjEwNzUxMTl9
21-08-2022 09:20 >>>> Requête liste des assemblées! Liste des assemblées obtenues user : eyJ1c2VyaWQiOiIxNCIsInVzZXJsZXZlbCI6IjIiLCJleHAiOjE2NjEwNzUxMTl9
21-08-2022 09:20 >>>> Requête liste des assemblées! Liste des assemblées obtenues user : eyJ1c2VyaWQiOiIxNCIsInVzZXJsZXZlbCI6IjIiLCJleHAiOjE2NjEwNzUxMTl9
21-08-2022 09:22 >>>> Requête liste des assemblées! Liste des assemblées obtenues user : eyJ1c2VyaWQiOiIxNCIsInVzZXJsZXZlbCI6IjIiLCJleHAiOjE2NjEwNzUxMTl9
21-08-2022 09:22 >>>> Juste enregistré user : eyJ1c2VyaWQiOiIxNCIsInVzZXJsZXZlbCI6IjIiLCJleHAiOjE2NjEwNzUxMTl9
21-08-2022 09:22 >>>> Requête liste des justes; Liste des justes obtnus user : eyJ1c2VyaWQiOiIxNCIsInVzZXJsZXZlbCI6IjIiLCJleHAiOjE2NjEwNzUxMTl9
21-08-2022 09:22 >>>> Recherche profonde juste par identifiant effectuée; juste trouvé user : eyJ1c2VyaWQiOiIxNCIsInVzZXJsZXZlbCI6IjIiLCJleHAiOjE2NjEwNzUxMTl9
21-08-2022 09:22 >>>> Requête liste des groupes du juste; Aucun groupe affiliée user : eyJ1c2VyaWQiOiIxNCIsInVzZXJsZXZlbCI6IjIiLCJleHAiOjE2NjEwNzUxMTl9
21-08-2022 09:22 >>>> Requête liste des groupes! Liste des groupes obtnus user : eyJ1c2VyaWQiOiIxNCIsInVzZXJsZXZlbCI6IjIiLCJleHAiOjE2NjEwNzUxMTl9
21-08-2022 09:22 >>>> Requête liste des assemblées! Liste des assemblées obtenues user : eyJ1c2VyaWQiOiIxNCIsInVzZXJsZXZlbCI6IjIiLCJleHAiOjE2NjEwNzUxMTl9
21-08-2022 09:22 >>>> Requête liste des justes; Liste des justes obtnus user : eyJ1c2VyaWQiOiIxNCIsInVzZXJsZXZlbCI6IjIiLCJleHAiOjE2NjEwNzUxMTl9
21-08-2022 09:22 >>>> Recherche profonde juste par identifiant effectuée; juste trouvé user : eyJ1c2VyaWQiOiIxNCIsInVzZXJsZXZlbCI6IjIiLCJleHAiOjE2NjEwNzUxMTl9
21-08-2022 09:22 >>>> Requête liste des groupes du juste; Aucun groupe affiliée user : eyJ1c2VyaWQiOiIxNCIsInVzZXJsZXZlbCI6IjIiLCJleHAiOjE2NjEwNzUxMTl9
21-08-2022 09:22 >>>> Requête liste des assemblées! Liste des assemblées obtenues user : eyJ1c2VyaWQiOiIxNCIsInVzZXJsZXZlbCI6IjIiLCJleHAiOjE2NjEwNzUxMTl9
21-08-2022 09:22 >>>> Requête liste des groupes! Liste des groupes obtnus user : eyJ1c2VyaWQiOiIxNCIsInVzZXJsZXZlbCI6IjIiLCJleHAiOjE2NjEwNzUxMTl9
21-08-2022 09:23 >>>> Recherche profonde juste par identifiant effectuée; juste trouvé user : eyJ1c2VyaWQiOiIxNCIsInVzZXJsZXZlbCI6IjIiLCJleHAiOjE2NjEwNzUxMTl9
21-08-2022 09:23 >>>> Requête liste des groupes du juste; Aucun groupe affiliée user : eyJ1c2VyaWQiOiIxNCIsInVzZXJsZXZlbCI6IjIiLCJleHAiOjE2NjEwNzUxMTl9
21-08-2022 09:23 >>>> Requête liste des groupes! Liste des groupes obtnus user : eyJ1c2VyaWQiOiIxNCIsInVzZXJsZXZlbCI6IjIiLCJleHAiOjE2NjEwNzUxMTl9
21-08-2022 09:23 >>>> Requête liste des assemblées! Liste des assemblées obtenues user : eyJ1c2VyaWQiOiIxNCIsInVzZXJsZXZlbCI6IjIiLCJleHAiOjE2NjEwNzUxMTl9
21-08-2022 09:23 >>>> Recherche profonde juste par identifiant effectuée; juste trouvé user : eyJ1c2VyaWQiOiIxNCIsInVzZXJsZXZlbCI6IjIiLCJleHAiOjE2NjEwNzUxMTl9
21-08-2022 09:23 >>>> Requête liste des groupes du juste; Aucun groupe affiliée user : eyJ1c2VyaWQiOiIxNCIsInVzZXJsZXZlbCI6IjIiLCJleHAiOjE2NjEwNzUxMTl9
21-08-2022 09:23 >>>> Requête liste des groupes! Liste des groupes obtnus user : eyJ1c2VyaWQiOiIxNCIsInVzZXJsZXZlbCI6IjIiLCJleHAiOjE2NjEwNzUxMTl9
21-08-2022 09:23 >>>> Requête liste des assemblées! Liste des assemblées obtenues user : eyJ1c2VyaWQiOiIxNCIsInVzZXJsZXZlbCI6IjIiLCJleHAiOjE2NjEwNzUxMTl9
21-08-2022 09:25 >>>> Requête liste des groupes du juste; Aucun groupe affiliée user : eyJ1c2VyaWQiOiIxNCIsInVzZXJsZXZlbCI6IjIiLCJleHAiOjE2NjEwNzUxMTl9
21-08-2022 09:25 >>>> Recherche profonde juste par identifiant effectuée; juste trouvé user : eyJ1c2VyaWQiOiIxNCIsInVzZXJsZXZlbCI6IjIiLCJleHAiOjE2NjEwNzUxMTl9
21-08-2022 09:25 >>>> Requête liste des assemblées! Liste des assemblées obtenues user : eyJ1c2VyaWQiOiIxNCIsInVzZXJsZXZlbCI6IjIiLCJleHAiOjE2NjEwNzUxMTl9
21-08-2022 09:25 >>>> Requête liste des groupes! Liste des groupes obtnus user : eyJ1c2VyaWQiOiIxNCIsInVzZXJsZXZlbCI6IjIiLCJleHAiOjE2NjEwNzUxMTl9
21-08-2022 09:25 >>>> Recherche profonde juste par identifiant effectuée; juste trouvé user : eyJ1c2VyaWQiOiIxNCIsInVzZXJsZXZlbCI6IjIiLCJleHAiOjE2NjEwNzUxMTl9
21-08-2022 09:25 >>>> Requête liste des groupes du juste; Aucun groupe affiliée user : eyJ1c2VyaWQiOiIxNCIsInVzZXJsZXZlbCI6IjIiLCJleHAiOjE2NjEwNzUxMTl9
21-08-2022 09:25 >>>> Requête liste des groupes! Liste des groupes obtnus user : eyJ1c2VyaWQiOiIxNCIsInVzZXJsZXZlbCI6IjIiLCJleHAiOjE2NjEwNzUxMTl9
21-08-2022 09:25 >>>> Requête liste des assemblées! Liste des assemblées obtenues user : eyJ1c2VyaWQiOiIxNCIsInVzZXJsZXZlbCI6IjIiLCJleHAiOjE2NjEwNzUxMTl9
21-08-2022 09:25 >>>> Recherche profonde juste par identifiant effectuée; juste trouvé user : eyJ1c2VyaWQiOiIxNCIsInVzZXJsZXZlbCI6IjIiLCJleHAiOjE2NjEwNzUxMTl9
21-08-2022 09:25 >>>> Requête liste des groupes du juste; Aucun groupe affiliée user : eyJ1c2VyaWQiOiIxNCIsInVzZXJsZXZlbCI6IjIiLCJleHAiOjE2NjEwNzUxMTl9
21-08-2022 09:25 >>>> Requête liste des assemblées! Liste des assemblées obtenues user : eyJ1c2VyaWQiOiIxNCIsInVzZXJsZXZlbCI6IjIiLCJleHAiOjE2NjEwNzUxMTl9
21-08-2022 09:25 >>>> Requête liste des groupes! Liste des groupes obtnus user : eyJ1c2VyaWQiOiIxNCIsInVzZXJsZXZlbCI6IjIiLCJleHAiOjE2NjEwNzUxMTl9
21-08-2022 09:25 >>>> Recherche profonde juste par identifiant effectuée; juste trouvé user : eyJ1c2VyaWQiOiIxNCIsInVzZXJsZXZlbCI6IjIiLCJleHAiOjE2NjEwNzUxMTl9
21-08-2022 09:25 >>>> Requête liste des groupes! Liste des groupes obtnus user : eyJ1c2VyaWQiOiIxNCIsInVzZXJsZXZlbCI6IjIiLCJleHAiOjE2NjEwNzUxMTl9
21-08-2022 09:25 >>>> Requête liste des assemblées! Liste des assemblées obtenues user : eyJ1c2VyaWQiOiIxNCIsInVzZXJsZXZlbCI6IjIiLCJleHAiOjE2NjEwNzUxMTl9
21-08-2022 09:25 >>>> Requête liste des groupes du juste; Aucun groupe affiliée user : eyJ1c2VyaWQiOiIxNCIsInVzZXJsZXZlbCI6IjIiLCJleHAiOjE2NjEwNzUxMTl9
21-08-2022 09:28 >>>> Recherche profonde juste par identifiant effectuée; juste trouvé user : eyJ1c2VyaWQiOiIxNCIsInVzZXJsZXZlbCI6IjIiLCJleHAiOjE2NjEwNzUxMTl9
21-08-2022 09:28 >>>> Requête liste des groupes du juste; Aucun groupe affiliée user : eyJ1c2VyaWQiOiIxNCIsInVzZXJsZXZlbCI6IjIiLCJleHAiOjE2NjEwNzUxMTl9
21-08-2022 09:28 >>>> Requête liste des groupes! Liste des groupes obtnus user : eyJ1c2VyaWQiOiIxNCIsInVzZXJsZXZlbCI6IjIiLCJleHAiOjE2NjEwNzUxMTl9
21-08-2022 09:28 >>>> Requête liste des assemblées! Liste des assemblées obtenues user : eyJ1c2VyaWQiOiIxNCIsInVzZXJsZXZlbCI6IjIiLCJleHAiOjE2NjEwNzUxMTl9
21-08-2022 09:44 >>>> Requête liste des justes; Liste des justes obtnus user : eyJ1c2VyaWQiOiIxNCIsInVzZXJsZXZlbCI6IjIiLCJleHAiOjE2NjEwNzUxMTl9
21-08-2022 09:44 >>>> Requête liste des groupes! Liste des groupes obtnus user : eyJ1c2VyaWQiOiIxNCIsInVzZXJsZXZlbCI6IjIiLCJleHAiOjE2NjEwNzUxMTl9
21-08-2022 09:44 >>>> Requête liste des justes; Liste des justes obtnus user : eyJ1c2VyaWQiOiIxNCIsInVzZXJsZXZlbCI6IjIiLCJleHAiOjE2NjEwNzUxMTl9
21-08-2022 09:44 >>>> Requête liste des groupes! Liste des groupes obtnus user : eyJ1c2VyaWQiOiIxNCIsInVzZXJsZXZlbCI6IjIiLCJleHAiOjE2NjEwNzUxMTl9
21-08-2022 09:44 >>>> Requête liste des justes; Liste des justes obtnus user : eyJ1c2VyaWQiOiIxNCIsInVzZXJsZXZlbCI6IjIiLCJleHAiOjE2NjEwNzUxMTl9
21-08-2022 09:44 >>>> Liste des services! user : eyJ1c2VyaWQiOiIxNCIsInVzZXJsZXZlbCI6IjIiLCJleHAiOjE2NjEwNzUxMTl9
21-08-2022 09:44 >>>> Requête liste des justes; Liste des justes obtnus user : eyJ1c2VyaWQiOiIxNCIsInVzZXJsZXZlbCI6IjIiLCJleHAiOjE2NjEwNzUxMTl9
21-08-2022 09:46 >>>> Token expiré
21-08-2022 09:46 >>>> Token expiré
21-08-2022 09:46 >>>> Token expiré
21-08-2022 09:46 >>>> Token expiré
21-08-2022 09:48 >>>> Token expiré
21-08-2022 09:48 >>>> Token expiré
21-08-2022 09:48 >>>> Token expiré
21-08-2022 09:48 >>>> Token expiré
21-08-2022 09:48 >>>> Token expiré
21-08-2022 09:49 >>>> Connexion par login éffectuée. user : eyJ1c2VyaWQiOiIxNCIsInVzZXJsZXZlbCI6IjIiLCJleHAiOjE2NjEwNzcxNDJ9
21-08-2022 09:49 >>>> Requête liste des justes; Liste des justes obtnus user : eyJ1c2VyaWQiOiIxNCIsInVzZXJsZXZlbCI6IjIiLCJleHAiOjE2NjEwNzcxNDJ9
21-08-2022 09:49 >>>> Recherche profonde juste par identifiant effectuée; juste trouvé user : eyJ1c2VyaWQiOiIxNCIsInVzZXJsZXZlbCI6IjIiLCJleHAiOjE2NjEwNzcxNDJ9
21-08-2022 09:49 >>>> Requête liste des assemblées! Liste des assemblées obtenues user : eyJ1c2VyaWQiOiIxNCIsInVzZXJsZXZlbCI6IjIiLCJleHAiOjE2NjEwNzcxNDJ9
21-08-2022 09:49 >>>> Requête liste des groupes! Liste des groupes obtnus user : eyJ1c2VyaWQiOiIxNCIsInVzZXJsZXZlbCI6IjIiLCJleHAiOjE2NjEwNzcxNDJ9
21-08-2022 09:49 >>>> Requête liste des groupes du juste; Aucun groupe affiliée user : eyJ1c2VyaWQiOiIxNCIsInVzZXJsZXZlbCI6IjIiLCJleHAiOjE2NjEwNzcxNDJ9
21-08-2022 09:49 >>>> Recherche profonde juste par identifiant effectuée; juste trouvé user : eyJ1c2VyaWQiOiIxNCIsInVzZXJsZXZlbCI6IjIiLCJleHAiOjE2NjEwNzcxNDJ9
21-08-2022 09:49 >>>> Requête liste des groupes du juste; Aucun groupe affiliée user : eyJ1c2VyaWQiOiIxNCIsInVzZXJsZXZlbCI6IjIiLCJleHAiOjE2NjEwNzcxNDJ9
21-08-2022 09:49 >>>> Requête liste des groupes! Liste des groupes obtnus user : eyJ1c2VyaWQiOiIxNCIsInVzZXJsZXZlbCI6IjIiLCJleHAiOjE2NjEwNzcxNDJ9
21-08-2022 09:49 >>>> Requête liste des assemblées! Liste des assemblées obtenues user : eyJ1c2VyaWQiOiIxNCIsInVzZXJsZXZlbCI6IjIiLCJleHAiOjE2NjEwNzcxNDJ9
21-08-2022 09:50 >>>> Recherche profonde juste par identifiant effectuée; juste trouvé user : eyJ1c2VyaWQiOiIxNCIsInVzZXJsZXZlbCI6IjIiLCJleHAiOjE2NjEwNzcxNDJ9
21-08-2022 09:50 >>>> Requête liste des groupes du juste; Aucun groupe affiliée user : eyJ1c2VyaWQiOiIxNCIsInVzZXJsZXZlbCI6IjIiLCJleHAiOjE2NjEwNzcxNDJ9
21-08-2022 09:50 >>>> Requête liste des assemblées! Liste des assemblées obtenues user : eyJ1c2VyaWQiOiIxNCIsInVzZXJsZXZlbCI6IjIiLCJleHAiOjE2NjEwNzcxNDJ9
21-08-2022 09:50 >>>> Requête liste des groupes! Liste des groupes obtnus user : eyJ1c2VyaWQiOiIxNCIsInVzZXJsZXZlbCI6IjIiLCJleHAiOjE2NjEwNzcxNDJ9
21-08-2022 09:50 >>>> Recherche profonde juste par identifiant effectuée; juste trouvé user : eyJ1c2VyaWQiOiIxNCIsInVzZXJsZXZlbCI6IjIiLCJleHAiOjE2NjEwNzcxNDJ9
21-08-2022 09:50 >>>> Requête liste des groupes! Liste des groupes obtnus user : eyJ1c2VyaWQiOiIxNCIsInVzZXJsZXZlbCI6IjIiLCJleHAiOjE2NjEwNzcxNDJ9
21-08-2022 09:50 >>>> Requête liste des groupes du juste; Aucun groupe affiliée user : eyJ1c2VyaWQiOiIxNCIsInVzZXJsZXZlbCI6IjIiLCJleHAiOjE2NjEwNzcxNDJ9
21-08-2022 09:50 >>>> Requête liste des assemblées! Liste des assemblées obtenues user : eyJ1c2VyaWQiOiIxNCIsInVzZXJsZXZlbCI6IjIiLCJleHAiOjE2NjEwNzcxNDJ9
21-08-2022 09:50 >>>> Recherche profonde juste par identifiant effectuée; juste trouvé user : eyJ1c2VyaWQiOiIxNCIsInVzZXJsZXZlbCI6IjIiLCJleHAiOjE2NjEwNzcxNDJ9
21-08-2022 09:50 >>>> Requête liste des groupes du juste; Aucun groupe affiliée user : eyJ1c2VyaWQiOiIxNCIsInVzZXJsZXZlbCI6IjIiLCJleHAiOjE2NjEwNzcxNDJ9
21-08-2022 09:50 >>>> Requête liste des groupes! Liste des groupes obtnus user : eyJ1c2VyaWQiOiIxNCIsInVzZXJsZXZlbCI6IjIiLCJleHAiOjE2NjEwNzcxNDJ9
21-08-2022 09:50 >>>> Requête liste des assemblées! Liste des assemblées obtenues user : eyJ1c2VyaWQiOiIxNCIsInVzZXJsZXZlbCI6IjIiLCJleHAiOjE2NjEwNzcxNDJ9
21-08-2022 09:51 >>>> Requête liste des groupes! Liste des groupes obtnus user : eyJ1c2VyaWQiOiIxNCIsInVzZXJsZXZlbCI6IjIiLCJleHAiOjE2NjEwNzcxNDJ9
21-08-2022 13:40 >>>> Connexion par login éffectuée. user : eyJ1c2VyaWQiOiIxNCIsInVzZXJsZXZlbCI6IjIiLCJleHAiOjE2NjEwOTEwMzR9
21-08-2022 13:41 >>>> Requête liste des assemblées! Liste des assemblées obtenues user : eyJ1c2VyaWQiOiIxNCIsInVzZXJsZXZlbCI6IjIiLCJleHAiOjE2NjEwOTEwMzR9
21-08-2022 13:43 >>>> Requête liste des assemblées! Liste des assemblées obtenues user : eyJ1c2VyaWQiOiIxNCIsInVzZXJsZXZlbCI6IjIiLCJleHAiOjE2NjEwOTEwMzR9
21-08-2022 13:43 >>>> Requête liste des assemblées! Liste des assemblées obtenues user : eyJ1c2VyaWQiOiIxNCIsInVzZXJsZXZlbCI6IjIiLCJleHAiOjE2NjEwOTEwMzR9
21-08-2022 13:43 >>>> Requête liste des justes de l'assemblée! Liste des justes obtnus user : eyJ1c2VyaWQiOiIxNCIsInVzZXJsZXZlbCI6IjIiLCJleHAiOjE2NjEwOTEwMzR9
21-08-2022 13:44 >>>> Requête liste des assemblées! Liste des assemblées obtenues user : eyJ1c2VyaWQiOiIxNCIsInVzZXJsZXZlbCI6IjIiLCJleHAiOjE2NjEwOTEwMzR9
21-08-2022 13:44 >>>> Requête liste des justes de l'assemblée! Liste des justes obtnus user : eyJ1c2VyaWQiOiIxNCIsInVzZXJsZXZlbCI6IjIiLCJleHAiOjE2NjEwOTEwMzR9
21-08-2022 13:44 >>>> Recherche profonde juste par identifiant effectuée; juste trouvé user : eyJ1c2VyaWQiOiIxNCIsInVzZXJsZXZlbCI6IjIiLCJleHAiOjE2NjEwOTEwMzR9
21-08-2022 13:44 >>>> Requête liste des assemblées! Liste des assemblées obtenues user : eyJ1c2VyaWQiOiIxNCIsInVzZXJsZXZlbCI6IjIiLCJleHAiOjE2NjEwOTEwMzR9
21-08-2022 13:44 >>>> Requête liste des groupes du juste; Aucun groupe affiliée user : eyJ1c2VyaWQiOiIxNCIsInVzZXJsZXZlbCI6IjIiLCJleHAiOjE2NjEwOTEwMzR9
21-08-2022 13:44 >>>> Requête liste des groupes! Liste des groupes obtnus user : eyJ1c2VyaWQiOiIxNCIsInVzZXJsZXZlbCI6IjIiLCJleHAiOjE2NjEwOTEwMzR9
21-08-2022 13:44 >>>> Requête liste des groupes! Liste des groupes obtnus user : eyJ1c2VyaWQiOiIxNCIsInVzZXJsZXZlbCI6IjIiLCJleHAiOjE2NjEwOTEwMzR9
21-08-2022 13:45 >>>> Requête liste des justes; Liste des justes obtnus user : eyJ1c2VyaWQiOiIxNCIsInVzZXJsZXZlbCI6IjIiLCJleHAiOjE2NjEwOTEwMzR9
21-08-2022 13:45 >>>> Requête liste des assemblées! Liste des assemblées obtenues user : eyJ1c2VyaWQiOiIxNCIsInVzZXJsZXZlbCI6IjIiLCJleHAiOjE2NjEwOTEwMzR9
21-08-2022 13:47 >>>> Requête liste des assemblées! Liste des assemblées obtenues user : eyJ1c2VyaWQiOiIxNCIsInVzZXJsZXZlbCI6IjIiLCJleHAiOjE2NjEwOTEwMzR9
21-08-2022 13:47 >>>> Liste des services! user : eyJ1c2VyaWQiOiIxNCIsInVzZXJsZXZlbCI6IjIiLCJleHAiOjE2NjEwOTEwMzR9
21-08-2022 13:47 >>>> Requête liste des justes; Liste des justes obtnus user : eyJ1c2VyaWQiOiIxNCIsInVzZXJsZXZlbCI6IjIiLCJleHAiOjE2NjEwOTEwMzR9
21-08-2022 13:47 >>>> Recherche profonde juste par identifiant effectuée; juste trouvé user : eyJ1c2VyaWQiOiIxNCIsInVzZXJsZXZlbCI6IjIiLCJleHAiOjE2NjEwOTEwMzR9
21-08-2022 13:47 >>>> Requête liste des groupes du juste; Liste des assemblées obtenues. user : eyJ1c2VyaWQiOiIxNCIsInVzZXJsZXZlbCI6IjIiLCJleHAiOjE2NjEwOTEwMzR9
21-08-2022 13:47 >>>> Requête liste des groupes! Liste des groupes obtnus user : eyJ1c2VyaWQiOiIxNCIsInVzZXJsZXZlbCI6IjIiLCJleHAiOjE2NjEwOTEwMzR9
21-08-2022 13:47 >>>> Requête liste des assemblées! Liste des assemblées obtenues user : eyJ1c2VyaWQiOiIxNCIsInVzZXJsZXZlbCI6IjIiLCJleHAiOjE2NjEwOTEwMzR9
21-08-2022 13:47 >>>> Service trouvé user : eyJ1c2VyaWQiOiIxNCIsInVzZXJsZXZlbCI6IjIiLCJleHAiOjE2NjEwOTEwMzR9
21-08-2022 13:47 >>>> Requête liste des justes du groupe; Liste des justes obtnus user : eyJ1c2VyaWQiOiIxNCIsInVzZXJsZXZlbCI6IjIiLCJleHAiOjE2NjEwOTEwMzR9
21-08-2022 13:47 >>>> Liste des services! user : eyJ1c2VyaWQiOiIxNCIsInVzZXJsZXZlbCI6IjIiLCJleHAiOjE2NjEwOTEwMzR9
21-08-2022 13:47 >>>> Liste des services! user : eyJ1c2VyaWQiOiIxNCIsInVzZXJsZXZlbCI6IjIiLCJleHAiOjE2NjEwOTEwMzR9
21-08-2022 13:48 >>>> Requête liste des justes; Liste des justes obtnus user : eyJ1c2VyaWQiOiIxNCIsInVzZXJsZXZlbCI6IjIiLCJleHAiOjE2NjEwOTEwMzR9
21-08-2022 13:48 >>>> Recherche profonde juste par identifiant effectuée; juste trouvé user : eyJ1c2VyaWQiOiIxNCIsInVzZXJsZXZlbCI6IjIiLCJleHAiOjE2NjEwOTEwMzR9
21-08-2022 13:48 >>>> Requête liste des groupes du juste; Liste des assemblées obtenues. user : eyJ1c2VyaWQiOiIxNCIsInVzZXJsZXZlbCI6IjIiLCJleHAiOjE2NjEwOTEwMzR9
21-08-2022 13:48 >>>> Requête liste des assemblées! Liste des assemblées obtenues user : eyJ1c2VyaWQiOiIxNCIsInVzZXJsZXZlbCI6IjIiLCJleHAiOjE2NjEwOTEwMzR9
21-08-2022 13:48 >>>> Requête liste des groupes! Liste des groupes obtnus user : eyJ1c2VyaWQiOiIxNCIsInVzZXJsZXZlbCI6IjIiLCJleHAiOjE2NjEwOTEwMzR9
21-08-2022 13:48 >>>> Requête liste des justes; Liste des justes obtnus user : eyJ1c2VyaWQiOiIxNCIsInVzZXJsZXZlbCI6IjIiLCJleHAiOjE2NjEwOTEwMzR9
21-08-2022 13:48 >>>> Requête liste des assemblées! Liste des assemblées obtenues user : eyJ1c2VyaWQiOiIxNCIsInVzZXJsZXZlbCI6IjIiLCJleHAiOjE2NjEwOTEwMzR9
21-08-2022 13:49 >>>> Requête liste des justes; Liste des justes obtnus user : eyJ1c2VyaWQiOiIxNCIsInVzZXJsZXZlbCI6IjIiLCJleHAiOjE2NjEwOTEwMzR9
21-08-2022 13:49 >>>> Recherche profonde juste par identifiant effectuée; juste trouvé user : eyJ1c2VyaWQiOiIxNCIsInVzZXJsZXZlbCI6IjIiLCJleHAiOjE2NjEwOTEwMzR9
21-08-2022 13:49 >>>> Requête liste des groupes du juste; Liste des assemblées obtenues. user : eyJ1c2VyaWQiOiIxNCIsInVzZXJsZXZlbCI6IjIiLCJleHAiOjE2NjEwOTEwMzR9
21-08-2022 13:49 >>>> Requête liste des groupes! Liste des groupes obtnus user : eyJ1c2VyaWQiOiIxNCIsInVzZXJsZXZlbCI6IjIiLCJleHAiOjE2NjEwOTEwMzR9
21-08-2022 13:49 >>>> Requête liste des assemblées! Liste des assemblées obtenues user : eyJ1c2VyaWQiOiIxNCIsInVzZXJsZXZlbCI6IjIiLCJleHAiOjE2NjEwOTEwMzR9
21-08-2022 13:49 >>>> Recherche profonde juste par identifiant effectuée; juste trouvé user : eyJ1c2VyaWQiOiIxNCIsInVzZXJsZXZlbCI6IjIiLCJleHAiOjE2NjEwOTEwMzR9
21-08-2022 13:49 >>>> Requête liste des groupes du juste; Liste des assemblées obtenues. user : eyJ1c2VyaWQiOiIxNCIsInVzZXJsZXZlbCI6IjIiLCJleHAiOjE2NjEwOTEwMzR9
21-08-2022 13:49 >>>> Requête liste des groupes! Liste des groupes obtnus user : eyJ1c2VyaWQiOiIxNCIsInVzZXJsZXZlbCI6IjIiLCJleHAiOjE2NjEwOTEwMzR9
21-08-2022 13:49 >>>> Requête liste des assemblées! Liste des assemblées obtenues user : eyJ1c2VyaWQiOiIxNCIsInVzZXJsZXZlbCI6IjIiLCJleHAiOjE2NjEwOTEwMzR9
21-08-2022 13:49 >>>> Recherche profonde juste par identifiant effectuée; juste trouvé user : eyJ1c2VyaWQiOiIxNCIsInVzZXJsZXZlbCI6IjIiLCJleHAiOjE2NjEwOTEwMzR9
21-08-2022 13:49 >>>> Requête liste des groupes du juste; Liste des assemblées obtenues. user : eyJ1c2VyaWQiOiIxNCIsInVzZXJsZXZlbCI6IjIiLCJleHAiOjE2NjEwOTEwMzR9
21-08-2022 13:49 >>>> Requête liste des groupes! Liste des groupes obtnus user : eyJ1c2VyaWQiOiIxNCIsInVzZXJsZXZlbCI6IjIiLCJleHAiOjE2NjEwOTEwMzR9
21-08-2022 13:49 >>>> Requête liste des assemblées! Liste des assemblées obtenues user : eyJ1c2VyaWQiOiIxNCIsInVzZXJsZXZlbCI6IjIiLCJleHAiOjE2NjEwOTEwMzR9
21-08-2022 13:49 >>>> Recherche profonde juste par identifiant effectuée; juste trouvé user : eyJ1c2VyaWQiOiIxNCIsInVzZXJsZXZlbCI6IjIiLCJleHAiOjE2NjEwOTEwMzR9
21-08-2022 13:49 >>>> Requête liste des assemblées! Liste des assemblées obtenues user : eyJ1c2VyaWQiOiIxNCIsInVzZXJsZXZlbCI6IjIiLCJleHAiOjE2NjEwOTEwMzR9
21-08-2022 13:49 >>>> Requête liste des groupes! Liste des groupes obtnus user : eyJ1c2VyaWQiOiIxNCIsInVzZXJsZXZlbCI6IjIiLCJleHAiOjE2NjEwOTEwMzR9
21-08-2022 13:49 >>>> Requête liste des groupes du juste; Liste des assemblées obtenues. user : eyJ1c2VyaWQiOiIxNCIsInVzZXJsZXZlbCI6IjIiLCJleHAiOjE2NjEwOTEwMzR9
21-08-2022 13:51 >>>> Requête liste des justes; Liste des justes obtnus user : eyJ1c2VyaWQiOiIxNCIsInVzZXJsZXZlbCI6IjIiLCJleHAiOjE2NjEwOTEwMzR9
21-08-2022 13:51 >>>> Requête liste des assemblées! Liste des assemblées obtenues user : eyJ1c2VyaWQiOiIxNCIsInVzZXJsZXZlbCI6IjIiLCJleHAiOjE2NjEwOTEwMzR9
21-08-2022 13:54 >>>> Requête liste des assemblées! Liste des assemblées obtenues user : eyJ1c2VyaWQiOiIxNCIsInVzZXJsZXZlbCI6IjIiLCJleHAiOjE2NjEwOTEwMzR9
21-08-2022 13:55 >>>> Requête liste des justes de l'assemblée! Liste des justes obtnus user : eyJ1c2VyaWQiOiIxNCIsInVzZXJsZXZlbCI6IjIiLCJleHAiOjE2NjEwOTEwMzR9
21-08-2022 13:55 >>>> Requête liste des justes; Liste des justes obtnus user : eyJ1c2VyaWQiOiIxNCIsInVzZXJsZXZlbCI6IjIiLCJleHAiOjE2NjEwOTEwMzR9
21-08-2022 13:55 >>>> Recherche profonde juste par identifiant effectuée; juste trouvé user : eyJ1c2VyaWQiOiIxNCIsInVzZXJsZXZlbCI6IjIiLCJleHAiOjE2NjEwOTEwMzR9
21-08-2022 13:55 >>>> Requête liste des groupes du juste; Liste des assemblées obtenues. user : eyJ1c2VyaWQiOiIxNCIsInVzZXJsZXZlbCI6IjIiLCJleHAiOjE2NjEwOTEwMzR9
21-08-2022 13:55 >>>> Requête liste des assemblées! Liste des assemblées obtenues user : eyJ1c2VyaWQiOiIxNCIsInVzZXJsZXZlbCI6IjIiLCJleHAiOjE2NjEwOTEwMzR9
21-08-2022 13:55 >>>> Requête liste des groupes! Liste des groupes obtnus user : eyJ1c2VyaWQiOiIxNCIsInVzZXJsZXZlbCI6IjIiLCJleHAiOjE2NjEwOTEwMzR9
21-08-2022 13:58 >>>> Connexion par login éffectuée. user : eyJ1c2VyaWQiOiIxNCIsInVzZXJsZXZlbCI6IjIiLCJleHAiOjE2NjEwOTIxMDl9
21-08-2022 13:58 >>>> Requête liste des justes; Liste des justes obtnus user : eyJ1c2VyaWQiOiIxNCIsInVzZXJsZXZlbCI6IjIiLCJleHAiOjE2NjEwOTIxMDl9
21-08-2022 13:58 >>>> Requête liste des assemblées! Liste des assemblées obtenues user : eyJ1c2VyaWQiOiIxNCIsInVzZXJsZXZlbCI6IjIiLCJleHAiOjE2NjEwOTIxMDl9
21-08-2022 13:59 >>>> Requête liste des assemblées! Liste des assemblées obtenues user : eyJ1c2VyaWQiOiIxNCIsInVzZXJsZXZlbCI6IjIiLCJleHAiOjE2NjEwOTIxMDl9
21-08-2022 13:59 >>>> Requête liste des assemblées! Liste des assemblées obtenues user : eyJ1c2VyaWQiOiIxNCIsInVzZXJsZXZlbCI6IjIiLCJleHAiOjE2NjEwOTIxMDl9
21-08-2022 14:00 >>>> Requête liste des justes de l'assemblée! Liste des justes obtnus user : eyJ1c2VyaWQiOiIxNCIsInVzZXJsZXZlbCI6IjIiLCJleHAiOjE2NjEwOTIxMDl9
21-08-2022 14:02 >>>> Requête liste des justes; Liste des justes obtnus user : eyJ1c2VyaWQiOiIxNCIsInVzZXJsZXZlbCI6IjIiLCJleHAiOjE2NjEwOTIxMDl9
21-08-2022 14:02 >>>> Requête liste des justes; Liste des justes obtnus user : eyJ1c2VyaWQiOiIxNCIsInVzZXJsZXZlbCI6IjIiLCJleHAiOjE2NjEwOTIxMDl9
21-08-2022 14:02 >>>> Requête liste des groupes du juste; Liste des assemblées obtenues. user : eyJ1c2VyaWQiOiIxNCIsInVzZXJsZXZlbCI6IjIiLCJleHAiOjE2NjEwOTIxMDl9
21-08-2022 14:02 >>>> Requête liste des groupes! Liste des groupes obtnus user : eyJ1c2VyaWQiOiIxNCIsInVzZXJsZXZlbCI6IjIiLCJleHAiOjE2NjEwOTIxMDl9
21-08-2022 14:02 >>>> Requête liste des assemblées! Liste des assemblées obtenues user : eyJ1c2VyaWQiOiIxNCIsInVzZXJsZXZlbCI6IjIiLCJleHAiOjE2NjEwOTIxMDl9
21-08-2022 14:02 >>>> Recherche profonde juste par identifiant effectuée; juste trouvé user : eyJ1c2VyaWQiOiIxNCIsInVzZXJsZXZlbCI6IjIiLCJleHAiOjE2NjEwOTIxMDl9
21-08-2022 14:03 >>>> Requête liste des justes; Liste des justes obtnus user : eyJ1c2VyaWQiOiIxNCIsInVzZXJsZXZlbCI6IjIiLCJleHAiOjE2NjEwOTIxMDl9
21-08-2022 14:04 >>>> Recherche profonde juste par identifiant effectuée; juste trouvé user : eyJ1c2VyaWQiOiIxNCIsInVzZXJsZXZlbCI6IjIiLCJleHAiOjE2NjEwOTIxMDl9
21-08-2022 14:04 >>>> Requête liste des groupes du juste; Aucun groupe affiliée user : eyJ1c2VyaWQiOiIxNCIsInVzZXJsZXZlbCI6IjIiLCJleHAiOjE2NjEwOTIxMDl9
21-08-2022 14:04 >>>> Requête liste des assemblées! Liste des assemblées obtenues user : eyJ1c2VyaWQiOiIxNCIsInVzZXJsZXZlbCI6IjIiLCJleHAiOjE2NjEwOTIxMDl9
21-08-2022 14:04 >>>> Requête liste des groupes! Liste des groupes obtnus user : eyJ1c2VyaWQiOiIxNCIsInVzZXJsZXZlbCI6IjIiLCJleHAiOjE2NjEwOTIxMDl9
21-08-2022 14:04 >>>> Requête liste des justes; Liste des justes obtnus user : eyJ1c2VyaWQiOiIxNCIsInVzZXJsZXZlbCI6IjIiLCJleHAiOjE2NjEwOTIxMDl9
21-08-2022 14:04 >>>> Recherche profonde juste par identifiant effectuée; juste trouvé user : eyJ1c2VyaWQiOiIxNCIsInVzZXJsZXZlbCI6IjIiLCJleHAiOjE2NjEwOTIxMDl9
21-08-2022 14:04 >>>> Requête liste des groupes! Liste des groupes obtnus user : eyJ1c2VyaWQiOiIxNCIsInVzZXJsZXZlbCI6IjIiLCJleHAiOjE2NjEwOTIxMDl9
21-08-2022 14:04 >>>> Requête liste des assemblées! Liste des assemblées obtenues user : eyJ1c2VyaWQiOiIxNCIsInVzZXJsZXZlbCI6IjIiLCJleHAiOjE2NjEwOTIxMDl9
21-08-2022 14:04 >>>> Requête liste des groupes du juste; Liste des assemblées obtenues. user : eyJ1c2VyaWQiOiIxNCIsInVzZXJsZXZlbCI6IjIiLCJleHAiOjE2NjEwOTIxMDl9
21-08-2022 14:12 >>>> Requête liste des justes; Liste des justes obtnus user : eyJ1c2VyaWQiOiIxNCIsInVzZXJsZXZlbCI6IjIiLCJleHAiOjE2NjEwOTIxMDl9
21-08-2022 14:12 >>>> Recherche profonde juste par identifiant effectuée; juste trouvé user : eyJ1c2VyaWQiOiIxNCIsInVzZXJsZXZlbCI6IjIiLCJleHAiOjE2NjEwOTIxMDl9
21-08-2022 14:12 >>>> Requête liste des groupes du juste; Liste des assemblées obtenues. user : eyJ1c2VyaWQiOiIxNCIsInVzZXJsZXZlbCI6IjIiLCJleHAiOjE2NjEwOTIxMDl9
21-08-2022 14:12 >>>> Requête liste des groupes! Liste des groupes obtnus user : eyJ1c2VyaWQiOiIxNCIsInVzZXJsZXZlbCI6IjIiLCJleHAiOjE2NjEwOTIxMDl9
21-08-2022 14:12 >>>> Requête liste des assemblées! Liste des assemblées obtenues user : eyJ1c2VyaWQiOiIxNCIsInVzZXJsZXZlbCI6IjIiLCJleHAiOjE2NjEwOTIxMDl9
21-08-2022 14:13 >>>> Requête liste des justes; Liste des justes obtnus user : eyJ1c2VyaWQiOiIxNCIsInVzZXJsZXZlbCI6IjIiLCJleHAiOjE2NjEwOTIxMDl9
21-08-2022 14:13 >>>> Requête liste des assemblées! Liste des assemblées obtenues user : eyJ1c2VyaWQiOiIxNCIsInVzZXJsZXZlbCI6IjIiLCJleHAiOjE2NjEwOTIxMDl9
21-08-2022 14:15 >>>> Requête liste des justes; Liste des justes obtnus user : eyJ1c2VyaWQiOiIxNCIsInVzZXJsZXZlbCI6IjIiLCJleHAiOjE2NjEwOTIxMDl9
