22-08-2022 06:31 >>>> Requête liste des justes; Liste des justes obtnus
22-08-2022 06:32 >>>> Requête liste des justes; Liste des justes obtnus
22-08-2022 06:32 >>>> Requête liste des assemblées! Liste des assemblées obtenues
22-08-2022 06:32 >>>> Requête liste des groupes! Liste des groupes obtnus
22-08-2022 06:32 >>>> Recherche profonde juste par identifiant effectuée; juste trouvé
22-08-2022 06:32 >>>> Requête liste des groupes du juste; Liste des assemblées obtenues.
22-08-2022 06:35 >>>> Recherche profonde juste par identifiant effectuée; juste trouvé
22-08-2022 06:35 >>>> Requête liste des groupes du juste; Liste des assemblées obtenues.
22-08-2022 06:35 >>>> Requête liste des groupes! Liste des groupes obtnus
22-08-2022 06:35 >>>> Requête liste des assemblées! Liste des assemblées obtenues
22-08-2022 06:37 >>>> Recherche profonde juste par identifiant effectuée; juste trouvé
22-08-2022 06:37 >>>> Requête liste des groupes du juste; Liste des assemblées obtenues.
22-08-2022 06:37 >>>> Requête liste des groupes! Liste des groupes obtnus
22-08-2022 06:37 >>>> Requête liste des assemblées! Liste des assemblées obtenues
22-08-2022 06:41 >>>> Requête liste des groupes! Liste des groupes obtnus
22-08-2022 06:41 >>>> Requête liste des assemblées! Liste des assemblées obtenues
22-08-2022 06:42 >>>> Requête liste des assemblées! Liste des assemblées obtenues
22-08-2022 06:42 >>>> Requête liste des assemblées! Liste des assemblées obtenues
22-08-2022 06:42 >>>> Requête liste des groupes! Liste des groupes obtnus
22-08-2022 06:42 >>>> Requête liste des justes; Liste des justes obtnus
22-08-2022 06:43 >>>> Requête liste des justes; Liste des justes obtnus
22-08-2022 06:43 >>>> Requête liste des justes; Liste des justes obtnus
22-08-2022 06:43 >>>> Liste des services!
22-08-2022 06:43 >>>> Requête liste des justes; Liste des justes obtnus
22-08-2022 06:43 >>>> Requête liste des groupes! Liste des groupes obtnus
22-08-2022 06:43 >>>> Requête liste des assemblées! Liste des assemblées obtenues
22-08-2022 06:43 >>>> Requête liste des groupes! Liste des groupes obtnus
22-08-2022 06:43 >>>> Requête liste des justes; Liste des justes obtnus
22-08-2022 06:43 >>>> Liste des services!
22-08-2022 06:43 >>>> Requête liste des assemblées! Liste des assemblées obtenues
22-08-2022 06:43 >>>> Requête liste des assemblées! Liste des assemblées obtenues
22-08-2022 06:43 >>>> Requête liste des groupes! Liste des groupes obtnus
22-08-2022 06:43 >>>> Requête liste des justes; Liste des justes obtnus
22-08-2022 06:43 >>>> Liste des services!
22-08-2022 06:43 >>>> Requête liste des assemblées! Liste des assemblées obtenues
22-08-2022 06:43 >>>> Requête liste des groupes! Liste des groupes obtnus
22-08-2022 06:43 >>>> Requête liste des justes; Liste des justes obtnus
22-08-2022 06:43 >>>> Liste des services!
22-08-2022 06:43 >>>> Requête liste des assemblées! Liste des assemblées obtenues
22-08-2022 06:44 >>>> Requête liste des groupes! Liste des groupes obtnus
22-08-2022 06:44 >>>> Requête liste des justes; Liste des justes obtnus
22-08-2022 06:44 >>>> Liste des services!
22-08-2022 06:44 >>>> Requête liste des justes; Liste des justes obtnus
22-08-2022 06:44 >>>> Requête liste des groupes! Liste des groupes obtnus
22-08-2022 06:44 >>>> Requête liste des assemblées! Liste des assemblées obtenues
22-08-2022 06:44 >>>> Requête liste des groupes! Liste des groupes obtnus
22-08-2022 06:48 >>>> Requête liste des groupes! Liste des groupes obtnus
22-08-2022 06:49 >>>> Requête liste des groupes! Liste des groupes obtnus
22-08-2022 06:49 >>>> Requête liste des groupes! Liste des groupes obtnus
22-08-2022 06:49 >>>> Requête liste des groupes! Liste des groupes obtnus
22-08-2022 06:49 >>>> Requête liste des groupes! Liste des groupes obtnus
22-08-2022 06:49 >>>> Requête liste des groupes! Liste des groupes obtnus
22-08-2022 06:50 >>>> Requête liste des justes; Liste des justes obtnus
22-08-2022 06:50 >>>> Liste des services!
22-08-2022 06:50 >>>> Requête liste des groupes! Liste des groupes obtnus
22-08-2022 06:50 >>>> Requête liste des assemblées! Liste des assemblées obtenues
22-08-2022 06:52 >>>> Requête liste des groupes! Liste des groupes obtnus
22-08-2022 06:52 >>>> Requête liste des assemblées! Liste des assemblées obtenues
22-08-2022 06:52 >>>> Requête liste des groupes! Liste des groupes obtnus
22-08-2022 06:52 >>>> Requête liste des justes; Liste des justes obtnus
22-08-2022 06:52 >>>> Liste des services!
22-08-2022 06:52 >>>> Requête liste des assemblées! Liste des assemblées obtenues
22-08-2022 06:52 >>>> Requête liste des groupes! Liste des groupes obtnus
22-08-2022 06:52 >>>> Requête liste des justes; Liste des justes obtnus
22-08-2022 06:53 >>>> Liste des services!
22-08-2022 06:53 >>>> Requête liste des assemblées! Liste des assemblées obtenues
22-08-2022 06:53 >>>> Requête liste des groupes! Liste des groupes obtnus
22-08-2022 06:53 >>>> Requête liste des justes; Liste des justes obtnus
22-08-2022 06:53 >>>> Liste des services!
22-08-2022 06:53 >>>> Requête liste des assemblées! Liste des assemblées obtenues
22-08-2022 06:53 >>>> Requête liste des groupes! Liste des groupes obtnus
22-08-2022 06:53 >>>> Requête liste des justes; Liste des justes obtnus
22-08-2022 06:53 >>>> Liste des services!
22-08-2022 06:53 >>>> Requête liste des assemblées! Liste des assemblées obtenues
22-08-2022 06:53 >>>> Requête liste des groupes! Liste des groupes obtnus
22-08-2022 06:53 >>>> Requête liste des justes; Liste des justes obtnus
22-08-2022 06:53 >>>> Liste des services!
22-08-2022 06:53 >>>> Requête liste des assemblées! Liste des assemblées obtenues
22-08-2022 06:53 >>>> Requête liste des groupes! Liste des groupes obtnus
22-08-2022 06:53 >>>> Requête liste des justes; Liste des justes obtnus
22-08-2022 06:54 >>>> Requête liste des assemblées! Liste des assemblées obtenues
22-08-2022 06:54 >>>> Assemblée enregistré.
22-08-2022 06:54 >>>> Requête liste des assemblées! Liste des assemblées obtenues
22-08-2022 06:54 >>>> Requête liste des assemblées! Liste des assemblées obtenues
22-08-2022 06:54 >>>> Requête liste des assemblées! Liste des assemblées obtenues
22-08-2022 06:54 >>>> Requête liste des assemblées! Liste des assemblées obtenues
22-08-2022 06:54 >>>> Requête liste des groupes! Liste des groupes obtnus
22-08-2022 06:54 >>>> Requête liste des groupes! Liste des groupes obtnus
22-08-2022 06:54 >>>> Requête liste des assemblées! Liste des assemblées obtenues
22-08-2022 06:55 >>>> Requête liste des assemblées! Liste des assemblées obtenues
22-08-2022 06:55 >>>> Requête liste des assemblées! Liste des assemblées obtenues
22-08-2022 06:55 >>>> Requête liste des assemblées! Liste des assemblées obtenues
22-08-2022 06:55 >>>> Requête liste des assemblées! Liste des assemblées obtenues
22-08-2022 06:55 >>>> Requête liste des groupes! Liste des groupes obtnus
22-08-2022 06:55 >>>> Requête liste des justes; Liste des justes obtnus
22-08-2022 06:55 >>>> Liste des services!
22-08-2022 06:55 >>>> Requête liste des justes; Liste des justes obtnus
22-08-2022 06:55 >>>> Requête liste des groupes! Liste des groupes obtnus
22-08-2022 06:55 >>>> Requête liste des assemblées! Liste des assemblées obtenues
22-08-2022 06:55 >>>> Requête liste des groupes! Liste des groupes obtnus
22-08-2022 06:55 >>>> Requête liste des justes; Liste des justes obtnus
22-08-2022 06:55 >>>> Requête liste des groupes du juste; Liste des assemblées obtenues.
22-08-2022 06:55 >>>> Requête liste des assemblées! Liste des assemblées obtenues
22-08-2022 06:55 >>>> Requête liste des groupes! Liste des groupes obtnus
22-08-2022 06:55 >>>> Recherche profonde juste par identifiant effectuée; juste trouvé
22-08-2022 06:56 >>>> Requête liste des assemblées! Liste des assemblées obtenues
22-08-2022 06:56 >>>> Requête liste des justes de l'assemblée! Liste des justes obtnus
22-08-2022 06:56 >>>> Requête liste des groupes! Liste des groupes obtnus
22-08-2022 06:56 >>>> Service trouvé
22-08-2022 06:56 >>>> Requête liste des justes du groupe; Aucun justes affiliés au groupe
22-08-2022 06:56 >>>> Requête liste des justes; Liste des justes obtnus
22-08-2022 06:56 >>>> Requête liste des groupes! Liste des groupes obtnus
22-08-2022 06:56 >>>> Service trouvé
22-08-2022 06:56 >>>> Requête liste des justes du groupe; Liste des justes obtnus
22-08-2022 07:11 >>>> Liste des services!
22-08-2022 07:11 >>>> Requête liste des assemblées! Liste des assemblées obtenues
22-08-2022 07:11 >>>> Requête liste des groupes! Liste des groupes obtnus
22-08-2022 07:11 >>>> Requête liste des justes; Liste des justes obtnus
22-08-2022 07:11 >>>> Liste des services!
22-08-2022 07:11 >>>> Requête liste des justes; Liste des justes obtnus
22-08-2022 07:11 >>>> Requête liste des groupes! Liste des groupes obtnus
22-08-2022 07:11 >>>> Requête liste des assemblées! Liste des assemblées obtenues
22-08-2022 07:11 >>>> Requête liste des groupes! Liste des groupes obtnus
22-08-2022 07:11 >>>> Requête liste des justes; Liste des justes obtnus
22-08-2022 07:11 >>>> Liste des services!
22-08-2022 07:11 >>>> Requête liste des justes; Liste des justes obtnus
22-08-2022 07:11 >>>> Requête liste des groupes! Liste des groupes obtnus
22-08-2022 07:11 >>>> Requête liste des assemblées! Liste des assemblées obtenues
22-08-2022 07:11 >>>> Requête liste des groupes! Liste des groupes obtnus
22-08-2022 07:11 >>>> Requête liste des justes; Liste des justes obtnus
22-08-2022 07:11 >>>> Liste des services!
22-08-2022 07:11 >>>> Requête liste des justes; Liste des justes obtnus
22-08-2022 07:11 >>>> Requête liste des groupes! Liste des groupes obtnus
22-08-2022 07:11 >>>> Requête liste des assemblées! Liste des assemblées obtenues
22-08-2022 07:11 >>>> Requête liste des groupes! Liste des groupes obtnus
22-08-2022 07:11 >>>> Requête liste des justes; Liste des justes obtnus
22-08-2022 07:11 >>>> Liste des services!
22-08-2022 07:11 >>>> Requête liste des justes; Liste des justes obtnus
22-08-2022 07:11 >>>> Requête liste des groupes! Liste des groupes obtnus
22-08-2022 07:11 >>>> Requête liste des assemblées! Liste des assemblées obtenues
22-08-2022 07:11 >>>> Requête liste des groupes! Liste des groupes obtnus
22-08-2022 07:11 >>>> Requête liste des justes; Liste des justes obtnus
22-08-2022 07:11 >>>> Liste des services!
22-08-2022 07:11 >>>> Requête liste des justes; Liste des justes obtnus
22-08-2022 07:12 >>>> Liste des services!
22-08-2022 07:12 >>>> Requête liste des justes; Liste des justes obtnus
22-08-2022 07:12 >>>> Requête liste des groupes! Liste des groupes obtnus
22-08-2022 07:12 >>>> Requête liste des assemblées! Liste des assemblées obtenues
22-08-2022 07:12 >>>> Requête liste des groupes! Liste des groupes obtnus
22-08-2022 07:15 >>>> Liste des services!
22-08-2022 07:19 >>>> Requête liste des groupes! Liste des groupes obtnus
22-08-2022 07:51 >>>> Requête liste des assemblées! Liste des assemblées obtenues
22-08-2022 07:55 >>>> Requête liste des assemblées! Liste des assemblées obtenues
22-08-2022 07:55 >>>> Requête liste des assemblées! Liste des assemblées obtenues
22-08-2022 07:55 >>>> Requête liste des groupes! Liste des groupes obtnus
22-08-2022 07:55 >>>> Requête liste des groupes! Liste des groupes obtnus
22-08-2022 07:56 >>>> Requête liste des justes; Liste des justes obtnus
22-08-2022 07:56 >>>> Requête liste des justes; Liste des justes obtnus
22-08-2022 07:56 >>>> Liste des services!
22-08-2022 07:56 >>>> Requête liste des assemblées! Liste des assemblées obtenues
22-08-2022 07:56 >>>> Requête liste des assemblées! Liste des assemblées obtenues
22-08-2022 07:56 >>>> Requête liste des groupes! Liste des groupes obtnus
22-08-2022 07:56 >>>> Requête liste des groupes! Liste des groupes obtnus
22-08-2022 07:56 >>>> Requête liste des justes; Liste des justes obtnus
22-08-2022 07:56 >>>> Requête liste des justes; Liste des justes obtnus
22-08-2022 07:56 >>>> Liste des services!
22-08-2022 07:56 >>>> Liste des services!
22-08-2022 07:56 >>>> Requête liste des assemblées! Liste des assemblées obtenues
22-08-2022 07:56 >>>> Requête liste des assemblées! Liste des assemblées obtenues
22-08-2022 07:56 >>>> Requête liste des groupes! Liste des groupes obtnus
22-08-2022 07:56 >>>> Requête liste des groupes! Liste des groupes obtnus
22-08-2022 07:56 >>>> Requête liste des assemblées! Liste des assemblées obtenues
22-08-2022 07:56 >>>> Requête liste des assemblées! Liste des assemblées obtenues
22-08-2022 07:56 >>>> Requête liste des groupes! Liste des groupes obtnus
22-08-2022 07:56 >>>> Requête liste des groupes! Liste des groupes obtnus
22-08-2022 07:56 >>>> Requête liste des justes; Liste des justes obtnus
22-08-2022 07:56 >>>> Requête liste des justes; Liste des justes obtnus
22-08-2022 07:56 >>>> Liste des services!
22-08-2022 07:56 >>>> Liste des services!
22-08-2022 07:56 >>>> Requête liste des assemblées! Liste des assemblées obtenues
22-08-2022 07:56 >>>> Requête liste des assemblées! Liste des assemblées obtenues
22-08-2022 07:56 >>>> Requête liste des groupes! Liste des groupes obtnus
22-08-2022 07:56 >>>> Requête liste des groupes! Liste des groupes obtnus
22-08-2022 07:57 >>>> Liste des services!
22-08-2022 07:57 >>>> Requête liste des justes; Liste des justes obtnus
22-08-2022 07:57 >>>> Requête liste des justes; Liste des justes obtnus
22-08-2022 07:57 >>>> Requête liste des assemblées! Liste des assemblées obtenues
22-08-2022 07:57 >>>> Requête liste des assemblées! Liste des assemblées obtenues
