23-08-2022 07:04 >>>> Requête liste des groupes! Liste des groupes obtnus
23-08-2022 07:05 >>>> Requête liste des justes; Liste des justes obtnus
23-08-2022 07:05 >>>> Liste des services!
23-08-2022 07:05 >>>> Requête liste des assemblées! Liste des assemblées obtenues
23-08-2022 07:05 >>>> Requête liste des groupes! Liste des groupes obtnus
23-08-2022 07:09 >>>> Requête liste des justes de l'assemblée! Liste des justes obtnus
23-08-2022 07:10 >>>> Requête liste des justes de l'assemblée! Liste des justes obtnus
23-08-2022 07:10 >>>> Requête liste des justes de l'assemblée! Liste des justes obtnus
23-08-2022 07:11 >>>> Requête liste des justes de l'assemblée! Aucun justes n'est affiliés à cette assemblée
23-08-2022 07:11 >>>> Requête liste des justes de l'assemblée! Liste des justes obtnus
23-08-2022 07:11 >>>> Requête liste des groupes du juste; Liste des assemblées obtenues.
23-08-2022 07:11 >>>> Requête liste des groupes! Liste des groupes obtnus
23-08-2022 07:11 >>>> Requête liste des assemblées! Liste des assemblées obtenues
23-08-2022 07:11 >>>> Recherche profonde juste par identifiant effectuée; juste trouvé
23-08-2022 07:11 >>>> Requête liste des assemblées! Liste des assemblées obtenues
23-08-2022 07:15 >>>> Requête liste des justes du groupe; Aucun justes affiliés au groupe
23-08-2022 07:15 >>>> Requête liste des justes du groupe; Aucun justes affiliés au groupe
23-08-2022 07:17 >>>> Requête liste des groupes! Liste des groupes obtnus
23-08-2022 07:17 >>>> Service trouvé
23-08-2022 07:17 >>>> Requête liste des justes du groupe; Aucun justes affiliés au groupe
23-08-2022 07:17 >>>> Requête liste des groupes! Liste des groupes obtnus
23-08-2022 07:17 >>>> Service trouvé
23-08-2022 07:17 >>>> Requête liste des justes du groupe; Aucun justes affiliés au groupe
23-08-2022 07:17 >>>> Requête liste des groupes! Liste des groupes obtnus
23-08-2022 07:17 >>>> Service trouvé
23-08-2022 07:17 >>>> Requête liste des justes du groupe; Liste des justes obtnus
23-08-2022 07:18 >>>> Requête liste des justes du groupe; Aucun justes affiliés au groupe
23-08-2022 07:19 >>>> Requête liste des justes du groupe; Aucun justes affiliés au groupe
23-08-2022 07:19 >>>> Requête liste des justes du groupe; Aucun justes affiliés au groupe
23-08-2022 07:20 >>>> Requête liste des justes du groupe; Liste des justes obtnus
23-08-2022 07:20 >>>> Requête liste des justes de l'assemblée! Liste des justes obtnus
23-08-2022 07:31 >>>> Requête historique des assemblées du juste; Aucune Assemblée affiliée
23-08-2022 07:32 >>>> Requête historique des assemblées du juste; Liste des assemblées obtenues.
23-08-2022 07:35 >>>> Requête historique des assemblées du juste; Aucune Assemblée affiliée
23-08-2022 07:41 >>>> Requête liste des groupes du juste; Liste des assemblées obtenues.
23-08-2022 07:49 >>>> Liste des groupes du service!
