25-08-2022 02:35 >>>> Requête liste des justes; Liste des justes obtnus
25-08-2022 03:01 >>>> Echec de l'enregistrement du juste 
25-08-2022 03:14 >>>> Echec de l'enregistrement du juste 
25-08-2022 03:14 >>>> Echec de l'enregistrement du juste 
25-08-2022 03:16 >>>> Echec de l'enregistrement du juste 
25-08-2022 03:17 >>>> Echec de l'enregistrement du juste 
25-08-2022 03:18 >>>> Echec de l'enregistrement du juste 
25-08-2022 03:18 >>>> Echec de l'enregistrement du juste 
25-08-2022 03:18 >>>> Echec de l'enregistrement du juste 
25-08-2022 03:18 >>>> Echec de l'enregistrement du juste 
25-08-2022 03:20 >>>> Juste enregistré
25-08-2022 03:20 >>>> Echec de l'enregistrement du juste 
25-08-2022 03:22 >>>> Echec de l'enregistrement du juste 
25-08-2022 03:24 >>>> Echec de l'enregistrement du juste 
25-08-2022 03:24 >>>> Echec de l'enregistrement du juste 
25-08-2022 03:24 >>>> Echec de l'enregistrement du juste 
25-08-2022 03:28 >>>> Echec de l'enregistrement du juste 
25-08-2022 03:29 >>>> Echec de l'enregistrement du juste 
25-08-2022 03:29 >>>> Echec de l'enregistrement du juste 
25-08-2022 03:29 >>>> Echec de l'enregistrement du juste 
25-08-2022 03:30 >>>> Echec de l'enregistrement du juste 
25-08-2022 03:32 >>>> Echec de l'enregistrement du juste 
25-08-2022 03:32 >>>> Echec de l'enregistrement du juste 
25-08-2022 03:33 >>>> Echec de l'enregistrement du juste 
25-08-2022 03:33 >>>> Echec de l'enregistrement du juste 
25-08-2022 03:34 >>>> Echec de l'enregistrement du juste 
25-08-2022 03:35 >>>> Echec de l'enregistrement du juste 
25-08-2022 03:35 >>>> Juste enregistré
25-08-2022 03:37 >>>> Requête liste des justes; Liste des justes obtnus
25-08-2022 03:38 >>>> Requête liste des justes; Liste des justes obtnus
25-08-2022 03:38 >>>> Recherche profonde juste par identifiant effectuée; juste trouvé
25-08-2022 03:38 >>>> Requête liste des groupes! Liste des groupes obtnus
25-08-2022 03:38 >>>> Requête liste des groupes du juste; Aucun groupe affiliée
25-08-2022 03:38 >>>> Requête liste des assemblées! Liste des assemblées obtenues
25-08-2022 03:40 >>>> Requête liste des justes; Liste des justes obtnus
25-08-2022 03:40 >>>> Recherche profonde juste par identifiant effectuée; juste trouvé
25-08-2022 03:40 >>>> Requête liste des groupes du juste; Liste des assemblées obtenues.
25-08-2022 03:40 >>>> Requête liste des groupes! Liste des groupes obtnus
25-08-2022 03:40 >>>> Requête liste des assemblées! Liste des assemblées obtenues
25-08-2022 03:40 >>>> Requête liste des justes; Liste des justes obtnus
25-08-2022 03:40 >>>> Recherche profonde juste par identifiant effectuée; juste trouvé
25-08-2022 03:40 >>>> Requête liste des groupes du juste; Aucun groupe affiliée
25-08-2022 03:40 >>>> Requête liste des assemblées! Liste des assemblées obtenues
25-08-2022 03:40 >>>> Requête liste des groupes! Liste des groupes obtnus
25-08-2022 03:40 >>>> Requête liste des justes; Liste des justes obtnus
25-08-2022 03:40 >>>> Recherche profonde juste par identifiant effectuée; juste trouvé
25-08-2022 03:40 >>>> Requête liste des assemblées! Liste des assemblées obtenues
25-08-2022 03:40 >>>> Requête liste des groupes du juste; Liste des assemblées obtenues.
25-08-2022 03:40 >>>> Requête liste des groupes! Liste des groupes obtnus
25-08-2022 03:52 >>>> Echec de modification des informations du juste! 
25-08-2022 03:53 >>>> Echec de modification des informations du juste! 
25-08-2022 03:55 >>>> Echec de modification des informations du juste! 
25-08-2022 03:56 >>>> Modification des informations du juste éffectuée!
25-08-2022 03:57 >>>> Modification des informations du juste éffectuée!
25-08-2022 03:57 >>>> Requête liste des justes; Liste des justes obtnus
25-08-2022 03:57 >>>> Requête liste des assemblées! Liste des assemblées obtenues
25-08-2022 03:57 >>>> Requête liste des justes de l'assemblée! Liste des justes obtnus
25-08-2022 03:58 >>>> Requête liste des assemblées! Liste des assemblées obtenues
25-08-2022 04:00 >>>> Requête liste des assemblées! Liste des assemblées obtenues
25-08-2022 04:00 >>>> Requête liste des justes de l'assemblée! Liste des justes obtnus
25-08-2022 04:00 >>>> Requête liste des groupes! Liste des groupes obtnus
25-08-2022 04:01 >>>> Requête liste des assemblées! Liste des assemblées obtenues
25-08-2022 04:01 >>>> Requête liste des justes de l'assemblée! Liste des justes obtnus
25-08-2022 04:01 >>>> Assemblée modifiée.
25-08-2022 04:08 >>>> Assemblée modifiée.
25-08-2022 04:11 >>>> Assemblée modifiée.
25-08-2022 04:12 >>>> Liste des services!
25-08-2022 04:12 >>>> Liste des services!
25-08-2022 04:12 >>>> Liste des groupes du service!
25-08-2022 04:12 >>>> Service modifié!
25-08-2022 04:12 >>>> Service modifié!
25-08-2022 04:12 >>>> Requête liste des groupes! Liste des groupes obtnus
25-08-2022 04:12 >>>> Service trouvé
25-08-2022 04:12 >>>> Requête liste des justes du groupe; Aucun justes affiliés au groupe
25-08-2022 04:12 >>>> Liste des services!
25-08-2022 04:14 >>>> Liste des services!
25-08-2022 04:14 >>>> Groupe modifié
25-08-2022 04:14 >>>> Liste des services!
25-08-2022 04:14 >>>> Groupe modifié
25-08-2022 04:14 >>>> Liste des services!
25-08-2022 04:14 >>>> Liste des services!
25-08-2022 04:14 >>>> Liste des groupes du service!
25-08-2022 04:20 >>>> Liste des groupes du service!
25-08-2022 04:23 >>>> Liste des groupes du service!
25-08-2022 04:23 >>>> Liste des groupes du service!
25-08-2022 04:24 >>>> Liste des groupes du service!
25-08-2022 04:25 >>>> Liste des groupes du service!
25-08-2022 04:25 >>>> Liste des groupes du service!
25-08-2022 04:26 >>>> Requête liste des groupes! Liste des groupes obtnus
25-08-2022 04:26 >>>> Service trouvé
25-08-2022 04:26 >>>> Requête liste des justes du groupe; Aucun justes affiliés au groupe
25-08-2022 04:26 >>>> Requête liste des justes; Liste des justes obtnus
25-08-2022 04:26 >>>> Recherche profonde juste par identifiant effectuée; juste trouvé
25-08-2022 04:26 >>>> Requête liste des groupes! Liste des groupes obtnus
25-08-2022 04:26 >>>> Requête liste des assemblées! Liste des assemblées obtenues
25-08-2022 04:26 >>>> Requête liste des groupes du juste; Liste des assemblées obtenues.
25-08-2022 04:26 >>>> Liste des services!
25-08-2022 04:26 >>>> Liste des groupes du service!
25-08-2022 04:41 >>>> Liste des groupes du service!
25-08-2022 04:42 >>>> Liste des groupes du service!
25-08-2022 04:42 >>>> Liste des groupes du service!
25-08-2022 04:42 >>>> Requête liste des assemblées! Liste des assemblées obtenues
25-08-2022 04:42 >>>> Requête liste des justes de l'assemblée! Liste des justes obtnus
25-08-2022 04:42 >>>> Requête liste des justes de l'assemblée! Liste des justes obtnus
25-08-2022 04:43 >>>> Requête liste des justes de l'assemblée! Liste des justes obtnus
25-08-2022 04:43 >>>> Recherche profonde juste par identifiant effectuée; juste trouvé
25-08-2022 04:43 >>>> Requête liste des groupes du juste; Liste des assemblées obtenues.
25-08-2022 04:43 >>>> Requête liste des assemblées! Liste des assemblées obtenues
25-08-2022 04:43 >>>> Requête liste des groupes! Liste des groupes obtnus
25-08-2022 04:43 >>>> Requête liste des groupes du juste; Liste des assemblées obtenues.
25-08-2022 04:43 >>>> Service trouvé
25-08-2022 04:43 >>>> Requête liste des justes du groupe; Liste des justes obtnus
25-08-2022 04:44 >>>> Requête liste des justes du groupe; Liste des justes obtnus
25-08-2022 04:44 >>>> Recherche profonde juste par identifiant effectuée; juste trouvé
25-08-2022 04:44 >>>> Requête liste des groupes du juste; Liste des assemblées obtenues.
25-08-2022 04:44 >>>> Requête liste des assemblées! Liste des assemblées obtenues
25-08-2022 04:44 >>>> Requête liste des groupes! Liste des groupes obtnus
25-08-2022 04:49 >>>> Recherche profonde juste par identifiant effectuée; juste trouvé
25-08-2022 04:49 >>>> Requête liste des groupes! Liste des groupes obtnus
25-08-2022 04:49 >>>> Requête liste des groupes du juste; Liste des assemblées obtenues.
25-08-2022 04:49 >>>> Requête liste des assemblées! Liste des assemblées obtenues
25-08-2022 04:49 >>>> Requête liste des assemblées! Liste des assemblées obtenues
25-08-2022 04:49 >>>> Requête liste des groupes du juste; Liste des assemblées obtenues.
25-08-2022 04:49 >>>> Requête liste des groupes! Liste des groupes obtnus
25-08-2022 04:49 >>>> Recherche profonde juste par identifiant effectuée; juste trouvé
