12-07-2022 06:39 >>>> Connexion par login éffectuée. user : eyJ1c2VyaWQiOiIxNCIsInVzZXJsZXZlbCI6IjIiLCJleHAiOjE2NTc2MDk3NTd9
12-07-2022 06:39 >>>> Recherche par matricule éffectuée! Assemblée introuvable
12-07-2022 06:40 >>>> Recherche par matricule éffectuée! Assemblée trouvée. user : eyJ1c2VyaWQiOiIxNCIsInVzZXJsZXZlbCI6IjIiLCJleHAiOjE2NTc2MDk3NTd9
12-07-2022 06:41 >>>> Requête liste des justes; Liste des justes obtnus user : eyJ1c2VyaWQiOiIxNCIsInVzZXJsZXZlbCI6IjIiLCJleHAiOjE2NTc2MDk3NTd9
12-07-2022 07:32 >>>> Connexion par login éffectuée. user : eyJ1c2VyaWQiOiIxNCIsInVzZXJsZXZlbCI6IjIiLCJleHAiOjE2NTc2MTI5Nzl9
12-07-2022 09:17 >>>> Connexion par login éffectuée. user : eyJ1c2VyaWQiOiIxNCIsInVzZXJsZXZlbCI6IjIiLCJleHAiOjE2NTc2MTkyNjd9
12-07-2022 09:18 >>>> Requête REST echouée; Accès refusé. Authentification requise.
12-07-2022 09:19 >>>> Recherche juste par identifiant effectuée; juste trouvé user : eyJ1c2VyaWQiOiIxNCIsInVzZXJsZXZlbCI6IjIiLCJleHAiOjE2NTc2MTkyNjd9
12-07-2022 09:22 >>>> Requête REST echouée; Accès refusé. Authentification requise.
12-07-2022 09:24 >>>> Requête REST echouée; Accès refusé. Authentification requise.
12-07-2022 09:24 >>>> Connexion par login éffectuée. user : eyJ1c2VyaWQiOiIxNCIsInVzZXJsZXZlbCI6IjIiLCJleHAiOjE2NTc2MTk2OTB9
12-07-2022 09:25 >>>> Requête REST echouée; Accès refusé. Authentification requise.
12-07-2022 09:25 >>>> Recherche par matricule éffectuée! Assemblée trouvée. user : eyJ1c2VyaWQiOiIxNCIsInVzZXJsZXZlbCI6IjIiLCJleHAiOjE2NTc2MTk2OTB9
12-07-2022 09:27 >>>> Requête REST echouée; Accès refusé. Authentification requise.
12-07-2022 09:30 >>>> Requête REST echouée; Accès refusé. Authentification requise.
12-07-2022 09:31 >>>> Requête REST echouée; Accès refusé. Authentification requise.
12-07-2022 09:32 >>>> Requête REST echouée; Accès refusé. Authentification requise.
12-07-2022 09:33 >>>> Requête REST echouée; Accès refusé. Authentification requise.
12-07-2022 09:34 >>>> Connexion par login éffectuée. user : eyJ1c2VyaWQiOiIxNCIsInVzZXJsZXZlbCI6IjIiLCJleHAiOjE2NTc2MjAyNjB9
12-07-2022 09:34 >>>> Requête REST echouée; Accès refusé. Authentification requise.
12-07-2022 09:35 >>>> Requête REST echouée; Accès refusé. Authentification requise.
12-07-2022 09:37 >>>> Requête REST echouée; Accès refusé. Authentification requise.
12-07-2022 09:37 >>>> Requête REST echouée; Accès refusé. Authentification requise.
12-07-2022 09:37 >>>> Connexion par login éffectuée. user : eyJ1c2VyaWQiOiIxNCIsInVzZXJsZXZlbCI6IjIiLCJleHAiOjE2NTc2MjA0NzV9
12-07-2022 09:38 >>>> Recherche juste par identifiant effectuée; juste trouvé user : eyJ1c2VyaWQiOiIxNCIsInVzZXJsZXZlbCI6IjIiLCJleHAiOjE2NTc2MjA0NzV9
12-07-2022 09:41 >>>> Recherche juste par identifiant effectuée; juste trouvé user : eyJ1c2VyaWQiOiIxNCIsInVzZXJsZXZlbCI6IjIiLCJleHAiOjE2NTc2MjA0NzV9
12-07-2022 09:41 >>>> Requête liste des justes; Liste des justes obtnus user : eyJ1c2VyaWQiOiIxNCIsInVzZXJsZXZlbCI6IjIiLCJleHAiOjE2NTc2MjAyNjB9
12-07-2022 10:11 >>>> Connexion par login éffectuée. user : eyJ1c2VyaWQiOiIxNCIsInVzZXJsZXZlbCI6IjIiLCJleHAiOjE2NTc2MjI1MDN9
