22-07-2022 01:17 >>>> Requête liste des justes; Liste des justes obtnus
22-07-2022 02:01 >>>> Requête liste des justes; Liste des justes obtnus
22-07-2022 02:05 >>>> Requête liste des justes; Liste des justes obtnus
22-07-2022 02:06 >>>> Requête liste des justes; Liste des justes obtnus
22-07-2022 02:07 >>>> Requête liste des justes; Liste des justes obtnus
22-07-2022 02:07 >>>> Requête liste des justes; Liste des justes obtnus
22-07-2022 02:07 >>>> Requête liste des justes; Liste des justes obtnus
22-07-2022 02:08 >>>> Requête liste des justes; Liste des justes obtnus
22-07-2022 02:08 >>>> Requête liste des justes; Liste des justes obtnus
22-07-2022 02:08 >>>> Requête liste des assemblées! Liste des assemblées obtenues
22-07-2022 02:08 >>>> Requête liste des justes; Liste des justes obtnus
22-07-2022 02:59 >>>> Recherche profonde juste par identifiant effectuée; juste trouvé
22-07-2022 02:59 >>>> Requête liste des justes; Liste des justes obtnus
22-07-2022 02:59 >>>> Recherche profonde juste par identifiant effectuée; juste trouvé
22-07-2022 03:03 >>>> Recherche profonde juste par identifiant effectuée; juste trouvé
22-07-2022 03:03 >>>> Recherche profonde juste par identifiant effectuée; juste trouvé
22-07-2022 03:04 >>>> Recherche profonde juste par identifiant effectuée; juste trouvé
22-07-2022 03:04 >>>> Recherche profonde juste par identifiant effectuée; juste trouvé
22-07-2022 03:04 >>>> Recherche profonde juste par identifiant effectuée; juste trouvé
22-07-2022 03:04 >>>> Recherche profonde juste par identifiant effectuée; juste trouvé
22-07-2022 03:05 >>>> Recherche profonde juste par identifiant effectuée; juste trouvé
22-07-2022 03:05 >>>> Recherche profonde juste par identifiant effectuée; juste trouvé
22-07-2022 03:05 >>>> Recherche profonde juste par identifiant effectuée; juste trouvé
22-07-2022 03:05 >>>> Recherche profonde juste par identifiant effectuée; juste trouvé
22-07-2022 03:27 >>>> Recherche profonde juste par identifiant effectuée; juste trouvé
22-07-2022 03:27 >>>> Requête liste des justes; Liste des justes obtnus
22-07-2022 03:27 >>>> Recherche profonde juste par identifiant effectuée; juste trouvé
22-07-2022 03:27 >>>> Recherche profonde juste par identifiant effectuée; juste trouvé
22-07-2022 03:27 >>>> Recherche profonde juste par identifiant effectuée; juste trouvé
22-07-2022 03:27 >>>> Recherche profonde juste par identifiant effectuée; juste trouvé
22-07-2022 03:27 >>>> Requête liste des groupes du juste; Aucun groupe affiliée
22-07-2022 03:29 >>>> Requête liste des groupes du juste; Aucun groupe affiliée
22-07-2022 03:30 >>>> Requête liste des groupes du juste; Aucun groupe affiliée
22-07-2022 03:33 >>>> Requête liste des groupes du juste; Aucun groupe affiliée
22-07-2022 03:33 >>>> Requête liste des groupes du juste; Aucun groupe affiliée
22-07-2022 03:33 >>>> Requête liste des groupes du juste; Aucun groupe affiliée
22-07-2022 03:36 >>>> Requête liste des groupes du juste; Liste des assemblées obtenues.
22-07-2022 03:36 >>>> Requête liste des groupes du juste; Liste des assemblées obtenues.
22-07-2022 03:38 >>>> Recherche profonde juste par identifiant effectuée; juste trouvé
22-07-2022 03:38 >>>> Requête liste des groupes du juste; Liste des assemblées obtenues.
