30-07-2022 09:04 >>>> Recherche profonde juste par identifiant effectuée; juste trouvé
30-07-2022 09:04 >>>> Requête liste des groupes du juste; Liste des assemblées obtenues.
30-07-2022 09:06 >>>> Recherche profonde juste par identifiant effectuée; juste trouvé
30-07-2022 09:06 >>>> Requête liste des groupes du juste; Liste des assemblées obtenues.
30-07-2022 09:48 >>>> Requête liste des assemblées! Liste des assemblées obtenues
30-07-2022 09:49 >>>> Requête liste des justes; Liste des justes obtnus
30-07-2022 09:54 >>>> Requête liste des justes; Liste des justes obtnus
30-07-2022 10:01 >>>> Recherche profonde juste par identifiant effectuée; juste trouvé
30-07-2022 10:01 >>>> Requête liste des groupes du juste; Aucun groupe affiliée
30-07-2022 10:01 >>>> Recherche profonde juste par identifiant effectuée; juste trouvé
30-07-2022 10:01 >>>> Requête liste des groupes du juste; Aucun groupe affiliée
30-07-2022 10:01 >>>> Requête liste des groupes du juste; Aucun groupe affiliée
30-07-2022 10:01 >>>> Recherche profonde juste par identifiant effectuée; juste trouvé
30-07-2022 10:01 >>>> Recherche profonde juste par identifiant effectuée; juste trouvé
30-07-2022 10:01 >>>> Requête liste des groupes du juste; Liste des assemblées obtenues.
30-07-2022 10:05 >>>> Requête liste des groupes du juste; Liste des assemblées obtenues.
30-07-2022 10:05 >>>> Recherche profonde juste par identifiant effectuée; juste trouvé
30-07-2022 10:05 >>>> Requête liste des groupes du juste; Liste des assemblées obtenues.
30-07-2022 10:05 >>>> Recherche profonde juste par identifiant effectuée; juste trouvé
30-07-2022 10:09 >>>> Requête liste des assemblées! Liste des assemblées obtenues
30-07-2022 10:10 >>>> Requête liste des assemblées! Liste des assemblées obtenues
30-07-2022 10:14 >>>> Requête liste des assemblées! Liste des assemblées obtenues
30-07-2022 10:22 >>>> Requête liste des assemblées! Liste des assemblées obtenues
30-07-2022 10:25 >>>> Requête liste des assemblées! Liste des assemblées obtenues
30-07-2022 10:26 >>>> Requête liste des assemblées! Liste des assemblées obtenues
30-07-2022 10:27 >>>> Requête liste des assemblées! Liste des assemblées obtenues
30-07-2022 10:27 >>>> Requête liste des assemblées! Liste des assemblées obtenues
30-07-2022 10:28 >>>> Requête liste des assemblées! Liste des assemblées obtenues
30-07-2022 10:28 >>>> Requête liste des assemblées! Liste des assemblées obtenues
30-07-2022 10:37 >>>> Requête liste des assemblées! Liste des assemblées obtenues
